15
359
136
3
59
4
7
469
31
3
16
8
1359
6
36
38
48
25
1
49
1
37
17
37
2069
29
358
1
3
4
58
8
13
3
2
59
2469
18
27
49
159
38
369
8
39
22
12
19
7
7
469
37
36
49
37
258
26
218
18
259
13
25
38
136
37
1
5
8
4
28
269
38
2
29
128
3
1
15
17
4
6
359
48
247
38
109
209
29
6
69
6
2
49
5
36
59
1
28
15
258
1469
2
2
218
7
28
136
26
36
69
14
269
7
1
26
4
8
247
7
359
116
6
136
6
117
8
3
1069
39
36
27
2
4
38
11
3
8
1
29
26
19
469
19
1
7
219
69
5
5
4
41
8
3
469
6
29
7
7
7
2
9
9
7
2
258
2
5
28
18
2
38
2
359
5
7
37
4
3
408
1
1
13
7
48
14
5
33
469
7
207
1049
3
6
37
39
1
5
9
37
6
52
1
12
29
18
10469
26
7
469
25
7
4
138
1
10469
1169
9
4
5
41
5
47
7
2
9
3
19
359
9
4
36
1
6
6
7
1469
18
5
1
36
3
119
8
9
3
9
12
369
4
1
128
7
2
1359
137
29
359
259
2
136
48
25
16
9
3069
3
8
136
4
7
148
17
1049
18
4
25
59
1469
3
38
1
5
5
258
5
5
6
36
39
7
4
1469
69
1069
9
9
7
358
5
159
2
59
248
229
5
49
13
3
469
229
104
29
18
7
29
27
6
2
118
27
36
19
1
5
59
359
369
5
5
5
247
4
25
4
359
6
1
27
4
2
7
138
1
3
4
9
39
47
8
1158
7
7
138
2
358
369
249
5
369
1
469
33
18
6
6
3
369
148
469
52
1
5
2
25
17
48
5
2469
3
3
1
47
6
3
1369
359
1269
58
5
59
49
28
2
36
16
59
1
37
25
269
1
1
39
9
269
5
6
147
38
9
5
2
7
5
18
308
6
3
4
248
229
5
8
469
469
137
7
136
139
1
36
9
17
1469
4
18
5
49
17
3
28
17
19
2
29
119
7
1
49
369
11
4
9
369
19
359
29
1169
39
6
1
28
358
136
107
3
8
369
26
2
19
259
259
39
12
5
10469
42
109
28
36
16
18
6
4
1
27
5
37
26
49
1
28
5
247
2
21
24
359
49
9
59
1
2058
7
28
1
2
8
1
5
49
108
5
369
1
307
8
3
6
2
9
5
17
8
4
1369
1159
31
259
37
17
19
6
52
369
59
16
5
16
9
25
59
8
4
59
369
369
159
4
4
59
4
1
1
3
218
7
358
17
4
7
27
27
27
2
1047
6
2469
6
5
1
2469
1
5
59
8
37
18
1
1359
6
127
1159
7
1469
18
8
259
26
5
9
37
3
2
47
4
25
369
3
259
2059
27
249
9
37
2
7
27
359
369
1
7
129
269
59
1
10469
49
1469
2
2
359
218
359
1058
13
37
25
4
147
169
25
1
138
136
4
1
119
36
6
59
39
41
25
2
2469
47
18
2
8
358
149
10469
369
37
7
6
16
139
6
1358
47
16
37
358
47
5
38
137
6
1
29
1069
17
59
34
2
208
2169
2
47
248
37
