19440
1944810
614400
48600
2519424
64800
233280
31360
1333584
70560
48000
1632960
1469664
1881600
3110400
259200
9447840
793800
756000
14580
635040
2488320
6451200
328050
1003520
2488320
9525600
444528
92160
4592700
1152000
1049760
1020600
6967296
3969000
1814400
1259712
26127360
254016
211680
10668672
816480
756000
282240
18000
1411200
22579200
246960
116640
435456
283500
2381400
13934592
408240
2903040
30720
259200
435456
2268000
483840
4199040
666792
1143072
1866240
207360
10628820
4572288
1451520
107163
262440
122472
3951360
1209600
4478976
1881600
89600
20160
279936
1306368
45360
13436928
1843200
51030
1612800
1143072
46656
75264
1088640
5419008
16533720
702464
3333960
777600
1134000
64800
833490
466560
81648
1548288
2286144
105840
254016
3870720
1020600
2903040
16128000
331776
8573040
4410000
6773760
233280
432000
2764800
396900
408240
181440
5160960
272160
918540
8294400
3919104
1119744
1290240
933120
226800
430080
1036800
432000
3175200
544320
181440
11430720
2449440
12597120
141120
30240
60480
18662400
839808
276480
4354560
7085880
1333584
329280
15750
544320
2315250
10321920
81648
428652
5376000
1088640
12002256
3265920
1814400
1333584
5143824
27216000
343000
2721600
7290000
193536
8573040
336000
870912
282240
4644864
276480
680400
2580480
2381400
2268000
145152
16329600
4500
952560
725760
1234800
1469664
109760
3240000
10206000
555660
230400
4354560
285768
11022480
86400
5529600
864000
2646000
408240
51840
8709120
691200
2709504
6123600
60480
571536
3936600
5598720
816480
2211840
1935360
2032128
945000
9331200
816480
13171200
100800
1451520
388800
435456
2352000
131220
4592700
3584000
115200
627200
18000
1049760
107520
6451200
1555200
82944
576240
653184
15120
60480
68040
1756160
40320
279936
1814400
1935360
3810240
2177280
259200
734832
629856
524880
1451520
14696640
1959552
777600
526848
13996800
7776000
294000
555660
648000
435456
357210
368640
388800
725760
1837080
82944
7144200
459270
1143072
6914880
158760
192000
453600
64800
493920
381024
765450
1296540
14580000
233280
612360
15052800
302400
112000
326592
264600
1935360
204120
1399680
388800
2041200
4762800
352800
11664000
508032
7560000
21000
16329600
259200
839808
80640
1548288
1530900
756000
672000
125440
1296000
226800
241920
388800
120960
3024000
18144000
3240000
806400
2880000
555660
1036800
5715360
816480
235200
4445280
1185408
1866240
5927040
2540160
2764800
583200
725760
201600
2449440
6350400
1451520
10668672
3317760
156800
756000
4478976
884736
787320
592704
864000
60480
518616
1285956
1814400
2332800
592704
6858432
1905120
7056000
10584000
7779240
874800
1749600
933120
1555200
1404928
1512000
12700800
2032128
24192000
470400
1093500
11340
137200
18895680
529200
103680
50400
241920
1451520
98304
604800
62208
122880
235200
108864
2073600
453600
630000
6048000
979776
11340
105840
622080
245760
11340
2540160
238140
226800
793800
181440
324000
162000
677376
60480
63504
8709120
6096384
97200
9072
677376
35280
725760
508032
308700
408240
370440
362880
13608000
1990656
432000
9600
362880
1185408
466560
403200
272160
2634240
288000
68040
1984500
857304
45360
40824
737280
896000
4762800
4762800
691200
4608000
1632960
317520
14745600
672000
1749600
11430720
129600
14515200
1693440
3061800
2016000
3888000
194400
163296
138240
979776
5927040
9408
1382400
3024000
3225600
3214890
2150400
210000
252000
7620480
756000
2257920
2893401
1360800
9216000
196830
243000
2322432
1224720
408240
926100
816480
384000
3600000
282240
15552
510300
952560
311040
1587600
1260000
2073600
1646400
829440
11854080
952560
1612800
1975680
58320
186624
4976640
297675
3919104
64800
8164800
2177280
311040
1036800
211680
69120
272160
2099520
8601600
504000
544320
3936600
1512000
136080
5715360
2143260
