184320
5806080
4515840
96000
6720000
1224720
7938000
8294400
604800
622080
857304
2540160
290304
1524096
466560
82320
1451520
211680
362880
1360800
4082400
2257920
846720
1935360
432000
432000
302400
4860000
1399680
92160
8164800
648000
144000
9331200
43200
103680
8100
1333584
1990656
874800
8164800
793800
3628800
54000
15552
362880
737280
45360
75600
1814400
544320
2322432
2903040
2116800
1270080
846720
211680
846720
3265920
725760
12902400
559872
5376000
762048
137200
762048
1679616
11520
2580480
1536000
326592
5080320
8001504
529200
233280
3225600
105840
2721600
4354560
30870
604800
44800
9185400
6174000
6585600
1016064
1166886
5080320
2764800
12960000
158760
680400
705600
9676800
75600
1587600
10321920
622080
1411200
11340000
75600
480000
138240
1756160
321489
6223392
2257920
12096000
217728
8957952
11430720
1088640
45360
1530900
3542940
1306368
2709504
136080
583200
80640
1693440
677376
6451200
483840
90720
138240
388800
3189375
921600
11612160
10886400
2721600
221184
444528
1905120
3456000
84000
302400
874800
272160
6531840
10001880
403200
264600
120960
50400
691200
1666980
188160
2963520
6048000
12096
1058400
6096384
1481760
6429780
384000
518400
472392
1658880
155520
4536
466560
5927040
201600
85050
33600
219520
240000
829440
6531840
103680
3628800
322560
381024
4592700
165375
2419200
14880348
331776
1944000
224000
3936600
945000
1411200
408240
64800
5080320
2646000
6350400
241920
362880
459270
60480
150000
571536
46080
352800
37632
635040
1306368
1166400
504000
432000
2903040
604800
850500
3674160
11757312
725760
217728
870912
2449440
1290240
3265920
6096384
2074464
1306368
952560
552960
308700
1152480
8467200
2985984
116640
864360
2257920
1679616
8064
151200
590490
622080
635040
680400
3317760
2540160
30240
612360
10080000
216000
680400
432000
1524096
453600
4665600
1290240
201600
884736
233280
2041200
1866240
252000
344064
94080
122880
2381400
39366000
1296000
6751269
466560
127008
302400
169344
2239488
816480
18370800
2488320
5715360
8505000
127008
1814400
2857680
2799360
1088640
653184
588000
11664000
90720
105000
120960
510300
1119744
4644864
699840
737280
272160
20412000
144000
252000
1749600
58320
186624
571536
1814400
705600
12700800
2778300
36288
2150400
2634240
602112
1382976
32659200
680400
9525600
850500
979776
373248
17280
336000
30240
1088640
134400
979776
112896
1360800
1270080
1749600
403200
141120
7085880
2041200
19440
6048000
11010048
466560
645120
476280
4741632
5806080
2764800
627200
9797760
870912
1474560
25200
285768
1190700
329280
2032128
401408
314928
113400
340200
829440
336000
21772800
6773760
226800
1632960
145152
272160
7558272
5927040
378000
583200
725760
2222640
2332800
5017600
32400
8573040
7526400
181440
432000
252000
497664
362880
68040
322560
2488320
3061800
432000
225000
1632960
979776
2939328
15482880
169344
108000
1360800
1693440
1990656
4354560
1323000
508032
122472
2177280
2903040
6223392
870912
58320
8573040
39366000
19208000
5160960
6429780
437400
806400
50400
5806080
8294400
68040
1290240
4608000
388800
3333960
1990656
483840
6123600
734832
9878400
4354560
230400
1481760
2721600
1306368
8820
2500470
10287648
414720
1632960
155520
7776
6350400
423360
2508800
84672
1905120
552960
124416
10160640
564480
326592
354294
12096000
7560
362880
120960
19600
3110400
635040
1428840
4644864
349920
326592
183708
2204496
53760
1312200
4572288
47040
50400
2799360
1866240
4233600
4536000
1270080
170100
846720
2381400
635040
4741632
317520
67200
43750
108864
677376
388800
7838208
3919104
157464
252000
6048000
30720
2469600
141120
72000
768000
15876000
84672
2540160
378000
559872
47040
2419200
68040
7464960
192000
725760
435456
322560
408240
2835000
952560
756000
22044960
69120
756000
3981312
