Scenario #1
2002
2008
2005
2001
2000
2006
1001
1003
1008
1002
1011
1009
1005
1012
1013
1007
1000
1006
1010
1004
5021
5005
5060
5004
5009
5058
5057
5033
5049
5047
5041
5056
5026
5045
5001
5028
5010
5008
5054
5030
5014
5050
5003
5046
5020
5044
5065
5043
5034
5061
5062
5024
5018
5051
5059
5000
5023
5067
5007
5032
5035
5022
5064
5011
5006
5025
5048
5039
5027
5017
5029
5066
5016
5038
5040
5015
5036
5031
5052
5013
5053
5037
5055
5012
5042
5063
4010
4000
4017
4001
4011
4004
4007
4003
4002
4019
4018
4015
4014
4016
4009
4006
4008
4012
4013
4005
6005
6001
6003
6006
6000
6007
6002
6008
6004
6010
6009
3
8
9
0
7
15
6
10
1
5
13
11
16
14
2
4
12
3000

