38210
67820
44902
31427
54551
46493
56824
90332
21250
72351
43731
60041
59013
25870
67043
44449
23354
74764
95079
34270
4722
48375
25422
87982
40469
80203
17446
38667
7369
50593
16885
42676
75034
79996
78043
64765
19507
31143
61722
16082
24705
84733
65845
43461
47879
94210
18749
19536
44480
54576
86082
86207
52374
89543
88157
46735
77864
50987
39629
17308
44549
75282
9650
32733
58149
53160
62814
26313
56268
53273
8987
85723
73711
59616
48362
82954
69538
65410
77379
40237
6730
46889
87186
77570
16417
12700
70152
12759
75232
68976
82320
72023
10945
11905
16395
39162
69906
36660
81034
23597
24033
50511
41647
96928
76812
92172
15953
69127
68070
37186
51099
8665
88493
12200
39485
54224
50941
49973
32351
7345
94210
37838
39689
84180
59018
57127
62020
33306
2696
29517
94337
57592
57877
92105
51041
59564
49161
50795
31346
62995
13267
94973
36606
62098
78070
69832
56167
6678
25084
30723
56820
21187
43763
6366
27390
6314
44002
62629
80790
93182
6248
63560
15121
63623
31774
4940
63186
57066
22656
87504
25797
81847
39674
63370
32419
27735
47823
89112
52570
94321
34554
22041
66861
45790
44227
48963
26533
1331
61034
15243
11219
81491
82281
63094
27991
9252
48563
72375
89715
63339
5715
4172
58562
21044
67310
83527
90923
62843
93390
47807
57253
19170
42575
56064
53378
33482
10793
25620
5876
61263
10533
31290
95765
14570
97293
49148
86755
41282
90182
51243
17022
24709
69011
33385
69959
93320
47584
91921
11988
10821
68766
84866
76086
87318
50830
64505
96307
24134
14474
10465
36598
44196
57690
96134
20381
83539
95585
86036
976
16661
32166
27651
37303
44819
43900
53133
23456
52962
27028
38167
55526
55619
66578
8922
52272
6502
55628
88166
68902
46356
30214
86232
45081
91840
47617
37164
44298
68758
20485
52301
34920
499
95944
42202
4713
76582
49262
47767
736
2721
20569
37488
212
35771
97266
20127
85854
52586
29640
91248
63611
12397
43383
19293
87517
35286
70086
46805
25759
26420
8765
61870
60706
77628
69682
10683
39289
32727
61703
39784
30745
84497
41020
48520
73370
45223
93495
65153
81942
70011
76725
59678
10322
36420
33358
33748
14125
59295
81144
90350
44
75946
78103
41973
71964
15247
40097
73232
68896
8717
76464
78401
82103
23390
55611
82263
71939
20398
89852
70842
80409
94207
57023
71651
43682
84075
66941
83681
36094
64769
66656
30305
92659
8438
46309
66348
41823
33958
58239
93490
63780
406
48623
33400
1647
31020
39799
5724
21837
12952
17948
78663
1356
27524
72897
14458
3622
8592
75955
18682
19554
2640
57715
74612
38750
53873
86327
15891
19081
23608
34437
44895
42142
95586
41566
21938
50517
23063
34136
10075
38421
83864
41439
66945
87498
8553
64252
21192
3424
9113
81825
68669
61583
16493
93340
66858
81435
49601
41817
42269
53133
13799
80374
56290
4614
22107
2930
80314
62277
72708
67241
90717
76902
2776
59388
97315
36130
33833
48065
35581
77233
78438
69454
53403
2635
77273
32515
57844
14947
71560
19764
2862
81184
91198
47188
56340
85763
21983
59844
96263
40660
26586
22194
25457
64091
65308
86533
19949
233
82641
28031
12311
5307
73870
31316
32086
12927
69619
83554
6158
63216
3936
34464
37721
67266
61197
47312
71483
78051
3318
44492
94711
92000
4922
10412
21830
48670
44489
41646
90547
7052
34963
16084
68160
3680
36866
71391
25449
49078
86658
48091
42108
67518
91883
96829
44878
45565
44889
25514
61293
3190
52077
76505
39931
72136
71839
13771
53294
21836
63712
91258
31073
36451
3589
4320
59468
4521
62337
15680
45809
45634
38422
35739
65510
13289
46363
55363
68939
78097
59827
64528
11990
34041
12581
2795
78550
16488
85912
72161
31107
84988
89686
21397
73858
88966
73921
55494
19904
69825
28613
16859
64800
65576
4238
14320
12333
29265
3344
53489
27843
56275
75674
66829
76165
72565
26305
75354
89178
9871
31350
18715
96759
13494
28646
40094
43703
65458
51098
30598
62381
5783
42081
10675
79120
48857
40464
64147
54871
18365
61119
14266
21899
12504
82064
34609
41742
64026
65612
4080
41229
1080
7987
75865
8340
19597
34343
68944
77694
49754
91110
52213
14851
50514
68732
4390
17175
92419
62724
60164
33953
42674
55549
79426
44251
38488
48931
3492
48434
1522
38726
80784
57551
94112
79214
25507
8511
65578
44984
96435
12224
73555
59448
36128
27788
39164
75599
79960
51957
29208
40441
95273
63683
47684
87565
48636
41877
8328
79915
93072
30656
12831
26426
60350
73680
64709
65785
20115
81855
81563
11163
10555
21795
19553
43984
73131
20709
59608
3705
87532
78171
80438
61804
445
22904
36702
86081
12202
59284
22097
50685
16664
80985
38399
42698
81927
31385
51240
72818
4433
79880
11821
1969
94091
87146
77047
75808
35274
26778
26275
87662
54539
61516
34938
57360
36281
46893
70945
47009
70919
81067
29297
93195
53533
93898
858
67721
55827
86586
30301
47300
61685
46377
45512
26213
6528
44520
6828
340
24745
16125
4094
16961
68313
39551
38131
2345
38369
46991
62715
23138
23158
43395
42500
55307
14694
4043
20251
94926
59716
46030
73974
64703
80580
89529
73317
22149
78057
63509
95680
4803
36526
88364
19444
93087
75616
90285
24964
14306
94458
71061
22423
94307
64305
47652
85805
27056
65826
54895
94684
49325
80255
71088
66314
94554
72357
110
67534
45859
43262
43292
37463
62937
55671
86842
94092
54477
25000
41312
69718
25009
22145
54730
13176
97294
5358
87109
9266
88943
94667
20290
71013
42748
37621
61420
34013
54081
5577
34911
75498
38996
8136
71137
63761
34478
76713
76595
62251
27802
1786
50723
65804
73634
19416
17862
829
18852
95305
89606
26997
41637
67957
56715
86009
68227
35366
46737
34476
74161
49484
69754
26873
74109
93563
2865
80940
71700
74785
2264
34198
88638
4774
97152
39701
20584
6166
1762
15193
6366
87192
63919
27318
87644
86892
78974
59687
39970
64471
85321
27795
41086
76500
73404
46383
85368
80781
4607
17978
11958
10496
80571
87362
95424
56299
3468
47958
10995
53361
1179
12013
70077
32860
1037
46748
5724
76035
92834
61367
12005
14818
51325
52193
54598
72860
17466
84578
83424
68407
49515
44316
50419
85060
5489
14250
39733
86595
61069
83956
7259
28389
17236
69390
63929
59983
32373
65458
1406
93918
15481
18118

