29602
17852
59819
15051
55005
51688
34436
15660
11685
42002
45269
39951
18360
3276
28488
53344
59752
1868
8763
57307
37307
31038
4644
47770
10004
43217
19671
49616
11536
26758
7992
19116
15176
59156
46840
47380
47520
49032
34964
18036
32609
55295
35306
2529
30688
62007
21994
30320
50470
14198
58888
24996
28956
55100
1573
60561
930
60540
36254
2481
20188
39316
8802
1672
46256
5767
50588
2028
53648
43424
23763
54319
10158
56184
49145
7636
31716
35862
17118
22765
45954
50529
45757
52595
58639
28216
26650
61519
49339
51732
17928
27801
42348
13932
58364
14753
17261
16306
19072
41931
47979
39274
6264
18016
16200
3680
46113
10695
39204
51516
36396
45144
17828
46996
40700
13460
60668
10848
53848
27252
3408
60264
56592
58968
109
8
51423
39511
58160
6399
8289
29160
31684
43160
26291
57725
47100
61464
43780
23112
6939
53728
10980
28836
29016
6966
6813
48970
36395
38280
51436
8
12786
28448
2862
37478
42668
5432
35028
27980
20855
29556
6584
29972
49040
29319
49599
52215
29943
43335
47709
24545
40961
58455
28533
6239
36623
53605
14912
56153
54831
50645
43435
16730
10612
24924
50478
6082
38772
16963
29573
11163
21560
19878
24736
54681
43945
23845
4752
34494
13015
375
58968
27272
34460
872
60098
46780
52940
12585
22752
59675
198
39738
27411
38430
22939
20286
10069
44943
45332
52932
55002
9813
13053
59045
60561
48295
44692
46035
58818
9162
19834
20196
17095
8576
57280
55119
41526
14325
31524
2650
55603
17009
18320
61002
20184
18898
46655
12534
33288
25690
37020
40532
8702
586
51231
47693
19540
29490
19660
34775
36400
60017
58479
35192
51461
38929
26393
3007
43996
40094
48885
33695
9909
24248
31968
33153
61996
29244
14584
22044
39220
23776
5889
59289
39136
55293
58152
17226
55318
53330
13268
32002
47598
32031
13694
49656
57033
54909
39019
23876
1281
1093
47191
17990
39691
60275
58664
49098
27988
6180
22434
5605
46168
30712
10257
4320
4077
19359
14472
17100
21678
28248
52572
52478
19796
15874
31156
48825
20141
28039
13823
27961
2377
58422
25336
15020
45964
56992
33018
42930
18619
19266
44708
41508
6436
17752
21843
32942
41956
15898
15703
36608
14500
46953
42255
60781
28971
47335
23302
24076
48546
37172
31860
60024
5797
57338
42000
41824
11620
6480
24256
50568
45912
11016
9948
48356
12288
22152
47285
48546
21735
33195
55809
45826
29298
11772
10340
43308
21488
20004
11060
50400
42946
52041
42065
54338
11240
55004
34923
49513
6454
4359
9393
3688
288
34772
1525
29484
59212
45932
38932
32175
12744
16592
8964
13448
22999
9923
27972
58320
53036
44324
7868
53892
57918
31368
42928
8
32015
7798
20836
23588
15672
54335
22287
60156
4556
39709
3024
29226
11816
50673
7160
33288
38820
956
25493
59853
45468
2194
27068
33088
48756
2848
23904
16164
53548
19716
35544
36881
3834
32292
36828
11045
8640
20358
34668
47412
11861
55287
49221
44512
42496
15980
48983
16690
31918
55846
55652
16280
35748
22060
38295
58780
1493
53757
8532
60168
35046
44384
27929
51972
2792
4219
35315
30781
34344
53087
19230
53371
50652
2442
32424
22464
14309
14949
45867
44505
29746
61738
35088
29793
2376
43212
30555
39190
33048
18104
17856
56956
10072
7434
28320
29915
50766
30103
10
58787
5811
58375
36002
52348
52405
53568
32265
39939
11664
50408
58953
18675
58159
47835
26641
57268
35651
39315
43640
499
25756
17422
44645
55827
17808
25604
27140
57220
62284
43716
26232
32365
58576
41038
32085
47977
59176
2993
606
26667
13662
21735
57645
27351
41877
30456
50374
30230
22513
20612
14244
52284
17145
30367
25758
32739
41945
19342
51372
42048
25368
57180
31847
12820
4980
18394
11942
56396
49272
20967
15593
44525
23016
8398
50609
9038
38103
49461
59508
31344
10876
52596
47736
59292
58416
31184
59184
2862
6210
8394
12376
2966
2592
7588
27783
44311
1476
19310
59508
60790
49776
28988
10051
61520
37672
3127
41984
34424
53508
8100
35910
26124
34045
859
11914
44912
39292
6561
52110
41742
62289
59022
26892
43038
59967
40905
60885
54756
50922
18079
53745
5400
150
36376
55892
2712
51693
14683
41136
49180
36312
43649
22572
40338
41742
14769
13427
17971
24211
10898
36686
45659
8895
47228
16371
46398
47012
15827
366
33405
9969
61952
17016
34248
54412
44308
24508
58228
34480
54820
145
36068
5432
34371
42552
57791
46980
55944
41364
38340
54324
46969
10557
45854
32913
16806
29160
45401
18360
45972
59778
61397
14247
35953
40365
12148
62054
33578
62234
44245
7599
44280
964
6364
25040
40536
43209
36439
9097
37180
52203
21163
37408
6480
52936
23193
61431
4607
14327
61270
31905
12119
9887
48254
13255
1603
52178
13752
24780
58169
11071
44961
4941
37854
39900
19295
25758
37720
18225
50004
33043
19273
4752
28604
56052
46440
55860
55252
26880
27884
14369
15467
5270
3848
4800
19452
37768
12704
43201
48472
48213
27495
45537
10815
20657
6074
16904
21287
56
25864
54577
18386
24789
7336
6762
38227
10658
62076
22416
18012
3183
39872
41106
19660
53153
38140
18899
57836
31039
16292
15513
33964
55593
9376
29393
25252
26348
62270
27729
11664
8927
39190
58113
36260
8737
30702
486
4618
47800
43781
46776
1619
45372
4332
25260
60427
44300
8108
22379
62215
18226
27347
60484
52428
58460
7240
45835
1283
25039
48950
15410
1244
17544
19912
41380
11656
52044
53044
18512
52192
37125
6279
27500
53812
21536
55221
61370
55885
27566
512
55411
14159
6272
25190
29992
4358
19088
10320
20892
26932
38896
40320
19812
46960
11596
3348
6228
35596
41108
22044
57240
21519
15666
24512
45549
53608
2430
54526
8140
20520
31077
61578
57096
22488
37449
53136
5184
57132
36105
40392
49588
382
20532
43240
60272
38118
52484
5242
55004
13676
23231
4914
19273
19866
9036
22436
23390
41550
12306
3024
28404
55966
20979
41715
32832
57996
46872
56133
42336
16296
32254
29025
30294
19234
39943
37822
54901
35380
57229
58363
7508
53616
15607
47304
26416
39380
12153
41472
4973
33008
52352
12563
19458
34774
49472
1672
19167
45360
34668
50546
14495
12081
42426
31335
59174
44458
9464
37777
25276
41844
4267
23814
540
25707
31513
4065
42060
19111
61389
56129
39420
3618
45775
19018
4994
26320
26953
53973
4536
972
15072
35127

