77115
53179
45583
36833
85538
21890
44744
34693
55355
89941
6930
58975
66710
12784
49795
14267
12808
23272
16747
74025
25412
66391
75649
83255
32360
24250
75720
12048
60889
22226
36166
22280
23437
25787
10338
74472
38732
40293
29250
12305
7078
24637
22361
69359
22816
80193
57761
45608
86403
82643
19237
38054
62928
68488
69988
60689
50367
21490
81925
3875
51865
51715
22470
45255
71740
68545
2563
80597
54955
56465
23694
59998
20441
53958
62178
82535
20305
36793
27677
66060
44355
20035
80790
41098
51822
26590
16851
36123
51428
9389
86667
27214
78051
46055
15765
51550
64390
83153
76904
60861
53403
71050
42658
21373
40701
3780
11245
51530
66260
29280
80640
1337
9071
67118
65661
22835
70890
11545
37185
20502
49293
84374
2307
66409
47870
18038
25778
8673
910
30090
4446
62793
6704
635
28626
59583
37979
63113
23458
19137
57621
74054
26271
49764
47803
63937
76239
35494
43376
48225
27631
72413
7308
8676
7010
81354
52095
59283
35121
51900
88215
19137
48600
61047
50992
57428
31937
45887
2146
21849
44966
27632
82278
4526
81262
70939
87122
33985
58609
65974
64092
21984
77806
52354
82451
3303
13582
77195
60530
37843
69651
52112
22301
72543
22596
8152
70314
62131
5383
76019
34201
23712
66224
32333
49981
52572
7957
65158
80253
54287
41617
22704
37221
60439
69815
81696
49350
27177
21050
1280
87736
83324
4130
42141
9436
66537
87453
60960
70865
7390
40410
47880
83580
35410
415
41475
21900
57665
14160
35623
6566
88723
12555
53609
67551
72752
68546
42886
47292
70985
48361
74073
72498
17851
20375
68942
5519
8405
74952
39509
56745
50474
39285
15356
33379
15944
79710
83818
13738
61707
26113
31785
24927
76120
88879
43
41429
43280
65632
3989
51396
59240
74115
63705
58695
80420
36685
830
52599
55319
19911
4265
36718
12185
86080
22295
27394
68038
19116
26164
77229
88396
36099
54119
53894
86481
46710
77129
45667
18109
44077
31240
16875
45603
55069
3300
71266
37230
66312
40668
36644
69442
89621
86786
2643
39452
29250
6882
7958
46178
67343
45021
56761
53953
44190
79888
1024
8202
69825
88786
88769
57953
27551
67748
71319
5250
17776
27652
18620
26399
21228
27513
45962
88270
51785
69870
27680
78291
72152
29827
22310
7576
74222
33401
70869
9721
67220
21760
70357
50784
11117
20840
72307
10489
14244
44794
35612
4482
22238
22787
35981
21315
31151
22702
80302
63107
45389
16103
78851
16303
4556
27729
42133
1883
7335
20074
69392
368
16045
4474
52315
28996
35285
4236
12783
23493
14929
5661
80523
13667
17052
28353
13032
52667
77793
81446
44756
58683
17082
10598
63562
78785
24161
72040
79755
63605
37718
37674
43377
74929
62498
68333
89330
63554
72752
115
22028
10257
57056
79160
32199
28949
34969
63339
68995
87735
21897
22051
74432
4192
62614
67371
26533
2884
55337
69529
72561
66640
48074
31638
34551
34648
56426
25907
65125
64808
55467
13518
10067
85400
6175
1539
80509
68722
77504
19582
86861
64686
44714
59162
2935
56438
41504
27250
44098
22170
15542
36855
72783
13119
65317
80508
75355
87945
40981
76518
57418
76550
39447
56587
2156
70700
29245
67984
87298
35975
87822
56081
76257
69525
71945
10310
1255
47706
5617
77246
85
17133
65688
3809
2944
7105
63756
27928
84564
23680
62986
71465
88703
76827
56514
64621
70625
84668
48609
45252
68780
49165
14719
69356
80794
67674
42617
67365
54681
14865
60335
56201
44929
87204
74016
11027
49006
49340
25917
4119
17016
88147
7682
38808
74968
77665
4973
47531
53352
4595
66485
34270
32835
55313
21763
7369
85626
52002
75377
43581
60819
47765
17738
33275
73650
18088
47188
45695
5607
13159
26656
37580
66908
71092
73807
40844
85916
62117
57980
52940
80101
83791
16231
85859
3471
46985
46974
58440
20604
81653
31701
62073
6153
28377
11717
71535
69951
11983
5560
41423
54860
35399
29298
24170
65476
56594
13183
3102
51498
41010
16788
13390
30064
41639
15505
9433
53359
52058
16923
78187
62695
377
68888
22449
89091
22659
64028
36312
33848
28725
48884
41481
48392
27555
10360
11214
45845
75376
16808
16520
85767
88165
530
72511
67028
70620
62920
51706
78211
85425
27681
21250
26846
2309
85666
14727
77165
77414
76718
47612
56200
18330
58399
30188
17390
89754
29592
25147
46457
4418
60851
2120
44097
62189
55319
8173
60936
65015
53126
36424
17269
89935
34836
16233
58681
59335
11294
41538
51761
30960
38217
39216
14720
50730
46987
80350
70652
7046
49089
85292
54098
70079
84004
52005
3703
16315
37490
28842
22968
29205
34830
46401
24934
59012
51089
20524
31490
49008
44099
72928
45878
13779
81695
73181
89268
44295
16675
21099
72659
30474
48437
86533
77989
76353
32035
85222
31438
32251
25079
81696
5593
19514
56280
25871
23011
82899
63438
40531
22156
61598
70125
25292
77900
48997
66803
63260
34021
45570
42211
11604
17116
22093
3913
48585
58476
50547
79501
64450
308
14493
12411
10409
73594
82882
68432
11554
20759
28880
31639
75946
49898
20916
82986
21197
79535
73993
55468
13321
41258
39578
37786
3381
78232
32192
76170
2353
22348
43735
57321
33339
70804
52277
5309
84737
23369
26897
46511
58660
45231
74464
68410
4879
75131
78109
40936
69449
2009
46998
9539
74676
5998
30897
83265
23616
2610
19208
32009
44891
77129
68745
42112
79638
85475
87306
26108
42228
50305
82923
3854
77659
49530
24670
31160
39102
41894
63610
89126
50800
75098
88869
64854
78614
32216
21930
18396
82138
4165
80549
50393
29594
62840
68397
89173
54792
9038
88555
15545
69264
48884
51748
12445
39478
81069
54860
51497
34722
18891
54614
73688
20450
34370
43560
22619
61507
8708
80125
37467
8348
73350
46345
21606
31059
53718
73856
31049
77983
71928
57044
71382
26046
29174
84485
83334
16061
55094
15924
27239
9261
46540
9701
68391
68126
72089
74343
89663
52794
3265
11899
17070
26650
23250
61544
69940
43319
66577
85506
56022
52697
78571
72729
87206
50715
13735
78444
76923
712
56494
39660
426
40138
19677
50197
21895
79977
8760
23409
81240
82090
71204
46929
7095
40792
77941
85706
48747
43058
49615
18050
55894
6237
69658
41346
6406
35779
42930
55735
39695
50533
84130
26097
57502
41729
62926
25680
32642
631
82724
61776
19711
55623
21158
49085
85750
13763
36841
30275
28283
40830
11542
81164
79756
45050
78099
65044
45432
74164
63560
23148
56848
76879
80202
87812
53870
73908
41616
50706
25292
50741
46217
56877
51757
12628
36824
75474
74235
81074
5256
52125
59650
63829
73959
28709
7128
18895
33490
70088
14895
88250
89935
37905
69124
64621
75765
44710
79253
63730
60537
7084
7461
80450
87372
36986
61103
70675
85545
30561
58754
85758
34607
79440
55759
86572
72234
86078
15810
71147
32979
34653
33061
2217
90008
49541
71452
25227
41611
29996
32786
18644
6765
83475
65430
80796
40105
75605
90101
12230
51306
57806
80278
89559
88097
78530
84565
71442
8956
23650
46583
48891
64259
80530
3477
73875
58815
30546
9400
76317
55135
71595
27224
64541
58356
81786
66396
57694
77857
77337
73595
63941
76682
39578
67153
34543
39681
74645
80100
74505
23247
30446
79542
48483
87696
64430
38261
61990
20215
13510
17740
68475
49543
68479
70145
760
39074
25483
80155
68575
17886
27760
19420
13015
15140
55938
19002
70981
13659
6771
80277
80103
53977
28732
42933
44231
15414
5156
50376
37306
41591
59491
75824
31304
15490
82943
65720
42816
7314
26239
25107
81087
37060
89787
51799
18179
55077
38235
55192
29783
5013
34857
21445
76338
72759
43052
50865
42100
40620
11567
87204
53622
818
47465
90242
39065
74417
22705
53942
78747
9728
89095
42615
68650
59442
87412
16325
74001
3577
5435
24568
3780
71543
69776
4650
76230
14847
47526
31886
39434
2505
85095
7220
73040
88981
15260
6708
31415
36565
62487
6
73338
41537
44461
80127
13353
87502
14444
53270
23261
86891
61612
55622
56715
63937
70771
6063
320
2359
45964
16562
53441
27781
66038
83371
89305
40880
75555
44893
30135
61530
31225
51607
17803
38383
2087
32933
30324
69799
37771
6435
59404
89449
38403
48550
79526
15083
24384
65818
14809
75259
73572
72330
35102
45738
28563
64235
2917
38600
46408
52702
16737
33027
62476
34154
42893
4557
20737
77454
77574
36970
69470
86117
58637
81313
20371
9519
39519
25306
47269
33604
54171
36505
63532
39192
66207
52052
22522
60167
56683
63633
50335
47222
80545
75382
65546
69440
76641
34755
42707
84888
79940
58671
10906
3750
14709
21317
33552
72482
87314
1257
9723
82128
3415
28925
8677
45066
56728
32135
71495
1462
67981
22756
5676
66683
18431
74568
27400
46897
64272
34029
68647
34157
53379
32186
71216
48196
46187
14728
84045
45360
73609
43852
6966
89142
25901
68088
2357
23578
7336
46566
34440
60171
43540
89365
36019
46005
42910
89154
58998
39063
13235
63695
36525
74689
31341
79635
76417
62509
1657
47320
52796
8900
81545
74725
80015
73485
31714
34517
65949
31984
955
31390
73291
38489
51696
26089
50031
71985
80911
62657
84011
6720
61418
7767
62160
43431
59542
28054
83995
76474
28381
15014
26028
70108
73361
37348
69840
81878
52184
77341
37563
72062
55216
59653
57539
7757
52446
43203
40512
50500
31473
80798
72763
40682
37641
28405
9736
75557
15234
56807
54326
29272
210
90011
57446
30014
37653
37513
77623
6773
86305
53700
71554
9291
27447
73365
30007
40766
58243
49303
85405
17350
33753
75837
89015
30087
86033
12632
42723
25120
24211
28047
52314
24215
31975
57562
293
79732
26810
1920
50241
55566
81028
22445
45596
34930
57370
125
85171
52579
87558
52336
28899
64956
30071
78470
58168
20058
67673
27959
27316
68033
8645
49259
62250
44325
50274
60072
76545
27374
23480
32782
80803
64295
45789
64948
43744
11880
65005
4916
70328
4281
41986
85333
56618
29985
20575
87740
37240
65233
69430
31989
10025
4269
57747
38400
68666
86689
6318
15417
19378
56576
49527
41366
7149
51269
50132
83702
55434
66346
45148
2816
32670
29750
27664
57951
21129
15710
89562
35058
46158
32176
66904
3591
54467
84916
50861
58340
26767
57873
6483
32135
52824
54725
63400
16875
22728
23384
15098
15074
20091
49114
35297
46277
51680
50047
16432
24568
69128
18589
3939
57309
51050
74894
44946
52864
28805
83956
65835
67137
49632
55163
29369
55353
703
15192
84082
22702
16764
12050
59643
36729
22231
44517
4414
67029
48981
64729
7363
45
32640
33034
904
30432
32756
26686
60180
41371
7226
66717
46725
9086
64972
52905
49274
14552
41312
84350
30215
36859
2075
11366
58786
47288
38374
61180
13091
86473
66917
981
43092
31371
50520
15988
12554
16978
26073
54534
1490
57112
81326
66451
45092
22353
88369
13661
4762
74208
88534
36479
36548
50701
70438
88653
55100
40452
88417
44835
72072
85183
72583
57162
46486
48797
30477
7803
7022
23357
15199
26748
63607
66151
60197
67746
35256
48324
30008
33940
86824
21462
52732
30569
71428
84882
79758
10408
35413
63889
42339
12700
31727
67508
9358
67273
28700
57720
55515
78736
83434
2343
77690
32500
22613
72132
52106
49215
17310
56898
52524
7142
87493
14433
13472
3146
85931
30672
48670
27197
17573
81463
53811
64136
66698
79899
27181
29632
89780
62589
37724
38680
16593
85538
15333
35862
23194
68222
64344
8799
73917
8830
13957
32955
63359
58879
26216
3036
42726
63871
44070
85495
88562
83623
16863
55530
27936
86372
55125
24747
47340
81952
72765
45586
6669
57149
62294
34949
62049
47864
73867
75534
67363
18099
71438
17134
28252
60143
12725
47413
13934
23080
7818
49058
80613
13995
79470
74451
78037
18345
13703
75320
78797
59477
43233
70852
61155
41700
51398
5068
84989
17063
48611
76302
67155
49595
10712
55201
81700
79438
65963
42550
9162
544
12422
70695
84558
12044
42054
87889
12901
57255
54778
30424
19851
18516
4570
57023
77205
35105
55290
19674
49405
65087
90125
55692
89692
74403
5512
87214
45045
39764
50174
587
73626
26776
29046
48445
63346
36610
43209
63298
28843
51083
55932
76951
59075
71358
32261
39586
60781
82841
70100
60135
6317
81185
23931
5375
85719
12116
74995
34032
9405
17194
9388
22482
71886
51417
29955
46530
16445
48564
84455
25745
69975
12040
87019
76005
9482
48033
88183
12296
8725
13631
81039
48775
85460
58992
61561
26144
60208
54117
77304
73366
811
16153
34853
69299
34785
3177
12782
58172
63834
8514
58020
52127
64425
64115
25981
43366
25459
21862
51142
63243
46083
54890
75697
69254
8979
48696
63655
76764
51650
805
71678
16291
19305
86508
60421
86429
52472
68537
55652
45671
27778
43846
9684
33858
16444
53567
58872
84971
72927
30447
81841
34277
88015
61204
11413
18486
19943
82177
35417
88836
44620
84632
29040
59842
54810
54098
56046
61817
45276
31229
51231
58191
69827
77607
56306
12865
61184
81901
32655
55691
2192
48576
8987
65119
1674
15140
68511
55523
39690
15085
20044
76850
68302
52750
47886
86270
44691
62657
75874
21140
42049
14870
83658
36180
86625
24257
17000
38035
11955
40060
30610
44970
24981
18
85967
47897
58680
69936
36122
41976
6144
9775
12210
87964
72815
60981
13183
82232
84574
11622
59479
87463
914
82452
28860
67136
2779
34432
36784
34348
74855
73552
45733
46406
84083
10941
86227
31350
78136
13907
52683
81988
79317
59814
2135
86986
21903
18273
44354
60195
8887
40106
53989
88165
86337
38466
70375
49484
22339
85617
34327
84574
7700
43900
29501
39403
30877
27601
62279
15316
22925
44845
70780
5506
64234
42078
42237
59314
86694
36796
14227
946
17989
31216
62211
70849
1592
27558
43236
27977
31608
17841
57865
67312
25360
16977
17722
89360
87283
56083
5363
1247
23219
30139
4277
56236
37555
50874
22643
6091
60492
68681
69010
41798
82817
38586
51618
54131
79457
25869
66270
23954
40431
66042
36067
86913
76738
27580
58532
17017
33214
10730
30895
44879
35691
79245
62325
25504
62976
50638
36015
3271
41221
11021
83943
53535
3115
22133
49435
43025
75420
50899
36580
84683
78170
63594
70119
85597
51604
45652
65665
70587
88869
46697
57605
39062
74483
47175
67233
42497
8725
28781
37005
36574
66321
65660
34428
86516
42583
44905
40753
73302
28610
18690
59538
83058
54985
79144
19463
57055
80769
24953
4365
33679
56946
4222
7414
70788
11626
43599
28726
11404
46736
49267
66727
4958
47430
44568
80901
78057
56508
77380
27543
86664
88290
8927
72174
20973
18601
69735
34652
54560
19748
71527
7620
49442
41220
27907
47986
59453
12660
31057
44512
63477
382
11007
78296
19705
88472
80692
74847
54946
30253
16756
60276
49946
17092
38394
89172
81691
74766
81747
83494
44128
43652
80677
46940
59306
2392
70373
18052
19233
49036
64527
36786
38480
48927
45491
30392
33010
5281
45773
9399
68737
15502
25083
79793
548
78841
25423
71321
38138
6195
46840
64098
22575
85452
82600
65681
72373
66707
38245
35991
35348
59136
28501
30562
12957
43728
25489
79381
65601
59921
87427
30694
26637
33883
87103
10733
9285
28127
29842
26421
49039
32091
26147
52089
28152
61916
62540
23396
88539
38196
37578
52885
40617
75199
22693
14046
62550
53912
20822
68018
45164
49239
16920
8284
578
27632
15763
20603
53618
1717
24947
76162
51444
3442
57543
36224
18919
16576
62001
32092
24161
60741
69570
30839
51102
86001
61109
7567
57474
62995
26521
54645
68120
26140
7106
88910
1463
5419
46831
85497
36722
1036
18921
41399
80699
71769
8089
23444
89383
75740
11810
77584
13139
25536
75424
45575
52239
60383
61325
75600
77551
45669
9219
54525
27679
81768
2986
11425
40925
13020
32473
16131
39651
70350
86340
32119
39067
15629
78846
6571
89114
22020
48399
72071
88537
84737
50255
10739
14412
1375
17003
33672
82690
25757
13908
20686
2448
72413
6973
37735
63573
25138
51701
8994
76150
27378
8018
45069
83625
43900
9565
87205
75375
6210
11913
35329
31655
19990
61200
13241
85249
9406
19730
66572
18595
40386
8382
47612
44550
85829
31453
20044
83584
15046
79124
23317
49421
11795
38168
67261
47390
84406
73282
48701
28595
35969
19569
23271
1465
23765
47007
69059
1729
27156
78106
27240
5880
73825
31392
57652
22009
14348
61655
82066
62055
31332
42450
78940
37576
17045
82446
75589
62465
33588
57361
78451
23300
58933
35565
7918
86709
27899
36955
41287
60844
17580
53525
70269
76827
44330
77436
31637
79080
58075
79293
42035
78913
59235
13846
64904
44712
55185
4484
10290
68559
42329
23075
40573
55962
2582
33437
57032
87834
1118
682
19386
59901
72626
42509
81800
60815
69411
57314
40185
627
5689
79801
86457
81570
71747
9628
4603
14925
70321
13064
81644
24819
38368
33524
38254
55764
51065
52877
17213
10502
10859
59830
31539
78815
32185
34598
71753
81392
71232
12173
82380
73560
59974
86295
42245
4290
36720
77479
57037
24001
34902
2955
28881
59715
11215
52890
84960
47009
3800
5588
21742
21041
62189
7320
51381
22243
85901
55213
66930
80075
9526
19017
74632
39039
13475
43978
41525
49582
16709
10602
75451
22143
78137
78526
88517
50787
1205
20175
7465
22971
59680
81026
23671
59588
64748
5799
45704
24974
58722
18507
57127
29940
72435
25763
71686
53252
32231
36017
87798
48492
51489
59212
49077
78556
92
69953
8409
28016
5451
24388
36062
58680
82564
47411
35459
807
31227
56042
68942
63490
9712
48363
80940
58235
37764
77740
76470
38206
44654
11572
89902
66705
30936
26823
41295
9492
34338
84528
1646
54723
86144
5061
8614
61045
58238
42383
87811
13366
63253
12355
2499
43297
82818
15753
85658
51689
44903
69856
71859
28881
72829
59484
13256
45194
14818
59150
41815
72296
3243
85118
8872
82662
84744
34381
86695
31533
11983
51471
9920
65723
34561
48079
58560
57566
29553
56400
10977
34965
27972
64560
20387
49849
65054
44820
24673
7134
52791
62335
15884
64028
33855
13820
75705
21374
82289
20750
38625
47754
18172
77623
35565
83369
38296
90005
31441
54649
83653
80219
2710
33306
2395
75536
83944
25895
19608
47414
57615
75605
43908
67209
12754
11048
70067
1759
67829
4973
54195
38247
30596
9935
52405
11710
50634
1227
3482
22641
16825
65875
82605
41573
34107
11022
23198
28005
45325
15498
55102
8341
27007
30583
55352
43226
293
70912
32072
21380
26195
87933
11501
45170
59282
5262
22846
74372
39021
34327
83596
70086
86874
15329
87040
32915
56810
7304
44118
1109
7579
7846
84061
67246
2468
27570
47618
47674
57964
85118
69811
44109
9114
36052
51538
31328
14925
50507
19967
85920
34829
47526
66438
18823
16095
35986
6990
40369
85099
10677
4535
4128
34003
53487
32353
87002
27736
13290
79849
8667
60458
81748
25310
1421
63498
40876
65688
51794
10304
37812
39737
39369
88646
51062
86907
23298
34944
78627
14649
6760
67115
43868
56005
78620
78841
1830
3394
17674
41454
49152
23956
54115
87652
65347
68970
15050
80522
15341
42400
73259
16056
70408
42045
87155
47767
344
30400
79320
55127
43743
61212
85268
60191
8158
39182
8322
79548
51782
11975
60663
56186
66421
18362
37921
539
44843
47581
21085
49480
1527
10044
23638
77015
26117
9647
79415
35835
62807
7909
52528
40558
30915
617
52575
35506
12966
40122
30001
52435
43150
32836
31046
68319
19733
89236
34072
66682
7458
640
17548
56545
926
9359
51973
43188
59077
64886
82455
71438
83409
29845
61883
14890
81902
46839
46284
14753
72966
155
40249
73203
84356
65030
80662
6470
48860
7856
47566
65091
86354
22797
28392
60696
67950
44709
84632
74789
17051
4441
42091
59168
58639
80778
37600
87632
34565
28129
68696
67875
60004
79055
46256
65891
18837
9755
12926
13880
88601
25991
33934
71820
12492
40152
20190
70292
80752
84161
17100
78314
89765
49492
82588
40792
53730
72116
86951
58457
17160
63057
54468
29467
68795
16511
72733
55964
84637
16877
18052
5779
88663
44749
57706
85403
61903
63266
26806
7290
41986
69089
75523
43556
6077
63517
33616
3684
7454
13290
7653
68804
72765
1877
76050
44694
48337
36554
17660
44576
39503
39679
75539
35278
48178
33809
35935
79294
37747
37191
20013
62372
22696
16114
56231
67989
67445
68174
88562
78584
61133
77957
63830
7674
78006
20945
70595
79471
76404
87558
50915
24082
28243
81977
33821
68918
88025
14245
2295
79500
24506
80176
45556
86881
21666
37050
22705
3802
55390
8610
3370
66135
53060
75300
6075
51896
59789
82094
45443
85624
84005
17607
72963
38783
12659
20850
47246
37345
38934
28886
1445
81543
19342
89997
79773
23712
82368
59535
79306
59921
59213
70537
41364
53441
62712
44723
4423
64709
40699
224
22835
31080
28695
89921
13853
11472
18480
6373
79972
82322
84193
67419
43878
955
52972
53088
56520
61288
5833
26472
82697
1662
40246
46184
65174
8363
10345
89478
17058
71359
44685
50051
83507
9480
70973
7540
49897
84700
82443
82648
15979
36528
59689
24100
7664
5621
84140
32159
7760
60340
46767
4269
63220
39413
24089
66246
65366
30726
29296
73514
8929
2104
82977
86895
37537
3226
24628
22481
364
36993
73986
73614
58798
16085
55610
24399
46151
69537
51511
63932
23380
49770
66065
52184
51594
54365
30503
42466
47600
85131
26901
72932
26056
82730
24527
64448
75558
85885
66531
4117
86388
23604
1429
46552
45044
54660
20201
58405
1181
75399
66452
13730
20134
76257
73206
46670
37198
45991
65667
83987
81646
88270
24205
20414
30761
64813
11838
3583
30128
64273
32702
21308
41782
32115
76398
64615
10701
53748
69997
7020
89454
57048
75854
78040
35024
52042
81355
48536
11103
71689
16208
66080
51725
16218
35077
32120
85622
8627
89645
47677
64161
61511
53166
9455
87254
71985
74159
88310
87360
65468
8849
72040
1175
75064
74880
50220
11874
44370
46521
10593
71208
7875
15377
37760
36137
72710
11536
26890
4484
21813
85946
64136
35091
13414
35489
85189
81882
73954
52830
29124
82972
31399
18911
58260
82590
16953
25819
37629
3232
78357
53877
18149
60085
66210
48052
10860
33967
76635
2227
14922
685
9351
4303
1422
25053
49705
22309
57116
81296
43918
9134
4123
74765
21537
19713
19551
43169
28070
44086
67165
48209
49792
27421
73410
48912
60884
54557
15462
70577
73895
25358
52171
3175
52897
4915
42128
20999
24310
86867
5026
33293
57631
61892
35529
75459
80835
19790
80608
55608
69611
22025
56342
85793
55970
32900
81126
79722
72259
54944
56461
37828
83850
77514
43602
82603
87129
65239
40883
50963
17756
73996
69113
89956
31054
66846
11029
29088
37917
61311
29951
40603
31160
12440
85132
88934
46696
50208
23324
82841
28142
88729
39832
1848
36715
81341
81263
57180
15477
37030
82780
47810
52206
51120
78183
35302
72287
48470
71771
55049
53329
22367
36300
77935
74380
31458
83876
65780
42184
88216
9460
21917
46707
81130
56480
19634
8527
68483
56742
4290
9860
85850
25302
2417
41338
10675
26062
68082
62867
1316
35097
82209
24209
75534
46502
71566
14335
60242
35763
30765
90230
53063
57981
47187
61351
24497
1051
84105
52136
4903
68869
88714
3798
29952
5419
59593
84824
35883
20397
40036
66340
44401
76780
85332
68517
73890
12467
4316
36072
81909
4069
41382
65749
56139
61353
62678
24733
50934
7492
85904
18075
59715
38888
63945
81458
52504
23729
20604
64208
36528
62358
26718
53566
71820
40193
72628
7287
69728
81571
89558
78804
47352
31002
46660
22320
4851
38524
44919
22099
77708
72677
55677
30302
44973
69535
6773
11492
55050
70892
43626
14404
12332
26696
10230
41036
21041
77474
79772
52379
28412
73781
48941
69790
89815
54705
62099
54935
82737
38035
28758
64382
51009
59661
8846
88616
11450
82435
62097
7416
76807
15379
50873
66836
27893
24903
46891
63071
44377
36167
9933
88290
20455
63102
89454
74550
87507
23267
2252
54884
50729
14735
85943
79599
1190
85018
34275
89550
44524
26507
47705
4776
8128
6794
32002
74024
37341
16331
75089
15414
50297
9122
67800
61876
78487
57355
36301
24873
37928
18372
36591
86706
19797
51975
87598
20426
2226
52570
1862
8657
21038
58516
75841
54096
83283
86448
6558
44131
38820
15312
53736
27068
61856
60462
31845
21449
89281
43463
66359
23345
72788
12579
83280
26969
21087
5901
41333
80369
29599
58629
67516
468
53785
44449
36328
88945
50523
68751
12032
16302
7524
78120
79920
10195
69305
2134
22608
17490
68399
55068
83846
70733
81440
71397
57603
12341
66547
47113
38421
54780
83173
31963
88614
79732
38683
69105
52194
8856
63741
61337
70112
59789
75295
83790
39535
40392
49497
50547
62266
66258
46110
19700
21374
13038
79693
89548
22239
13461
1424
5945
33567
52189
60518
37433
11142
57308
74582
56443
40355
11050
81261
31140
77320
70235
55620
37654
80486
65844
80057
87297
54490
9106
31024
88403
17587
82789
11740
64466
82042
68380
11370
71752
68027
18377
18847
70367
32897
41634
7168
78790
56830
1285
44155
42315
11241
69635
9298
8760
72821
1672
36026
23430
27940
12380
28857
38433
50062
10962
59898
44268
15188
44787
1709
85292
5342
6826
12581
64072
65303
65087
52800
45934
53714
10934
84130
69559
76488
11646
71246
14711
29560
48744
75862
19757
4452
9452
46130
84744
74526
35658
25410
2680
11858
68020
21945
88315
80062
36295
20052
88163
22938
54763
41393
22805
65057
65949
57931
14638
54
18790
63811
4264
10857
822
19720
22566
62
28294
54333
68869
68360
61989
1268
15995
77193
13898
11857
76992
2228
20694
73429
24611
21582
39368
64055
4106
11581
83563
19415
59610
40094
7283
37682
36081
43872
7415
23270
26388
61169
82240
33580
19664
45645
55840
44002
21285
33016
5263
30275
45970
39446
82149
803
54390
7484
36764
68182
2649
46093
45522
39095
7234
79954
51530
18151
54222
58529
43331
3493
65181
76882
68256
87186
89492
63246
36990
50300
25123
41389
61998
54208
345
83512
9304
16858
15677
58745
62216
37327
77998
67047
84774
45428
13451
36883
27079
36890
41174
82272
80560
52526
88080
31298
9145
22412
27380
25972
61069
68435
55837
52399
47077
50415
34022
2884
6503
23293
67827
37695
47349
40889
24740
1913
78910
2775
3336
15140
36560
1735
84352
11442
56838
60908
792
78795
8103
72711
3477
24216
32112
56892
24045
88921
21552
50460
55347
61121
17199
84299
59117
35680
3426
71825
66391
19577
79704
53388
49585
25408
49392
8987
67445
18491
17410
66165
77794
80372
7133
39713
82684
77392
7158
34677
78244
56795
40625
87543
79505
37649
25988
31258
17370
64165
87429
43183
70280
50928
37160
61048
39031
55646
64276
49642
388
5749
36468
13158
11400
32416
26938
32598
4344
21546
2163
54269
32423
69699
5412
78696
78980
37188
10969
43452
53958
83475
5041
54148
73697
60661
12903
25474
34879
64631
49980
15289
78336
25997
50185
75211
71930
51092
63499
35948
8070
58035
2072
43910
71281
51823
82039
54520
71819
72682
12141
24611
57406
7192
5188
1271
26045
71705
56490
83399
10166
41573
25621
931
80054
68992
59951
9409
22242
54385
77077
24588
47844
64256
9569
6204
15545
30523
6637
45249
12883
61574
45217
71827
88128
14465
42794
60573
71468
34738
55373
31081
61726
22291
32907
26406
73633
85605
59123
66981
58443
77838
31264
76782
3714
15549
3270
78914
76229
10619
35584
75253
82678
16775
285
16406
67330
20345
10499
27834
82114
54706
84889
38199
22429
58470
57063
26105
71366
17414
69269
47868
62219
34570
64870
41581
74743
23589
13628
43205
68429
77166
17900
75971
17949
56694
9275
26943
60012
84364
4121
55493
68145
36668
41822
56675
36791
25306
49482
52046
33125
32143
13174
64962
65577
45673
43163
76323
11586
53228
36676
66577
65242
16996
53373
33459
83804
17626
22187
60554
2450
89322
73361
1879
16274
67807
58883
53228
8555
77278
22714
17977
59969
46746
48794
36095
47683
34356
43013
38766
47677
64746
69347
86422
85869
81280
5618
67198
3121
87388
46006
53456
54088
31547
26177
61772
10195
16510
52500
21781
169
77494
50282
36813
85021
83833
34321
80416
27245
66184
26410
60942
54391
2647
32071
52186
76594
41254
1249
23002
29174
33243
14792
55012
15217
39992
16690
12655
40391
84674
25936
61606
15750
84543
1789
58526
74890
38654
71457
38798
44579
26877
72755
20316
37154
50046
60195
21001
59247
45282
24025
58576
30669
15539
43494
4235
85865
62632
51619
63091
29223
71213
25187
259
88088
79391
61172
67060
45016
50353
43789
58135
58881
74152
20806
61335
12767
30902
82053
28351
30972
24952
85673
6005
29744
34726
58594
299
55419
28956
80640
28190
8768
73298
46664
62441
83241
67141
82546
58842
65830
10556
25686
74718
18011
5473
15031
65149
3951
14080
36159
39245
60305
70015
33515
42846
69926
65640
68654
7296
89512
22502
36940
34900
14765
41657
15188
18728
76705
13967
80267
26505
89174
81939
15452
82760
71356
86522
61105
22019
43479
89394
73170
53420
35679
87440
36166
25348
34993
71916
61856
43505
54510
61368
48197
8167
66797
12320
13426
84964
68667
61517
57939
5096
84071
39496
67834
67004
82105
66670
4845
56451
76025
35260
18030
76297
28870
77724
56191
23982
17815
84238
16310
48567
48945
36138
74990
67935
17065
83573
30338
9127
28977
1939
83362
84092
69692
48112
52220
82640
7732
56872
52197
61495
18187
87592
44030
11831
7968
25367
47011
27977
50437
15930
10552
15140
81041
13975
6870
77942
71487
23837
75937
62442
59273
40573
61397
72514
21965
71982
28417
3638
33134
35797
77255
20625
53420
66389
79328
39572
40935
36679
19921
17855
27272
12214
175
67019
73222
86364
3564
38727
54805
17681
28252
75747
36706
89022
63176
20091
81002
78266
36821
52149
11767
100
36361
52322
7282
20398
22849
88561
7473
8987
80469
84801
21616
89523
19724
33894
64945
73688
10093
81834
19580
87023
17973
55401
16008
63181
34407
21660
2722
76776
2937
68517
65602
55294
60819
87533
75850
39969
19872
34627
78161
4760
37568
63205
61883
74895
9076
83293
85772
16219
16127
5674
30046
49455
68842
8791
87597
34582
16978
23164
53767
29160
22417
54976
76668
50412
70106
89261
21625
83704
885
14044
89201
51954
7955
26765
30006
75987
54274
48187
56305
20360
72872
81449
11861
13011
85022
88409
24233
68129
33848
36863
40005
50904
68452
658
4803
48025
85564
69351
77255
19621
65140
24098
78343
46699
20820
50581
54089
85972
65
30756
23080
27674
75160
78403
55268
68625
59146
39023
31722
22115
824
5103
41797
63668
60627
14527
45819
80101
50068
79780
79340
57693
72532
24375
42597
34933
12860
38939
42947
56567
88945
58445
75259
56283
57017
4150
35467
11832
29766
11690
26509
48102
73904
25782
66611
78089
73986
77106
48287
27058
66187
77764
71165
64609
84131
49381
67585
21137
20370
87065
29681
9055
83639
173
85068
56191
87154
23256
87566
61913
55027
81462
73609
64542
69156
47159
51283
1984
84427
42748
80791
85277
16958
17080
47282
50109
1950
69037
10244
43020
65282
7676
39952
16968
5098
68817
10466
74181
23050
41118
21153
80296
80501
20363
21005
67782
60628
82444
65922
74913
85143
8663
49227
66680
39582
3745
21790
17616
85120
81498
89374
77335
18937
17938
7014
55346
7834
49605
66254
65780
61096
82300
64685
45720
1618
18951
60409
58120
48440
67168
35869
74544
68971
55461
61677
87734
81522
68381
15616
36405
6595
45406
79000
76610
42701
72558
33945
75969
23186
8387
2601
14867
51544
22256
89133
27298
46644
88346
14477
45716
74563
12813
33309
10988
74808
17257
28859
6955
21201
59849
72976
67338
85831
67630
29383
43366
19535
5428
75500
72593
35335
58393
89158
12577
20254
35057
47217
26593
33574
67230
29041
76640
88817
15018
6503
29557
47629
36003
72745
86336
38699
54688
74636
3490
65804
50395
61268
49873
27817
73030
46159
32407
38476
37141
55790
18189
20489
72143
52698
75933
81194
11245
26465
85205
41424
42347
68306
53769
70460
48724
86403
5148
81207
41547
85008
85935
27440
18746
66066
50877
37004
17109
27934
66824
43679
26919
89092
14490
74375
75005
84360
57654
29662
50120
29231
46150
22888
13195
48911
24707
50210
72164
39430
44912
36221
31841
68840
73557
65719
45293
34503
25072
14331
10444
32570
65680
15262
1060
38576
25133
85500
49105
41429
54402
87751
79075
22335
64695
21617
59724
73304
53215
32966
26717
58610
6611
23842
62387
1855
44723
2475
28495
65891
19411
120
90216
52360
88065
58343
53780
87668
8845
62923
32363
76252
22361
68304
31813
56026
24259
40574
2318
21994
45165
57242
33856
7311
23582
21400
22607
72261
35405
393
26881
66045
70214
42635
28653
65280
52877
74539
7541
71580
45341
26843
4399
72478
72974
70467
3522
51554
15316
50590
89812
35285
7807
81979
81071
46929
1820
66665
45450
53516
78249
5249
70067
18616
60834
36931
5707
2475
88944
41148
45075
65225
49630
31304
21359
15946
2844
5285
13647
14354
87150
85365
89705
84820
58061
11725
34315
67106
55428
63874
48982
9658
44673
22854
48699
34205
77538
83682
77808
62598
8247
89947
69601
68216
77327
71149
43817
7875
22265
57876
59737
37945
85601
21739
74016
37980
12739
57813
23128
42993
69503
80807
76024
54770
4031
36716
22260
14357
58752
30625
42394
66949
27257
53343
4468
38755
74207
79720
20526
55837
62912
60677
44947
17221
88168
15892
1445
74507
12882
68771
58584
56265
10262
56618
68226
22763
14780
51372
35750
85305
13774
27310
68370
82463
39181
40673
9837
87565
4176
79590
53489
7447
78084
16370
65381
81744
15687
85377
68213
11382
57221
68917
65730
28629
19886
24556
38129
25008
25794
49780
90115
5952
3759
50855
57806
86780
60434
70469
79385
68752
28262
18232
80864
74888
6769
11214
20189
21784
20874
6700
56490
16559
23757
88820
15476
21423
48396
16212
89254
44352
17738
79625
66319
12680
23067
59961
2358
76030
64424
33332
17479
84119
17243
10458
37878
73576
31942
3589
58139
47505
51943
79172
10285
36361
53445
69918
2409
35054
4452
64445
85987
62448
35620
11569
78067
46932
65890
46730
38904
3610
29886
50631
60487
5329
68159
76026
20460
57858
45584
53655
62610
17088
51240
73374
88195
30771
2388
56195
79322
14504
18220
37526
12892
65350
44940
24982
61043
6040
73206
83034
67226
47657
3040
78260
44550
53260
60908
25428
55922
36565
21940
34094
46786
47727
78057
67180
31081
56578
10873
77658
38099
83703
54293
10638
78434
68841
78922
7316
9196
24373
25674
63672
31357
21035
14395
74135
82805
4509
23565
19474
53206
51746
27762
35647
73075
67724
47102
16102
31020
45491
75651
16496
69210
13570
74099
37038
76412
25540
21749
67685
27951
39441
41549
24902
28350
70958
40099
23889
67389
18256
31355
10194
36060
29383
56742
71075
69255
24255
77475
15249
50393
43847
33786
72753
16268
7873
18190
32608
49024
85390
19232
32156
30715
57167
24205
57778
87352
28813
28718
33465
59385
26901
61951
75775
58544
76674
37730
39106
56522
43256
55019
1866
46969
49485
19624
40284
78545
9485
680
66775
68395
49457
18464
83272
35156
51272
20251
32253
37508
44190
34695
15375
25897
47305
69293
8975
20192
39079
43588
20075
33539
17136
89995
34758
10380
75929
1323
7238
53144
84122
41738
47479
66642
7847
22904
54679
52596
23974
21939
45666
67221
75027
80681
76392
48949
50075
2860
42314
38865
33587
56448
27514
70382
15654
53557
57495
1641
43298
86857
67462
2608
54545
14365
31062
19836
76108
30618
52099
31279
50835
87869
22774
20448
27547
314
41148
31600
6782
79355
9908
23391
24340
2971
86458
85095
37756
46150
16338
1755
34323
6829
30982
19384
37900
56055
43720
22580
12808
19033
53247
39031
72310
27297
72729
45276
13868
17365
35395
34720
60280
38135
14210
48515
78767
80630
51088
74731
16064
64436
29243
31655
72619
37285
11430
63912
82777
86901
82225
87060
22360
56557
84180
20970
59574
49747
9948
43951
27075
22034
81203
2600
48014
18930
89214
15447
43591
50312
52166
17935
63002
51411
56320
25047
61366
27595
28329
59930
75707
45795
4326
14082
62139
28855
87924
3633
63061
81125
21385
90237
15048
32371
11960
9234
49129
57319
13094
50778
60478
74665
80453
20443
85215
80562
16560
26555
26885
39100
17026
58816
37009
20561
62326
55427
81301
4691
21789
8758
44346
35092
36483
403
88583
90077
64522
84229
29919
41641
27577
53110
81446
21730
406
66201
53881
80303
86512
89960
1040
75964
22839
36518
81291
21256
64341
18397
71479
48134
14541
16959
14474
46838
35047
25002
19276
26705
34070
48084
67144
4392
81781
11830
31475
58713
83403
2374
44923
40382
35792
21545
69268
71064
30374
74967
2264
52049
67125
57108
80569
73245
54886
53845
34254
43873
42700
17705
22679
26145
6095
20725
16035
83046
75030
66350
51350
41454
13499
6876
82506
84382
11440
73877
37695
74075
47625
47781
24111
21093
48579
26101
63524
31259
86301
45486
27140
76017
52768
87270
63155
36463
81581
75683
62302
79305
70469
84643
26181
56127
39975
73
2155
41545
42457
7582
39282
18415
86490
31683
79015
40277
7588
70459
61350
11342
3488
71981
53443
16976
14665
64108
56660
64028
29430
24404
25400
85820
47471
42867
63294
68860
80740
62090
63770
43093
36647
39239
45594
84554
43325
68176
42123
84575
30363
49585
82926
37758
74034
82008
64455
49302
73499
29519
15086
76518
79126
31948
13481
4799
55037
23489
47124
26826
57559
71734
46888
53649
59269
7458
46883
77367
2721
41838
74876
6194
87298
303
79158
12594
15774
25934
42670
31855
76630
74465
36458
20155
62733
63917
62021
42833
46501
42987
26654
69584
90039
23298
18965
75992
51243
18583
71990
83235
52330
16976
43038
54345
27352
41514
25680
4380
84638
39851
4166
24352
89951
53722
29110
51760
22919
57610
2673
1459
40303
86774
65216
67555
36947
6782
84842
82065
26438
5950
24237
33170
5729
20866
63091
70820
21611
35841
51738
71689
9105
40434
60131
7921
23479
1920
20123
34221
42049
28439
66447
80103
52460
26153
56961
34032
80352
48345
72656
61700
69045
67627
36578
47201
15504
41275
74076
85584
57159
64225
83654
2482
59073
65220
12917
30036
34801
38540
76362
18360
50792
86298
33724
34867
87972
44255
55577
14200
3224
22593
39824
61995
16632
63060
88130
10537
2585
81775
34946
21365
24544
66776
65393
60351
84875
60329
67894
67700
78291
23373
34017
55175
29195
78800
18646
48585
71878
50800
71739
53388
61473
40996
63845
72725
73200
79545
62243
12356
50426
53245
23718
12005
40408
59556
73429
6660
23577
17580
14507
50624
46677
36995
7634
71019
50109
33385
21325
27478
7901
5854
67312
71011
76955
27058
89955
41480
80343
25648
29092
54372
76023
1394
46369
44973
5052
89737
21545
70075
12919
33779
17970
6903
36924
52130
5950
15336
89270
36412
39912
45828
3407
40532
34194
34399
89772
89727
58360
74298
23145
63545
10580
45445
85940
34194
53242
58931
88081
9345
16471
73045
87515
75498
52512
79108
34831
56925
74466
10189
67012
55325
64130
89747
7730
3373
1854
64880
1815
36848
74576
36925
85495
17840
32625
57135
47100
8367
25890
50115
1782
57060
60600
80616
20975
16825
60249
38024
83713
71080
29227
36047
45830
55987
12726
14662
50190
62101
36660
5771
45507
29697
4005
8521
39015
90105
8284
44395
9243
13614
67747
71710
68649
81464
1800
86675
80965
67719
23936
17562
27398
12671
26018
56364
30273
4261
13191
34947
78280
83804
84013
27748
63352
89935
43245
21527
8125
47790
57715
89400
36307
35387
59599
41040
32351
73837
1514
64062
76195
36732
66906
29172
30264
24671
88960
86175
35861
1213
46755
35073
25205
89146
27763
77760
43364
37827
19557
32531
15113
421
65529
52293
65136
24227
42538
15547
56965
56770
54462
85353
52320
45813
36606
180
30945
78842
22863
2920
64259
25065
71906
69937
81550
47931
39628
61098
75320
31682
87097
755
50567
831
24859
35276
90029
85191
42352
50526
86213
85388
79812
86694
75357
74527
71667
52186
11666
77156
56780
50341
8381
84093
69856
15591
13840
31570
3933
89621
62652
82073
83962
81752
40215
85483
77479
42431
44282
29108
32602
48949
72620
41043
69146
16164
76521
70725
79425
60209
17817
27865
16438
56447
67807
66038
45507
73614
44863
81236
11085
38537
10268
22791
3094
59914
9283
48664
33536
46214
57502
22435
3965
61620
85365
89290
51390
85798
14126
25493
66607
86205
55909
83327
49018
55499
38264
39088
82910
21273
39457
76977
31779
5892
80072
47014
29979
1519
53169
26700
86156
86243
18170
11301
27280
30985
62330
46010
44355
67554
63007
52380
12830
59298
53363
2445
19825
23135
46347
17642
54537
21627
6153
53785
8340
6717
61698
23774
84992
38170
37129
66370
9585
14264
59402
84325
10858
1708
36697
74795
69691
89339
75011
79780
61474
73325
18166
30240
84145
7076
6345
39763
68150
21612
2194
30087
66430
9904
31491
34129
47539
38575
7664
61589
10941
16470
37859
86577
73819
87865
77170
76205
42105
75220
87275
39910
8010
85080
22180
78739
23161
61221
38540
60502
70229
39475
76714
7357
84381
29689
8665
12799
85805
43124
77239
28735
43401
87731
51459
18901
56182
39345
26859
26456
57554
22511
70217
88284
68789
14382
70680
45848
66651
80862
60991
28610
37967
23196
48953
25026
64293
63085
79240
14230
64826
31723
71919
38785
44838
37016
32920
4888
5435
14542
55543
19240
6280
48659
70779
29665
30211
328
50631
28250
5207
18778
75902
64589
65718
3170
71940
47119
77346
49317
83660
83085
76949
15751
69290
20988
8926
60620
36249
87769
34904
47189
63400
10382
36509
71149
89481
45584
50727
16933
35945
4399
5248
67827
34398
27521
50340
62878
74021
76610
89712
71652
29526
45132
83309
48292
9298
7408
62774
29999
62647
7431
10767
49626
85628
38149
61339
18721
70104
6785
47367
36559
54490
4782
34515
52919
50830
15249
86407
39630
56367
84333
65008
4526
5301
3646
60490
38896
59440
82520
49491
69121
33101
76945
71785
52304
51158
54397
66814
88911
82240
19236
23878
3705
69299
43357
31075
7714
3772
25937
14193
12435
14678
59462
9843
23670
40805
35458
67331
82777
53446
82221
28933
61666
79677
34446
48980
43074
61441
25605
26652
81035
3575
73740
15715
28580
4137
15990
83338
23638
29743
48021
19795
63510
90021
21411
46753
85108
40585
71972
55566
28432
11997
40013
51300
70509
59581
48871
54864
78909
51926
89118
78859
45687
23120
32631
64420
17861
30644
54120
3957
60671
3115
40677
84753
78152
18571
60632
53819
9916
57582
71596
59915
36260
8552
31869
68430
68447
7605
16402
63667
21430
43590
25241
78390
17751
7290
80474
19469
31708
87930
80693
73483
30379
85519
79874
18709
12217
78851
49976
72429
69472
17830
49129
3885
65551
16284
52080
86065
86968
38477
30532
8479
3367
87759
75747
75955
25713
33421
59435
44986
47680
52258
9390
67634
61796
37885
16305
54778
27105
70396
81825
69685
47482
77975
57560
83141
77745
24533
77583
12667
37163
13005
71677
33172
19988
38662
63313
41840
5660
64980
34468
18295
76427
3706
14594
10004
60858
26936
27186
35385
62720
74943
75495
66425
72180
21334
21613
16481
44452
21496
4024
68873
79665
29597
34442
34973
59884
72600
67731
12622
821
89238
49172
56454
74219
32867
76275
3532
47338
58251
57544
1445
52996
88379
40259
55009
54865
88192
434
38971
85821
18657
55865
33633
77963
30677
3246
3278
3854
41740
11536
77934
80476
79553
66576
58601
43898
5337
60162
57348
18728
18807
30526
42648
55440
195
18705
79145
49959
18638
65641
52638
56366
68184
15730
16782
7275
74930
2128
66220
35820
35698
39427
63385
37149
120
62183
29087
48689
19504
13761
4810
37815
79495
87865
979
33515
15869
33356
82807
2172
44893
49048
11895
39854
25085
11659
71575
32081
48545
39049
67282
72860
71574
84048
3045
37478
32516
9543
62368
31038
26765
31200
41480
50103
12146
51490
62314
84347
2308
16178
72747
56666
29162
2871
47869
18382
65566
54504
65926
70435
75620
1137
14478
37460
78936
3070
13660
1767
853
53770
18640
68275
74228
15658
63315
36455
32511
74208
74812
73497
55345
77518
54660
49693
87996
88333
42310
86280
34393
9331
20269
22728
28980
16649
5519
36477
49015
58415
53378
59393
1616
61072
27180
11545
11464
76616
84315
35465
68031
40121
69159
58472
59214
66750
87315
27042
87019
25108
45577
13740
950
71917
56842
37429
56173
1236
45908
45088
13784
73223
75655
76256
49369
56218
10002
67465
79920
51875
64549
25606
31865
27990
69551
56960
21471
40178
41894
66022
54206
78092
25860
81144
23048
6454
27966
38619
2402
58126
3856
40422
72927
75879
88086
43856
78294
81764
13870
60066
37739
77816
63326
19735
10484
65117
69308
90023
42197
69853
77635
7596
87456
74920
51917
6511
39196
46940
4070
47195
10008
38345
87814
89779
5728
19087
21651
20912
13675
25125
48908
37214
62170
57539
13634
46702
26999
68746
27436
67280
28514
1585
75474
34076
24472
40351
45230
13425
4860
8560
53967
49644
19307
22464
38322
73590
45395
6823
205
4562
86990
71948
12457
10853
69036
35729
31251
24360
70034
46390
12018
39200
7867
42812
10998
31091
27393
61238
6504
85535
30355
13000
90130
69370
86472
56665
19361
88054
14130
74442
10247
32073
63118
23621
66157
68459
53903
586
34467
78554
50470
32385
56380
33384
33635
64449
80523
49413
14968
57878
86212
35350
3520
52823
54037
52195
76975
85290
81220
59035
26455
77453
33169
43148
38956
46761
44063
35188
71992
34650
72732
12096
23815
42569
84350
41691
30820
58246
42589
40195
28707
30710
83697
72807
16192
72628
56320
8782
19837
80498
53934
42593
90076
51803
83971
33840
43798
55851
23661
27841
12807
65420
59350
1085
68235
35772
43589
85631
30261
48525
76227
6436
24605
46398
66042
21819
28140
8252
80064
82454
1603
2897
15191
28323
62560
26366
75575
31190
79541
34892
28050
65139
2919
72677
42634
75471
77734
9321
28644
8758
71924
89380
8764
2669
84117
10105
80667
79865
71120
13591
64282
59040
27553
13290
46875
39526
35407
48594
36824
78400
51650
5601
2941
52244
46588
14713
77748
27676
53742
79485
67684
86481
56380
30429
14200
4844
32780
43576
22688
70817
26238
26132
8997
48030
9150
46324
49658
36396
45074
72209
57629
82750
86513
60621
89985
71518
51551
62175
67575
56651
81888
71130
28810
73169
68446
23568
43732
69700
88684
86665
75875
64535
11602
68440
20556
4359
89616
48893
4815
32246
46819
72191
54113
82995
16149
45853
3072
28651
2892
14105
31320
70750
15801
5988
14413
36410
28118
17993
83149
67880
67365
65962
45583
86981
82964
42589
10675
73430
59781
29229
68728
12003
58137
54103
18873
90027
84039
50344
68061
15969
29824
69474
19061
75506
26527
42994
38971
38442
78056
318
81206
66712
57498
27924
13465
80695
76169
14604
78043
1635
87970
69624
66463
21384
88665
24428
70935
88525
54455
77272
2572
24030
66728
7680
65622
80839
38224
27367
88012
40495
82799
6424
51783
80430
88218
29015
21334
59305
49137
56551
33370
59187
6975
60109
65914
4003
21921
62416
16925
6395
52932
55534
35584
9740
24767
28296
42343
8816
72719
84858
83460
37161
68014
2071
22421
21036
38085
70337
73112
75843
12736
19294
10166
86592
66629
47628
61926
10357
5704
61754
20939
815
6959
21821
61344
9599
81084
71641
53373
58662
60112
38022
38571
57147
30418
26742
18389
38811
55999
32709
69512
18906
9506
13258
51201
86727
51466
81424
38556
57680
80213
8200
44707
11042
54588
47510
54151
26307
37301
55173
13013
46622
47115
41665
9250
67103
41608
54235
7570
7503
20217
12712
52290
10441
8209
79021
66045
25145
31727
69084
21816
7832
17862
88776
3662
47995
12781
78595
8215
70417
71247
57468
82441
37526
36616
9101
3136
86734
70185
17025
78670
20085
39574
58036
11240
52190
40699
35691
52772
62226
4671
88060
79049
59938
24320
20410
88773
44563
1247
47653
31672
86667
83013
86228
64332
43092
40577
66015
81670
18311
57264
10501
20938
46518
77469
18085
65534
36011
498
51936
36287
77859
35319
42297
55096
14975
23737
63372
76696
74280
89854
11642
84603
20908
25570
484
46484
46480
33421
60040
46886
52327
88664
15483
12987
33571
11325
32947
22783
45642
19678
69931
67965
68381
20261
83037
16940
59815
32782
62596
13321
28768
927
9527
18180
89380
53710
65041
25712
68288
20119
40842
53017
81204
81515
43892
25436
4219
6432
21384
7527
15769
28267
58047
53998
90072
5689
29260
53010
24144
12196
10010
76313
38010
21260
79702
86282
33740
72569
87375
43545
7714
78054
88664
31773
48136
40632
89922
2671
3063
41616
78986
61961
29108
45230
19441
12659
61186
70665
88126
49117
15992
87163
14172
31955
894
63579
72988
39778
69546
14493
81451
32434
71697
11705
37509
80237
11640
45754
25501
67792
18033
40248
4955
17241
20310
14382
87733
8407
2134
54815
44997
75030
54985
68042
77711
79558
31066
70236
21996
74076
11037
67057
67329
57730
77406
69897
66905
70097
7328
85081
28759
63923
59532
42024
77517
15489
49419
3737
83981
33923
50020
83391
7647
32579
8519
7570
36084
25494
20804
51625
7635
490
19796
10929
82062
17654
18602
85797
32795
35388
68976
66599
65991
21275
48755
31051
47373
43326
88025
71015
50030
31363
75454
68350
18256
10497
62288
30879
63123
56513
42371
29281
6202
15985
25598
84799
16284
43425
37335
81392
30328
60895
40308
55535
21980
32248
42300
24630
10786
62445
72083
72881
39446
21460
29779
23484
7890
70305
20669
49898
7349
25653
53428
82594
45943
64218
15699
43462
88260
36763
59381
53897
81617
46134
23292
8585
74724
1327
7119
87628
73920
49033
74287
42760
84231
59160
1417
15927
74075
66141
81333
46284
87982
71365
70058
65096
45611
4757
90045
43136
7240
37271
25226
58660
27115
71825
35486
46028
54735
43006
10902
19682
15095
77811
81115
32198
38555
88650
56755
9951
75768
72487
52135
83548
48611
66120
84658
49082
21343
71120
23205
3149
69611
64650
23663
37634
47288
16570
40574
31250
47611
355
7212
86645
58717
27771
22659
54542
76417
9580
73460
71364
42020
8087
18553
68953
17420
18740
35884
68647
366
48638
32004
72294
64731
4165
31309
43804
63166
27795
36347
40743
58968
47025
42611
3163
25713
74797
60151
74079
33128
500
89439
30620
51813
6703
40388
31619
81934
1037
59750
70794
13685
29937
3610
57862
39735
21890
24018
41535
45382
58377
20955
36796
17861
55373
10664
55210
55550
69110
48149
85575
52499
56156
18867
58605
70190
12339
62286
36699
39694
58990
24188
8709
13062
42084
19069
9764
86485
71465
11456
27405
69289
43614
66629
73686
72045
63358
22660
59683
77980
26164
61450
79916
76426
52103
66068
111
15577
88306
48959
47848
82192
33385
73679
78908
67418
69774
9061
49541
32632
62406
37469
39908
46961
60072
26434
60281
31694
48985
26180
85965
44374
26717
41778
16836
24996
43192
40183
15238
49655
49884
8914
27126
56470
43640
24675
35226
66810
79317
86737
48936
2771
80689
75578
68822
46097
41226
18457
38634
69919
75034
39353
11180
819
40005
59419
78381
19408
46124
39442
46179
36139
4931
77594
1141
51538
62874
11774
59874
67249
39501
13965
79770
78946
1109
28875
79763
51770
7201
64834
58129
87418
81757
64875
85821
3915
82922
5404
31096
74571
79976
76672
23063
62836
47564
51739
56141
23611
55230
50242
77074
25855
21749
74260
74508
86774
43158
54890
14954
20784
87937
26821
8235
87024
6434
86525
62776
79901
3102
24696
44599
87543
66821
54078
19554
69173
47944
51133
66825
35173
82734
5825
7482
26062
86369
76540
74331
70807
20387
59378
16588
42831
27145
68925
438
26722
2259
64242
5468
29312
65908
26127
72797
77788
27162
44435
88991
51575
68009
88405
35589
84891
30035
41616
60070
78045
68347
31290
21063
59458
18402
33534
37626
60025
64398
7763
43073
86484
61390
72229
76710
5786
17913
67867
42468
26642
59591
74811
43799
66744
15991
72847
9289
11987
60163
62866
12670
27418
40000
28512
87707
73914
42133
5972
24809
28526
21167
46516
38772
75177
88659
21465
43500
23981
57618
45895
41757
81375
87698
85174
77543
28554
85679
2440
85744
37520
2710
36680
50022
22366
42226
7630
41659
88444
81667
83473
16835
49120
59178
43811
69156
86880
73711
7257
83669
73738
60170
14454
25584
88440
61727
54050
33680
84286
52377
61155
43216
45970
82785
46396
28616
16333
66705
37039
9405
17380
37517
37099
38067
33300
22313
45910
8087
3952
43580
86894
14681
62121
80107
42498
48512
20505
48696
54944
73827
52410
8951
33165
13962
72673
41452
84682
37175
9375
75758
41755
76377
47193
57872
7629
88511
34254
45146
5514
48770
5447
48589
62604
64494
24766
82431
34644
82461
15552
75388
29962
86426
58733
20735
18730
10839
11359
78219
8304
83124
1816
1011
86548
27635
44013
67311
80243
29058
45150
47052
32354
44814
47840
30598
20074
37798
17460
42984
43493
13964
75555
8869
78003
47864
40913
30520
40770
56664
78980
59323
42503
63537
50571
22341
14987
9695
5547
76646
84917
12245
56931
60733
59006
6277
75168
84511
58879
46025
88770
2597
85798
5803
47444
79367
60609
7553
30431
4873
80677
54655
4170
78532
72950
6721
83003
11609
11933
59046
35490
30862
12123
51498
67112
40944
71849
51785
48129
16554
18386
40690
57195
55180
52460
44775
50521
6892
44455
15829
44596
36415
8554
53633
86350
16550
4565
73431
23665
89755
38428
87104
21664
81239
39177
35900
45416
57473
60150
49590
26210
76445
24359
34559
2379
14219
62833
31500
71087
6943
77410
77820
16690
48258
65011
34030
45245
88260
71640
80197
46283
3122
54448
20254
18672
78700
3732
71969
56355
67546
50929
85853
81160
81216
15998
37569
8468
85148
1696
82910
12595
30943
59654
32795
63521
11883
6889
79261
32758
78876
14584
44916
8321
46818
54783
3377
12620
10485
24410
56392
4481
83524
82923
20464
37730
26343
83825
53200
25856
48402
33513
89404
4248
35269
55353
69804
39062
27168
76958
34503
82781
16059
17801
47497
87000
29435
61384
21045
39132
12892
60376
57772
2045
77455
69141
60141
1880
84650
87203
44337
18296
26931
79623
8044
89105
66014
42772
70757
79474
41058
31274
37624
14985
78808
34329
22891
27132
11534
39636
13965
42877
45188
9388
16446
80344
31487
18136
87382
81079
17118
8839
58707
40533
1048
15517
46076
76427
25114
33222
55033
49921
8417
9277
41467
53941
44540
40166
15157
47614
60946
74165
39285
6625
60220
83479
15796
3894
4864
38009
18181
88990
85397
24657
20879
43512
72900
52356
45640
26708
70038
54016
53761
29854
84986
35836
17908
43014
63032
81923
62582
83007
9852
8290
59280
34841
15182
44630
17834
8224
42913
73890
56099
73636
40304
63308
48612
74149
42333
6887
38102
48628
18114
88970
16556
85835
81455
33599
16953
25333
15439
35952
44415
49746
27335
25666
16935
52465
62471
9488
83661
8972
43694
83369
13402
65025
2157
45080
42560
67160
30395
9640
40425
76681
43693
77836
78416
39558
41007
59067
15426
73058
47156
31654
40842
3606
35273
31101
40189
1697
70197
27635
83320
84251
79989
87791
76413
82729
80518
14213
10508
6895
81908
84607
37838
82272
61267
83544
37308
60377
23359
2895
46620
83055
41650
15677
78207
83381
64508
45148
64366
21478
20933
25668
83765
38928
51747
79075
2695
82210
32540
85875
82485
49024
73836
72826
48605
38575
2211
25548
19460
52573
30730
68915
85085
74095
38203
25484
18211
55825
53342
82207
30538
457
70768
79074
83814
89412
33113
77765
37417
10817
14606
8684
42401
23648
82204
56268
50251
25056
1308
47617
60783
67087
75202
28141
26640
18557
41907
51866
45339
72403
88512
89802
4454
2192
36043
78548
38825
78821
13719
39181
7878
28653
923
18898
73603
77274
58961
62314
35947
36259
29733
1962
85135
75894
35966
54625
40467
81578
80576
32897
1597
50132
46964
5455
25750
76929
65260
60263
12455
37291
31656
5811
56402
84001
1113
81216
61757
68981
71667
15042
29060
56715
66038
67438
73626
3095
24248
58011
261
28240
67619
44905
5021
67688
5029
71699
5883
70874
47226
1813
57842
944
45617
34042
47473
2976
68321
28236
43286
45387
52966
14849
84662
8980
45386
14642
7230
12091
34350
22866
26661
20540
47669
24884
73717
58625
30988
76052
63963
45618
78173
1201
28740
9593
1527
20056
26592
84974
81982
89445
19073
82232
12489
87390
90021
5869
82568
87948
2450
24596
51972
50895
49502
64416
66156
24837
35303
70443
45349
74974
67107
54578
31388
476
66801
6252
32162
27617
51999
21154
9906
84286
21177
9339
86631
48229
61159
51495
52591
50493
16324
66210
14470
39321
62440
23702
66149
35883
11436
61843
89633
89204
18740
48788
65618
80017
21861
80644
75390
3173
86868
34988
55153
34578
57108
42587
70084
63196
4394
71953
40985
42165
32268
20370
82618
16075
12739
51249
38506
11156
12865
53142
24537
31126
76349
81179
26466
71500
27550
73924
66233
57880
37595
8981
63879
65225
68770
68016
16168
63277
65277
38282
2285
18383
66866
22558
87444
29431
25473
84948
835
49771
63955
27397
39116
30030
11977
87934
14989
21193
43163
81206
25293
10378
42530
50446
74606
34808
41732
31676
72255
55614
3000
75660
25358
72230
51984
70874
78368
24325
8690
64928
10822
53705
79230
29620
87163
1281
69497
13978
29399
18304
70707
89426
76683
15757
73801
66866
52867
39825
54494
23944
67725
622
60013
13507
49250
68853
71747
37484
49594
65404
27785
17028
18757
6756
53691
30235
81940
49325
69406
25342
36492
69297
19253
31743
861
2748
13480
2448
83727
2947
51286
12761
14466
19908
236
55307
54396
58577
81509
82088
760
29318
29566
54735
77254
72402
6143
52950
87882
87960
56196
531
43904
78547
17596
54592
85256
21765
4062
79853
38860
79033
85775
55493
19741
29041
49612
74253
88676
41866
67438
36052
26521
78120
9235
12974
21948
64179
34723
12678
24379
60072
45808
16294
89750
4886
84435
1775
20272
22492
2249
11552
5256
57077
14245
32733
50115
42230
79915
54625
46026
3404
5794
59524
47146
59645
63511
37282
38134
37618
47176
31852
3428
52741
41712
35895
15284
51205
40028
26569
3415
28112
72457
73773
75117
70979
86698
37529
48440
75587
13290
29589
618
28719
85783
43363
15490
87904
49649
51430
2196
33869
18115
88671
43473
74075
36700
52949
80788
195
73828
37930
84506
7072
88686
72627
19641
79902
36145
48328
10859
35172
64137
70877
89512
47032
48498
34462
62981
19022
2079
476
27863
59451
39957
40427
88324
14228
21875
66003
63452
74981
65553
68267
28316
44170
8371
19044
51622
42530
44458
20231
61629
20144
46275
18745
7664
8959
38389
57819
88619
57992
10438
80493
25639
51485
9579
31957
49503
42792
51321
53671
42009
7661
5156
16837
21247
89360
62937
48496
24761
2742
3207
40902
6366
58772
65898
19920
69509
53333
27747
23788
86588
52495
70216
7177
68776
83368
77098
11963
60739
15030
29280
57689
55177
89571
46066
74633
75454
80486
47874
64251
85593
54998
45045
49374
74616
70772
41908
27448
25247
36862
68713
2107
86861
61946
47182
71244
85034
78634
76566
88752
85757
10880
89817
6730
9735
9384
13407
32829
56644
38107
36465
81095
6054
37316
47210
52234
31815
39094
36003
82867
81925
14161
56510
42468
47260
64273
13310
20537
80415
47703
13437
14945
53273
86384
48951
38695
14187
33269
56013
40075
27331
6428
72851
52435
52691
71451
47206
71345
21420
27846
49726
75303
81352
54385
55696
2952
28224
4622
37315
5168
8238
1921
44044
63245
18782
26936
48732
34285
11229
49411
55380
14442
56644
71452
40051
53506
63705
4793
1894
62463
54662
13066
76690
55174
69844
83612
86952
89993
4837
28210
17978
33570
59819
25807
88320
66596
58026
35467
86685
37008
3312
41098
75702
61049
90041
75184
33205
37478
4160
41139
75044
72600
45773
57798
10
9107
45896
20986
46498
9981
71737
50693
51902
61041
28923
30389
18873
86585
84789
46250
46313
9352
22507
54822
46284
9252
50984
55013
87977
74064
5721
23905
11101
68254
20383
74702
87637
85584
42663
70309
7385
42412
49207
61966
56784
36189
69047
50369
11639
29236
8452
6000
25340
1617
49115
43908
15280
81207
26625
2254
11788
24087
64329
38506
80318
1365
31696
43547
76129
21070
1055
15680
84649
17
43495
23249
41303
88410
49895
11040
22364
33729
44793
19739
11845
88248
69500
8648
53100
62651
16512
57673
57198
79567
52728
22352
47342
78006
2297
83728
84683
84165
64175
50140
720
74568
85576
26420
5893
60193
49200
80122
14033
16489
24302
59038
58429
27761
86310
35568
79135
61648
27268
75727
53807
14631
58576
35967
17099
28043
82394
62235
77021
3138
22233
41207
63039
13875
84341
73975
58873
39487
77931
27671
8008
70758
28538
63588
68826
2730
22911
55651
52980
46968
85727
40944
5754
10403
38702
20864
36724
29814
26351
53089
47229
66496
41844
9047
19758
34087
29060
3065
62142
88676
46253
69937
36283
43618
1955
14129
72687
26729
7079
86450
79808
61518
51749
2065
32684
72846
63902
67810
4012
19656
89019
86489
64488
81363
71573
81690
8735
21950
51390
77211
7800
24284
73194
79667
46960
18432
27966
12314
48956
22363
61896
4775
81265
11853
89657
41162
61293
6125
38802
36137
76041
86524
36058
24216
75607
88370
79375
8397
68817
33502
37550
69462
24269
21344
78149
70847
47060
18858
71535
45360
82128
74244
51098
6615
40821
20960
37319
83632
51744
39869
79401
7428
48481
2542
82765
42120
15516
4124
46728
45230
18958
84516
57870
23758
63405
10016
50942
23216
83600
10345
29711
19389
60069
60008
50347
62078
18471
1708
24696
1502
11293
71001
20161
10062
73995
7686
22876
71528
7812
31705
60150
41861
2726
50898
85203
28501
864
75377
10136
15049
64592
10662
84335
25633
22269
50414
30020
85003
54968
20370
7845
11766
55538
73576
48415
56417
628
48164
81718
53878
32898
69416
77370
29420
75825
41006
34169
61718
21051
28417
37883
85889
61913
80208
36959
73343
33106
71541
82640
3836
81470
64645
85140
80344
87080
63948
30754
66815
21482
55718
79101
14616
47624
36292
32212
64248
77064
48565
2061
61389
42280
39045
4137
11508
87081
4957
36949
69896
31226
27440
33621
8948
85563
79525
57615
18956
78024
31786
54808
50364
26641
35400
46907
62010
43784
7741
22776
69184
47936
81548
47036
26703
32864
9055
24085
16396
30515
71044
73303
39414
14598
17514
80818
58534
5263
89324
48817
31459
54640
65961
8928
29326
24416
52664
71460
38197
17977
85346
30440
61953
3422
80721
73252
20893
77943
7739
16884
21238
51150
58740
41419
75150
66635
350
43270
41677
10591
32144
82362
70889
54925
16385
51486
63810
8805
37460
31278
87370
22971
57982
89225
83868
57197
19326
25422
69365
70112
49429
4915
84558
64492
38442
79485
45480
22979
73757
9935
30622
16923
76464
79517
81454
27464
88806
14618
87345
41575
29849
54393
33097
40146
18732
45768
60938
36833
7391
54602
18484
2825
70852
74831
80835
79080
71590
38250
15553
4337
7904
53760
33831
72023
39324
40587
52076
8740
24542
37248
9277
56420
10877
90248
74760
67530
49265
90218
42049
12878
2660
51471
11957
63765
51603
21758
39481
72428
7502
60172
90239
74454
20061
44800
66982
13927
74055
73776
51859
57450
86371
43693
78574
86667
28730
73805
57668
65958
83641
47140
71109
86039
75666
75937
30193
48128
19047
66197
56534
55609
89479
48719
74049
48268
66831

