2691
49632
32640
22094
57463
62747
49229
45246
11006
29610
74150
44704
64205
38876
40780
41104
70840
39456
64377
23432
8752
51712
16432
57880
7424
26664
2758
22704
26545
26361
74855
49046
13461
69312
67658
67138
53144
33368
39578
63742
48406
74472
10008
50518
68872
63680
13976
24792
56655
63053
73233
74799
65050
72462
12826
8789
20659
19415
11369
27551
9579
13393
65891
62481
69973
24133
25334
60272
576
73256
48228
71388
71948
59816
71291
27767
5626
19728
41334
11392
15390
40781
57764
60328
3444
51827
64416
50308
46102
40916
8897
48510
52138
58739
46535
71136
14455
4043
30407
51538
39969
66218
1623
30747
38834
63910
34200
1829
7809
32051
40227
52744
72371
14269
62921
25565
37359
68719
19837
11028
76094
77346
56417
15736
6288
58787
20894
66616
32661
73008
64287
18549
70464
14298
40474
33680
67997
52735
43513
15296
74343
49883
46334
43347
62391
13256
29776
62842
26792
74095
23496
63002
76518
31112
71135
63920
15179
40744
15912
38815
69413
72045
10637
76888
42849
50433
69484
33790
72009
36673
75642
36705
73544
50730
57589
31103
7506
15238
22848
53057
61362
60985
38101
18839
30032
11475
985
69456
22680
52290
50440
16200
30080
3491
16675
26536
65228
65224
52389
39707
26388
19700
42518
31148
8345
68748
34797
35544
72366
35838
37670
72657
24424
40399
51829
60184
15716
38180
74272
41475
52148
46352
66141
33175
60409
6566
75010
11787
56491
54302
9424
39674
52668
64706
76640
23525
17990
51650
52529
67661
67150
56966
30026
35405
10081
48238
67007
10647
54600
70607
42104
53559
35423
20057
76784
15592
68752
30752
3688
61096
33800
11056
35198
74504
63880
68783
55360
51040
25368
56302
68019
28472
69568
60279
52040
61512
11042
28386
48896
42261
45856
68199
63448
24903
36616
74421
26259
48923
17258
6040
33408
27579
39192
54231
19263
69328
49976
26864
40832
23789
58626
47082
10315
2648
40631
9376
304
16945
50830
35089
15130
70749
16671
72147
16087
69473
51213
2146
31446
28456
65361
16952
3274
31664
22265
6769
26148
20193
68847
67951
43513
60135
71406
26875
62542
10072
11566
64956
515
62526
50577
38030
65645
29225
30737
63221
55578
72632
29855
39914
45120
36169
60560
14944
44440
57072
41680
75632
14704
7536
66423
52207
37000
31706
72942
72688
34580
27615
16113
72140
9632
56517
31488
9997
38649
68005
59093
2540
77048
35117
25700
75052
25100
18035
45144
65412
30336
54376
18327
47469
44575
69379
70207
29619
66271
52049
23122
27900
44985
26113
28047
42120
64158
16019
70906
38505
71594
52973
61507
61342
16295
42298
13688
2124
73154
34964
30144
67688
73646
817
53696
56944
52015
31606
34370
6569
39680
41859
14496
20139
5062
54688
36180
62384
47644
61720
44639
59684
41961
59488
46029
64945
4195
24169
17181
67780
48702
33803
73659
19607
23905
70408
43160
12208
19882
68490
65497
48545
37802
27992
42112
42447
57613
61454
37696
31953
25139
2344
70128
6872
17147
38553
16318
76373
4608
75177
61562
37808
61618
33884
50120
33616
61224
36752
75875
68731
71889
53685
19432
41192
37247
28034
39296
63272
5090
63621
19457
26626
59738
73046
48831
23436
74432
15170
14397
43883
31104
25688
51071
53313
29123
15525
58691
39751
71813
38620
61944
54723
15967
18652
27504
54723
59784
57242
69344
36560
38176
47064
17970
23728
54462
12928
73759
68944
48496
10296
29608
9848
13224
786
72699
72442
31064
14360
20616
20448
47120
52032
824
4408
20127
11999
44063
19533
72512
59977
47288
36284
28591
21946
176
61712
8086
47899
20541
59628
77101
23154
67622
12027
50626
22717
64675
76931
38424
5644
51023
29894
19508
8240
60995
32814
45881
67992
41024
55800
25792
168
25048
50682
55558
73572
29622
67154
65182
39063
58115
24087
14800
70581
42710
75792
15841
9159
67464
22225
71376
536
68572
61279
60144
57720
20136
72952
18576
14216
23840
7395
24808
15480
54607
59635
26573
8632
17353
25198
26827
44078
68488
19028
8376
44808
68568
128
14912
15280
62780
68862
32617
72556
25763
21172
10126
24016
54264
35693
8383
5790
56052
44754
31888
73196
2680
24440
5512
68943
36967
25778
14854
66802
46832
52251
67512
11008
35877
65264
47190
2151
74752
52832
4568
35664
44176
6747
46120
44963
68710
34200
11453
72959
7244
30379
22708
15491
76823
58648
32159
19328
21835
35589
58014
28606
2858
61052
54231
16395
4375
495
18641
70007
60061
21304
52920
66776
40859
53835
42152
12263
26064
28448
16488
35920
45030
69842
39944
63686
38456
20782
14440
38024
15432
70114
13671
60090
35416
45391
2215
33744
60040
62424
23440
37120
53080
75808
47208
68648
11920
42312
31200
50752
7360
36685
34031
21339
67156
59908
50750
73745
54115
43268
54709
13514
19218
29079
4208
4656
76841
14212
17671
3740
7669
48883
66399
51396
72336
68725
6106
12174
66448
62674
65008
50232
10416
62381
60701
20168
64497
71901
11008
70901
53328
27739
31382
21888
35872
54490
4240
10329
6268
76086
33744
44809
63385
31947
48329
18131
13518
6740
65670
20207
31084
62858
34567
3695
29974
77201
69002
72162
16952
49663
74642
60764
69947
37000
60194
44960
234
73648
25864
5648
10168
66068
25170
36881
74538
76208
1536
13064
72456
56297
60999
36480
23717
5339
27694
5018
67502
74795
30008
24280
37860
8386
62096
75963
32192
59870
19288
73070
7540
567
1171
3328
8916
75708
55663
60252
14964
28688
73969
1440
71888
19206
31648
16768
21754
73680
2731
21057
38627
40766
14792
77123
23560
62224
32907
6822
36487
12129
21086
501
21659
57663
12696
67860
76481
59734
74717
21618
44802
69521
42398
18442
55210
54600
30104
51508
66360
56171
11953
76580
7483
7534
65831
59537
33406
21236
10856
9424
53802
59652
18406
9980
36309
51900
61523
45322
61155
34904
74685
44895
64561
32851
4100
54296
59105
64759
60253
29386
60431
46593
46958
30270
19575
13358
61470
8635
20772
72085
38383
41571
11608
64776
29464
54056
12365
76544
24304
48504
68727
52541
17718
16152
28231
9
43375
35699
5754
47169
47520
40067
69820
51906
62362
34118
72383
32509
3458
4401
49696
12488
21435
64032
71448
39184
55832
4656
8541
39851
31008
49048
56181
59600
32465
24644
42168
60244
44327
21828
16738
55072
58352
48909
33885
18681
41939
48544
49991
53181
7867
25056
48736
20560
33267
28104
39728
65994
3369
13083
47054
37740
8155
72874
12647
33566
72505
52177
7199
14901
30346
76030
5327
59800
41888
54001
70690
51659
64634
19427
72034
29085
1263
62720
54794
32912
67241
49078
6699
36830
41341
75792
21518
76227
63708
2666
22775
48341
45552
15102
47838
57067
10398
65672
30435
66367
72961
33180
34283
60728
2332
60352
44867
18328
35968
75810
66200
71279
32672
68749
48434
33438
7000
12693
27883
8146
5003
61492
34756
76388
11827
23044
28126
64058
19188
25892
68704
9649
40624
24679
18768
34632
35792
76609
52608
34344
55813
59324
581
76092
20788
22872
29957
57367
42258
51597
63876
39229
54075
51325
58627
53940
64401
26876
12122
7131
65916
43818
11915
75114
25641
74588
3386
69905
70476
24079
18426
47829
47268
34896
56570
45548
39495
25893
42517
25779
7722
6970
31523
13179
29068
63
65906
13940
40552
34879
30030
54818
74478
51736
47541
30936
17996
37542
3251
8592
37212
24701
36042
67974
14776
65786
52829
11627
46090
45944
52168
8327
26560
49835
5504
61670
1408
5239
31846
4939
27963
29544
47015
56814
3344
67289
4592
37840
76856
31432
76633
70867
4728
36112
76125
57969
6160
73568
32775
71803
2840
461
58584
16355
4104
46736
11560
72696
40128
17320
22120
66528
74984
42670
17486
8237
9977
52832
57643
63240
16363
62809
27128
60968
67784
43784
19464
62618
26072
46559
27838
42456
18055
71092
2116
5276
39192
23688
24953
23184
61560
29360
6000
56081
4849
39552
44840
32620
5652
33318
44995
71791
71182
5859
55045
8951
28448
23783
22688
68092
74368
32710
41720
66500
15032
13852
65083
992
20280
507
15367
32829
68972
62142
42595
53200
11400
15337
496
56677
13498
19521
47272
60649
51684
74184
24880
10536
70784
67016
72336
24412
27484
16486
75117
51066
25952
24501
45504
50475
5245
45477
56184
37534
50389
52116
13049
47441
66546
46685
36181
53027
42543
3040
60879
19451
41813
41317
4160
62968
4744
32208
20296
43240
20073
12847
18264
75649
40182
60206
57087
15063
24896
35175
55271
17135
21272
73029
3527
34384
54512
41608
34535
75210
34572
31802
10092
7394
46192
65363
19606
26998
31261
50157
13250
63928
42987
70175
39395
60485
75705
10846
45613
22381
70272
42358
36292
63312
48398
9997
31287
63896
35544
16040
53239
73024
7905
51586
1457
57541
15814
50255
33980
64261
45176
41342
5858
8154
24516
32219
47138
52078
47506
37098
22272
46756
61880
64206
43616
57126
26815
31584
24862
21374
66850
35183
33701
68680
4921
27596
62080
5385
17856
50792
58656
1489
40017
29224
34912
22736
24760
73730
66015
66024
60376
48933
5624
58920
4400
5633
7206
41097
42927
75424
54954
43335
17096
32797
22726
58206
64480
26854
19861
50473
7903
33224
33736
52152
6466
6521
47642
46021
5701
31444
28710
37406
2768
8862
48464
22014
17026
74216
30415
17562
14417
39957
68320
8322
71180
54139
23287
9480
9077
20149
7502
68010
5204
37003
37322
53509
46116
3016
16207
64209
60360
69634
26844
62773
40226
15672
22524
35889
56980
22549
19832
4703
4922
512
69252
72674
64159
57714
28676
67467
23185
71856
51968
74467
65899
68404
70279
18579
47072
59107
69872
60683
58761
50739
45147
61051
35960
10931
63663
15603
11252
24127
24357
24293
34611
38265
1549
63523
59694
51314
45187
23971
6274
10856
40658
44591
71362
56402
47275
12295
5676
9732
70348
17375
69002
17842
28305
24936
63312
1222
36145
36763
42708
11047
50211
58949
49747
12018
31022
72242
42328
47410
29723
23602
65840
25496
74888
66840
55528
62072
24856
9256
16459
3128
39058
49704
23240
64944
27664
76000
62016
11552
10792
13288
32400
16847
9856
52976
72554
74938
56808
66101
20817
76216
21176
2475
31040
37375
26923
20282
63859
40789
39230
72528
37444
26135
22384
42722
63089
68209
53090
53576
55516
10362
826
61299
12006
19098
65856
63640
20984
21900
70761
59180
5464
41121
4074
71168
23985
53330
63880
18105
49493
26647
39133
9334
25565
57253
57190
63651
33425
2312
15669
62603
20079
72078
13126
67732
34918
40685
31643
41544
61401
75726
52016
23718
1264
17248
56321
18294
10886
27771
57166
75794
45474
53042
14904
11672
15433
53448
63596
68319
58063
64832
64695
73624
25121
35459
12113
46328
50373
37373
62910
58077
63141
74280
73358
44067
12928
26952
10496
10477
76588
29340
76501
61256
11851
59127
55370
64396
53929
26038
34952
66594
28999
49509
43630
49685
14525
12920
24143
15787
41681
5741
47718
49880
65013
48020
40033
46754
50680
19484
9126
33892
14757
4992
6960
69560
68100
3694
67227
62800
66576
49672
56947
33151
42874
61360
29360
69667
40404
22256
19948
75936
6047
15019
60894
21926
66274
66097
20678
41624
65424
31102
22769
50992
43792
25653
49024
71488
20697
7598
41138
56372
46150
13291
42826
65312
76165
62455
20634
13408
12032
8136
70744
40271
13807
34967
76759
48943
59699
19472
42024
7511
52804
23905
5946
57722
60086
50224
8949
3504
34044
47496
29010
35252
23457
11820
19651
7592
64648
16856
66246
23676
60072
70015
7000
5793
28098
73155
46068
28592
35307
10849
72812
1899
69246
3760
60307
47289
67909
16373
52464
29414
46070
12613
35039
75049
62056
61456
1840
38427
35848
11836
44641
76864
31311
30912
18725
47066
51727
44739
17858
61273
19504
25516
46008
76976
35448
56840
24501
37963
69580
61120
20084
49469
37608
55481
20576
31732
31208
51272
15983
57117
40158
7733
72968
47928
50861
2936
49766
73272
15332
9298
20192
39163
45544
12032
51304
44632
54760
75248
41440
51614
33560
66416
75776
31943
71577
29545
70167
5672
65696
22288
32175
64513
28784
45376
24848
19958
24933
54007
22915
58492
40772
64543
44491
44220
39238
60458
56097
74934
64803
25968
34104
14907
52818
74778
48705
59686
63920
71262
24660
43413
38388
16784
62810
3958
43562
76217
26031
46344
50832
61201
59978
53192
7839
7695
24620
23856
59047
50020
70573
50292
66032
22896
34677
66851
59858
32177
18292
54336
44095
10138
6327
35745
28194
61119
18123
35144
11717
55223
41094
62187
31091
15293
15711
10502
43356
26464
28170
73906
57057
30445
65801
17793
9462
19512
37307
19965
55594
17921
51793
10608
25328
44928
43253
65209
17422
26860
5427
7901
40128
75440
15443
4145
56903
10600
46144
44133
12675
68307
68184
17826
47328
11751
55577
16296
19077
69946
73792
4359
61575
10048
49223
24176
37637
36003
32456
40192
26904
4416
17384
12817
36785
58810
29564
40369
40242
5412
73010
53311
52695
17432
63148
60466
50064
32552
26169
70041
42818
51131
21890
63107
73655
37452
67362
74249
55220
18000
44648
28628
24418
62583
8458
15715
28667
40432
49096
21536
56327
27048
23368
2804
37896
48496
10416
2174
66970
58872
54965
14512
2616
23000
51523
22322
76943
17178
77248
55108
30087
49400
17895
1264
39183
23952
71688
43248
76992
3416
25809
64048
49104
2017
63576
36786
70007
13312
60574
71814
42072
36443
55279
73640
53153
26276
57639
17457
46480
60571
2681
38264
26982
67491
29709
39435
43
73112
59559
20543
72696
5303
45928
56076
19948
12624
16722
25216
40009
12766
13660
18815
46512
33056
60608
22401
71210
32611
3944
53987
5296
33594
6221
25654
73059
72792
55477
69682
36842
45214
11864
67446
11264
52632
42480
11474
48023
21619
57796
6417
32171
25544
13558
49963
9145
16287
48468
9730
27977
7136
42638
8102
20716
19965
70651
63007
2166
64168
28152
7548
46273
39760
32071
14752
50075
43816
48606
22439
61986
36416
19804
62297
52443
74761
35888
65600
19995
54819
16237
2482
61524
73238
23057
76935
30654
15001
37492
22350
4146
31197
49184
45263
31596
8109
5072
61808
4805
57120
26632
43388
16908
75648
19448
63320
4920
30843
38757
1806
16215
37896
23702
76074
8865
75622
9077
2379
12284
18881
54382
66958
4862
73752
35812
71871
71064
48808
64242
70353
18834
38759
65997
1575
6654
75563
19137
61961
24374
17803
18691
19258
10988
72992
38766
38909
22998
66993
17788
11670
21187
12358
22573
7583
51192
61427
23535
24454
40129
56245
34966
21356
6395
14407
69417
20977
71639
57951
13759
52431
77174
53524
76274
59153
63354
27311
42943
56541
61039
51320
29435
50138
51184
41270
53560
7824
51759
44539
73419
39672
2235
33872
66504
71168
32888
7904
28739
15481
75432
7525
68168
4424
60552
72112
74284
27961
28116
72161
34860
6599
13884
57102
51396
8696
27184
47024
57761
42712
71288
22293
20244
3372
49140
11048
70963
71834
61400
45343
4216
51334
66356
66281
22221
68018
27838
58890
43456
21576
10342
67824
66112
3296
45862
16656
54720
21853
48668
35428
62243
46166
8269
344
67142
47989
28834
68409
38212
34725
8605
70973
64263
4633
36453
56898
74381
28786
41455
4781
50211
16632
45436
30056
71320
16000
8074
74523
2000
17780
71801
20643
19315
41602
36147
64932
64790
44254
30590
36225
64376
13400
57376
11960
35432
73328
24857
63328
12304
42496
52392
44672
64480
59496
29136
60752
70598
53888
6443
54616
51285
31928
33984
70912
29192
49219
46903
31388
29928
43312
24133
66126
72346
26792
29421
61185
27589
35419
27399
50137
20111
48895
62233
51990
22470
14117
27966
66138
25632
4075
2192
59982
5320
47290
15611
75542
74649
67704
12568
1413
19630
12127
63376
41541
12275
52674
7904
37245
43495
19229
44585
15629
820
71252
16343
3404
58624
30256
41262
4191
66594
35944
23312
26399
51944
9384
46526
11466
66709
24557
39784
1691
5110
39489
38210
56797
23248
4699
54008
37867
71124
36740
64594
68692
45059
57089
1576
47624
74416
27448
68279
44344
12265
44664
65272
54236
34652
16834
63231
23196
23215
63583
8335
14550
34744
49792
72823
43792
67399
18341
39352
59798
52821
41644
66183
37904
17960
52696
59640
30284
41504
4716
2572
6232
2256
69474
48733
20474
74227
49745
65613
5077
45701
2693
6400
24928
52279
19685
1448
54872
28650
37624
64752
70213
62876
37725
51144
52568
16557
27664
15040
57200
74280
48313
13450
33415
9165
30192
21848
6637
15949
10368
65352
69008
31584
19384
38703
46464
58736
62427
25912
31712
28513
58056
10467
59911
26346
11168
16487
60103
28935
4836
71536
10535
38000
28560
55061
75713
73475
65173
58789
8810
25148
12280
47232
71005
63981
12196
72907
42771
55693
57557
76390
37595
63576
39401
35912
16784
10023
10294
5453
10678
23427
49056
20467
44933
65930
60003
49055
36102
61539
54391
64055
45552
42664
68712
35203
40451
22208
29399
60976
2736
51208
69648
69808
20760
44635
65584
21007
18853
43160
23754
40503
47664
3066
9537
522
30680
10137
49484
18856
37052
52912
5694
76018
38729
32996
43560
45504
1195
56376
30421
53150
65938
77333
9137
32606
47009
38095
7867
28366
2807
24355
32026
9891
40101
3091
42145
12355
46818
65685
60276
2507
67203
44554
31394
26153
18632
47244
47561
52333
6264
36809
64390
33316
3374
47603
8056
38144
22542
24673
18745
44596
18074
11754
44556
10172
25825
37148
14088
14725
8629
57648
30856
4280
6996
51305
41319
74128
1960
59436
72855
25784
12424
53664
32944
41056
49752
19768
50400
48016
57256
74104
48123
3456
19141
8712
2328
13316
17712
7681
34400
47736
42144
32037
30846
16056
50370
22536
18335
53951
39689
72534
23410
56384
40483
37136
9664
1155
17747
30775
24739
2614
34014
9614
37152
51360
40286
68425
23339
50079
65670
3925
36870
56709
16123
46950
38287
63952
28208
60416
47058
58852
66120
55632
27955
56781
926
24057
66650
58489
77231
1042
40646
65438
44247
29240
73623
23074
16394
51296
28915
13478
14488
7464
55274
62970
73284
22021
52496
55876
59627
17321
47672
43423
73263
53637
71777
11234
18364
57598
34127
37840
20751
14505
28618
74714
7390
41443
25296
33863
54901
60195
51743
57264
73767
31312
1587
34439
12322
25446
44925
68588
7168
2632
4384
51681
69241
30913
33464
76720
59128
64988
52560
57717
30296
12158
10719
22043
71260
43511
22015
76670
50174
6807
11793
17885
14578
34903
57019
71605
12424
39626
24086
67307
58832
64201
60752
47298
74037
60123
63624
41809
41803
73540
21482
76809
40169
5097
24039
30966
14915
62444
8101
36452
26297
2817
17680
19837
40676
72977
8080
60876
37992
19634
18049
73065
28566
63425
65897
58451
73336
9368
37088
19008
53083
68401
7378
35889
11600
18664
11173
69725
42119
54880
60389
76266
51640
58672
22168
45304
65610
9799
47843
17198
51745
8341
18600
63370
29120
3434
12146
45656
38330
38859
53780
413
2883
31281
18501
69986
69072
42842
63363
31849
8951
74527
36582
55646
59209
11666
61112
6334
36662
75268
55996
36110
67704
2414
26328
71120
69146
4544
45985
13776
30136
30328
62768
42488
72617
58864
61001
75928
17537
38795
68568
1642
1869
17244
32973
68264
62910
45223
1824
6080
28067
45792
65765
62637
28704
69495
41760
53409
21613
26044
15784
46555
69895
52228
40085
13719
49061
64863
23305
31551
40317
12952
23512
25812
38919
48232
9560
40688
33480
36616
54947
7064
2314
35864
54186
4831
17638
3865
46895
31390
53475
25704
66736
34934
29769
75028
31035
29937
41630
58962
10828
54797
40148
33708
18309
76589
31790
584
38840
48176
60813
20786
28396
73568
30619
8360
17632
21867
51211
2007
15751
37476
35232
3015
57271
52706
41205
39448
3430
38508
77131
2824
65114
34148
71286
19237
56560
7084
35777
34616
8851
38912
24061
55749
40841
16568
57921
23111
55861
45190
74862
33221
29987
14761
17661
69087
76372
33247
59240
8000
25040
2584
48167
22648
24463
53792
10358
17560
23816
67219
37892
51147
21840
27168
51865
14273
24167
65908
43926
43055
41323
48596
35720
51154
3733
24868
55808
66912
22937
60003
12552
59372
54424
22008
63367
26568
70008
32478
65864
69517
26128
13293
14730
61126
22428
24788
2446
31305
7137
46007
75717
27952
57365
38455
5389
74229
73420
1931
72935
42936
20367
46165
52793
68167
32498
39114
18070
61526
35594
51167
32732
34296
71944
27576
31563
54568
34656
59597
58430
45381
16076
54355
29896
76339
56540
46042
9472
26978
61784
7919
11456
35184
29240
74864
16533
6046
30947
5557
19894
59320
57746
12856
69080
18368
4557
48609
20655
60248
2392
59768
51047
41584
13599
14641
64848
37856
31971
14904
20146
43856
2800
77340
22833
11605
61167
9449
25600
25750
74088
30867
36911
7264
69340
46777
42430
49612
63336
48035
72976
67352
65448
73704
74041
19736
58350
13576
65800
66816
59259
40168
4801
69089
20157
38352
59131
73266
42016
66265
69357
3711
17116
42729
4936
49676
58520
3479
49528
30677
25471
34785
30710
68655
33185
14115
75827
25122
57553
43237
66072
29112
54712
63368
71782
11427
49283
71872
57046
71934
4688
23476
20620
68472
28637
72975
74663
2908
11437
44309
2080
18400
25008
62209
46496
36288
72400
67376
8522
72936
25880
33229
37325
6920
21352
25346
63413
39150
70392
24256
17577
21034
68388
68733
18462
4218
39036
18848
54432
10175
73794
1952
12582
4725
70813
74537
59391
60722
69059
19136
76740
72243
52506
21917
6203
16012
56240
10640
28937
45683
25142
19250
1099
54142
10682
66157
59716
2290
12079
25200
66288
2144
28024
14968
7037
50957
10301
37804
25433
3468
36141
59305
29734
60179
60963
39253
49763
13415
16629
47768
25791
61855
45440
10063
75440
56669
42036
61352
42160
33450
65499
46203
74716
61040
55239
45648
20704
51051
61204
55727
53943
67491
75043
61097
53837
64659
11803
54255
61924
70376
66880
65664
8512
55784
53720
58787
49161
25987
29488
42245
11781
61104
14763
32661
40433
41312
29723
2323
48211
25730
12347
39453
6211
39204
41972
9276
30071
10181
72002
34253
49544
921
60752
16466
15070
63080
34028
75928
51707
53034
31378
71405
69288
36422
25182
65737
5412
59768
56696
10968
53652
7455
38228
26015
32223
11635
19984
50720
59762
34943
57726
67051
55357
66601
47003
37972
22496
19893
35032
34447
62585
76335
46213
17087
50407
40992
30803
8238
3896
60360
58946
59536
9797
42386
72856
53424
10979
31937
10185
2113
23104
66890
68567
62560
13187
30504
20185
38680
20771
62754
23176
45643
6804
34106
68147
68636
32689
10405
60324
20432
42008
6176
57000
51969
68460
11063
74568
38760
43920
25432
65292
14226
68159
12976
42032
39213
32984
48526
70998
12752
26864
16477
38985
74865
33488
57605
48912
6521
34027
12333
10064
71832
22413
9635
54981
49025
7464
25552
53736
6943
63232
70606
53080
60536
5136
54472
26896
8344
53120
50792
65512
27168
61669
66960
72831
66328
76192
5240
7432
61904
23824
11400
13352
43224
5122
47400
52280
26264
29687
76297
72360
70409
41728
61691
67346
75776
66384
18927
52479
70909
18216
8096
25883
68039
11504
39046
61988
43640
72406
21516
28666
73652
71984
64644
59070
62669
9076
72264
61869
37894
41016
4312
31675
59366
28954
45886
20948
11440
47487
58203
103
21022
58120
42153
39099
52179
19781
20709
69717
1412
74103
24784
73493
22881
70696
40080
61960
74824
25840
59624
39248
73357
11857
69392
36100
73569
6820
40512
45168
69536
39445
42872
21429
35841
50251
12792
47417
30405
19441
41648
21282
34376
73402
34888
1657
61803
5305
48888
15677
33434
35348
69482
5115
66865
37161
41619
60232
19922
41444
20913
59408
39880
71768
68192
8896
18544
45696
52416
2048
21736
24602
47020
49232
69720
39438
55537
29715
2128
59120
12176
54600
60847
76965
63378
73394
44347
17360
29062
1912
24918
71527
10957
28185
7288
66291
65857
46808
22695
76657
69955
33016
26430
25196
45334
43572
77335
68687
33912
17234
45269
16744
71382
63814
33212
72040
33309
11240
7576
8151
7111
58052
35216
15176
17197
59826
56648
54005
15224
26072
39376
20640
20083
55303
5383
19757
15510
24480
43554
54240
24614
23160
84
55432
5200
42946
23576
41294
25128
50608
20704
8880
26480
29601
9828
30016
8675
11738
40792
77275
12907
34049
2169
54399
9753
305
48066
35085
32641
19614
44707
19905
17652
52980
62182
28256
74392
48396
8927
1778
516
5922
24437
44267
6791
10412
8962
976
6130
12891
41312
17544
33440
67640
55656
58403
34701
3808
11189
67092
6088
39872
48403
63584
26837
65519
68858
71160
41648
45546
40487
4178
2848
37128
31588
76452
69105
42486
26935
30478
8542
28616
32272
1352
55107
30443
61363
30638
45766
23062
12853
60933
43916
64613
31346
41640
55395
23656
23809
61320
43237
54206
71592
72960
50464
44384
21696
66158
31816
60160
45880
13706
40920
52919
40410
26872
64424
6536
30818
24360
48624
55911
48106
2193
66204
54453
55903
52352
48090
55458
60463
25152
2840
75406
40968
10872
28208
60565
4620
36068
29136
38952
30506
72879
39745
45743
35342
4723
32018
40157
56984
47568
61696
2335
73072
26321
62744
51262
53044
38963
76068
12273
14556
41815
19743
28353
68854
4195
22358
5760
63433
12759
35400
27952
1872
25496
1945
616
73864
53595
8313
29848
68432
2817
65008
42454
9120
26965
49025
36176
39285
1612
14624
28701
58799
4712
17047
33878
74517
41936
74903
50812
38721
65968
39414
18192
49131
4752
3548
8677
46056
50300
29941
21310
59690
71180
13349
28024
15000
75706
5178
9280
16568
61096
6344
46443
50257
25020
11527
27274
32440
29782
64278
5871
41706
64274
55170
27512
66980
24384
52904
17824
34249
52738
31458
42920
24193
75851
12793
71139
45106
73190
51422
33859
46570
2271
15796
65257
46011
601
9155
16784
29931
12936
31696
41312
45472
64640
13184
28192
51867
6488
62869
66247
51029
65682
59630
43851
68233
60592
62172
30936
51040
45802
30467
60919
38521
6904
54456
57736
54016
67095
11912
16616
16784
21694
67088
61153
22473
17863
56177
10162
32320
15583
45557
16442
33758
6688
60719
27312
57534
38602
7636
41265
74781
13820
65040
44320
69240
64648
28424
22640
6647
3824
35806
51688
58902
12023
37736
23616
25336
17656
15264
38360
41996
14022
50234
64872
14255
38534
33896
59024
39742
54493
71366
13757
57552
5073
38441
33400
26320
22920
55525
1114
1984
63630
6086
10828
20603
18656
7743
37127
33580
67648
24616
20216
14868
30335
18696
41238
53139
1360
13336
440
11384
67211
24232
64088
49002
20584
25696
75775
76714
18105
30001
20918
61632
73386
65766
8696
14151
7524
47259
25724
11616
23489
11563
1595
21089
30434
37890
16434
45726
26890
70890
60344
64147
55893
69324
34049
46635
56091
59960
43906
32461
49411
26491
35301
16664
64885
63020
59025
39645
25389
26766
9267
3290
22039
64155
20311
36992
53996
47544
11704
70012
18744
67327
50711
27521
73583
38220
24255
34192
11310
36079
8633
31931
16681
58203
68944
70327
42437
44494
60336
45080
71564
35012
25096
8056
21016
14537
6480
76778
8680
9449
62450
30058
2104
27658
27337
32792
48128
70994
28337
18328
20398
55229
66313
32994
51350
50296
31736
14379
19656
27385
45557
10208
41942
71535
34340
29432
41556
25647
70473
72352
76760
42313
40888
61384
34065
70489
76480
35712
28570
37570
9056
6599
14676
25138
73088
62886
67250
53012
64747
2324
55729
17853
41223
72280
75785
39194
52072
38450
35368
6968
30728
35269
76952
47016
65419
28383
58486
67328
52984
29251
50392
32422
5048
133
47833
73301
37669
15403
13408
48784
75616
56712
75360
36691
54692
12920
53278
13226
20737
48960
23450
14283
28247
48203
61559
47800
68184
74748
1927
27304
9264
8264
28218
27560
38482
48011
58585
8546
8904
18241
15860
52407
42384
68152
46360
48136
72200
69908
68352
67992
2428
39200
10218
33814
57048
47896
4184
24912
56064
59429
53672
46128
48816
7872
76303
68976
42391
12239
4225
68784
51811
39360
6410
44504
40888
50191
13712
32256
74438
56511
66770
9622
21037
58978
8366
51290
72920
39728
73530
62394
42376
48858
45114
18069
13898
34376
39310
62163
4935
46195
73992
27633
47043
12928
6963
1995
9375
14381
7334
67742
46145
53646
13504
31903
26687
68331
74071
72780
9991
25102
15989
3076
57993
34328
46094
72971
26647
32521
64336
63489
11384
5768
33951
28798
59344
65736
20944
4846
67681
43388
40382
5922
29464
21829
58228
58594
72414
17046
76572
23945
72539
7720
22898
7114
32048
28112
6619
31608
28002
16258
1256
15355
47402
33932
10724
3501
2009
37147
62938
28061
46373
16076
25365
75969
25523
13844
62176
39488
73124
57888
69475
68603
16306
16000
168
21952
28226
63824
44137
52267
59440
13410
59315
5816
11839
671
30226
66510
37069
59463
54607
69899
57405
66593
40647
21786
43353
72091
47054
53063
60521
34235
45678
3950
37696
479
141
58336
8159
9136
1312
61728
73648
654
4148
47854
43731
67325
22387
5674
34377
71513
58332
23216
26042
74840
54097
52438
1115
31117
55113
17782
68709
808
37513
10911
57062
26154
38189
43945
7088
48186
24076
5760
26361
5596
23713
57416
63739
67912
22126
62488
56344
1442
37734
1871
39654
33176
74646
53174
75699
15707
50090
6459
60124
57172
27060
36843
60967
74039
57127
60960
44360
30097
28112
9954
21808
55172
41139
71408
7792
10616
19136
43097
48750
64733
2379
22389
18896
5002
3782
9197
69563
73832
30552
63121
76721
4356
44597
54457
74927
30721
31104
61092
52402
13251
36288
46041
11176
44068
40791
34573
51798
376
49543
39563
76522
5301
41652
47152
24460
17371
70344
24816
8328
2180
73212
19101
16904
43080
32608
24524
75522
50944
9608
54280
40805
25874
45653
19772
19537
9619
26434
28689
50213
42844
24269
52859
65042
66443
44527
69732
53015
36471
68373
69903
57736
68845
32833
70138
63426
22861
13493
50412
53644
76382
2411
5758
32938
75654
46721
39373
7129
73032
59314
42226
2902
73744
1664
40661
4120
74518
34007
65381
75784
12764
1352
20624
19616
53706
2281
38494
11928
44862
48408
54802
63590
65393
60340
74359
17336
10831
20920
55627
22344
33066
35504
10022
59332
5640
18248
46701
40564
76059
45850
2224
30312
27649
4514
20760
42085
72097
54265
59182
15302
10536
37454
39247
13701
19003
55189
56628
42879
11931
61741
51326
19577
49852
49121
21022
67135
39384
73024
35904
51848
39888
37624
45104
27929
57860
25049
37136
74928
56625
13680
9317
58656
62004
27166
7285
17864
28837
56519
1440
68626
10746
65096
49180
69776
30660
39423
5522
32488
23719
25044
73888
72073
10632
4897
59168
56278
73191
64796
45224
70423
12679
61072
55375
53744
71153
13543
74945
28089
21020
21647
2696
51168
65072
59824
65664
38165
4606
52410
71873
35155
58714
31914
34418
55344
54552
58912
7076
50535
4583
41657
1161
71659
15247
59060
49591
23365
63240
72761
15486
30249
47708
31206
62364
30629
34982
50213
71775
41304
17039
12441
23771
53578
68723
4693
51935
17344
18312
41552
5897
16037
72856
52996
47562
60567
39333
22000
6489
34867
4190
74940
23804
77126
74569
34253
68180
30675
32482
40208
53545
49723
75160
14886
72862
33341
76199
50686
45693
0
58799
44822
55214
6218
10296
15472
13500
36672
47145
48203
13384
34136
75810
50551
15151
47856
32992
12688
73338
72388
31729
73888
15323
66816
65584
75360
13896
74684
53840
33547
7116
29128
40674
38214
5632
43608
37638
33637
1233
54510
909
52506
13047
60706
57335
18689
49552
60304
51065
70838
27974
21968
44887
71279
54955
8891
23634
71007
5168
32502
73064
2442
70221
26321
8653
13493
10901
72060
50640
11002
237
41691
34726
60455
30576
46497
5654
37734
35137
15665
53031
63589
23722
68554
38922
57560
10338
72922
53141
59431
76488
75559
13728
18682
75770
61977
7318
24495
14709
6517
11567
42568
42484
31966
45261
54936
59767
19120
68720
12612
29728
34160
16760
67142
12681
37076
57085
53680
39824
44992
66256
52360
67895
62208
17160
68856
11078
5451
25803
6296
48737
34321
52535
8952
73441
21719
62496
66400
5000
69894
59125
1720
20683
7542
55856
65693
68207
10400
67067
71368
66624
35598
4319
30272
38755
32871
45273
74053
72416
33472
64200
67764
29267
9875
37062
28726
43872
55080
37368
71944
41584
54232
26904
36087
59299
11792
12575
15190
73591
21686
30139
44604
67907
47557
69798
32361
22607
62784
70696
64086
46065
56640
43724
75326
2404
19116
66161
71657
40052
75565
54921
8723
45047
46534
73123
52853
46464
17712
59128
74162
30360
58000
34325
43903
15942
48286
59350
34181
30434
67761
63325
60763
50130
26464
66376
54214
62662
21434
74141
61096
22440
23315
65122
27956
62760
62247
30109
5297
38673
69464
69988
40900
63017
28256
40692
47856
51947
41792
35057
63685
30602
35515
45047
33350
53692
14704
67356
62665
19685
52354
73209
33149
76814
44065
10322
4442
33181
1115
1392
846
49023
16978
19956
29973
48255
17632
20892
76135
34541
67851
26199
70851
49400
71240
3728
33536
17168
18129
76792
45440
46672
804
65407
72856
20208
41920
43052
12629
57458
45632
59657
76472
30080
59882
69608
60520
47440
16962
13504
71624
16157
33176
17309
10912
61857
2976
16417
54010
6273
57834
57466
28112
7105
64275
3873
64260
39499
71404
3236
50499
30874
31555
34093
44748
14396
26695
68893
44444
41257
25531
28088
71479
65062
35517
44446
43236
69030
38259
62159
34848
59624
43760
53400
12744
26904
8384
18672
4336
59650
26629
4592
10117
24472
6140
47212
44222
10360
43761
63376
19535
57656
42085
42527
17601
47071
37597
58808
9357
7612
48069
55972
52667
32368
68811
51779
36395
73112
11748
5519
47420
48752
61520
22030
72992
30052
31704
35960
9894
36227
14301
12863
76170
41657
56729
33205
22232
40610
67081
26888
35218
49639
13168
22888
31520
76381
632
63751
29013
60775
28985
333
44926
38088
59564
34218
57703
32792
65168
6951
34041
64837
1065
66464
70405
16362
16523
16527
50756
61900
41328
23303
52177
9885
35489
43288
42539
4992
22510
75621
54641
3553
38766
34467
26853
2863
48079
30816
28590
40146
54371
6521
42187
61179
55611
46371
32658
39088
66618
48922
72144
10248
3352
16988
41784
64215
64982
73509
5118
60591
25152
13704
35271
74084
6168
74960
9024
14632
71976
45544
64880
33872
11469
77101
64232
65833
16309
69170
25362
9136
19816
74104
906
38905
65322
66039
6723
29583
68101
13429
25911
25916
59612
54760
69279
51005
33698
42259
76211
1192
29773
22736
59915
58859
51241
2775
6138
55167
29123
40826
45743
12345
21629
24712
69206
12504
73720
19319
22112
44731
66911
11853
2024
60840
20395
68078
4968
49074
12511
33445
28242
17558
51552
9575
56048
73349
62172
49751
40363
65501
23363
61792
65352
2777
14131
26828
59275
32995
60768
31936
5043
15160
31344
52392
37268
75781
35164
701
54394
19672
36590
50759
44520
32098
61922
64663
14518
43676
15464
9103
30807
24072
72737
49304
20960
65288
10464
16176
21027
70533
10179
64160
15856
62992
20203
69754
53512
2006
45886
21408
1735
36512
5296
43720
23720
75296
74153
26223
410
55278
62151
1043
25806
1686
17872
21392
76664
4392
57080
61382
44552
69680
49392
46822
26422
72068
63216
72098
69080
45094
35455
19496
1588
74024
18854
60728
9752
26890
65637
60575
1399
71302
43176
73544
68056
23504
45952
57744
25896
61472
74312
60624
50415
76479
77360
22967
22631
68882
5464
6753
47144
76577
44808
38728
51800
5113
13297
2686
50523
58968
75704
32775
74202
25564
75813
65666
2818
15762
7122
15514
32108
42204
175
48191
39611
68743
28895
68450
76304
13200
74560
35688
42448
34280
72437
71640
57722
69051
55708
58301
50983
31488
18436
8642
73207
17584
35087
74673
28284
4231
74289
5809
1429
61250
59966
38115
41752
153
13661
51253
8998
18764
42632
61378
32514
35200
44136
48560
6912
2296
61985
36993
2446
1007
28854
24796
9363
60586
63782
22779
58678
14522
8466
75112
51957
40659
52552
47705
40797
59456
3738
44192
12572
5391
41304
7502
23267
68469
36594
11355
4248
40552
38464
53040
14520
7073
53571
32807
19840
48463
62905
24168
74215
53325
2296
71392
52440
68604
38912
8356
30096
30281
11470
51788
68363
71740
12793
69287
34656
61453
29372
72351
48703
39907
27405
19418
12337
62424
59210
30725
48408
2814
26752
4520
19216
34635
31240
40792
75319
45544
44657
55408
26246
61466
21064
30304
64000
70576
28777
30336
47056
2656
58728
46553
28337
52465
33344
28344
47152
70216
29040
30992
49336
74697
72666
68567
31974
486
36320
62294
16192
9673
214
27677
72397
32712
48936
72792
67832
16584
23156
32984
18286
15008
74349
30854
59912
5809
56833
5944
3064
33128
63695
8368
22173
73125
52678
26967
51875
25684
76825
26169
44907
62639
56542
54720
37392
60553
36708
73188
34619
47404
53385
60758
60571
9733
75422
28472
61764
29041
29263
61192
4594
44260
30613
51112
75260
77045
11427
2688
49632
72139
48193
41383
39811
74557
12024
21023
77320
74650
19236
32685
52585
60510
58141
23747
36627
54862
46250
3911
59459
10982
22675
63797
56544
72399
4964
18713
66708
64766
49938
18058
64796
73650
11256
56986
4578
37182
68894
10931
28258
57762
46259
13963
63664
75016
26964
34947
72824
39428
57360
46225
74200
65256
54456
30624
20710
55483
17648
38163
57079
17931
64317
76581
3457
65948
25060
28912
71264
6728
28726
39275
52077
67565
3093
22171
35350
56148
31904
5917
76766
69968
48716
50805
24853
35488
14640
29748
27360
43731
65567
50439
70447
38548
59935
36758
62080
3511
8789
43873
28328
49493
2745
23938
70131
47251
5217
22158
32135
31129
17667
40932
29674
67130
70894
67432
382
17496
9206
28085
58888
73394
136
74047
19360
57361
74865
38529
37425
60367
56163
69909
42645
9178
56106
4847
14419
31982
26477
3619
27710
48959
481
26134
72355
41147
67111
52614
11188
51048
25956
17128
48692
25519
66707
31522
33730
75125
72675
14580
21428
69041
64732
26408
74055
58568
77031
75823
76134
22485
2174
57513
22579
76273
60280
42728
5614
24336
14833
56776
8246
72256
63136
67962
77163
74269
46529
18714
59945
34477
48678
50676
35359
3584
38071
28977
34812
15013
8660
28592
19400
10515
16499
50152
69273
70641
39551
55567
59058
23968
62516
33593
75928
25849
58680
49445
4612
61197
31032
74060
15384
36808
74462
38336
64704
50600
51912
68464
56936
9104
44144
38262
35708
65484
19255
13488
57262
59179
10588
6176
52968
6568
50872
21110
29189
39335
23850
45632
73437
6195
28209
68339
26059
9136
11398
66862
67088
41742
19632
46633
64059
31992
20984
16676
67682
14071
7812
37464
13912
63432
16
24120
22392
17792
59550
68529
22112
66784
53236
6299
9151
8735
44634
2545
46193
51461
68175
56219
61999
59840
9702
25480
73952
6078
61335
64401
62689
69560
1123
8898
65213
27136
23957
23796
18058
26810
8792
32640
46840
38984
54448
76205
6896
50998
16711
39325
54980
5043
47744
18423
55847
22342
51817
5334
62965
12388
31589
36093
46907
36622
9896
51221
72589
7685
5485
3248
19589
64502
7272
18376
21911
76693
22834
1330
27657
50411
27535
20223
50008
14968
23605
7606
27982
76545
44411
67144
73456
26640
30955
69752
8448
27526
28205
44257
43435
36517
17103
1528
70544
46088
52619
20408
62752
41811
77048
65633
12145
38768
74478
22295
71346
37215
7642
56056
62332
27067
76381
35704
51184
68444
9497
34568
9470
75152
33704
54136
31355
14894
27386
24454
71398
36437
27214
47288
36200
38813
32835
7184
39551
3
44671
1737
35301
65424
20348
9422
45661
36100
12037
21839
6059
37389
41928
29929
50471
75811
26130
53158
19304
35453
20306
55323
26728
20295
57096
63642
5248
58068
66067
35378
71984
6381
70888
1885
30366
12162
29904
69339
51050
50934
27280
14886
22399
18416
7394
45737
37770
49358
70956
48617
26227
49106
41915
11420
37143
65720
43034
18992
46628
34992
13719
48020
3871
69087
11055
57518
54412
53332
54592
56458
70205
67614
56232
5450
15639
47861
71337
3703
63409
42982
70942
1736
35395
70489
9268
38810
29384
56463
5198
17782
16640
39921
27408
61471
50146
29065
26600
5288
10311
76061
4368
9331
61325
23967
48904
76681
27250
47224
24464
37314
16616
25055
68114
35868
66094
57488
68187
6916
33120
38890
16489
54094
46326
8127
25152
19000
47395
68949
52621
10937
56960
19504
46216
7320
35724
49388
63473
45231
27672
1323
32528
59015
55968
71364
20136
34052
16376
66312
60656
11761
21866
66723
67283
74287
20351
61690
37035
30569
39363
73281
33943
77239
39615
12336
14219
66420
68665
61848
52928
26014
35450
47347
42264
32336
18840
58571
41412
39181
12920
32764
9423
54983
26545
10336
69099
21499
49629
14436
63315
20987
33703
73804
64784
71154
38472
54873
56029
43763
32476
15647
864
17365
33563
24341
26536
48786
14832
37152
72176
59213
6136
37180
34632
61848
47387
15346
23979
27032
1618
75346
72853
58972
17850
40979
38433
28769
57944
29728
36314
67811
51174
8832
68811
48946
44046
59461
32028
16536
50592
39195
30798
22234
41760
76848
48380
51376
68309
54865
38960
57256
55305
34149
54940
19025
73723
54109
52824
22505
24776
49072
1446
43450
38192
56425
29372
30495
50160
44266
51303
30352
28952
32648
57496
43138
76720
1790
62716
71768
73563
35683
11153
51283
71898
76598
63040
16352
40947
58656
33652
50864
51464
788
59352
18727
37210
77149
315
20320
37584
25088
46159
48038
61680
3768
47190
42297
57521
22626
68031
20448
41352
49696
15512
4024
30340
25760
68768
74008
30824
13714
60880
8453
59664
26199
3709
13673
31202
28816
53688
74765
45440
12000
36672
24879
4471
1987
36829
12504
53998
28949
26988
49987
22400
9427
10
17100
68601
39879
53925
48216
67598
58575
50584
54029
14315
23611
50845
55411
33802
11770
58877
57486
12528
10541
15636
26490
6738
17699
53303
44087
43242
36959
70444
9330
2896
27856
9739
46408
34005
6138
40125
66494
76416
59321
5736
56412
28811
16507
53942
55801
45827
10551
28003
46858
69631
67817
28061
73955
74530
875
31279
55486
35717
25301
15606
47508
58115
56784
10112
70688
63584
66628
72519
50807
5054
10239
72896
63965
48000
33143
57424
70239
65929
46560
67096
51756
48590
29856
4333
30564
36192
17964
44386
44019
8119
14227
17938
2021
44516
13561
68394
52946
14850
63717
47205
76572
49943
55189
27136
19608
3215
48902
65981
18587
15853
60676
16950
60208
33997
39696
35808
432
9772
71624
44355
66240
29822
34648
36666
71219
10888
69416
10102
70408
39522
56501
27645
7080
28155
20066
67168
68530
10239
51448
22485
54117
34463
56485
75096
17460
49688
25656
31025
22545
57045
68674
11856
59005
18841
11377
50800
15589
39936
5552
75610
49232
44391
11664
72959
44166
2468
52568
14972
25552
33853
59156
15683
50066
70436
59251
23259
63646
68153
5949
70437
71168
20355
15077
37209
74056
27178
67641
59137
49560
69252
46133
44491
41954
20418
31882
55936
34472
51376
19760
41287
23560
58310
4577
41334
6384
19905
10608
25293
868
15730
17773
77152
17984
28630
40881
51990
64336
15883
72768
63377
70989
23959
75288
22887
72715
73772
76192
4253
14435
14009
44595
17453
5463
53967
26557
61411
18664
17706
61286
42120
67957
35795
66509
16501
67936
67308
71968
48104
45992
8104
49845
46168
34781
35032
7113
20414
39265
21639
46853
69408
66454
6984
39057
72409
23129
60001
57720
5034
11303
49896
35712
950
73117
36688
19266
19863
25786
17841
71029
17036
48375
34017
36784
32664
9210
7230
69974
20352
49406
30095
70366
40320
50677
32688
13937
49016
37441
75097
60140
55577
76713
57064
3098
39556
10160
53790
671
19112
2814
5535
68712
55413
57162
33227
20912
36801
30884
71560
28051
24190
16820
32323
12222
57168
59934
59953
62271
30599
47608
13240
58557
56433
10096
22600
20520
66048
21601
2951
7629
54096
77288
52664
52112
70088
68951
42179
50022
28226
71663
77140
23882
8480
9970
9483
62044
36482
30896
32091
23164
50602
62676
11774
18920
46302
66786
49218
72638
74911
8900
42543
9717
18785
71502
10890
5466
45825
14850
28152
48872
56224
22437
54119
51322
9107
450
62786
74525
6025
11719
40464
50976
4191
51480
52112
1592
2072
68240
36736
65320
13776
75348
44045
4164
6840
46987
8449
67341
59367
48592
73790
64137
871
45398
74469
55675
66889
64441
53699
74830
49354
27525
33337
13777
70813
17195
57399
27765
17186
50128
59746
27568
61576
58022
32349
29530
35227
74095
17478
54789
40983
36416
68603
6774
23846
42451
48853
15192
47069
30044
65538
3738
21490
67453
36318
35176
56721
40276
34110
169
21947
21781
31032
52644
52142
71858
74343
34064
20605
66765
42985
23729
29118
12563
10040
56094
71995
13209
75561
69229
13384
13325
47662
63963
64140
19031
52266
27577
10058
18761
27717
2843
52024
41878
52395
60743
25161
61071
12312
12971
72216
46184
15570
62291
34053
41350
6827
34845
76515
6780
68488
8800
77074
9052
8043
5647
2081
12167
35832
68433
73552
66669
8232
27698
8833
34651
26366
5732
63437
69709
37222
14561
67162
60328
36248
37340
33356
12619
55625
5363
72315
50496
39469
51220
74450
10144
22832
42822
23288
30964
34
75760
69704
14120
46401
22346
35060
12110
53117
23520
76033
25234
42976
67294
30098
72144
54578
47169
35962
66804
70955
65508
74659
68795
28007
12288
71065
52536
53001
56328
35136
24119
21528
61793
64224
50240
44107
46816
54816
68192
5729
62821
73648
6350
29208
20928
52696
73904
4584
72832
27796
37368
24096
45928
16986
41470
60685
36462
12451
32642
1615
32088
28506
58192
37983
74822
53459
29345
10922
73924
63836
8922
68675
32583
44938
5836
64064
76030
11970
3266
7552
73153
55645
37732
63298
56120
1707
9262
6150
67760
35370
47308
53987
74424
32872
38727
39757
50779
69255
66119
67127
45792
52193
11885
37510
36380
41198
64878
48720
63974
11852
68416
57482
76232
44104
39184
7920
36792
75360
72573
54193
51509
73633
144
40053
29448
15520
25832
34730
30530
8353
73474
69244
10235
73434
73941
60613
33910
28144
27525
66432
6050
61824
25050
36136
60512
38960
27624
51596
52741
36512
2928
50990
16906
63616
4246
37429
25513
16715
36681
48103
11391
73014
66561
3888
60361
59169
69222
24818
66936
71304
20249
60848
42702
52542
50748
54598
14536
40621
44025
72980
66554
51073
36894
58514
40499
16257
47527
8816
25232
55010
48267
23649
39585
71928
15384
41192
74241
14952
62360
56240
44920
65608
62152
37416
75048
21272
17760
30594
50934
18934
6361
52776
31536
74032
1706
68082
11040
59915
16960
52825
3412
8257
58599
4764
11779
15987
76880
65404
44990
18310
72600
10728
31344
40950
19515
33160
55251
25918
47936
42680
19944
17193
53696
61040
71193
73801
44336
19452
67850
38656
56688
28088
16913
56489
64187
35191
56448
52128
56394
54386
4848
25386
29965
4298
51035
29099
77080
60256
9064
37514
224
15592
34424
35600
23696
20911
12936
9459
12602
5192
3552
48456
49231
4520
53807
54960
52320
29220
20958
41335
1610
48272
11720
69902
2394
4104
58638
29550
76710
63085
5478
45021
64856
34986
29587
40329
53231
18320
66274
69638
1760
75263
54166
22080
9461
46113
4888
74544
64887
1432
38288
24
46304
733
26712
68296
8832
39924
21809
68970
70398
30962
31057
22503
25003
42499
26144
16814
35112
45710
51519
36148
15768
9712
19445
29880
15360
27496
70134
46247
46568
74193
41902
34416
4424
68952
61828
43153
63175
41736
16764
142
71726
10722
70511
42935
21987
63773
51910
55748
17456
37207
12147
20235
42928
10820
25645
51952
44119
61054
74162
39073
846
18878
52331
35280
41848
63280
71480
64512
26665
35081
34113
37301
7122
1395
72336
67968
61880
11424
34071
73166
14658
70337
69532
54261
413
15936
58503
8552
57672
21984
64497
42996
1977
47400
20572
26168
2088
44019
58913
66029
45689
62936
60592
27203
66093
26840
31698
12241
65015
33317
66089
67128
8062
25637
42683
62681
63088
17026
19440
60976
42594
57469
76265
9996
58170
64204
73187
25649
32960
9596
1317
39714
58045
47520
72512
66645
76664
25344
13816
45920
35112
75304
16816
12893
67893
29443
31331
44973
62581
863
35416
49739
16792
5168
41544
58120
15832
61929
61549
38783
20849
18420
47687
70800
2438
18632
37638
54563
11494
37248
20488
35172
32251
9424
2160
14440
57906
24033
624
32987
7528
39586
6600
67837
8854
15584
28273
52390
56319
57654
30231
6198
4816
65270
16787
35899
76909
61160
15618
39459
49857
10549
54256
43451
31899
43248
33328
10326
66592
48196
29616
18564
42341
52781
6791
70568
24752
70677
12137
46946
66689
58805
23266
24640
57656
53688
23752
3568
31671
28535
48
67264
28280
76195
15397
40363
61123
50003
25534
60861
16503
72078
4092
63315
12559
12883
47273
19104
60441
75080
70480
14112
42122
67768
15940
21533
18756
60879
71836
28865
65184
74720
32563
44360
31577
50920
48554
17854
32828
46809
15809
76171
58114
8392
60064
32642
51329
25939
22909
31784
30587
40988
14306
35968
76984
12912
35229
58545
5640
67897
11307
57254
65943
34907
76020
52400
44388
63186
36239
56251
51758
33002
69322
72162
46968
48736
55224
25360
40896
13244
25232
11577
5886
22514
5198
29214
66694
68409
2056
41656
27792
22864
14443
68248
13736
1246
40242
27761
59406
61288
1759
41228
31001
9640
59925
69810
18667
31701
30684
62688
63824
29160
39176
34816
25200
75931
26298
57608
14485
4204
10030
20600
20823
5496
30704
48262
44222
4910
24585
65478
5880
43304
70301
23582
30022
73207
76200
57466
10951
31368
1624
75384
29368
47082
53508
67180
11781
52174
17449
24628
59695
59495
35744
52476
27223
57276
44032
37248
67120
3824
51213
25213
72523
60873
48087
65765
60249
29729
25476
26140
20696
36666
52810
14892
53191
52291
18288
58461
318
37540
29350
21849
17328
70085
41439
27657
49128
63063
67572
1328
57159
58877
23506
34351
43400
30948
11446
25539
21259
57824
17831
64818
12082
13369
59981
27961
948
43460
70344
37479
76014
24696
47618
47281
39732
59568
14667
18497
58323
73217
71420
28343
26219
37839
44429
63628
50920
23458
31244
58627
43788
40473
32780
22336
25856
55736
10137
1256
47043
7417
8392
75836
2144
38606
71360
53304
10205
69587
14290
57418
57198
27780
5342
44234
54291
8725
43779
52316
76026
9861
957
12737
34332
48432
46064
23857
3299
60704
46996
26068
26440
74716
42054
39641
46408
24588
61258
5098
28204
12366
66487
14369
58560
60656
23392
64632
63622
22088
43401
59990
42078
38727
60456
33192
69279
68423
58747
28210
26427
38818
63712
18929
24776
9240
36441
26257
22707
52609
32377
72397
23015
56438
10572
50448
42136
39392
55576
37272
46447
49113
10368
62984
18577
44119
48200
43136
67831
4864
44792
16269
15252
47881
23312
61745
52248
43200
20488
34024
37672
49472
18684
49295
53789
70053
68601
57961
19608
13189
40686
70278
48960
12379
61612
14708
36394
49886
69319
72448
19726
18450
2064
23360
71095
70410
45184
26288
9952
30898
34496
47848
43408
73975
5514
18432
53816
5031
19799
47575
64329
60775
27830
35718
45136
56622
44133
64875
71926
13944
72808
71280
57937
45718
6208
24144
72411
65008
19352
32700
44555
18288
3576
43770
55353
7558
61480
44240
62287
35507
12114
16790
280
58776
60266
55575
61826
14207
71952
11561
41616
6822
37879
5771
49237
48272
72827
1601
52644
43751
68100
44380
53627
18922
71485
21175
41150
65106
23712
40956
43849
74265
41133
19782
88
25088
14496
34526
49594
29328
904
3093
6563
9989
26920
19749
5800
40052
30765
72551
48821
6536
49951
60408
19975
47834
55000
16528
56616
26944
76248
67872
38764
43409
64785
29002
45157
26456
43320
19368
53949
68584
6377
51754
2116
45236
12795
280
9406
67794
29661
67384
30103
23904
65120
40005
24728
45119
7881
68024
65824
8967
41345
31628
14276
51646
2284
19132
42040
2100
30780
22230
5445
1501
63015
36000
74241
62281
65283
6712
44849
46935
53209
3776
60526
58578
76935
46296
1224
52307
24482
63836
30368
7314
40398
48287
62472
59992
64223
75000
21351
49519
18913
23523
53110
76624
34288
13172
55930
22296
16640
5472
63968
28952
55224
23400
22422
25653
67891
33595
8548
37456
47328
24186
36394
59659
15105
45696
70532
72312
27419
42272
32028
49869
71312
3404
42920
37736
67982
43549
67408
6478
33224
47552
52896
28632
1032
47272
12928
5520
46808
15512
50091
73497
3363
76480
31727
56110
66036
16740
65253
8173
52420
66892
24195
56813
18816
33600
15845
65248
47648
69608
65581
55197
38771
76132
31625
44202
65804
13368
11334
26502
12486
58144
73245
46381
36824
15951
77360
43712
16584
47744
37058
45648
66064
55232
67958
51804
68448
37056
38731
24989
53149
57830
69330
8512
49421
75088
11212
12566
69820
53905
37944
6875
64296
1730
70206
32075
32750
69205
65004
21106
27930
71571
12812
37886
13183
1373
962
1443
68482
57488
51084
15507
58944
8831
65808
4680
30247
55931
5554
72062
17646
45063
8557
39565
36266
22674
57005
44088
48675
45696
20136
64587
28158
57147
59240
16392
16512
2314
64736
44604
2416
19636
74705
16265
6360
46048
47394
16084
61955
46570
10153
62612
66280
27972
45974
62561
67784
69920
16
48606
22977
50184
27528
43726
28456
72606
15360
56340
70574
61996
73232
40818
75848
22776
63007
48633
5318
17769
66346
64914
14900
37978
702
26886
58604
32028
43130
32045
43174
72596
76366
25320
50374
1382
16734
23591
39296
60038
10775
32410
21830
55802
41409
45866
29999
58529
2481
7478
45840
75610
411
45721
30521
56762
72992
46238
43820
24630
13337
49897
57400
9320
54905
73523
7385
67896
68414
71653
35423
8195
45198
60458
59102
1492
31977
27516
43617
26088
73796
17048
19128
71112
6848
17008
21704
55220
29156
61400
23080
69693
6105
34820
30552
11199
30904
60200
21664
75303
67939
6840
55544
11424
54580
27706
51064
15576
66216
68640
15159
65720
25976
39351
5623
3304
37008
61568
10535
56576
664
12136
39142
76896
44922
70696
55312
30954
26623
49750
70982
59096
34594
52522
35386
58699
68671
10846
4547
74917
31205
36602
40280
737
42586
56014
12280
49291
3617
59209
6856
48856
32748
65208
13528
783
29640
15336
43988
4100
20943
50188
17758
74790
43568
38568
35632
72928
64
49774
29359
13044
51453
41112
68814
55992
73591
28302
29830
50192
64939
9512
50924
52305
32285
66230
21844
9468
53309
41888
69384
29064
32640
13464
50728
51817
33603
10832
77136
54918
27552
74154
63098
12620
51409
56127
48003
63830
47433
41185
45246
49702
35423
60021
1828
34536
30336
33344
17790
14498
69896
59598
36733
66288
6847
65576
44929
19618
61633
20853
64590
10804
45100
25144
29585
66228
25348
28883
44299
69529
26885
70251
64592
49293
15125
3117
70301
55647
26341
45248
3061
3087
9403
11017
16409
53416
61936
24697
64073
48600
6094
20825
41912
5576
49965
1035
73315
64748
47464
24525
23606
104
15456
72912
7792
32352
9542
10072
76843
42852
72954
8426
5547
26220
66873
36825
18311
71911
34160
1508
39036
27411
68604
7438
58123
7348
61084
31487
14253
13961
53326
32064
10456
66659
63921
34607
21286
76069
31709
24470
6801
62792
10113
17390
23686
66099
5727
14596
15804
68651
20424
62008
46481
5356
40643
49368
34871
3528
50768
9647
68329
20448
48496
51488
35592
7240
61265
28885
9298
52544
32466
24688
74881
27963
16882
66272
34040
76306
11804
48190
23245
18132
29576
46901
18655
32209
33679
54618
56272
62296
74128
41032
17264
51984
31272
54690
7306
53348
216
74368
47237
45537
60697
14528
24373
38702
70552
15572
15140
36802
37972
23111
12276
33839
31507
66589
58916
34728
55696
50257
31296
45629
24640
56386
20082
71704
25248
65135
19456
636
46472
58544
3496
46720
16416
68408
1624
34564
7662
24047
21625
44675
31944
48768
45367
14864
24517
62232
50568
69776
11384
39488
26272
20070
20879
65320
51784
16560
15512
4508
58393
57295
59620
71932
70103
53667
31800
70872
10216
40108
3
10544
37812
73080
33950
41860
21295
6183
70140
15036
64667
11271
43217
31868
58435
39331
63304
30672
68223
13582
56944
23745
54332
6178
71062
62191
8302
33390
32677
18108
58189
67768
3752
844
51992
35353
69600
14775
38627
77320
38775
26307
42020
70336
2712
48184
34158
17300
72852
34292
27441
49216
18941
46952
2357
44200
4328
39573
44200
33004
40804
18978
48243
30722
56323
60691
47800
18149
18513
53502
55872
6433
18138
17378
21606
9440
67343
6656
17006
60565
23006
62016
21139
32434
8864
42648
16827
22050
48834
54606
67778
37726
29972
31768
36317
27489
27304
7036
48531
23198
7211
17367
37250
67829
54801
36860
71424
26726
60141
6053
48406
48568
28919
7457
64494
45377
68596
38949
39207
27152
54381
46483
39416
29778
33649
13800
42582
26734
74799
34438
16725
10481
53511
64296
31680
33072
64913
9560
25536
45259
39335
10408
30386
60126
58009
75183
53247
33040
39704
77144
54472
53160
52784
19540
46014
65008
27919
39360
67759
59630
37306
68758
31237
73494
54153
32701
27165
13532
18521
52376
65224
58216
20520
22422
56718
46487
11183
16495
14896
55520
2372
10820
41535
27967
14528
74592
5266
11659
64409
49579
51781
607
24380
33415
67047
70804
14567
12200
49705
10488
8365
49956
67628
55727
27208
160
70864
5368
62738
60972
37300
76820
47715
54168
58376
25160
10684
39462
64592
5861
7399
5330
29388
35574
3837
2449
54657
51357
17783
15113
47400
11638
25510
18488
28066
72430
16098
59984
71080
55895
32576
20592
62816
34200
10695
51687
7450
35718
40503
37013
54752
35278
13379
73664
40192
55713
40509
64033
61956
3064
59688
69546
27992
42064
40268
63379
56201
42363
35973
16524
46395
73424
44614
42536
48168
30680
74804
56698
26857
65967
35886
57345
17773
21206
9801
39305
49754
76048
47454
52968
20208
27544
53511
38901
50844
26263
46330
43373
57589
15304
12917
3238
2096
25678
1420
20029
54872
4544
40
69456
34688
8450
60542
64522
36173
16205
25496
45304
54200
30184
24044
30602
10048
13991
51287
48864
59084
1060
75306
21544
1245
75168
24352
6576
31312
48128
60768
6328
16973
4030
34760
73113
64973
6240
72728
38245
10032
204
28747
50152
22636
28989
69081
76524
25306
24801
14029
8645
52241
35494
74622
38728
22936
70975
71434
15469
47199
75414
44525
35706
25635
18035
73693
64196
39653
13863
52082
48313
31129
46968
52560
35440
14928
47338
62952
48736
12416
11592
11088
68900
45842
63240
38396
13416
59216
112
69969
58968
62592
73537
54632
63136
63537
38568
49862
61747
74984
4002
944
60304
7624
47146
68179
15425
49960
73728
19958
56830
3667
67089
73583
37234
60529
70480
62775
53280
8901
33009
62313
23376
44514
29968
65257
54470
36042
29622
8983
41100
16798
24065
53046
75806
61503
44624
53266
45801
32053
70928
4032
3768
63169
42808
54000
12600
2776
24776
16312
65048
70040
27429
57198
15630
1184
23446
25565
55847
29104
46062
53793
74455
2859
36136
60047
67528
48658
24362
5149
37693
64660
27257
31234
76066
17545
21846
35503
31960
3207
76079
12284
26176
41264
40424
25966
997
57967
69396
40287
62156
29709
37812
24879
36040
33211
12963
68299
27922
26429
30325
45654
74238
67380
7470
29404
24073
52670
65032
21752
62984
56925
67872
55104
71103
34192
42797
3408
14061
36581
76438
55812
42365
60808
44876
53983
45450
30625
2008
23713
63385
4481
11474
50108
26752
70305
60430
61337
47175
57871
40653
27052
58470
30395
25648
72278
59586
75120
14071
47588
6886
67360
30422
39493
65852
36698
35720
35329
43666
19435
41319
60466
1488
76956
23300
7615
64059
64236
10151
58317
61029
38888
38617
21152
57304
23536
30088
59656
55704
51600
52287
13672
74388
1326
62514
76760
35386
35033
67891
20921
1160
64898
32320
19295
76103
27712
54832
16118
45962
64444
1018
33055
27756
12158
15602
26112
63560
15502
33674
62117
37409
50585
4567
7742
55278
65342
11304
62991
71772
69716
71120
65816
34200
52363
14072
57115
22856
8101
23443
56650
5600
43869
19612
53346
64848
3967
16479
77072
29648
67928
57083
24547
12244
75565
71405
55390
8056
44431
54340
6479
72675
58824
54607
75621
52115
18183
30667
15867
34895
74367
23889
32153
2907
10214
64878
12357
6663
52642
53384
472
70408
51057
22528
58146
24880
7705
54456
31265
39283
51978
52910
3817
62100
16965
36447
29518
22013
56659
143
43912
7829
18144
46945
40310
23597
1128
14092
57283
7353
25008
40672
49727
11616
17576
33154
23066
25408
40560
25182
24544
62166
37640
11568
60309
57267
13033
39180
62416
38121
32452
54799
74473
13063
15783
50456
24176
71400
688
872
53555
7115
8618
40966
39424
12807
75120
23994
6144
59104
31208
64728
63192
59740
2448
19250
36662
66326
76899
76460
45907
69641
39717
3852
64434
27032
13324
27078
5004
42213
50992
16316
4402
5247
8801
75552
12570
35589
18263
3927
26162
70641
3213
5259
30739
57484
57445
7025
22649
11272
70816
56523
27045
19925
9924
28912
43825
71112
73033
57145
27133
8152
68178
59822
41306
19047
57294
65125
61883
15505
18790
70906
71734
52409
4792
6264
69393
67799
68138
46568
52045
22148
32813
36956
5378
68773
10072
4895
22824
24649
2031
4144
61330
7734
5811
7672
38848
16775
62781
30160
39718
50521
17787
43944
24199
43045
67135
30588
55198
51753
57936
29340
21967
42796
22311
57005
14136
52520
24439
14219
34238
1972
39680
65577
61105
55264
69251
32684
19504
64957
12497
35453
64674
43690
3412
76237
36966
64260
45873
54403
4618
36140
41440
23376
76976
36796
14830
20223
54216
43077
68136
21520
54072
52048
28624
36814
1236
57141
68336
53534
5987
38109
68413
44647
57095
26112
17030
43016
26054
68509
34902
869
76568
71120
55377
4442
36576
77130
35234
36100
85
23852
54499
42268
27061
41144
1918
62648
1504
68056
27163
64636
21326
35625
23449
68409
30917
13072
66649
58655
69872
65649
55468
56466
60438
51023
40584
9936
13248
33089
62424
52288
63856
73264
1696
8008
68952
67896
67469
30932
46090
36968
68514
45417
5208
17754
47296
28896
55264
62776
60736
44728
54440
3952
52384
69128
13792
27528
67344
72663
55688
66224
10070
55792
48256
990
5814
1079
38612
7472
21459
48935
71404
19745
28707
3811
37183
12816
12408
30097
10168
70136
12205
56848
56502
18592
63656
51744
9952
41304
62719
59720
7704
8651
70525
66426
62261
16144
34577
65534
69381
73424
4298
64812
62662
43835
54540
7427
6838
850
44837
31584
65820
1352
8824
67232
29050
65479
25084
63634
20371
51845
66864
64955
72824
51744
37208
61032
50955
58104
34096
35319
72976
15920
52288
53616
15952
8992
9540
42838
58372
32779
16056
904
31231
12440
448
75592
49064
47479
36979
71647
45476
11916
63044
26072
21434
41985
45696
23375
46869
34746
21355
71789
39049
36367
74744
74675
11896
62496
48352
43096
18848
27472
37232
57889
33486
681
39769
64507
14048
25680
44232
12408
15078
56675
25456
11000
61624
54267
65852
3400
64178
47723
69970
63592
33976
72146
17280
23226
30642
65729
43069
67309
42929
2831
71479
50572
14215
40504
6392
65185
29737
17315
23185
62719
16653
14662
55823
3639
41489
51701
59664
53451
3236
16567
49567
14336
76191
5948
50026
38912
50432
27230
39258
75254
15990
75837
37047
63996
1594
16534
20311
11206
9310
5745
12377
2001
59477
2011
20560
71338
45753
57899
49448
13910
12649
62285
57990
3696
36606
10458
35375
19456
27579
46856
44641
24439

