19811
10473
50137
53501
16723
49955
10696
15070
47038
32789
74014
6465
24576
2412
15569
74303
84167
40376
50478
82838
10987
30569
5148
36275
14979
34392
46819
44795
13920
83913
5264
5424
74644
8072
71966
43153
39897
65445
67655
60000
37546
62798
76086
53564
25664
45952
18416
5120
55840
63872
12416
19152
30480
59248
82262
72462
19895
65522
59215
77134
34280
80000
43472
78416
20592
24208
74864
55088
57232
8080
78160
28866
78463
28439
37054
85011
4187
28046
52966
56112
28397
10168
18614
37360
55008
42368
79184
76992
6064
75159
75900
17927
42525
23680
11706
69075
27761
62638
30816
13802
51975
61131
26125
41264
48174
42128
77396
29934
77221
45973
41614
51806
55328
71950
73087
45742
22494
11221
35407
3615
54009
15584
74586
30894
45431
12747
63306
35873
32214
11775
75834
67050
32777
65625
38944
24194
81338
70146
8367
10487
49286
28336
30053
23980
14223
38811
60752
35966
24313
41021
32674
32736
26026
60460
4046
67197
55726
46432
2899
44001
24283
38896
65280
51728
8640
42624
52736
30080
32158
54624
76912
62160
13925
58897
71584
25216
15984
67544
32213
58128
64263
49866
2184
78842
77050
13052
66138
15004
72767
55696
65388
43211
15811
44352
59707
58835
22704
20806
34894
3650
49889
15376
19136
49856
2112
46560
62816
5011
77306
30934
46800
24864
10165
35838
58789
1216
75948
20960
10957
35605
23153
62382
77540
2113
11774
11135
6792
66413
56028
29001
50682
43654
51303
61277
78352
49199
85575
79371
27558
59088
77170
39542
84891
22558
78438
61218
31568
49445
40608
25054
37895
71753
68891
35687
4337
22279
75291
68550
78779
39847
38725
39606
44829
55215
70150
26259
11963
48370
43916
36359
63638
58427
22099
76502
20322
84994
80155
74054
58404
74058
41680
77334
78601
14624
49820
61186
62549
12089
76973
74979
2282
3105
29215
63469
28088
52338
56563
56912
24489
53759
21602
8384
62329
46502
22656
42912
70287
21776
69824
66340
76704
48017
29660
3409
21402
57911
54020
71209
58610
28686
31064
29407
6300
39908
8848
36241
35983
48209
56253
17360
64296
65952
34929
10419
1947
7319
12926
55656
66055
37216
27136
55008
65744
26208
42163
33120
36064
10080
8458
69434
79896
15649
41808
42477
59256
45015
79264
21200
49936
15040
11153
39981
41744
29200
60208
46192
41632
60521
39072
62837
81088
12347
11448
17299
56989
46978
15008
75535
84861
72898
75423
48100
28914
64880
24258
79476
39522
24088
24544
38912
49007
50818
56633
66652
144
60112
62384
38528
8752
47137
68144
50709
28224
5675
48960
77902
5680
85484
56896
51440
13968
70314
19679
31901
56095
53545
82613
28179
12543
25229
6968
81032
6612
75440
16885
53713
52064
21366
79027
72386
26464
6176
15031
37583
74856
55164
14960
76416
59899
47587
13232
33123
35659
43615
45511
12636
18304
49844
23569
5200
62834
1162
75504
61498
44117
60287
36032
4576
57445
54073
33648
33504
17505
44042
26837
78631
67361
6480
43283
41646
6808
27829
14750
19920
53762
67998
61266
75376
31152
61948
16906
76791
672
49120
16045
81302
22864
6633
68592
59136
30940
63720
24753
53600
8227
42706
48065
4288
40012
55010
7580
34784
56769
65825
3138
29233
56167
64912
8421
35680
54208
13255
46103
56240
48272
59737
79284
12736
28800
40127
30504
54644
63447
48758
54746
75390
8303
18496
14232
43194
31384
60204
27300
33014
71057
79852
44560
46284
22559
9472
43456
85168
20521
36362
78722
83496
78687
32634
51800
56671
39501
5709
27445
4576
27040
78035
49088
44211
78238
52270
69725
36720
46261
45290
69018
47950
80862
84891
28817
48070
16109
72068
84203
36323
43841
51728
13975
60593
26246
1989
29948
23795
64864
1006
55701
56090
21508
16020
64073
29308
1803
75852
79953
3731
82385
51200
36001
29258
32832
65872
6704
85505
81696
24112
54752
71504
77612
61386
26988
27275
6031
29410
35486
50309
33296
58002
67873
62369
82536
36640
29824
46159
44031
58783
48752
57753
71232
26096
18421
55599
25120
2495
6280
53097
63583
52416
1110
4589
8757
55367
4135
66774
85282
25554
14742
2628
6537
52192
47694
42216
30155
23232
20864
30771
64746
55874
6213
481
72032
61658
71765
7904
21504
50384
21504
70668
84375
25462
15670
77413
50915
44609
22320
48600
58660
31575
24784
19918
35393
60927
13825
73696
51519
2635
75215
65808
46159
29854
1925
59920
83156
30331
24528
7285
15160
37072
25248
20037
75440
14848
48343
9056
45966
44145
69263
55618
50448
11936
34224
39536
73349
17319
76736
70576
39248
16672
69760
27552
16240
60775
29840
51168
39472
4576
84009
33216
54416
4160
208
21840
6576
68938
11843
42427
20097
2672
68752
24096
83184
27233
64188
58637
44240
61986
73293
50111
28240
4537
52830
30579
40544
45856
42275
49554
61642
17558
2041
80213
6417
54556
36644
70447
42238
37430
10505
59929
76018
1456
21224
80266
57223
48892
30061
82607
23807
62748
11744
58588
49417
33781
12528
49445
39984
10056
6816
15304
82587
50933
26278
66897
50080
1952
58102
62289
46392
45855
58701
84128
39217
9738
46015
17797
34944
688
81734
41903
53212
64870
73133
22254
57220
9193
27878
63904
68150
84022
33136
34064
18559
28736
52652
75564
37303
61104
75215
9038
20032
58061
26323
40992
24802
35330
51840
57521
64626
69296
84776
80844
81093
18620
1290
82608
59136
37106
11880
37891
45766
63155
23694
59729
74992
70887
71106
77780
23984
21970
27984
44113
52128
30176
75568
51280
42324
31510
23475
74422
38635
24977
3294
49603
34022
64733
52573
25984
28992
24240
64258
80272
18448
60704
79760
49712
77920
15376
50
70784
8496
26608
65917
71414
73976
42608
17776
83552
32575
69920
18555
67284
57428
17728
71605
32830
36263
15834
50039
46773
29963
27216
45472
53424
70016
65280
1615
7283
72607
82995
84080
16080
50160
69488
996
76108
32842
76388
1635
19659
37940
75054
29995
568
11425
78661
49783
36960
38720
60154
77729
45871
66030
19451
52566
8491
28901
78852
57676
8134
34256
21344
70448
62336
39795
483
9718
61425
20980
14488
47447
9882
32704
36336
49616
1568
30179
26107
69776
7035
82571
38866
59248
41361
13361
39741
43932
8709
24951
6025
75901
52996
56689
66528
50456
34841
82924
63421
25562
13096
74756
54447
39413
70786

