3789
14830
33971
41644
20244
18426
2964
49512
11660
33436
3112
8011
65639
48597
21265
34144
42648
41733
66560
35096
66694
30449
1312
29944
41660
43827
63949
35461
47174
2940
14797
46120
17122
50985
61765
37398
66647
8763
63868
22409
42650
36297
9007
59254
50672
11790
36177
66940
22804
27116
7250
55346
31287
18295
9350
41628
13728
32709
34443
33938
44980
26425
35579
32854
8815
63522
33644
31452
56664
63220
31139
5574
55056
40256
7438
46798
47304
8220
53300
53056
56011
6278
48362
22880
65629
50188
62704
33981
20984
4660
36720
19680
51397
24858
46036
28301
5488
38836
52710
40480
10754
61859
29792
50820
14536
13572
7552
24348
43384
10268
33523
54112
38699
13040
43578
13092
36023
49013
34716
64095
33156
31393
46461
48056
3702
32978
62524
37817
42562
55261
5055
59286
51463
33965
11019
11715
66434
9664
20983
31694
47892
59207
37180
42814
10125
17810
56112
24845
6114
8775
39581
56696
38767
54684
497
63548
53136
1436
20836
58900
25372
53460
50813
49375
18010
35265
30677
51740
3950
47253
51204
36631
58082
11730
17244
22404
1320
41908
7678
35412
26372
9140
15720
51898
50810
21910
32408
43764
55580
13636
47996
18446
18707
18049
45547
30475
64995
58370
62928
3130
53876
13613
20671
51793
21771
59570
50072
35723
53556
13403
67315
59611
4549
63809
283
48215
37380
50200
52364
24533
26722
5115
26000
5485
56172
7455
27792
10979
39058
52764
64034
17199
2500
62945
42978
3650
29554
54977
27182
64740
32324
56265
15309
35852
26946
6738
47320
1506
40768
30724
8920
52051
33520
33512
17464
26082
54134
65308
31892
24412
48540
30064
38935
57625
37460
27620
780
65247
62486
25252
25231
38509
40051
33852
66464
16138
17553
37984
30955
33061
65893
49438
17777
49404
32488
7788
9449
6948
61680
66724
40245
45985
30958
32200
38720
58983
6907
14999
2281
66654
53642
26742
14925
17120
43250
18424
38093
7131
44250
56562
2797
56290
41455
48360
5912
13257
39583
66290
14570
7797
9607
63976
47459
2683
4814
53688
43739
12952
66405
56425
59744
60676
21436
47896
21088
39208
9608
60488
43233
60560
44941
574
4444
33322
61954
20333
30732
33596
59260
19130
49960
6288
54780
67125
42872
59504
39980
3656
33780
27507
42887
13759
1348
62791
12199
59969
25074
5334
55428
53848
16580
9296
29232
32547
29776
40800
59224
30112
26816
46419
5839
23078
23320
12455
9219
12624
22365
31055
15803
39070
47055
6128
4130
28298
14014
58280
51428
51032
52144
27493
24181
51788
58224
31905
57777
62116
39919
39730
54725
41038
27444
57750
32649
61620
1556
61912
12057
48653
11784
47000
29964
50500
28460
17440
65583
5292
39989
34177
36222
62565
2958
25860
23224
31238
42898
55511
16942
9491
1253
61548
30655
49284
7910
66490
20208
35955
60917
44719
16644
55532
16492
58848
48924
16500
62020
5260
40052
17408
47536
42232
44640
47106
52656
30053
13320
25429
5813
38929
42864
15096
52262
6100
61740
59412
12118
13999
20675
16469
59360
51733
11922
32548
53240
4974
65182
22980
64645
55129
33612
39649
21096
43396
9112
22935
53143
19114
64476
26833
6334
17300
26818
804
22530
16967
20384
3708
11764
59097
3434
7776
29322
10810
40915
67345
1218
15919
31433
13301
62921
30368
51680
49200
9636
21830
38215
47498
56738
12034
37164
59982
38642
39542
18570
17555
57134
37056
38737
9046
61743
48873
45496
49623
43321
45131
37207
33876
24189
36153
31361
53561
36835
63996
26797
26940
26224
19003
53375
51208
14268
35566
59151
45288
35767
15595
58349
29487
31624
1426
333
7164
11101
60953
50412
37593
14467
7681
39842
40991
925
55487
43736
32843
31402
54954
7528
61408
33175
8136
3300
39838
38490
19604
50509
8559
28940
47950
1746
20832
13712
46774
56232
41654
14691
52563
43643
50033
49901
66086
5544
35508
35680
14350
62402
43389
2578
27044
16504
48423
4864
61472
35631
14857
45004
53790
21187
7780
15676
18429
66780
42647
34023
3800
1849
45972
26756
54790
54580
10473
27700
61751
10735
7784
4565
62463
6729
6300
20460
38329
64840
26065
36825
32762
60990
23527
4040
37632
64652
37658
46000
64890
52913
9991
23853
60420
38333
8195
7037
3265
25195
39312
29433
58166
47047
29024
43941
48648
40852
51732
13567
14648
27280
55800
62851
40084
1019
4135
35783
63452
30084
58390
34894
29720
13012
50896
32160
34536
13645
35848
20580
52938
36860
62538
880
49411
28356
14920
52801
11684
55749
26731
10844
59404
6967
28584
57775
4664
10176
3030
12993
44683
44259
15288
14798
65613
52228
15071
65087
30760
38847
26850
3899
13799
32828
29662
45864
35416
67404
61182
50612
10780
48628
12474
57890
57739
54911
54812
26480
44740
17560
28544
47504
55364
11022
5426
14176
32156
50468
11388
20100
3890
20508
58086
45808
9236
61676
21106
3226
58427
7812
40265
17968
41608
10144
12361
23085
40664
16039
19762
37868
11784
21096
43792
31580
40529
3615
7420
29686
50756
21119
6694
65380
7118
57110
12623
15712
52847
40005
45056
33636
13260
1021
26064
53673
20578
58415
9476
64988
46052
31912
52004
29612
49196
54985
8264
34875
54792
11149
21230
33677
49492
63842
50784
35182
57768
47652
67336
37904
8604
10806
33175
43625
49257
57306
61397
33754
40307
24476
14172
13447
60480
37423
40288
25626
161
37330
12927
47815
16263
35120
35111
14139
35256
36440
35760
45577
17577
24237
53300
44892
31614
4612
62267
39818
7928
6324
55443
13047
58306
45564
58332
9453
21595
1252
43978
62084
20457
48571
15556
36073
43238
6760
13347
55214
21835
64171
20795
37869
63984
43160
53137
14914
39717
24540
37196
63048
37774
6241
34765
64797
63056
25527
11464
1443
472
28891
46932
7936
54744
30158
61024
61820
31548
42272
63408
52988
43736
56368
27195
50772
25931
15417
43137
42364
29528
9856
40312
38568
60346
38054
50632
51574
62650
21987
48776
12566
5846
18768
18617
12369
46237
26788
4424
5252
30924
48973
30381
52546
28620
65612
14264
24647
47658
31719
24238
45124
46559
30062
7614
4115
54245
29906
63938
10032
14160
27700
62860
66720
46317
66520
5453
27580
16669
20996
30392
1336
43316
33599
14554
29440
54120
25520
3280
27360
13080
22640
63851
35035
23474
14773
15552
40132
63640
16153
15796
34012
24412
18608
65376
64804
34780
51116
20786
67455
27887
42684
61339
47720
56584
13372
41002
53030
17609
15909
60113
42668
65354
51260
37073
64463
49215
8687
36370
41597
47913
53368
48283
62484
35190
6944
33270
31203
66373
2851
41340
57370
53635
45834
50580
2370
37582
52514
43479
63288
4225
44981
58651
7953
60986
31112
15952
18456
65627
39928
58156
6880
55873
45023
14558
53228
60796
32160
7168
37005
55199
45665
44378
13330
43551
19983
29817
63084
42194
42043
14982
7218
38411
57680
20462
36849
54052
18135
27325
5850
54787
20982
57657
54215
24100
42805
28046
5288
49283
48445
4336
27533
63012
695
817
2874
10647
27682
3480
53583
47944
12640
61593
36436
45487
8096
30076
19316
13325
61311
43144
60977
14625
62794
60396
16009
47152
24604
5521
12744
16502
65487
24
51904
37296
5605
41130
45950
17090
4745
477
56204
35392
29400
54096
20264
22696
66610
44204
26780
12905
53376
60116
62440
18074
37608
18052
59359
4560
62142
45694
63480
13860
4577
49309
31582
64450
60920
37873
49291
3480
67194
6009
27155
17060
24952
7129
37494
62594
50736
1804
1836
54000
6653
7048
7430
21812
16435
55528
20220
17219
22577
1985
2292
31721
51405
2753
13252
52
53768
27320
40985
18948
61460
58628
15796
24672
26751
7118
63776
23967
48832
49604
11520
6744
28165
25780
960
55332
56508
36423
1456
33860
11957
8461
52644
22153
46149
31184
31980
1400
67068
7140
47232
36455
40726
34229
52164
52712
37008
31032
29972
14213
45625
38824
31744
4072
32536
30524
23412
67220
47968
30964
14996
47848
36157
3081
13231
29934
41311
48006
6913
64529
2581
50437
23024
25352
62650
25117
33563
3596
40640
14154
60916
14118
12136
2922
55840
43697
22521
25100
477
34417
21608
3531
51446
55956
28452
65198
29582
47725
25950
19768
44660
49780
55740
47640
36340
61340
43228
50521
43787
34855
35200
37548
25629
46110
47841
22486
64345
61145
509
54729
38728
33876
56075
26700
63660
36209
39029
43010
15768
43316
43892
14420
30196
13098
53972
8616
26500
43654
49533
61049
64257
58254
11156
29584
58537
40040
62628
41064
13976
5132
37684
34840
27987
50443
46948
31243
25971
64473
30597
31429
47630
41043
48221
24740
67062
53132
11990
13356
2487
32280
29640
43892
1833
67280
66620
54832
38605
11136
21644
66220
56140
60064
36441
66225
30726
67432
14654
25333
1136
41988
32172
54142
6283
5642
10400
12388
66104
30585
41991
56622
5910
56285
60333
10692
19661
38478
37966
42673
17321
56902
5616
12595
39481
60641
34273
17526
32912
9974
56164
24930
65382
63745
6054
35593
5717
30380
56968
64415
23580
52710
21516
253
56357
37952
48650
44549
36684
39735
23411
2391
34341
52916
42803
1981
37102
60411
41164
17881
12651
27989
18405
6975
5016
7880
36242
27220
42996
61900
59720
3572
60430
24816
28358
46442
7255
45525
55011
65803
8070
58691
386
37361
59860
18264
15206
25592
6766
40292
1172
25852
30085
53838
54011
37620
6062
54713
43194
2372
18116
11404
50609
55655
66814
29792
27068
39586
62479
64089
25190
33576
36110
30771
24064
34129
40516
45191
54130
380
22148
7272
55980
59136
45208
67272
61052
54493
22188
32327
49292
56768
31580
35618
40170
24904
4745
61936
27038
56501
61202
23176
34130
16485
54435
5753
25554
37678
34854
23563
18330
60112
8078
56144
30292
55085
63305
9009
41166
29060
16212
61823
26105
31028
44500
1389
12627
14331
40060
18808
46993
7516
30237
33636
15120
61408
42461
53197
52802
55973
27014
25117
48231
19006
21810
18579
29760
13252
53067
49856
52632
24868
12060
48958
48447
4664
9772
36920
43994
11607
31253
58617
62157
5228
30742
45955
66952
60548
66256
46836
36900
24724
52916
15984
46445
44579
16531
738
61764
52116
34616
64597
58095
35522
52769
20406
39487
13353
39240
64496
20993
43884
61062
37550
12633
49344
53112
55887
66924
38164
44166
23332
4006
22848
51495
7342
48445
16030
42266
56863
8280
25667
296
50886
64706
9831
33983
26801
64788
14702
18347
30481
22886
22460
65794
3881
56726
53052
8604
55333
35634
35839
57146
17825
18723
27939
53193
215
7821
38451
44233
5394
22265
3516
44118
32560
24048
63770
24952
5106
45255
49959
43951
485
31761
15254
41862
66744
15058
32128
23692
65967
57040
7400
36870
25395
46484
40509
5393
35410
32532
62076
60060
6329
12058
43836
30680
15751
37416
41440
15171
35908
50948
6671
59952
15140
1423
20505
4727
44547
42872
25915
22148
13115
31349
44848
24780
42952
62701
57008
56024
42904
66893
66495
55410
45389
19059
16476
62268
56524
5224
29372
13913
20280
57099
18294
66014
64763
40785
40694
21496
52405
10025
50340
52064
58532
2431
24451
18312
66236
66648
23728
56284
55283
18057
8268
31980
62040
62996
21768
22196
9568
21614
49950
21506
31211
2467
23956
9977
59093
11796
22006
9642
50412
26988
38575
2180
3924
7895
44452
11610
15502
9015
24161
46126
21926
844
67320
2602
51625
37072
38936
31033
17793
7227
16305
34675
2404
42559
19049
53154
42402
40088
15408
6165
49304
66416
34664
9281
30236
7433
65620
39380
2760
53228
62520
41538
9886
60146
53226
10996
57543
3512
40876
63551
53737
23966
35723
32318
37611
64796
54040
30758
8796
40384
5039
14315
53020
49332
60310
37914
21667
14443
5149
14092
56446
536
24947
41604
35508
58710
51605
25590
537
24982
61192
25480
56560
46792
15148
13852
16432
56242
21704
5236
54108
42784
65109
62872
48863
44169
18602
43682
53489
9750
62030
14854
58006
25036
66545
62808
5976
33848
15125
51349
4763
61021
42038
28878
60623
11672
54235
51181
26125
872
27541
61615
6042
9710
49729
29489
62130
18972
36960
62006
40781
32920
7033
20228
31144
15636
35465
28696
6328
53297
63052
12020
15332
15224
41376
41501
39176
67363
37553
21872
16922
61777
53495
28919
65301
41120
64318
28770
52860
56734
10688
37524
60863
47276
36244
14062
52196
7534
31253
38716
30974
56468
64902
58119
10290
24265
8359
26730
38437
50472
16791
42965
14711
7856
26020
35621
22149
1792
62813
61597
15363
9124
65060
40643
47398
26921
25926
21989
66292
5281
47169
61176
61801
48220
38372
44780
8816
30136
61220
6578
36521
65683
41145
8075
65260
24438
61778
34287
50740
63206
39039
13144
66135
40620
46638
64187
44057
13183
29300
27509
65163
56206
4813
61378
62808
36996
53932
48689
17648
37765
55074
34724
54415
66620
42124
61006
61783
52152
20652
35196
62187
33903
25617
38191
14952
57820
34175
9517
22830
48310
56540
5169
22936
8578
19935
20332
50718
37640
13628
6522
4991
17063
25360
11800
62303
19362
62572
3759
52248
51956
38817
18775
23640
53401
77
4746
28014
67267
27840
67292
13118
32350
8863
18042
37713
18252
33207
49546
2700
5423
24315
16441
23074
15646
38960
51530
22248
27128
22537
33609
42616
61752
46623
31413
66770
21264
55620
66513
1358
20938
9870
31985
65540
34760
3974
46949
32351
18296
55860
4840
55175
36267
37444
5007
29612
32339
64641
35012
19210
36648
6680
20440
35808
20615
61499
39161
57008
49030
33724
24066
1712
31485
9928
44666
26690
58111
17345
20037
20257
23612
5932
741
24800
64999
33389
31045
18556
810
47300
18770
51400
22355
42695
63361
36928
8818
37050
23696
57591
54843
1738
40992
7743
30435
27611
64712
52037
4540
27680
24839
46080
31723
39759
37296
24660
50744
66264
42452
37680
44500
5456
14888
23999
59084
24277
45823
20353
67070
56234
27968
47252
16000
60336
3265
20976
20500
8180
11352
37424
36231
50329
27170
27399
18713
56
9204
41596
50760
23933
20794
8950
5010
47037
30197
45718
6561
57125
42156
66550
16996
33755
19114
6452
11744
47772
44479
42419
39132
6570
29572
12326
25724
7084
19767
59405
48200
7493
8368
20212
8662
53836
40087
54860
9760
32761
13942
64084
1996
43712
2696
16964
59080
39216
66468
29940
63183
5038
54907
54643
54369
39848
62453
44896
49000
49833
25587
14156
9780
16737
42319
36689
29134
61558
22892
62672
14092
17672
40415
3590
7765
15380
58795
89
26270
43381
46348
4825
1553
14125
3565
39972
54720
54526
39143
19404
34228
63988
61785
57880
28484
24620
47846
41027
6408
23072
23204
63730
11632
65616
21263
51783
57794
52253
31560
17273
7416
53901
8354
50619
10560
42991
31934
61120
45156
66580
1754
12173
62260
11438
37616
64967
7725
22199
51547
22962
8197
1965
21745
24322
9292
6782
25576
2220
32638
12148
31268
38058
22544
65183
41062
35633
1139
44148
633
59616
8348
3148
30084
17821
31888
1918
38862
12266
47955
49540
60126
25088
12440
55693
21040
59065
50033
6964
5920
28076
14500
9332
12272
338
24958
42729
53904
7297
62916
27098
7637
45176
6000
4964
29499
49051
51520
14638
34095
17700
49930
21488
29408
48036
52580
22448
6131
47624
52946
40648
9508
15618
33020
24116
26199
53150
14848
8176
3964
24628
13780
46468
34875
42975
7024
45564
5240
53904
58872
13632
31960
31062
59264
43633
8632
32422
49030
31611
64281
34628
9873
31007
7132
61915
34472
19448
40475
64764
66485
50532
30116
66711
48260
61140
7954
63883
2664
43386
18610
33102
41256
4331
12291
50305
30995
30193
24549
1272
47993
10894
34680
46881
3866
517
21412
30855
31240
1449
54116
49303
44328
15541
4107
21370
67134
43641
57683
51609
402
9453
17111
27504
45880
21368
15590
45549
59154
4076
2609
54392
54156
26212
58323
64179
44647
25531
15835
469
9149
784
54336
37050
53180
46500
40980
22209
14175
55688
59656
19666
33165
45503
62890
20200
21555
25392
56575
53320
30200
28652
38456
60203
27337
21635
22476
34907
63857
55076
52478
58424
63761
33932
6840
57801
44689
29612
25100
66196
54073
37636
56576
28804
60244
64226
51520
17581
52633
13221
16442
54017
9916
16125
15871
29380
34800
37120
54036
23886
8598
65267
38358
65413
46114
23030
13581
24779
29436
56148
21880
57194
37531
31813
2576
3910
63423
52097
6189
56016
22511
15780
2552
15695
38478
23464
54731
23128
51313
31237
57131
36484
52273
17352
65491
62192
2883
1363
52197
52814
27610
26908
24460
5888
25348
21404
9684
43420
43080
20447
6900
36276
3128
40796
36082
49043
1736
28598
51936
65467
12007
52060
57824
39132
45453
30289
32739
17208
2832
62123
28732
22169
41071
5863
28228
50792
40703
39804
27969
56559
64144
3003
31091
53249
55653
44833
7425
43319
9542
65650
66957
39865
20523
57148
514
60363
42610
3519
25344
40011
8692
27363
63108
26010
2240
48880
2144
2100
34797
58007
42768
7730
3604
60372
65098
47228
12394
41746
58485
10836
3530
67340
11454
35144
3072
52386
58064
64789
40402
44561
62100
47967
42850
7548
45310
19126
7357
42192
1173
9672
32645
40555
55123
27613
52229
19369
604
7105
60579
35496
25784
54433
66605
63142
37310
37049
22899
14640
21483
13300
1952
67179
63285
57208
53559
4975
15832
44408
30408
33580
60380
6661
2741
36204
30724
27668
29980
23676
26432
50496
44752
28532
34220
15277
1697
66374
55428
36484
44874
5996
37372
43880
22277
19520
43301
52451
33456
14500
36075
59295
23396
64660
24096
62240
40682
14648
20316
21191
2017
22365
8182
35948
63556
15535
55074
36014
62435
1299
46561
25650
61898
27114
24945
21899
62272
28176
50476
31729
51832
37553
25270
12555
11840
53226
57942
34630
63438
38829
33807
30369
14201
66049
32288
45044
7816
3200
22264
64125
60217
51151
58935
55490
60653
38029
42802
52154
798
54361
1047
6661
2630
28519
3989
17714
3173
22424
46256
45528
16572
60216
39928
64196
48644
56611
63743
31796
26322
62238
46344
43932
43468
38732
27107
61879
12369
52922
12751
23724
2737
47146
54186
8040
33209
64732
35005
63218
24148
49884
41624
60053
65160
57256
66267
64925
39824
40069
28904
28516
6376
16500
3185
7910
40736
11738
19644
65645
32664
41885
49225
4211
58100
32715
60125
31339
14425
41862
24057
44356
31664
52280
8164
43520
6424
67145
18240
65910
10976
55978
62405
5648
28222
12113
60343
22956
13984
15740
28343
65899
12183
25695
39668
60072
4364
41336
27126
30166
52611
14740
14942
59496
32711
46736
37360
16484
37578
49860
16647
59827
64740
8108
60941
58757
43491
23400
21448
40559
26083
64145
61784
45363
57157
24007
56754
22256
9632
32931
38348
58812
7760
43413
63664
60037
48051
37680
23436
33186
10147
12852
50723
20569
44298
6789
42115
11432
65000
41372
21420
10724
34989
56768
16688
48124
36996
28012
50531
18208
28726
30707
8735
49741
1040
48486
66394
54888
44252
33452
8608
31344
26396
1975
56168
65849
9102
11413
50592
60857
55690
26880
36505
61958
53516
17464
66806
12305
34808
63276
8417
59525
62094
50189
28119
25056
66037
20800
27840
50380
16526
17172
17123
11253
65199
32039
64111
30238
33607
25000
51728
13760
56276
10194
26760
59029
31426
59853
42800
8797
48745
45531
27444
39250
35294
9136
36688
38392
4611
51603
59864
52616
50012
4452
18720
9245
25704
19180
49400
66464
32641
18566
65245
48570
10610
40084
3200
36631
34347
57495
57980
15091
52071
12545
17415
62628
19956
19900
57316
37828
55942
33464
25356
11736
56293
8030
32153
33627
43532
19356
25016
6684
7352
23220
39282
49600
17539
55455
38100
59548
20992
64801
34540
268
23800
29320
28047
42321
2650
48571
60310
26409
50307
60004
28593
25755
21740
36477
57075
29312
19116
32855
57950
27154
6612
21308
14774
47491
54225
15005
58392
2871
33780
7170
684
65757
42852
52914
32957
4097
47963
25418
39807
34384
4316
33441
42767
52303
40943
57918
7285
42908
65757
40367
28944
42933
49732
25720
29060
13722
23543
27753
27950
19079
11101
57620
48164
48483
19490
42838
24830
58618
54095
52283
21612
8414
11520
25272
58935
13704
25859
10944
29807
17728
57191
59800
57164
1477
53295
43616
6426
63029
8690
63071
22970
62654
28948
14384
51363
13762
44745
40560
61460
2876
63463
4516
7559
44305
29451
41235
21652
18280
64104
56630
44756
17755
30268
33663
12734
38957
26280
60382
3713
48636
8425
32271
13960
4692
14741
10317
67047
5112
58046
65768
1977
26256
67188
61194
13960
36381
14901
60826
24803
39456
5361
14517
50239
112
44599
2832
16048
43990
33983
725
46596
54260
6320
61020
15779
42279
3260
21452
58076
52035
46384
30506
19249
21477
8093
49790
52314
15910
49992
40170
64772
30368
64664
14654
6004
28744
57120
37120
11682
50411
58374
6725
34529
12688
30545
6640
66644
12480
33016
51030
20712
20360
17360
48237
44232
53897
34157
57152
44022
56251
54528
55324
51567
13392
4872
26080
22868
57400
60252
39046
20500
44623
19836
55590
39455
52858
67058
40148
8080
8586
49512
46717
49596
6984
40532
65319
27870
35272
55401
62152
58604
44723
65443
44907
15842
38140
55504
43596
55480
25588
17652
16880
13208
32304
6204
60224
16332
13844
28496
28588
6376
51936
31609
57997
28692
30777
22932
29235
42615
1724
13753
27116
23520
33760
58996
63160
32525
61362
57725
20407
39939
18783
9317
22832
1767
5252
61501
21934
37115
46854
36171
64646
36384
33203
20644
39802
46376
6705
36343
57937
29619
39975
10263
37353
46509
49737
15130
27398
65368
45517
50348
63008
6161
47559
30382
27768
15224
22451
2875
4314
14643
8569
10660
31725
3490
44711
43569
42480
38828
51974
48843
8012
19088
42403
8587
64917
35260
21868
50069
23344
52536
52271
30109
43503
61802
44626
24739
25023
4684
18039
30348
58085
21503
47442
37326
21875
22131
47061
63619
17257
19254
35023
12840
256
4978
12644
62140
28142
3260
28040
58280
49112
51760
10164
30908
46438
36696
25036
28893
10718
36185
29058
1167
38350
436
5027
43188
39481
50375
22249
53380
14350
17239
67116
14880
8605
62237
53782
55554
31050
44372
15031
35518
34427
63911
54252
43159
26113
47378
51112
66770
60433
47078
4602
63405
14759
22306
11437
40307
50148
61103
27388
40690
59682
58551
33290
18074
21776
1162
52171
42273
9828
41236
37953
45329
16703
39089
63702
62042
30133
2276
24495
12944
20388
5939
14692
31350
9199
30618
7961
52910
35275
36873
41865
37173
12569
56397
27398
44223
37029
51317
35366
21812
40885
32304
22532
19408
34696
62311
35740
27879
47163
10647
3264
2172
5068
12797
21109
4546
13285
16256
47346
22246
11584
42870
22074
46934
19580
5096
34785
53320
3046
21315
62665
40078
12540
10120
36229
15310
28849
50820
13368
7465
63613
21616
61908
38425
668
63560
34309
14281
9915
2645
4433
52439
54662
47484
29627
43975
18330
58843
9336
42389
66001
35058
33792
18274
5941
26843
54880
49231
10792
34308
46367
61024
46400
45697
31148
40692
11954
40788
54478
31265
43372
25133
18430
67333
25509
42199
17347
8220
61007
23012
15183
46309
48515
42208
4638
46224
5160
60203
27029
32427
21633
6279
17535
13990
9488
9140
63815
27573
37499
2706
52476
18665
16201
29708
47520
23375
29290
23064
41037
12128
5778
66965
30870
53566
12998
9149
39230
53648
28052
44940
58667
46096
33873
12156
36356
33148
38068
8325
39475
13184
11644
45376
16191
35014
52337
24632
8448
51932
812
12106
37620
6362
43760
1057
19820
47120
5298
17109
5391
53580
34836
43216
65508
21700
62276
59595
40188
67008
15460
50392
28896
34251
4942
5014
66528
46313
27372
28748
52328
38753
62900
18519
27785
3232
5160
8744
65950
5364
26516
9176
32960
20440
65206
63448
17862
36105
44612
50380
10156
46602
27286
40256
58140
36908
22592
42648
10224
17832
47668
9810
878
3579
38583
58141
31134
35412
51663
65142
49961
26136
52299
37060
13526
24489
1968
15392
7093
38374
27078
41611
47963
57334
15530
50923
25861
51292
56932
51921
45952
43252
48084
52256
51287
62647
6248
7969
32108
60988
15316
27632
7228
31428
63387
909
15865
27417
25849
16068
19531
54656
60008
20848
12250
17136
13790
3199
2966
1756
23751
12329
27483
50788
52680
31084
64552
57524
15140
14160
28604
23290
63915
62940
6124
29827
4943
3150
22694
33259
30093
16684
20780
66536
43874
20432
25845
39566
59907
50293
38885
34352
3856
31417
50960
30601
60404
55314
54515
55221
27099
50200
38820
61920
2559
45150
43072
26141
59360
9495
36198
41216
9499
35543
36372
12703
27032
2644
42416
5834
66536
65368
43565
34876
53065
7428
37273
14257
5242
17496
33294
54415
17184
32935
42729
17388
27000
29548
6080
19357
22435
12368
4684
6601
10370
13530
1880
17486
41807
60277
47294
30419
38093
65553
49730
23418
38212
59128
53704
6702
31085
15197
27772
40505
48264
43520
10736
60872
66637
38778
31820
33166
18480
57894
36860
39527
8889
12712
50979
47208
53064
36317
472
45133
29488
22065
24785
5936
42763
58539
66508
32232
53476
31870
9176
63940
44548
58573
38600
51541
44972
30392
32968
29780
61060
10508
57113
61003
45024
29431
36360
55838
60959
24897
62616
35568
19816
56446
37504
20434
22130
30726
16407
45901
9213
66160
19724
14193
6481
54765
13455
11407
9480
40973
23215
40668
62100
28938
51820
65650
28280
39497
39800
26301
25863
40152
15557
22732
29483
37410
54941
60408
23790
21736
45922
57116
59850
19972
16528
30196
3452
59672
28928
24932
28959
28243
31624
37320
36500
54660
40232
27647
49584
61636
65349
12520
29144
52720
27241
53666
12104
36186
60774
53691
59233
37113
37125
5197
64791
24037
2293
12444
36751
34020
11762
284
32782
36433
45158
13340
5288
37222
20341
30344
54499
54717
62115
44887
38532
63612
8328
15955
27056
44440
60977
66540
52100
35440
4660
39691
24668
60
26748
46743
52953
63500
37268
8654
24706
54184
28527
23355
32912
12476
53032
63010
61570
1805
20269
6544
55186
6153
1640
38688
32225
40827
16048
16607
49670
35914
40814
27410
62834
47458
42927
39285
62016
49076
7392
66384
38108
41595
59419
63687
56168
24952
4128
50226
67216
10632
33762
37288
3478
38874
16906
31983
35299
37035
26978
39233
37619
53423
34878
13114
55972
15988
37117
2279
47859
20333
57719
1241
47700
20790
45239
29299
19977
46607
2917
5100
36727
36929
28197
9606
14889
45062
11290
26919
13652
67297
24274
11803
9156
62752
64624
21047
22512
29104
50224
58513
13597
27526
36864
58338
21201
63939
19472
35984
50944
5182
12913
34023
29175
1895
15496
29824
62644
25140
63524
26064
36096
44981
45065
59617
42892
59585
59600
1315
61437
2727
53285
55156
15024
1956
31888
45980
13180
22200
38128
5725
12330
4662
57974
55848
50122
19121
54155
32936
58271
13363
46628
26608
12643
59018
38598
63177
63907
320
63992
59908
14554
66949
30124
5976
46694
2510
35556
1723
47652
28700
48297
33380
5720
57720
16067
3013
11329
45222
64666
30421
64707
4993
37458
48724
64474
26870
59620
18578
3168
50932
29461
46405
51680
34816
2832
59113
55212
49988
27148
30132
7934
48088
35532
58964
47912
36692
46835
4548
12502
60786
63068
38655
9700
21708
58720
39428
7838
66860
62532
48852
33040
48684
8284
579
19228
19552
13752
43029
37746
35996
24046
12613
38395
54851
59855
34029
30386
5993
7241
32053
58168
63488
64964
9560
20036
20202
9926
63473
41668
50966
1520
6770
47968
46722
32175
37118
58393
9313
50158
27654
17760
17084
54860
61724
51066
28400
65943
10594
3942
32743
46896
25244
37948
30564
10340
6324
49744
4115
59445
59308
9360
36931
54071
53782
15702
60908
60888
27784
44080
2690
421
16158
7398
60089
424
644
34601
58021
55168
25656
54169
59203
30127
2369
55356
1656
23048
42123
59590
43018
36661
31693
47977
48923
55886
35260
60915
28328
1025
47887
44869
32660
38905
31654
48553
16851
37088
21038
32456
31824
45080
5734
36396
6032
44538
63757
56580
54470
42823
36369
1119
6765
46785
46018
56212
56345
62222
11984
31781
33534
55554
64425
43100
17961
32560
33232
304
12532
22552
20008
41148
768
44520
47856
4100
19884
18677
9956
7117
39995
25284
63728
2712
49091
32625
42420
26360
43750
19147
33333
46720
18432
57373
24375
46927
30492
27500
56905
23944
60456
46395
32250
537
8050
25225
37720
11048
1243
14918
64458
50575
59276
37250
16896
28850
30462
21130
48223
22436
27295
56873
13871
65455
61099
63995
4275
40048
63878
38769
21517
32218
58230
17312
9116
19120
22708
52148
47480
14623
40720
39932
4040
57599
31589
61627
11162
45310
53625
59944
20215
34706
66555
47331
60425
45016
31440
60780
46703
37511
52508
64336
38507
4009
12650
40614
6011
52248
5207
12902
46584
30566
9702
10872
58400
59001
47400
62219
59553
37357
49744
56032
4732
58296
6780
33683
1066
46420
42438
24400
27920
13438
65021
29630
40991
64688
27767
14446
35998
41215
42362
26429
14001
45548
38904
60356
37871
9650
64275
21338
32553
2494
30546
11944
59426
51666
65280
34657
45844
7033
50136
35320
63596
15535
50203
49493
46078
4704
41408
65260
10412
41966
40472
1058
33310
55326
25206
67420
16188
27542
13972
7305
31645
27854
49105
65296
4870
33524
54950
59305
11699
50884
31132
22403
47723
59559
19935
65712
34505
17796
37925
22380
12517
55492
60906
64146
32268
20940
16195
57096
43939
31189
27790
57538
4768
50091
1045
27235
6017
54964
24899
33280
56445
66807
11988
34828
17479
4368
48497
13940
23975
13786
57676
43356
55188
27794
18420
580
32876
25933
34600
53784
56429
13308
31938
15519
23681
36612
44490
26468
29940
17243
8940
42442
66259
3870
46548
32074
59753
33155
22930
54280
10800
66678
24076
215
38734
29028
55506
64382
7680
11853
38940
7250
15295
24098
48539
56382
39309
31803
2619
25413
63527
57208
13448
62709
39717
28088
44413
41565
36802
63510
65096
1344
44391
55662
10427
2680
48447
27497
39308
14434
40008
40220
20081
28094
42768
27836
46726
61517
61332
20761
29083
38475
38014
48769
39199
27908
37684
61540
2853
50605
62280
11334
43736
42409
44795
62364
7760
26640
62686
3084
4106
45860
4240
53782
62941
348
12953
28465
33091
47046
14037
23202
32295
47024
53240
42588
49116
3452
27194
6775
41008
24096
14634
19244
6724
32367
51122
65808
29606
2376
53008
64157
67005
22661
2918
55912
11027
66975
62709
4673
7904
57744
29361
22294
16371
53800
40981
7091
8400
11000
9895
48310
13778
55260
12042
440
16952
5882
60139
21053
25648
32844
10156
25697
19440
2176
3076
66368
49000
49660
6120
18000
44522
5728
65880
42100
20180
57168
53780
13320
29620
24810
53940
29915
39457
64450
27645
38413
7409
1184
51790
15707
40966
55572
32676
39822
53714
10732
16237
13185
20084
33450
26047
40474
17075
30096
20819
33922
8603
23045
22481
57666
20511
4409
45376
39252
27389
4693
29668
47920
57945
27227
1453
62482
52337
17342
52372
43075
9437
46581
31141
19041
17208
17580
24396
15884
6338
59408
62912
22816
35700
23365
35961
14329
67428
25015
58408
53720
24331
6553
30360
17576
48531
65752
18069
23360
6629
59076
44963
30349
19410
5132
17580
66436
51816
19189
49072
49508
25960
334
57175
66330
9837
63878
67346
14335
48066
5730
30170
27297
65751
13058
28916
41974
19496
54980
21392
47385
64462
51440
58993
53800
34528
27881
57270
3316
20700
19245
4016
13026
5686
62568
61206
53604
34707
16832
15823
64845
6919
62164
46168
42480
3383
43000
32668
31304
30292
10717
8493
33860
6616
8924
7737
27571
18429
16264
4948
39923
53893
66557
54255
8519
35464
55084
15012
22597
58008
45304
25944
35828
66028
8148
22732
40036
22844
31312
42096
23500
37787
11298
61131
54766
64294
6607
54383
58675
17224
46123
66616
49074
25390
42722
15201
36529
5064
44834
66616
8716
64008
7308
60560
33116
11185
47389
48297
22250
34330
18081
63170
6116
46304
62788
20751
42835
31646
23322
33596
41840
12933
49069
9260
46194
41087
66444
29141
18400
59347
64904
13515
47892
34908
26328
59616
62260
34848
7492
19144
10898
59525
40813
8101
37259
67141
7344
51941
20
61252
9132
23200
46800
39232
44204
4024
2140
1888
21720
29595
23459
26607
41820
52411
19624
16689
7021
22456
30893
58933
7064
1364
56748
14896
22332
25212
16960
51518
26249
42276
47114
30380
32412
58581
7969
56807
6940
36161
22103
22055
49117
27320
48434
44290
32349
7477
4896
44511
22533
20502
62952
37340
34590
43965
44825
13788
48593
16653
54543
56892
41083
11862
40585
20239
6608
15556
48790
14046
55033
35588
66885
26757
16542
27260
53936
16820
51185
29041
61289
65325
14552
67151
63080
1158
31525
5972
65540
23340
62300
64860
6188
5804
47086
27397
10467
34108
49588
15360
47138
21815
1953
19200
48265
34395
46012
63220
38128
8119
13802
12519
61025
42588
20005
51439
25060
57580
22274
34883
29490
55539
27446
53350
3188
32905
42515
44438
15093
53404
63196
1496
29487
31027
62753
64672
7725
32632
66344
1454
15156
38582
40282
66773
63774
5513
17582
7578
22889
4408
31238
6219
40551
44153
14040
42698
8075
17615
51085
12309
53810
65350
20069
5870
53810
48960
56850
29401
47002
1851
36429
15707
22705
62455
23626
50387
952
39841
14815
64200
16475
38522
24865
43736
49220
26509
22396
53490
28859
33100
17779
6900
42300
11895
40133
47490
50327
43548
51908
7921
29201
45274
34640
11841
38201
22572
6620
60501
49732
8998
24805
24460
1524
52620
26102
8020
8904
12016
19377
19079
41142
43005
41960
23572
143
30073
62180
42679
51469
35031
19465
56640
65579
43392
4900
40241
29929
25529
20241
58676
21336
49141
56025
45055
26712
29988
4256
35800
34988
5052
38670
60604
22837
2446
48322
55297
35625
24555
24370
32510
43084
61646
53249
4128
9492
63477
18616
13436
47044
52420
39985
11502
35280
31572
27833
41176
6857
64331
9680
10632
43233
63874
50621
51832
14349
47183
42191
52510
1727
8108
13784
39652
35167
50084
18968
49444
18422
36664
22810
65734
57821
13511
31902
3961
26864
25388
10748
35464
62777
23231
4412
14982
20983
6908
737
10248
32460
48949
56293
44680
62988
14463
10492
48889
26204
46191
1752
38999
18720
27968
31903
42402
27270
63372
4021
4231
61609
67269
38268
46175
50209
21648
39079
47627
66728
57345
30842
5022
9229
17586
58717
25317
6445
23452
60772
12628
34389
59916
37579
33202
5919
41217
54127
55328
15880
62485
7200
20616
42452
4397
58780
35638
50979
39260
50684
63376
21220
57976
61980
40912
15296
61352
49372
37867
42630
63312
58775
4367
21290
60353
24780
19720
588
38848
1666
56991
8476
17884
9120
30858
6076
48439
48020
47585
47852
18344
22444
42240
14638
24876
25912
40438
1069
59138
66099
26756
36450
43596
9052
65562
5149
50760
17458
25131
8645
27916
55741
43930
45186
60193
2144
62974
29008
63212
9828
23995
56490
2847
63562
50572
63470
63959
49673
19221
22425
18526
62280
13118
3706
1767
43457
9555
996
4415
54996
34595
63380
30828
30984
18545
67042
38392
56213
47528
22308
45063
3892
20736
13648
37379
66072
45474
50275
44001
62029
39416
38683
63066
62725
2025
18322
66520
49968
65776
23476
22972
27680
51059
17318
62306
19702
59410
14453
37881
66458
9641
10456
16111
225
58130
19340
45028
49195
15589
48000
15445
37168
50912
43541
18535
63105
65010
38043
57211
12618
41709
4131
40594
11908
2565
22508
18266
25628
8076
43698
29591
7387
42820
26052
16917
59621
50367
9062
14785
12317
29440
11762
5566
57270
65455
3118
3497
11328
40112
43902
46584
64225
14605
26176
49787
16139
41450
16361
32881
54435
28317
51720
50007
6413
17212
976
60836
53177
51308
9560
60381
34267
2564
52906
10656
52960
47300
34724
8309
7471
39927
37996
3957
46668
34205
35743
67314
64416
26220
62446
4921
61235
18995
37310
45163
57300
21096
14095
25388
49641
21348
49981
51124
52624
33012
27556
17016
2627
27348
40033
29761
20959
51965
57860
40269
61216
51660
63828
36856
58927
39500
36072
42408
19163
34844
47952
30284
59140
21112
7600
40268
32900
60640
22681
22988
12456
1275
37236
10627
60207
21316
53256
34879
8263
8560
22319
45380
65484
20350
12191
63645
15936
38098
51180
4779
5995
12155
1304
3990
17343
49361
13644
4726
12936
66372
32446
58552
62398
3846
20003
18849
23930
20195
45613
50520
6944
19420
6225
36544
21319
28754
46928
35324
1975
43496
5616
14404
33567
27320
36578
61153
33010
7480
64293
60900
9764
27892
4245
45498
10605
19739
23134
56262
21808
23762
23073
58415
12163
12564
63920
64418
67400
30875
51295
41699
44336
35911
40396
12355
33796
28176
8235
53080
15515
44510
13114
47620
9505
20870
65003
10210
31461
61124
1989
10919
56654
58040
30968
38937
56298
49398
56392
22221
45391
48465
35714
11680
58872
59036
30430
20472
60746
50800
51169
19728
27496
10328
59006
14245
60855
44440
13163
4924
36856
49198
48213
24837
61972
26352
65274
12955
16337
18022
8495
59960
51512
20576
43887
47364
22275
32366
52865
60521
21885
12368
12317
36140
32476
10914
32320
31887
30210
54472
24016
20571
34390
20588
14713
42545
65780
2097
49045
60204
48760
41804
20672
55671
4920
32980
19907
37763
54613
45837
48405
11145
47906
30800
45153
43115
4896
61224
31019
4812
37620
38901
61796
35276
46576
10748
14792
42529
55587
10056
56100
37360
3797
61312
43440
24251
5947
48351
10096
64781
65444
38124
15766
55140
47038
1140
33314
40400
58995
55990
5236
59000
55167
54012
45700
14081
62154
12376
25946
27093
12052
57184
11013
25906
25023
49589
36234
2016
39985
36046
46974
60956
36409
40141
32348
62409
18485
45784
45876
16366
65202
49864
47518
13656
31820
25140
48194
66520
11495
17858
15177
53843
42638
15327
51833
14661
54770
9765
51027
14089
10905
25607
23528
28815
4562
21803
42368
6760
51100
18624
64685
41874
13745
58182
67416
48827
29453
19238
23468
49732
784
15165
22111
50132
49065
53630
22826
25077
65342
38976
52881
22730
1867
1082
49632
45530
18929
26914
36056
17888
46192
13792
52000
66260
21048
15670
34132
44102
56962
57499
30686
62542
62952
28777
2020
24576
30533
59837
41811
9936
35554
45438
4135
13284
2658
18658
38907
58144
776
33482
1926
21930
65641
7385
20029
61149
25512
64903
2857
17257
36920
23510
40324
40832
66097
55072
63922
44009
7917
65077
28505
54842
41967
52414
43359
64985
8004
4932
28213
35314
47347
22240
60320
43944
8424
31031
54564
813
24075
5964
14112
31968
46082
63853
48297
63388
10304
37644
63617
43980
31424
45484
13476
54257
48188
17873
61748
51044
31021
24003
55795
35987
56959
49612
42588
63092
60070
56670
15168
39895
13818
12505
47651
41756
1604
15490
32355
54124
31844
19360
42380
7612
56524
66888
63654
4384
51510
18414
59266
28278
2273
35384
17401
45716
51626
46481
30016
12501
34192
53521
11036
39699
1787
49695
54770
56207
56005
60458
11876
47953
13815
46579
45092
29110
26352
48116
23720
57491
54400
29164
43131
42342
40336
25229
61195
66579
38310
27905
546
5560
8846
2064
51661
48420
16385
29679
63247
27654
12427
53041
50829
19722
34418
21076
31575
3767
6691
37445
48715
44002
19698
6732
20012
27206
29037
25448
28952
14164
14847
18585
36878
26380
47789
40554
67196
2339
23661
7056
67279
13382
52681
57227
45563
13645
58687
27486
40720
43894
10377
14093
45758
25925
35419
63482
4338
55092
130
16329
22608
50320
8040
64160
10294
4129
34584
2105
59560
51015
8221
31352
56028
24328
32607
62469
47402
55541
4227
42810
43052
63794
42895
40345
57428
45348
42987
64836
34210
39500
53999
46996
18945
1680
38112
16781
28992
35049
62016
62566
43951
27103
36930
36473
44549
33893
25697
48185
42792
37736
19115
14415
43687
61889
4178
56702
25378
17844
50783
63281
66875
46582
14715
53866
40104
43594
25256
25079
48365
33897
8409
17260
6224
53559
59502
1208
64263
4606
62616
41268
24340
16600
49901
52913
40216
62383
66474
39753
5351
12335
11808
22624
22612
37744
58716
46619
55027
47064
15708
13584
36671
37356
24390
20824
2640
39759
28052
52384
26207
33136
17816
29516
38400
4508
54060
3812
12354
17815
65694
47056
29904
56468
37381
66885
34308
8961
34137
46774
15549
53870
47718
49521
11812
41242
43451
3944
29011
53764
66080
37157
18524
4647
42147
14082
40733
5220
2590
13735
13506
9500
47646
63587
41863
49655
2980
3527
47183
33929
46197
11992
56644
53512
44951
49184
26704
59220
55243
33556
15161
41455
31816
18055
30355
53537
27468
16580
3416
27748
54113
57296
23117
57260
37562
50696
52507
26001
16952
25516
6064
60940
29362
12463
23054
48088
2068
44700
18731
52533
17188
26735
34418
62369
3948
55854
15058
53350
23937
14659
6048
20832
65243
1948
57900
34764
5275
67413
27468
8202
66759
55166
6716
16669
62476
37663
3301
32225
11085
20647
6528
12104
21712
47412
60989
55616
17294
24867
23207
48135
53692
28130
34820
44449
39251
8394
41274
29736
28501
57696
20276
44400
32244
34696
51711
49124
39252
64863
27720
42811
56686
49775
270
30655
18910
11739
61616
16820
24777
42742
5778
14302
11315
49290
38880
21385
66889
21951
42005
51642
57835
56
17604
10449
29341
62680
44092
1333
34947
534
65675
27640
50718
65840
26496
9060
56915
27584
60860
51340
29129
47117
65900
13727
30860
53692
44736
50742
11571
33737
9451
1575
46030
57056
17245
21684
35482
47449
43440
47540
11632
62594
8539
57203
57061
61121
22436
6248
53181
57176
55617
33560
8761
38047
5497
46548
32072
17755
27982
3450
33845
5379
20145
50299
34502
37908
3746
62420
29963
12113
50748
53342
32849
61664
29452
28437
67032
53897
65589
39270
22538
15378
60234
44400
6179
51160
27315
45408
51540
16225
28655
25330
22982
51931
4885
60698
14074
19290
37263
61578
13450
22585
40755
30580
30190
2656
29280
25780
26213
67251
37844
13512
8676
41341
36779
2011
48237
5962
372
20443
54608
54073
40732
60016
40444
60083
35003
44356
65857
60605
64604
223
25181
41000
22570
46289
3160
3940
3274
62420
54997
45785
16530
41920
25532
45238
54851
34632
30639
4864
2628
52052
9940
25108
3663
59520
16124
8568
5664
21632
24180
55068
41284
37835
48947
54892
24315
57548
53338
57177
23337
1056
59620
18969
6447
29280
33110
41535
60100
47846
25367
42369
5366
3100
33630
32020
35635
44560
40469
33665
26313
46545
13301
35194
34413
6271
36344
50251
10768
21005
52079
50835
39633
32363
26977
4536
7394
62263
2580
32592
6885
42769
14853
56314
29249
22888
20961
38181
61824
42403
17604
41518
8975
16483
12792
31272
8855
22672
15161
44841
40
22201
51325
36356
974
30480
3062
3937
26281
4696
17680
59504
8644
44588
37872
33983
9680
33860
15131
36318
55288
42572
12832
51172
41067
46512
10148
52800
26019
7712
46646
48209
32481
21216
38182
30526
286
57119
44560
29736
3760
29080
3847
27136
18140
18342
47040
63624
10524
48120
63452
40873
58920
60664
49215
15418
21056
41472
8575
37589
5995
28882
27151
15408
66656
43084
38695
7305
23564
30628
18601
1316
40295
14693
23419
63061
2595
20044
31631
64232
46107
50819
9886
7372
61512
8243
37267
42203
53594
30835
54500
39399
22822
11870
1358
59367
10196
30751
22377
16059
36644
5324
43800
37072
62685
21364
65403
14324
58364
31413
16815
63595
33499
50790
65577
53014
64869
51778
34743
43918
3874
45423
41630
36640
44380
63080
35034
26195
61544
19614
35219
30765
44496
52014
28955
39271
58390
46768
50629
16999
43860
41202
11837
14608
25107
44560
20640
5222
64618
35880
43795
20964
34835
51144
49424
17324
44471
41389
29004
31500
49688
55664
52760
14141
46253
28203
40630
7863
2562
8046
62748
34129
50622
35823
1262
1802
57671
39868
8939
4366
45500
42359
18175
18045
13996
58534
55545
10214
35979
19055
39218
19494
18091
5080
12104
46518
51610
63121
43460
46423
21217
36160
27051
44375
34148
59075
14540
12686
56965
65084
24255
31890
58233
33442
48043
30584
30690
42064
12553
57597
10633
67020
49843
11233
66556
51112
14243
55154
10631
15332
65607
16225
62905
49323
59093
56888
58910
48194
31342
61824
4860
64542
8480
36632
6508
56668
6458
38080
4206
62106
9444
36768
58921
29032
60709
58634
19332
52088
53073
14765
57038
22967
10101
58447
43656
28009
41343
20707
42808
55724
26833
62172
55076
48656
67192
1201
31855
31077
1617
28370
56152
61319
3670
2845
55360
63240
59700
8808
11784
46664
29937
46476
30032
37680
5356
46885
22518
8072
6194
5992
15280
44461
36320
38945
59832
23256
11932
26136
63340
54753
44452
49695
1524
42405
51455
45474
19183
9557
44445
34079
511
58549
1359
10099
28893
44432
35860
9905
5408
16628
6491
63661
1452
40436
38330
5383
66184
36759
51139
64848
58049
14097
9416
24208
54368
13910
67239
42002
29257
9309
12140
16770
8816
19690
26191
19624
40901
15556
40873
66884
64786
50777
47786
43380
59372
56940
21752
8212
40440
23060
38033
4610
37631
44060
31511
23397
12621
33844
3344
64220
51906
13801
16878
15838
28582
7232
10132
37770
1602
31501
632
22145
42160
48765
36579
59985
11770
50000
40615
22368
55684
10709
13145
17738
32193
17301
29735
44017
57425
46800
38380
34914
20316
31610
38043
54497
39721
17316
3024
7160
5384
33189
61163
18125
66427
15840
63157
3036
11576
46288
15157
27580
49800
54880
24363
30488
10039
48792
9332
22061
58813
65264
28571
10711
49326
22056
44913
57800
34016
60059
21140
9320
8290
39184
6080
22692
21602
18580
55660
32929
60380
56164
13843
49535
2088
35925
8400
1580
36660
63640
23945
32520
8220
40222
4545
20207
40630
10410
7046
7780
1326
42175
6827
60366
48011
3067
40862
66315
65055
26037
18494
13642
28390
45703
14163
23216
14038
46781
26272
47407
46188
30855
51741
51224
63388
23321
8555
45913
13290
36649
37932
31257
65456
61343
26095
23929
42384
30433
11244
59553
45371
43544
47387
21648
17675
50119
11651
29876
23001
19036
64820
9436
43540
38072
39676
38154
64780
32924
24008
17804
24716
57705
63326
5122
21485
59257
45557
5088
10520
9018
44558
46837
28476
25999
55914
1188
31262
19277
49728
1707
64140
43873
30652
28616
65338
22046
53023
59990
58432
32456
23684
63184
62487
17497
41668
2365
13421
49644
62764
17038
64080
22999
24720
3220
61933
10702
54459
39537
33088
55939
11494
13357
17213
65300
27880
22394
27538
5658
54639
58272
58152
57470
58337
62402
11545
50371
56694
42700
10475
26376
59086
15371
7050
2059
53079
64378
63755
2084
22463
25985
62087
8948
57626
27779
53057
7060
23552
65994
59836
45990
27441
53490
60091
40903
35760
58188
10526
1168
28032
32479
62543
62354
32090
13244
42440
5562
48365
58933
3442
26144
25024
12908
23080
24356
58858
56000
7987
54235
37900
47494
10820
16136
10494
54710
66966
54825
54005
29665
4164
29490
14890
45068
52302
1342
5520
2588
3615
30700
35465
19586
49612
3592
21736
33538
42547
27910
52756
49754
39678
16472
54788
62480
11832
66596
60083
25747
8236
9021
64409
25505
8090
36560
877
51962
8531
32727
22900
21015
47416
4923
44962
42380
40275
38857
54850
29080
33820
13323
65068
59660
2088
27219
12134
25305
2032
25994
30155
21923
39535
7272
16160
724
31345
34162
55002
62331
58087
25589
26486
5296
40671
6645
57970
7549
58402
58094
1923
60468
11181
6534
56110
22977
9446
63579
39877
39065
59365
1354
24706
6403
12738
45376
39400
53812
49260
13336
56873
22377
36450
62044
11301
55654
18436
17083
57692
16857
55214
48354
37988
43405
6267
4111
56180
45917
45322
31306
62793
32505
59688
6954
25313
55576
4022
44885
4184
59079
8575
54677
30830
42212
57080
46649
62701
271
63167
44604
2284
7312
4722
63354
63864
56818
65584
45348
4232
48940
64966
2349
2660
45773
35422
15862
10760
29732
18996
4116
35472
59633
50772
34077
33703
65566
12526
39121
55056
29224
20580
7126
61829
2087
60760
54878
1971
33791
67458
30847
1675
10614
49172
52878
5189
54440
19692
24924
43764
11725
13237
34408
4377
31424
7765
8440
6271
24040
26298
60733
54037
15808
24883
229
45584
13592
53637
32255
39276
5392
39988
39176
2532
23264
56020
17200
13626
11369
38246
22163
10324
40028
36376
10145
40236
15145
15988
45847
53736
4075
56892
42659
40043
740
45027
28006
37578
53340
55398
13816
65909
9317
47119
1628
34396
3269
52730
56820
44378
7451
57976
8420
43499
64504
12044
55768
260
65805
43764
14264
26352
56408
15500
744
47944
54840
61656
34851
66852
16728
56332
44628
51168
65252
30592
5556
43924
22135
32822
37621
8373
32684
10900
63028
41482
19947
54570
25041
56139
325
56533
15770
5297
4962
179
26753
7728
12581
6719
1776
51984
31230
51624
12363
7491
50210
39013
48772
26288
317
30648
54521
31556
23462
46780
53007
12863
60095
53616
16104
41510
23943
50999
56420
44971
52680
1
41767
1101
1797
40027
54746
3911
19175
51000
64632
65322
50093
45791
57438
45808
39093
31781
28507
16171
54548
59912
25837
22717
61384
44352
58928
57128
31765
15699
41335
10561
3182
45897
27892
61120
20640
21740
45252
41044
5859
2897
10433
67304
674
60901
19369
38994
33540
34521
38497
2351
61942
28130
13929
41016
25980
55832
48218
41822
52309
14547
21928
61470
49467
10900
15988
13182
39625
33792
30141
64562
2108
5062
52068
22083
10868
24853
64136
57310
20540
24168
43368
36230
46427
27794
33065
11837
58747
12711
35170
25132
49719
34868
13608
31801
32260
58579
67361
23752
52891
3067
2386
15598
26172
9465
55561
55280
12064
5536
58840
52452
12512
37038
40704
44724
34406
36056
55056
8616
44570
12037
11172
21565
60536
51728
9944
8941
57915
23853
28031
84
55364
4884
42580
42853
7668
36456
19476
38539
66120
8540
58100
43279
36899
36903
53500
17128
24830
11760
7658
44774
19323
20769
32578
31120
43177
40885
14525
26242
25243
40609
57306
62059
22298
47272
3681
24844
25302
42063
36794
48934
12772
60044
4336
18956
589
61113
21793
51662
56828
55856
15639
23925
45604
28938
56280
31235
23519
30747
58150
9150
53380
28152
30803
1103
66040
21777
24896
20377
19842
24657
39600
44444
62562
42669
49256
40282
18428
31040
9164
30607
54383
3060
47984
48196
45247
55617
33304
23354
11160
5313
54113
24032
3580
37522
4312
32208
30548
2736
9056
55412
34961
58123
67145
4452
39996
20996
9069
49833
36196
27850
30094
43767
53390
45000
21006
38948
34519
44289
40232
14276
45955
56480
21788
49145
8136
43312
64496
38100
35040
2633
15560
16884
59544
49941
13776
60200
10806
1587
44229
14411
30189
27666
22769
1682
53636
50785
52353
11088
7643
35941
40874
3980
32503
57511
2373
18846
2521
15000
43864
16640
12691
47647
24264
35433
28024
31737
41664
53091
59956
21508
37820
60160
14576
51972
20310
7133
61452
51084
63260
63022
14409
42598
23820
44424
58262
43780
24119
55560
38714
27672
18234
20412
44988
9836
13532
4160
27178
62931
14548
56125
31570
41840
29479
30079
39169
55750
59314
27244
57002
63978
32204
31445
15735
796
17605
31461
36248
13082
60499
55060
2759
34614
1863
23739
34076
27452
13677
64608
51540
23457
25041
62006
52679
49899
6099
32392
54567
63411
6143
10028
18654
18736
37279
27025
40127
40230
47453
51110
52508
27476
47520
12327
14488
24332
9590
45256
30592
52252
36506
20136
22793
140
12150
65436
36640
59808
51408
25290
7972
8921
56730
54681
23140
64910
39606
62435
25610
61628
62844
50010
11598
64536
48188
5520
28443
58904
58465
23760
32544
34070
24885
10700
45248
67016
54592
24916
65144
4456
48470
7340
26534
44956
65080
44360
59960
13504
14300
54580
43455
48180
2837
67134
26975
26560
56190
9715
10775
23054
17416
6744
15632
59140
42192
3720
36820
42685
59862
12938
27125
48094
54965
44011
34262
57255
53102
47085
2488
26477
19177
58464
55734
66546
34357
6722
49753
20951
2198
39506
11976
22060
21134
30616
44645
4220
53791
30120
53058
54928
52072
16263
17399
27996
24713
59246
45576
1263
39982
13982
10375
14116
18346
45495
5851
48323
22222
4521
8324
57984
30077
66452
57812
26730
64298
45514
38632
16238
34317
34985
50369
22614
60365
14486
9931
34652
20348
32484
5596
13704
40484
65211
16796
35233
65098
66817
58188
52300
43820
49436
22962
40099
9032
31388
25923
876
15078
61340
27634
47948
34700
37209
26669
51902
60640
25660
51363
53123
22605
50823
37020
35276
43880
10433
56782
62812
29141
6004
6878
27208
2465
18300
44818
46390
51670
23425
46440
39238
9094
24883
59330
34774
38943
17659
13461
2516
43000
51820
3136
7860
23788
19768
62959
516
65544
23127
38480
9243
56350
22855
43516
64248
18866
37873
41409
64830
48490
41256
12707
8510
67303
50875
17816
61844
20592
50420
33292
20776
24168
63199
17721
28632
23200
1841
65905
17507
13548
861
43225
58380
13439
13919
62757
12293
51981
23845
47516
26500
39755
43694
25268
19075
32232
21325
65001
2779
1073
32297
29364
63812
4612
59828
40382
18906
15797
27800
53990
62405
51742
35165
52778
40436
50892
61285
38852
44068
53180
39048
32996
57248
29418
62264
6272
38756
5838
51887
21729
66888
34662
37424
61311
39914
67265
66969
54397
57237
1368
59424
769
53955
45222
9981
17037
61590
34315
57409
8437
855
65252
55251
21902
50371
63753
29022
40332
64708
20850
29668
57076
4240
31436
44536
54484
15252
51913
17862
26198
64998
22512
23110
31400
40163
7927
17765
989
9692
47740
536
31210
25391
67200
14000
9510
11448
27536
42365
23388
46364
39724
38622
3784
1213
7160
55896
27548
1024
7216
3625
8319
32354
2775
18785
23570
25140
13449
54796
26783
15067
47499
30419
26908
10891
18599
41599
54518
8363
31442
26076
41060
59420
3189
45800
22480
59359
13151
41080
42501
54776
30740
52183
56556
6852
3345
64255
29
21420
46165
58505
40614
33239
19880
34656
18511
67383
8831
64058
40308
4440
6260
17572
52037
48067
1347
39200
43151
501
19608
359
58804
33894
59081
50937
64872
29104
36620
9432
2880
14866
25308
32783
33100
1622
6365
8240
41380
600
55243
36698
61280
23500
33156
63759
4266
32041
25944
6863
33502
53631
62196
47799
42068
34632
36496
49019
58142
6598
1148
58809
2532
40370
20513
57789
26986
11194
53000
5776
25812
50474
61355
18712
4485
28200
64792
58324
4600
15768
10004
26994
45066
36412
15420
10871
17524
15337
7035
12368
40051
46491
3003
41488
10636
2428
2774
9334
29950
43200
732
35559
27350
43624
37261
6038
21574
1285
67392
56100
31340
54904
29982
34466
50309
16053
37771
23720
8707
29058
55360
30109
45072
10536
18864
475
8160
19591
28244
18936
50492
62453
11153
1197
38757
65632
7567
57601
2461
40050
56616
21456
2104
9685
744
52726
64020
54087
17076
30696
6431
33598
11580
11980
59928
14388
21088
55596
56474
23180
50755
8079
3428
13612
44300
25084
48895
51908
30105
29387
26330
38179
35731
55997
38505
50775
67329
12594
8233
67154
5524
8125
45398
41029
35913
62696
236
43442
61814
66722
12828
49073
28942
51487
42736
6804
31767
54344
52749
41637
3707
49341
37697
47438
26976
31152
27156
14765
37976
67009
58906
65986
55748
49664
4312
21224
2227
30896
52884
13227
2868
35651
56377
6282
42727
33460
16440
23164
29722
4286
62000
8565
50525
34468
37417
50524
31182
16395
44423
22886
61203
51241
9655
6685
53492
50316
34860
7245
10312
47188
39164
32220
30236
5368
39650
63789
45504
53043
43656
53712
6225
25318
48364
652
45063
54035
14838
66550
33247
21164
1848
32860
32124
35459
50696
56850
19677
49901
39636
63158
12170
39564
24664
30472
55497
50067
43877
58812
4575
1611
62859
59535
34423
51042
47511
7047
20740
16369
45160
21880
45061
61556
36137
29318
27640
58278
39075
1296
14112
21976
40304
62520
66980
50000
41452
57992
27980
15145
4456
3300
18423
4714
30646
13164
30833
32885
22068
43692
20724
49536
28541
20032
66961
38180
50504
2620
18376
33312
54624
10285
54509
20100
56072
3145
46518
19218
36596
2977
27413
42861
55690
52593
54065
35759
64280
46965
20820
11467
1959
33977
28144
43738
6969
64924
18141
47715
24672
6514
36869
18365
53549
62016
63560
42942
58973
27493
40386
16394
51779
22237
50199
18261
45335
34156
58218
47056
26935
60901
4687
50043
28297
28893
21848
21138
21309
49994
3717
7130
27435
8075
36452
27686
59810
22230
35352
30420
41154
14020
47314
31675
41265
44877
12590
4109
28890
50570
5524
64649
20091
18360
13272
28151
20772
57982
1039
46825
12043
62417
65836
49580
65051
54024
60683
45459
35999
59144
26782
46650
34884
41817
57064
52420
36931
42752
57432
40707
24138
5644
13748
67226
30729
25597
50671
3848
55167
19662
52097
4315
33398
11144
36378
53657
40730
17280
60787
23102
51298
8450
65965
34429
17880
22727
37156
49084
57922
31975
23163
56190
39880
14492
50791
9423
27064
30981
43700
62116
14908
15503
16905
63366
16455
41780
30786
62072
34200
37346
39356
18340
1568
37855
41449
6117
18381
42408
15764
37240
14117
2684
23454
14476
63760
23672
18092
55712
25966
52523
36547
43273
40274
42248
59096
42123
30668
1955
65101
67440
14588
10524
49408
14496
38540
36464
756
46140
12000
31556
46675
4904
60210
6250
43935
16290
12868
32876
1927
11600
2272
48833
23068
176
51572
53968
64856
29652
59524
35216
47095
46008
11710
55030
41296
29856
65114
58660
9008
38208
48524
8627
60693
44302
4152
18752
65749
66422
17949
44887
28606
40194
32412
63074
33313
18478
2081
63590
28605
2325
59740
66000
25836
38960
30780
48185
3608
3636
60996
21008
17544
4696
7204
14308
30804
37627
49468
19214
16157
43364
56199
9908
55852
59210
31939
51295
48540
39840
24561
45774
57819
60264
32300
12417
44056
13174
11749
2991
26532
13253
63445
36245
20720
13147
63196
7460
29549
59353
3182
5488
44985
10009
33576
19944
10809
59722
7234
17008
28053
1273
53208
15585
41900
42940
8133
47261
21917
20116
65118
22238
64350
52184
21004
29032
450
13128
46435
10426
40840
20510
2299
30106
64388
59041
62681
13169
42564
10521
25908
63516
6861
33147
46085
58425
17008
36680
44715
21912
22065
14776
14980
48676
57892
40512
56300
54358
55408
12729
21494
51640
32960
34510
32903
59457
2889
51493
61657
60007
22642
43028
19224
64717
43650
46320
53360
30244
20276
49188
31686
32564
877
58364
49264
10070
22780
38300
47496
63704
59020
2872
28992
62066
13599
50918
54290
51660
48280
36719
51760
36200
21592
30712
47360
43660
10437
58015
49670
35055
8345
48119
23975
37340
34937
65576
26420
64133
5099
54475
34364
6941
5505
22299
61476
45011
37177
24947
16025
39995
55089
36195
9946
15011
37208
14826
16354
12509
60537
29311
18020
48023
52084
17891
63897
18934
62999
55135
1848
1147
48480
48289
9148
14267
56042
27799
21191
12494
30364
29738
3620
45306
32577
18244
46899
58842
745
18372
52351
36856
25828
54045
66635
10140
21313
51884
39595
16043
32644
1412
64138
16340
17740
8916
46699
22920
53484
49427
32397
37536
31756
12664
56887
34492
27087
39049
35950
19764
36781
53088
34951
63072
1131
17576
29604
64945
20120
21535
18414
47964
4448
1096
62970
26333
12344
10932
11039
49572
23148
3396
55053
11132
33653
7480
5020
51960
40974
5543
30068
24650
45050
14372
28560
8390
12916
41362
20060
6544
11284
13152
31356
63787
54518
560
27005
114
26711
22811
65976
11640
53608
44040
13532
39166
25649
19809
23735
50237
57291
60165
54612
33236
29139
3694
24364
29204
5113
36282
14937
27218
31880
7886
4087
33432
45968
12927
51722
13784
25816
23757
5460
65563
59717
45542
23325
674
50828
146
36235
43109
57346
46893
46904
59944
40444
55013
53398
34388
25450
19984
48422
62040
66717
42548
17724
262
431
16025
54106
48437
56949
60833
8518
46836
461
36393
20208
38426
35382
52252
50415
9611
22480
29442
14725
66140
29060
48628
6618
48630
31067
65068
13263
21519
11904
44515
15992
58880
34532
4817
63752
38852
30196
5937
6144
14975
7453
49844
22628
17192
29577
65470
4305
15876
57308
15097
40248
59441
33527
49612
7280
2276
46488
27204
20228
19073
44466
17759
15941
42060
17737
22237
23140
39421
61613
21584
45888
23353
45981
55704
4027
32508
15292
52240
15917
33182
46206
61323
43710
11509
2307
61081
40289
23731
55327
16757
52324
27888
10247
9660
65998
49400
1676
4900
45041
6599
47840
27876
64350
37656
31284
1380
6934
33225
52206
64030
7944
7708
28352
14837
55341
29084
29428
31375
15944
14053
50688
64681
283
62087
2859
58909
9800
26027
44172
31613
46991
23665
49664
50027
57611
61367
14342
18223
44108
51360
31996
2800
48616
37405
63391
52389
30438
62401
44608
59829
4495
52913
33261
50488
22087
62633
20856
2028
3654
42811
54176
60361
50062
46660
52772
44714
44229
60260
19108
60819
26247
56728
4522
56743
55760
60083
17540
66305
3122
63887
56932
46893
10203
38891
27160
25948
7713
12660
58585
5597
33425
6515
1658
18150
48548
45860
49815
8873
45105
54874
34617
66040
29423
47567
17358
13643
64592
7393
29641
27821
16958
52800
13560
6540
4299
49604
33262
3199
31771
3044
42349
9503
13504
67294
62664
55621
58692
12693
9708
44437
40615
63325
59125
17443
3772
26250
16975
12870
8072
40892
4506
59183
76
45240
64912
56224
56808
29622
2238
59636
10236
54557
60041
3104
19888
6264
49942
16124
28468
18707
25761
3201
54340
58644
10964
28931
53302
13085
25343
4723
63032
32478
37673
19600
11976
9249
44204
26612
23075
38186
28445
25860
39550
28164
56810
57120
4242
20001
65547
35526
54037
5444
44177
36482
22810
46402
9101
62621
33838
52087
921
48854
43288
9520
61406
55317
65080
8842
6390
47559
52758
11687
28717
29399
8028
21955
18294
44
22460
43036
41707
1705
33820
7694
62247
41388
62808
57720
23803
22482
55777
31864
47699
47248
579
47750
56388
15095
56855
26979
43349
57900
32391
21740
17399
2187
60941
35685
13403
50700
7044
57612
19039
23620
40020
25188
34444
43765
28691
24562
8736
52043
22967
42685
7454
2307
39230
55100
61792
27420
11695
41412
52796
35908
42004
34075
32970
24848
20536
1430
57521
13778
14991
9827
48775
32954
27458
50775
36472
39380
10554
41696
4064
17676
38511
25629
48086
5134
40821
37864
49097
65353
46062
60433
51744
53196
60136
39618
49726
26708
8824
60020
61076
7947
36492
31732
51496
23492
14160
43572
54687
64848
61181
28861
16673
66942
26746
47400
18831
55133
51967
63148
58798
47203
21123
14316
36440
13823
55892
36605
59756
63092
25466
9096
33174
56165
17840
10807
51767
25670
50768
55225
33569
49930
28236
43036
48114
22114
48177
51989
23490
54282
34181
9074
66225
55463
62149
60594
14396
15155
49592
51327
30257
47417
518
10303
39847
41064
66455
10821
2476
21143
46848
22300
34140
3936
25880
46438
16756
65123
56444
3964
14764
36106
15972
35812
60271

