42084
3874
30680
12116
10580
36168
33675
7016
24353
36155
9075
32375
38184
48233
7105
11994
2051
35065
44871
14317
20511
39828
51047
8639
15308
6015
44022
23606
43716
33571
19425
8581
15782
5462
46967
46677
27857
13096
19418
51667
14828
39962
3055
54975
51850
51136
29155
5230
43783
13437
44739
2088
44400
16952
29145
40926
55179
26490
54544
42084
35442
6330
17671
31538
12830
37539
8704
41571
30552
53184
37680
12632
21806
26372
6330
12928
30863
18590
7564
42224
43082
39052
10388
28083
3328
386
52510
4746
21249
47436
9992
31271
22668
3978
34286
22158
32033
50751
27011
2434
32142
25359
53090
20822
12304
14304
39637
25536
26238
44354
49658
3315
614
8213
7050
50444
37644
8080
11826
54802
52426
30286
29107
49628
38078
44706
31768
34407
11852
1494
40021
27489
12280
26270
8932
7083
39824
7590
27650
38202
40158
42081
55099
33607
46918
10656
52795
52574
47072
22003
50988
52802
30869
32738
5137
5126
402
35549
27972
43577
4002
41312
8155
55600
47235
49324
4380
46880
7673
25945
36096
146
8034
19293
29969
20935
15418
43293
21235
48380
13658
46706
2018
20695
1175
12323
25124
17384
15434
6659
50464
56157
11405
33717
29968
29952
14325
15713
41476
29894
38240
5097
36692
921
28294
36112
10766
20938
5823
11336
24251
52726
49560
47535
4184
32938
7151
20201
7387
46498
39546
38523
47525
13842
54840
7995
11558
38024
35198
7984
49801
52971
40110
44463
50092
39838
7690
56060
33022
12741
21830
46364
23400
47690
19644
45798
22240
31704
19832
30638
50848
14244
8178
33500
55796
14854
32390
35194
35679
34568
48504
51449
35121
24110
6281
14231
47649
48867
8918
52900
44687
43390
9452
40023
33076
17272
20994
20980
51636
13216
28282
51533
49200
20149
37384
51588
34614
22601
48334
16562
53022
39721
43136
4753
28578
10282
12214
15736
32624
9210
44294
38653
32702
32583
55274
48531
6951
48619
2948
13518
49946
4396
50302
16616
50882
13547
3456
55003
48363
34402
8241
39272
762
9981
1584
21224
15214
18991
14102
33130
13804
8900
36899
9255
48882
19568
25086
8714
53258
6374
42228
25318
36213
17379
19949
18483
40597
19978
32406
4952
53374
35986
43365
2111
31941
35611
43587
53846
27079
17080
7565
1233
20347
53752
18150
10650
17156
41870
14942
14481
718
9776
28637
18351
44180
48258
53227
4694
37
46737
56058
21406
42815
6219
3832
29968
30762
47812
17047
9654
19102
18486
11620
44656
50664
41822
5098
45182
25252
29408
49776
19914
5125
27549
1386
42509
30948
19229
49936
38386
12165
17005
28428
28527
714
47317
13010
8490
30874
29987
14380
32038
23358
30784
24304
27488
36922
4455
3577
37670
41490
7810
18930
46743
21759
25542
44197
40572
32845
7565
23228
52484
6741
47251
12059
590
13277
9032
1670
47364
912
17304
39058
28766
54052
54461
7323
5070
3554
31420
48545
55280
33140
32330
44474
40309
45493
4313
40344
43694
30497
3630
44593
18671
31330
2843
4596
3371
53334
51718
4418
16024
19045
17150
46707
1747
52272
24903
52887
55662
41093
26051
39698
44248
48843
47835
41527
11596
22559
3200
9314
54106
42684
24184
21854
36569
27906
22601
14902
53650
25350
22356
27961
30467
27168
12746
41425
53022
9270
34400
49282
51988
45162
9628
15866
55480
48530
45544
28073
53645
22620
42992
3424
17583
32002
16728
44832
2563
25226
44496
38772
38054
733
18127
23893
49253
36559
22425
23043
24598
12829
26626
3677
1064
54878
16002
62
4647
48648
244
31099
27239
46673
42852
51256
49118
9878
4242
90
55753
30057
21772
17354
51764
21874
42176
54273
26670
35477
28017
43768
26124
52070
4632
9073
1163
13120
39031
51103
3756
28213
17324
48574
19165
27927
37542
30308
38850
26278
54083
20350
21434
44688
26231
46126
14280
906
17539
54225
52079
23295
25319
23564
17000
44184
50149
22720
53396
34022
20798
2156
14264
1163
15194
6688
14608
1960
212
47114
13854
22810
10440
4524
14602
50657
10180
48218
48758
2587
3191
20832
20591
22360
23224
37848
25358
25543
45420
11174
29413
24679
55310
29455
39274
29764
53350
17808
9976
48134
38799
32066
16456
31435
20762
25572
25884
45630
18265
888
31195
42818
49864
21578
34030
42588
38468
20749
7770
33267
52334
37176
5042
23376
26422
34297
40407
23853
49964
42183
3334
15940
21006
540
26023
53376
24547
2811
29152
36053
47891
27400
9738
40608
39394
232
43612
39840
36988
982
51764
53219
1466
8224
53340
53465
20379
9835
7451
29339
22333
29617
53755
40180
12542
10035
33182
2925
39222
18575
21170
42537
12277
23958
11949
3223
11122
25812
5968
6393
8234
8472
27890
55394
32338
39037
8146
23132
46744
16007
45088
40373
49788
3655
17814
14634
12886
32983
36854
42194
35429
50026
9544
14659
32542
31651
10090
37068
43435
9544
43828
5047
5415
6869
6651
7810
38550
21074
21264
44846
26834
48944
43184
3572
51773
31688
38191
17913
29179
45312
46898
15923
47291
10955
17815
46522
49533
2578
51560
11753
16564
25128
7903
26284
27910
9959
13389
8401
47129
16980
6029
36108
16624
42458
687
41231
24896
16801
16991
4423
42558
40926
16201
6558
22461
28361
28566
31247
8184
43276
22525
39390
17826
37970
18452
18994
38010
7333
13781
9959
18864
50868
55222
15643
42893
49825
8260
15082
39934
21458
38384
52478
11445
5304
19274
27696
19562
27370
55215
19506
54752
43594
48678
47167
15812
21872
21926
3852
44350
10376
4475
2310
8956
9557
52365
5160
47903
27032
50383
48610
43990
54402
7238
43334
17890
4420
44106
13806
17738
19184
47786
22896
31733
21392
7006
23547
24220
2885
2769
53748
6280
28839
2248
7074
21320
26407
46318
2792
44848
52626
43347
34420
16926
20348
19526
36863
16128
32150
50250
35452
40352
21804
2807
31929
40893
49701
49634
5068
47112
50034
10711
11542
51600
21510
28917
44094
34015
43922
18471
20348
5513
1557
51888
16426
3255
23366
9923
11344
37949
51682
3094
53401
50509
39079
52480
35774
2743
13076
54595
12177
25479
27248
6871
49428
10480
6633
26040
43494
27118
51157
49926
24950
45438
48180
16651
30362
35415
16878
23994
25313
23608
51380
34026
10946
46490
15593
37771
34818
12579
44618
44799
54877
53476
42331
21556
18774
4746
23059
22825
1868
5313
50142
7360
10136
41848
16122
40126
52790
13478
54530
46888
20039
16273
48741
40732
5373
28902
5053
33650
18834
4452
19058
47638
17850
12798
46375
34070
4669
47369
10848
26428
21935
28760
51524
46174
2496
48872
52263
33534
15458
28764
9654
43276
36785
41830
8799
10772
16849
22504
4953
14332
49996
22041
12127
22287
1792
26258
31623
42878
30256
30559
14308
36636
56124
25597
17918
27600
27510
11936
42903
22479
46535
34952
16786
52213
8373
17852
5770
55526
30293
49649
49578
32245
36069
19606
30456
22502
1891
8570
8836
50504
24336
45766
38440
30700
1216
49896
44536
8742
8933
39030
47993
24190
25085
37943
26340
32971
17007
49160
3455
47070
20186
50417
13102
49723
54708
2794
24328
27358
21200
52633
11424
17542
36015
43216
5603
45142
3053
45076
1771
7787
3679
11802
40038
4364
27552
24359
7992
11104
30902
7459
37835
9283
28490
25920
47223
55761
29322
12020
21956
28010
37696
52434
25077
29031
55768
26324
30229
3651
17646
14303
51537
35161
5774
50619
39488
27192
23103
36083
32313
37723
29473
54821
45693
39501
2725
638
36846
15473
8849
18774
23771
733
3492
13596
39781
48261
18410
9060
3327
43199
53024
1194
13062
34961
38164
18326
52855
4723
55392
37548
17247
55542
51679
12836
20656
18538
11768
10239
23317
34878
4200
13723
29337
14314
53448
16476
2789
38722
15636
34004
1184
46544
30201
30655
19176
39911
28633
35894
30808
22560
43284
1357
9469
13600
38430
9166
51084
43520
13926
35128
53546
51077
20482
44280
23906
12691
15909
11932
22626
11015
5192
44185
36699
30452
47257
30963
4682
18177
9430
27899
3437
11398
18612
36971
53853
18260
10055
19225
2256
30405
45078
47920
25471
49687
19182
19387
27016
37978
8608
40680
3333
33632
42326
32588
3603
30382
1513
17086
6384
1669
4555
11518
52224
3020
13297
55425
33265
44144
48871
51994
37125
16882
37189
34410
55284
37648
11117
20797
21226
36379
46021
17420
27353
28794
15098
5028
38764
47239
29678
5026
15929
22683
35797
54985
37212
21980
24194
52489
2982
30082
16083
39111
43689
12068
55570
15662
45954
13505
49462
16150
4647
10838
20662
15350
29450
6274
31888
31018
7448
41342
28127
48763
3499
6250
1672
55621
19429
41706
250
20175
25906
11539
50940
39018
30532
24743
46396
31484
56190
49899
10458
2211
7320
39026
7071
36980
37604
46867
41198
54392
722
47083
14011
5556
22536
19332
21921
43881
36443
33560
51700
27086
29394
19291
5897
2774
30616
26178
47333
18881
10058
15812
47728
28536
45517
34116
53726
28621
22632
21881
17152
31406
17742
6510
38535
25800
52050
21716
39702
50048
15606
32916
17850
30849
48625
47227
23887
6058
36173
19808
52020
12172
49648
27342
53868
15221
7955
21148
14261
33621
24329
35429
7487
41792
54599
41369
49086
37274
55993
4044
6201
46700
52806
23497
50563
32314
32013
28727
33052
22823
331
51211
42151
31608
14583
31022
27152
36788
28512
30857
48198
31356
6155
756
37588
10307
43795
26316
48174
32326
34752
13036
54580
34067
10356
47482
33772
55151
1286
25072
48348
12162
6984
15538
5168
4502
50962
24374
52264
25476
46512
54444
54175
17012
33668
18373
15575
31427
1877
6000
49665
32050
41926
51819
13762
21602
47322
27992
37878
20143
15761
3438
52113
34483
54634
42480
40526
37502
33160
11112
48235
25164
29594
50844
31988
34234
16489
39424
25217
30388
31484
26689
38915
55340
15358
3141
25327
27926
39369
50144
4282
19470
26980
14506
13322
54407
49167
39516
15914
49977
17804
37225
9221
19284
53724
23619
20999
40793
17081
50213
48129
10668
17605
15422
3800
19330
18570
40760
10842
13096
27086
24532
25878
19319
31870
54740
38970
15540
42510
4414
6874
3918
21932
44686
5587
6764
6408
37004
19203
51161
42339
27283
21836
3707
48960
41336
7248
46168
26812
5036
16867
11036
52869
43726
27016
21448
25828
39682
16314
36414
16416
868
3479
52722
25275
9908
39154
23450
17872
28218
32783
35751
11371
2078
52747
49349
35024
49844
37976
10481
29334
12350
32771
13782
41637
25162
31179
20662
8822
30308
42918
39085
14710
26420
19387
46240
1881
4811
49519
55116
49938
23535
19849
46988
4121
28442
787
50834
52554
33812
50073
40606
55020
42357
9122
55414
54008
55241
48611
9969
49207
20550
13296
27885
54524
11422
20737
30824
46160
49654
29531
10588
50183
24756
37298
47483
39797
35300
29355
21178
8483
15748
51939
55825
8714
48897
42304
34152
51976
15224
18747
4
29984
25760
47017
1875
24797
20075
7862
43296
54229
45717
1829
13274
12865
24440
4304
11306
53689
14844
26732
834
52796
1878
1770
39674
44596
54948
13935
44562
42260
36236
41802
49360
25000
42619
40522
16466
586
40442
43871
30908
31819
18112
32954
7512
8655
45565
33968
41614
13624
32671
54423
34008
11685
7976
4713
19335
38605
36140
14178
22248
4778
33325
1880
8129
3689
9287
10046
25552
3093
19747
40603
50867
5639
36904
38578
45533
52332
3735
4907
3886
10585
55529
49168
8418
5636
10812
40436
34236
21826
21258
29743
21941
40152
45155
23935
21281
35499
42676
36008
45132
19903
38121
7506
45500
17556
42140
39554
9046
14720
13412
2444
39458
46324
44674
27288
1731
53502
47856
13951
18912
28123
29386
2789
35511
2163
18030
37860
42600
55337
24424
11950
52691
36744
20653
49101
10844
52709
2699
47706
33998
53638
29682
53243
15555
1884
36454
31717
49182
4326
8644
55575
49753
46605
30065
16276
43985
18024
33845
6202
39895
270
16640
40172
52382
6114
52867
13366
49724
24368
3412
37545
18182
33312
24825
5701
26596
29335
33392
53008
48892
8588
4528
34427
28479
13138
51714
27512
50962
1107
39864
4036
43588
16317
22526
5526
4965
21784
46997
44722
53145
14716
34922
45753
36129
48628
14180
5470
5311
15664
1174
20728
42336
23881
46862
35740
27042
41642
29415
3864
18640
7090
47820
51246
1289
43311
18914
17131
40210
37488
38444
42720
17860
23420
31791
14530
40296
12973
14794
49117
40203
12777
37537
53648
42822
46815
44987
28205
27180
50419
26051
9692
34060
23908
27858
43149
53520
46667
82
31560
32447
43656
989
43254
23316
19144
27234
13044
25498
36490
39295
42474
17313
6908
38915
7908
48798
53932
9337
37460
21796
44753
35372
36383
1423
23941
19293
38735
5395
39970
48642
8982
49739
47936
17796
41561
7581
36938
37275
55222
29068
28793
1694
4259
54354
49092
14609
23079
12444
23614
51229
10962
41660
4769
29500
50220
43358
27310
53590
48993
48926
53910
27920
19870
41586
41234
44774
36998
54775
37530
13640
11900
45024
17939
3336
6277
40156
26946
35905
23207
17026
194
32727
16806
34199
31359
1371
36270
12591
20086
52731
14093
25957
11532
2166
39999
51738
33630
17803
9940
55938
39213
45869
29190
30143
41101
30843
54024
27492
21609
44399
695
10433
35167
47011
53943
38248
4087
26133
42468
48527
15640
21613
4961
40441
41359
19181
23292
37602
9418
15791
40259
30807
12024
20081
23065
10294
25272
44461
14863
32335
37958
49167
37802
50914
34643
2170
19428
45637
18657
38553
51396
44619
6279
35399
40199
46356
51967
21667
7362
967
9304
17519
46352
40639
51391
23369
47294
54779
55772
30416
5171
27670
11840
23020
24983
23760
9589
31479
4322
47820
17470
49080
52010
52459
38174
45532
12112
34209
53351
13180
33132
26439
40508
24330
52272
26071
3161
51635
20509
23690
21808
48526
25624
52296
51019
15801
56028
54568
5477
13784
9012
7560
55004
41340
29086
55132
15790
18804
16834
52940
45872
6804
37930
40930
42489
31557
27831
3780
16242
30219
24016
22162
51667
44238
9649
48127
18475
25800
34048
23622
11214
1432
45824
54749
24037
17562
48462
10023
45919
35182
45150
49272
43175
50251
29460
8433
33793
28017
32673
16739
46236
19706
49304
46592
33826
8590
39318
41090
13782
33622
32782
49465
29182
24085
51710
2032
44120
36028
42540
44144
22152
2220
52472
50190
49728
42579
39352
31094
42096
12072
37550
32125
21760
12788
55842
44805
52620
35730
12176
30643
49826
30952
6175
47978
42206
12804
42386
52389
39876
8289
27256
21722
28326
44831
12467
14735
55892
2386
17250
32088
26692
14570
32558
28364
1130
10430
22072
13446
42229
4750
18008
42032
47742
20698
48499
42646
33314
19813
27904
21850
6016
36544
21706
32736
37661
39590
11831
36111
44550
36400
17350
23504
43466
36868
1650
1375
38501
2646
52016
53442
22154
33663
49076
26654
50373
15230
38756
28098
24772
37948
43968
27542
7134
42384
14103
29697
21502
17420
47371
33958
33157
4388
43998
36766
41529
30101
48594
2568
6060
28624
54234
32583
40407
21720
36680
7400
35296
55917
31376
15973
45831
6349
44210
46553
33212
8810
32158
8490
37930
14145
15762
11866
37044
52972
49064
35753
15240
19636
32674
29352
4320
42101
43069
14980
30522
17431
8897
306
54939
38734
24822
46963
40152
46775
17900
22094
47192
29548
12785
32327
43060
42292
4698
23689
51063
55092
29130
41341
18034
47392
18592
5216
5428
9370
56173
21098
41640
8412
634
34925
43096
37084
42627
9247
10616
330
34664
36873
51189
3559
25424
30910
32172
9254
11926
51144
28243
24623
35427
9169
36484
846
40626
27770
27729
11396
29442
6218
9979
12900
49871
17481
32664
31488
35698
55104
8212
14208
53233
20854
4337
361
24350
4082
42318
41697
24087
11440
32897
4354
47428
14504
28280
41421
21900
44432
33563
33273
52471
27780
15433
48186
25086
35541
35650
47380
6276
31215
25796
2870
28340
25746
31338
26363
51734
30752
34766
3632
28840
6688
24044
31804
25692
6725
22980
44508
26637
49777
6292
25132
22332
37648
21489
26081
23848
16930
39942
31798
10218
50302
5838
13616
50770
43886
12948
21466
53977
3106
1508
53074
9400
49614
17680
41093
5293
52059
36501
6337
35022
54729
19132
19150
12161
39155
44048
1329
33226
34694
19485
34976
26079
44670
14966
7832
45129
44568
41000
29344
27361
1961
3351
1900
41621
22734
15239
13735
21883
29687
19321
32943
7418
25403
23355
26022
31387
11872
50986
40247
28968
47899
51154
30950
15672
36055
13377
20317
44174
14101
51601
16789
10977
11556
48387
5447
22665
31965
16585
46400
2848
49721
13694
54593
49105
12683
43525
14879
19925
32735
46811
14661
9694
7354
4712
35674
36680
5606
49886
15399
8878
3075
3212
3005
48654
55024
47188
40472
40795
55732
17086
33486
287
19956
52729
2521
35016
9795
46099
44846
51086
36962
40236
2495
50162
1100
3550
32585
36950
2373
12767
54130
29565
36828
13168
11960
9486
17334
54342
47260
17340
18220
28261
41458
40859
48514
23517
11474
46098
17910
29429
28400
12557
39710
28736
48669
13653
4542
41744
1831
2539
42756
33379
18348
856
15561
8489
24642
14938
38365
5669
29122
2229
15768
53030
19254
50912
54416
4603
20479
38255
14742
17531
54747
30833
36381
33610
52169
11179
26341
43076
42989
26919
21754
37140
49011
37330
50785
30680
56064
39569
36066
13762
53094
52649
3767
33819
40625
49580
17132
21808
25715
12364
15729
9722
1223
32829
4892
43922
27805
39172
41840
8022
12426
34235
52602
27778
27632
44816
4292
13210
11965
55172
32702
33308
20732
51094
18233
36700
39287
45504
42164
54618
45589
22796
11655
16803
34970
22137
42831
33902
6442
49980
50166
49193
15795
5176
12450
25194
37118
14872
26459
53929
548
11988
4189
47045
14283
52701
28305
4257
41461
45816
35443
2205
33879
53162
32720
31560
6439
24827
18662
52978
54561
3469
26153
38866
56100
41517
1046
28245
50522
30140
580
39041
53124
55727
31684
45015
17044
27424
30027
33837
43311
995
29778
54957
8453
45451
5807
12247
23223
48994
31565
45235
36599
14989
28964
38026
38258
16646
32126
39598
12446
13188
23984
8738
40185
11379
26564
51355
35835
41216
10276
613
6354
23866
43366
4236
37712
29187
34936
15550
11652
43554
51247
21116
8400
48867
45773
26663
36856
14011
11574
35522
48857
2750
12756
34755
48496
24008
45710
252
41856
16188
14226
50101
28849
14468
53730
28131
27344
9741
25199
10900
54460
44561
25766
5765
46079
10915
8941
11381
6396
27004
10130
45459
22522
48144
21536
32452
55336
15407
25938
34816
6189
39105
42427
41872
7591
34671
12298
6468
40173
31503
31008
42659
35287
29422
24867
36383
26732
14147
44246
22015
9479
11244
3062
23660
25375
42062
39521
54843
53107
7967
15594
24420
11318
40148
26523
19307
9064
9028
23547
12468
46000
15497
38680
46242
3806
30106
6073
2736
50762
12520
11412
49351
44546
42559
36276
36511
50719
41771
49895
47726
30459
27131
41440
22553
1157
45888
37016
5942
14482
51123
8174
3150
31778
15360
42928
22279
44324
50844
48151
20004
30592
12236
30375
16611
39160
21362
38443
51811
39375
53727
10537
25846
45778
4764
13636
51967
45483
9274
14790
33318
51807
13672
38158
12672
6850
51711
1147
11029
44946
23122
39045
40998
21068
11920
51950
7356
10387
53022
24306
55510
51387
49888
39336
53387
13770
1242
8900
41848
9028
27262
45907
7898
41278
5610
34043
38638
31155
40860
17931
38562
5251
464
44706
4632
25929
23210
39058
9558
15408
36127
7230
45160
36209
35210
27520
48369
33089
5625
12595
44176
7198
18381
24979
44638
30317
25800
19055
31033
2630
51186
17889
3950
2679
54613
39470
8530
53534
47298
45758
10728
3808
28281
45238
128
40784
44998
30314
28798
9352
22472
1746
35521
7170
42685
32601
24848
25001
47219
44321
24932
3791
47186
25720
44411
40471
17954
36877
5379
9992
49341
1477
24151
8084
21525
39318
8135
27522
13274
18576
2994
38075
32562
35539
34336
54535
36717
16911
37944
28928
49406
42280
3764
33847
42217
5122
1494
2781
51914
5924
20732
26342
34008
2016
47612
46786
39132
23105
51218
45614
23203
30558
19750
4
18860
7142
7726
34938
21362
52276
4816
47095
52289
7384
31479
55090
40932
5512
26420
2117
20031
6101
3537
1226
37888
11645
15459
6340
19488
7572
10897
32072
10405
1026
48409
22328
47543
33982
50172
6893
43237
40510
13935
48920
46310
43238
53549
53105
37196
282
47077
5100
23300
7570
40793
54399
43173
19791
33981
20437
40718
26224
5186
406
7576
40438
34566
15836
43881
40102
11939
49541
45252
18156
27860
6160
53878
23950
13465
33460
2065
7524
42984
30530
11400
34531
51524
43590
10053
7472
15497
25171
25815
39866
13483
34833
37211
41737
14922
7391
19169
1618
12145
19222
47095
43662
20900
1362
25510
44923
10852
9351
20881
35836
40181
8742
53601
55934
49659
36832
23492
11853
14615
42378
9920
26962
13189
32931
44051
13531
48299
30814
24405
54089
8961
33182
10866
3852
40073
76
10815
30195
15805
11462
35846
2433
22864
37696
21856
1380
27282
33503
20221
33266
23562
33920
18828
11170
6066
6159
29784
8035
4023
9181
35632
18589
50338
1552
25347
23519
10232
9354
12565
11300
55055
39142
17305
17828
29390
35442
47025
23075
53663
28934
7152
11864
4760
15515
29166
25831
21386
42192
6892
34633
6646
42678
42287
41880
55531
25543
36165
45184
30415
47100
42502
34064
25366
50717
1896
787
25513
1315
52956
11149
8366
26746
34968
854
52844
21914
22392
18058
25244
25193
51293
36139
10173
51100
51261
14793
5044
31897
21798
38603
18114
47572
42696
18106
33307
28216
25474
24463
48679
54588
49525
29856
34434
26762
55846
40784
8840
41398
39604
51842
3452
23031
1508
30747
7519
35588
26482
40063
36793
54602
50950
22694
24442
26610
29322
38815
44938
10724
26234
29160
16787
11802
20950
37466
24446
20378
26036
43211
16343
11064
49090
12376
41542
51235
53586
24924
44829
31780
35377
41492
55583
324
35339
13072
45102
30462
4864
3270
43106
16988
4041
53584
53226
1848
52827
43890
14677
22963
52136
10173
45756
53448
6878
41085
13246
11682
3995
1128
3988
28779
49146
45382
44607
41341
29743
2705
9636
50
15803
2442
26956
6832
36482
11310
56055
424
7907
8070
37305
50580
6397
6350
35348
16654
55196
8108
38
13298
33546
1031
38506
43231
19261
9599
43145
25628
48640
43711
1868
12597
47889
14690
11600
48653
10212
51013
22730
48046
49501
29296
17294
43889
13342
40712
40799
55862
13416
8316
4856
6176
54
52400
25419
23206
3899
29838
25668
13698
47070
10089
22793
30603
40766
24922
15079
7113
41623
42119
50248
55705
34606
25708
5779
52298
51060
7037
19398
45084
52729
32508
14962
48736
30117
23636
9466
3076
20044
25899
54181
40902
28694
47100
17762
45680
25033
23106
24601
3581
30284
17758
24101
54332
8466
32638
41868
42524
2197
8705
33209
23982
27780
13534
8559
36165
16552
42549
56038
40978
25977
50766
15924
298
11967
43029
15124
36950
4744
22777
36478
52394
45662
55402
30878
48045
11460
30326
55308
53224
20244
41944
48898
48410
53410
37312
30619
34619
48950
42094
3427
29646
8524
30846
35023
44666
34598
48317
20088
27479
43335
37654
29474
18838
398
22774
34206
95
8049
43578
18912
16263
16373
4319
52854
17028
45864
47415
2320
35493
40602
50998
27845
52484
12975
42598
9683
44471
50643
3379
8674
54257
45810
55379
9251
26505
30434
53205
43430
32548
1836
41770
13428
45684
41414
46059
26146
7747
51696
51196
36841
47546
20429
32137
38346
35446
48709
7707
33838
25075
53090
41048
34833
41894
29324
28770
13168
38186
21240
45252
29072
7975
36479
30405
21440
4154
46746
54149
27148
55359
51807
49559
20938
14714
2847
27378
42631
42535
34182
21649
53557
14930
21622
26628
42020
48392
54005
19358
47369
27582
3773
55842
42644
22471
5709
35048
6171
2433
45998
15191
19551
2197
50119
35771
37610
19570
12452
11243
31068
40941
33565
30710
38604
38595
35413
17568
19935
6903
341
1391
45721
54678
48628
412
25425
10730
37648
25529
37440
20660
482
18020
29907
39166
50852
47802
48264
14060
12847
27857
32062
56168
20445
44391
9348
15598
38271
47370
16279
22693
43352
36176
21744
14024
31169
35412
26167
16143
4220
9343
20348
39136
16957
30024
29870
13594
2042
13524
51252
10595
6018
4379
20721
52367
14473
34836
50022
12720
26133
47476
53611
24132
14345
50229
1187
29012
47544
33226
31004
39230
55104
17718
35031
40020
14543
50884
48420
20546
18839
28368
27338
10924
49789
23139
47492
11314
10937
31792
33951
15544
3670
20721
20736
6289
28468
28719
48688
10957
14688
36243
19545
37156
21828
4680
7626
17524
24904
32311
43799
48748
31311
42662
35652
5876
37187
51573
39444
23481
54453
54505
44246
14444
43541
50965
47991
26670
9145
16514
23177
20897
23521
12195
8418
20352
55767
9317
582
8
5992
9986
50200
21562
31391
32647
46546
18202
28868
2333
50512
46231
50849
17222
11945
28536
987
13671
8927
12958
45991
52086
38512
47883
48016
39733
10969
53018
11081
32829
53013
21722
21996
10276
34219
41939
9288
33390
44468
24680
34313
50531
14710
19140
48874
19210
43209
10820
31226
19836
50043
35207
30116
40951
14726
35082
3396
18826
14946
54798
20748
4256
29661
33292
55579
35716
32707
232
46106
24252
30612
29488
3955
5742
11596
22312
6334
2789
34995
43003
28956
9770
28475
6058
40803
41810
24185
39391
20974
27758
38466
39842
4369
4541
31003
13540
4016
5752
45722
31943
47778
2707
20729
42276
22005
39442
25754
7753
35312
27217
20059
18136
27469
8932
49511
20480
11924
24210
9277
23537
50168
24983
19711
52533
33550
14678
17868
45956
25227
25916
50619
31997
15081
23542
5711
46754
13507
3124
23596
45846
10211
50066
2152
22314
43112
5942
3840
12670
55858
27018
1163
22240
50694
25526
18645
32735
39828
6061
2207
26921
29974
15818
10688
16480
53767
8553
55917
45484
22072
4267
37280
51920
50425
49576
15565
38464
7784
43650
49784
54164
9131
36010
2610
2480
42691
31274
33587
8422
35110
11428
24234
28112
13228
18969
42955
45109
39446
34845
27396
41130
16500
51430
49116
51157
48691
3892
29673
6320
15194
13827
43709
7959
9874
41250
34532
1867
32033
46458
16794
32702
22994
41842
7203
42908
8454
32604
53912
2423
24086
51245
15538
34697
56082
1132
45318
862
2412
13346
34522
17588
47730
1764
38184
21280
32951
3271
23228
37682
17590
45354
15540
36669
705
12792
19880
26712
13892
10647
28695
25390
33038
13605
15306
53236
19690
18121
32766
13860
9910
55932
56040
7774
3176
42050
44366
48552
46639
22092
3102
52650
13473
10918
52654
43230
17344
14137
43348
21730
9424
13304
14609
40640
10790
9427
44433
46798
50148
31276
14419
44160
49913
52968
36523
43926
49028
32760
43117
25298
48689
26989
32690
40970
50145
19422
44776
16756
23757
40916
10298
23990
41369
53023
34094
50158
35684
53010
30050
2748
3237
39230
33182
52819
20637
44590
18028
28778
12378
52720
5494
12182
3264
41948
54762
30941
24603
21768
19021
51510
52686
4356
48126
9980
50577
33734
4047
23635
38076
26833
6280
31867
24129
24507
10116
44302
22607
38487
50114
45323
8409
48215
25232
23576
32892
1392
28739
54560
21331
28689
27683
10404
8528
22649
42426
50553
23413
50636
38911
7583
45907
50352
41100
47082
18748
2016
36327
8795
41154
47308
44908
51264
6916
28818
54940
36830
41758
40896
50088
17969
32098
5147
35104
52020
47639
9421
12938
1847
48528
8627
35173
2827
55475
9317
28835
10317
28934
20258
35897
43725
20487
36950
30947
28984
29232
21657
20294
39278
21392
54574
16658
56067
30812
47390
18854
50223
44455
19187
8632
21555
42355
20728
34026
38319
43202
51001
52522
3022
49348
53682
36792
16529
27984
14810
10152
20587
51874
1281
2989
4391
15969
19535
18702
54246
50809
24767
38293
20801
44003
34155
40760
14080
40391
37445
19218
46416
27552
22037
30402
26751
47010
20514
19396
34534
16176
22256
6978
18927
50674
9970
45966
38891
50743
13604
3227
21430
10392
29477
18490
30994
703
10360
26524
5403
15156
52956
33314
16755
30507
47778
28355
19694
51790
55264
32571
3938
33005
28100
21982
32570
3956
42568
46559
33274
6105
18695
21960
52272
54290
32960
55211
28914
10319
15696
53942
20066
52902
1098
53475
9728
662
49634
8746
22048
10720
53128
37017
28967
32407
27053
47516
43132
42253
12633
56033
22464
14833
54304
36906
52230
37023
163
25859
7136
39358
36489
27948
10817
16994
46659
44184
3415
39457
28965
9756
39617
37374
35572
49455
52757
18234
25522
37053
30900
12066
33321
23644
17607
14412
40234
1428
18542
769
49412
41525
23656
54108
27748
40682
4092
38240
23450
20517
34001
24543
28164
27380
55284
4054
18297
27277
39059
2674
52670
27676
48573
15477
36416
42445
20586
9074
54266
11192
10772
38882
24099
54059
14806
21574
35097
3376
5000
8999
52546
9467
42433
35883
19584
28520
8057
12552
51833
17072
32067
50292
31067
32182
2191
13784
41461
18706
7600
6030
47571
35996
36171
7946
16993
14882
49025
47260
30690
19238
2437
5474
51669
28607
1025
8016
36565
2167
26992
19536
19199
21712
7788
18176
45080
5160
45444
55260
19799
17330
19938
51092
6462
4468
17002
35638
4517
42959
46333
21292
23844
20482
50992
50015
39787
14279
37824
1416
15414
13574
10110
5548
1628
2572
46586
4872
32626
24334
33870
27582
40380
17537
14802
13687
1964
5046
18752
17374
28999
52576
10699
2951
33302
25782
14067
38088
10882
21180
8576
31020
55770
16918
2210
38596
16286
10314
48990
43895
10647
2654
5755
31321
12358
43295
33012
48559
26162
21256
692
7396
43604
6917
21395
44609
20138
3731
13795
17013
10456
14066
40037
46694
21478
33552
27594
18579
53440
29239
25267
18164
15622
33954
6606
28561
17070
47194
6617
40659
25098
3042
53337
5847
23128
23259
54726
40600
19016
44087
10666
10960
47822
1194
52819
39575
22307
35407
48707
36796
26172
108
19143
43631
19769
8550
20209
41682
22747
15810
16960
47805
52962
11020
17975
1258
33677
49038
32642
42005
1916
15328
41568
11551
7879
12844
26883
51141
34716
555
21590
12324
21244
16045
6013
8801
51860
49040
22221
19174
17159
14866
20726
54328
14367
36209
50407
3678
7345
23601
7219
17282
44311
52678
34765
47058
31338
47226
10484
45949
41986
10077
45217
47082
53317
47230
5944
13347
29862
46464
23660
50588
54430
20444
5316
2854
32152
2574
49940
36436
25278
17138
40392
12106
26572
41176
31494
55516
32628
28450
23730
11992
7890
52608
8747
17386
53758
46209
47525
45464
43848
12455
27899
6717
10703
37143
22567
34522
52075
18194
54592
48778
53732
48692
45019
41884
27535
33159
32810
50104
19199
24253
51767
50820
9756
22870
8941
16834
18244
38104
55167
32797
16912
6225
22292
51728
48073
31587
19943
26472
18069
38736
51372
34175
5909
29562
24324
4621
51097
6389
13614
34830
56137
9997
13595
32837
38014
17128
2690
4538
4348
16887
43125
7826
51852
50680
26288
32270
39728
27551
496
48509
51602
1660
8446
53697
44683
24862
34300
32233
25282
15085
39699
21801
29866
3893
42176
36845
43958
4988
17723
53372
53454
3053
37553
20571
18063
41723
16574
50314
46667
46551
15633
4838
53060
38068
23851
13712
38776
2046
7714
2966
5880
41679
26245
30245
29927
49907
25411
24879
11979
17624
19048
27996
45170
38878
44788
8794
11775
11499
30249
43867
19848
25513
42946
46963
22666
22442
7264
6214
11700
48850
11074
7293
8282
3648
21222
39838
53498
35018
16384
485
49878
5457
14249
27373
11172
24246
23544
8365
17582
9851
17478
24315
50928
4722
37570
47633
47269
24524
28556
31364
3174
34318
24220
51354
5581
39962
16496
17112
53436
49658
13234
37934
27824
25872
41107
13761
1962
37532
52767
13750
43476
31622
49825
48941
46758
1923
51771
16774
3444
17352
9116
8803
10755
18927
26995
31061
11102
50382
17586
39556
6830
45682
27177
51125
8050
24368
15677
24289
40545
39386
44550
55992
10526
50009
37570
4360
20432
17628
50753
1368
48177
41045
84
4724
41778
40657
1164
8862
8852
1620
56120
2813
50798
635
45443
37875
28384
43123
2368
5031
9182
16452
38818
35628
9236
47272
16110
30938
48226
28843
17792
19557
31883
31308
41192
22308
44327
918
17778
43442
10767
20880
7244
44688
26758
22536
48451
14717
44465
6236
36976
9258
39300
22628
21404
2301
53004
11656
15398
55754
53867
37723
17302
21912
5660
20653
13548
35507
54159
46026
5590
43750
10616
30132
8350
15588
13396
43815
37720
3209
1240
39773
1721
32962
7576
47294
42776
54432
29920
4340
19760
23766
50507
4867
9438
22907
45461
38762
12958
34612
49906
37520
51620
23349
5665
44014
558
35882
44042
4824
32740
19918
22419
44742
52483
50454
19764
49505
2161
4129
1428
9206
24531
7261
8682
13899
21580
32892
11602
35486
53756
7034
36815
10254
50119
53863
22277
46377
55105
18255
52608
5261
6155
3443
26631
11659
11228
42391
26978
45074
16880
30048
47383
22510
16947
19420
24906
42448
44270
55262
33916
53958
55490
47184
38768
44877
10171
44250
30413
18561
4485
12322
54382
52292
24452
18515
44182
9045
20318
25569
13737
31476
27666
25730
47482
35974
40054
46738
16995
25719
2907
25901
41876
15832
29450
54964
10764
43345
35969
9046
29309
32041
1240
46072
45160
51059
22260
29332
29467
4944
6860
15575
34754
52811
41653
18509
30346
20522
15666
32039
10215
11201
7757
45919
36105
6193
17090
39018
25259
14544
51434
15385
28014
27176
50856
50259
11710
53528
20991
2505
8438
7168
5358
31766
31044
46268
6293
5515
30190
37502
42806
40834
12532
36172
18581
137
36092
31216
15312
20448
42813
10808
22563
2923
42460
51390
37955
26744
15888
39734
54569
12538
54181
32743
52474
5342
37891
6851
44492
40487
15812
34114
54598
13890
11742
52750
19374
5064
1722
26689
43507
28383
5070
2116
27182
37909
49544
19113
24484
17441
39889
5060
25650
37177
27878
25754
14624
11792
19999
49397
50136
42234
23335
16828
50650
30592
40313
8487
25916
31170
8135
13741
51781
32128
330
3543
9669
40546
49879
30366
6394
43662
29748
28038
14467
35408
2039
19206
36046
52600
5878
27706
43085
8595
17065
8382
34084
31742
53028
33518
3055
37856
42593
7951
27912
35718
44247
34100
23447
25927
710
19720
40819
30306
49900
30849
21854
39324
25179
33610
48567
13877
21314
28816
4522
18367
22347
4779
53649
39730
11702
33507
38962
19610
12704
9340
54942
17451
4532
29218
3282
1009
46006
3024
21409
21369
8243
3210
13802
51242
3008
40282
35036
20227
41131
46662
7577
45472
15860
27590
1483
50180
31521
55910
26136
9139
10089
47054
45544
14799
16795
4828
47468
4454
38622
29416
6120
39968
47497
16344
39478
22384
42412
9678
46350
16141
4879
5137
53323
49244
26470
35821
54748
5912
8548
8684
5096
849
48172
48034
2977
14596
24871
21547
35009
23407
8512
45774
40375
21508
8079
2257
7098
52266
7043
9763
18607
50718
27206
50094
5460
51558
21632
42080
21806
16853
14912
26174
31965
43420
9278
49485
20196
45907
45936
12088
50236
41519
7889
31668
31704
41452
24910
35781
5720
54556
15458
19370
55446
32148
11051
22875
39464
15725
53466
41362
49468
20030
46093
15224
20158
20314
51676
33105
22646
44570
26508
31845
24635
39600
29685
14113
55055
21387
46538
40910
5219
44198
21432
51442
5050
38656
38784
21030
23940
49432
31558
52706
29440
22903
50356
18031
4154
13590
40798
18162
29531
39604
55274
2746
48153
34618
12467
15214
13861
15526
28139
38828
45269
11881
19259
27809
43655
38964
42210
12574
14835
55319
8476
44489
34576
55392
26936
911
5531
23459
18319
42376
11158
16765
22733
9149
46503
42878
48461
15792
53474
51725
52778
650
4155
12202
18377
2076
11670
21076
18316
29106
36652
23882
45654
10365
27368
22336
8435
48815
55394
53432
12210
50086
11499
19678
7707
34046
4239
4836
49027
46244
36087
20662
15388
21264
18505
7998
3942
38351
17902
52768
51558
9318
11112
27330
47174
34807
12741
5883
32482
55777
5243
37023
15498
30383
12134
17160
28186
48396
23299
34889
30199
26533
22084
25732
2871
52337
6733
40503
33564
18132
24420
5792
17185
378
22460
25076
47131
45678
44522
25219
16765
43651
45723
51012
53969
41613
32321
54084
15895
15832
17704
41779
51028
47303
46545
28828
43095
37034
35677
15612
45099
13985
35020
46444
20387
14996
54757
21990
48948
50364
12170
50621
9596
35272
26140
42406
39252
4064
33658
27880
28546
35475
32686
19925
55596
40050
33996
42762
50914
54049
8535
43480
19394
2904
45430
12307
55604
29853
20602
10758
21565
23209
44901
39533
44049
9771
5420
38216
53046
52937
45685
25014
53884
13464
35410
31269
47002
43481
23899
6104
7098
23402
42602
30154
38084
4940
45340
13646
17936
35577
26426
11122
18074
49995
38197
52419
33355
18352
24732
25042
49616
54430
55280
22148
20711
5402
3135
54031
6324
35568
46274
35998
11331
2931
54465
7037
39841
49690
5916
3398
34135
26442
6942
18889
22305
11183
49458
41501
46321
33740
31467
23845
40544
40570
54976
19789
29407
42543
20901
43014
18273
53085
26845
34494
39703
32256
42135
16579
43992
50363
20212
3620
37565
13141
39066
4734
6422
21558
42199
54680
30557
4744
30290
19608
32723
16934
8904
4279
49306
10706
7564
22725
47381
5997
2396
29061
12793
21357
54900
20856
41778
6029
53564
35526
49208
12941
11616
23031
23848
37658
27336
38304
38491
20888
34939
39018
40802
44897
11491
52545
19220
19961
46893
21929
9989
49857
55792
43990
28562
3327
38130
7060
4394
48642
54484
160
41640
40413
20560
16038
8979
44043
52291
51476
41902
3253
43591
24630
21756
12530
36532
15464
11883
39530
1941
34366
53524
8659
42561
9126
40376
12793
51743
23074
8045
36994
16937
20912
45474
12982
23412
15775
28149
42150
50307
3664
16172
10966
22736
52990
49149
43395
34597
54266
42464
10135
50016
25243
26807
13064
35477
36692
3489
20386
6090
44207
26490
16300
46213
15271
54873
5850
37557
31846
23875
28547
25078
44090
13992
25036
29788
43040
26760
19662
45182
11244
54692
47492
47742
29543
27241
27555
35933
21086
44236
12372
12860
41909
6118
35689
10512
51422
10968
32856
5205
38734
11586
21788
5620
55540
8296
31800
21135
5434
55912
40852
14434
8062
22696
793
54223
38979
46224
39593
41314
40858
25721
55792
14270
35506
28513
54996
41396
12666
36772
27789
3977
22000
2712
32405
38259
53524
24036
39435
40071
37533
19960
11303
50116
24468
5181
50755
12722
29530
16730
13642
17686
6874
29206
47954
12319
31260
18874
44573
38528
47412
53800
55357
32054
50856
47794
47198
48776
54432
23921
52842
44332
23281
6962
4357
52574
43351
3491
20866
7553
24708
37889
43150
49280
54551
16626
50848
7613
32258
37152
45765
18301
44774
47771
23989
3944
22210
21930
47137
14518
26132
15580
5952
27181
20597
4912
15867
53126
51988
23886
12392
7608
5391
18861
19681
27532
30962
45667
11140
24768
8765
29944
54930
13465
4735
43046
10326
30170
25014
49203
2033
53502
2210
39818
7300
11414
12931
34658
1701
26356
212
8398
33732
54189
32884
46484
38986
23535
41108
6025
34734
41340
12016
24373
51890
17355
51959
27161
11798
886
34522
10505
47193
45814
37770
26480
36331
38594
6398
22558
28350
5083
10608
20682
9876
15384
30779
29681
27886
35648
7071
28725
17069
14163
41670
46555
29656
27088
54024
51574
51001
48877
14614
49635
46997
29449
38778
19356
53753
13514
17423
20774
49255
12551
50566
6770
42289
55835
9464
4581
27028
33345
36069
3220
40453
51958
28706
18960
8100
39539
4556
31065
5741
54180
41485
12077
2778
15833
23032
48238
35002
42547
19556
562
52522
22551
34910
23607
46640
27052
20279
50926
23444
27760
37863
13562
15088
4136
25302
25275
29268
17811
52575
19926
22185
20802
31378
29022
44588
13844
53022
30160
29803
53797
33402
44732
3060
18033
41420
16469
43552
30530
53786
43611
50918
40969
20894
13016
50456
11220
31296
45276
49196
47413
30155
50970
36084
24649
11006
46358
19466
22732
50790
7291
8051
2827
53240
30710
46262
48634
31808
38452
40562
42952
34454
46773
9952
10912
39327
7915
19566
21723
25893
48205
46232
50985
54393
19225
8807
15972
5892
17848
50757
25774
18156
3729
16501
35184
9391
32343
24660
36414
50218
16488
27220
13067
33167
22702
15594
8975
19176
20857
49530
20007
12504
1610
18419
15214
39484
12404
52306
40446
17323
2710
22984
14174
25388
18440
28784
30646
54954
17692
1176
54627
13382
31460
47642
11188
16561
36872
17219
15329
3324
40482
569
3534
43065
2552
39277
14305
47040
49226
40179
53251
21934
33122
43152
36021
53564
39377
55240
42634
55778
8278
5385
32592
52254
32016
4965
39744
13368
17946
22636
47594
22291
20409
3943
30994
21190
1980
41991
51968
30896
48164
43672
53750
23628
42412
14814
54406
6112
11920
32647
54344
19673
33564
28011
22854
54886
42590
25359
29357
10515
54412
30312
11379
22764
21160
40429
8132
13418
55846
31118
34749
10039
40657
7153
42762
15912
15064
47724
22917
26318
22682
41496
51218
7555
12369
26761
40450
37739
34372
12253
30779
27184
9555
23804
46842
8976
14486
29495
43290
29398
23319
20880
16173
20982
18444
55694
55980
10357
36829
37278
20486
31116
38684
38034
12956
19926
46288
11818
8430
43431
21916
2996
43518
786
7566
28069
12471
33090
4931
49931
9498
54085
16333
30854
19715
25289
28600
51717
2810
32925
50410
37092
35664
19841
35773
38132
11821
31358
38131
6989
5068
17593
4820
13599
4406
10580
21948
24192
50560
23452
39184
29942
43468
20891
19240
21092
53637
3002
22543
56073
51612
30531
10748
14248
1621
35203
19196
48784
13450
55196
12776
55255
32210
51966
23157
24965
39854
53460
20376
23657
23137
54942
10526
7424
538
50440
33274
18130
21326
43154
44969
24965
38024
25904
23755
38225
20223
47615
25430
21572
12596
33968
2450
15708
1882
24026
22177
50089
42548
51837
22646
4409
35791
3544
4066
22490
5354
54030
27348
2620
35719
9506
27950
55216
43996
12118
40416
35738
20173
40144
28630
22273
26974
50173
55106
50814
5740
13852
50202
39134
27026
37112
13944
46022
33974
37248
22940
16312
39064
50784
33016
4592
31554
26218
42786
19371
49226
25919
37601
47716
49692
13479
28025
1050
25328
4444
26250
9415
45915
49587
4667
26693
39382
13293
19698
30967
16091
5387
15704
20383
49306
47701
14425
31324
52104
2418
40351
17314
42543
50362
15994
13208
55683
23518
29593
39340
14337
23482
16057
9183
37287
8556
50874
37056
43689
18042
50700
38813
14873
27588
39951
44370
52398
46998
20981
26679
14006
37204
46313
27192
38922
11488
52315
30878
9283
28485
15825
38187
55166
19699
17827
42460
50137
33916
20572
17420
2989
25376
13227
15686
6278
22225
19863
11448
55471
31421
33447
17644
33921
30953
4024
30809
28730
41791
38024
47745
50052
17722
12555
33562
38175
31239
46352
38489
3268
16244
12900
50832
15142
21334
39919
6872
42602
17620
48384
12052
42388
45801
21618
12680
31662
50050
13630
9047
33787
52332
14360
47593
38012
31706
38827
23953
49735
28416
17432
2649
12656
16165
46323
21968
18393
32502
34174
26832
30451
5070
51944
9332
978
24402
38003
49103
33980
52620
42308
388
24426
46538
36626
36952
19684
13424
53959
35716
39121
16516
40424
13994
10152
10706
46733
13898
15111
2572
19437
4267
23583
52156
18670
37753
18468
43182
2840
19313
27805
8514
10260
48247
6819
27819
2223
23265
40400
2642
253
27822
41398
52415
37629
12508
7900
43561
26306
19091
19471
55367
43430
46622
13923
43535
55062
5772
24384
43303
3056
9186
25170
1910
35733
34698
37919
26078
46763
10890
28723
1842
40342
55792
17356
28024
28310
42702
50078
39118
11763
40808
45212
31628
29241
36168
38165
15937
5989
39734
50310
31112
12020
51558
34780
12822
36708
21348
54677
24196
49567
53072
55498
38948
11528
32629
15725
7661
47732
28598
23902
3886
22618
31708
30536
8882
20323
50580
51106
21060
46766
47814
10878
26714
21018
7037
23127
19117
28668
15264
33779
8143
40340
9946
29283
36292
30281
18477
2648
12042
48215
31883
13714
21616
5332
11294
42335
8808
12552
28681
27194
112
45143
54488
1693
55169
51634
21111
5496
44226
41515
52760
21930
44609
45466
3352
17526
25277
350
10499
41887
55227
17160
8241
45636
51391
53768
9381
18576
44903
36343
2034
32592
33285
55085
28521
39922
9425
5819
32343
24120
46168
1922
38414
6446
19326
15584
15953
36365
1430
39448
25747
10165
30432
30096
25388
52759
49260
47154
792
53584
47908
5572
25044
21889
43907
51253
41392
43480
10010
40392
31580
33189
25104
5196
30992
40466
20720
56127
4390
7980
13833
13521
10491
42125
7751
4180
23562
7746
36816
39146
35347
56178
4210
17188
30290
16106
16922
41885
52974
5380
7706
8532
33688
48146
3018
28380
49003
33368
44565
32305
47000
49869
20804
33886
21295
479
5912
27380
11113
30820
15192
26291
17889
44536
44642
40131
24119
7964
48508
45760
13712
26873
40414
25172
40249
6739
21138
9337
13188
53566
2703
8353
48060
55659
30495
2432
16616
13403
50756
12347
12828
20867
30964
49632
7328
22481
39446
8866
27991
36114
46032
21158
23844
41870
10176
46750
53974
11
38022
845
35999
8066
26562
14866
22504
18642
32498
15864
7788
14568
43714
45863
53973
5788
22412
55864
10269
3084
29228
40736
53681
45482
11476
4156
51517
5759
10352
28435
35725
14196
15001
48217
28812
977
13794
41102
414
32834
15338
44835
37280
52555
5092
12846
20522
13508
3434
8538
29857
19945
4864
42804
3664
39033
17121
7284
52199
39515
30081
15246
40725
8864
21979
16409
37863
42688
29428
42283
27114
50860
50916
25625
15038
300
46390
37907
23430
11269
12788
9411
24077
19552
6002
39519
51075
44574
38192
54464
35264
38600
10067
37979
27137
28041
4672
8386
48045
25617
40124
54642
25682
22454
11372
51039
28823
17666
19805
15798
30935
8567
14613
27223
44335
27953
22795
3617
47243
1998
24500
49960
48411
5650
7065
38578
51850
52286
4924
2900
39532
7002
933
9495
17485
55949
28308
7294
43214
22534
34174
21454
38485
3480
27987
46952
47698
19700
46704
14295
19639
13015
13954
30439
22342
29153
31723
4900
11362
48371
28032
42710
52549
9034
55911
18832
5177
20118
3089
45309
30719
46444
42783
37860
35937
36754
2642
31252
17712
1032
54320
8138
25316
50374
20185
17753
54819
116
6385
37581
37328
33819
37908
54632
46155
43036
41964
30905
22335
5921
23412
19300
44088
22712
47383
15746
47403
44776
22023
20141
4804
1442
31430
48329
11498
31251
53065
44644
49856
37854
33999
22939
51112
280
51924
20956
19778
53221
19108
10062
34150
32168
37840
21366
48932
1481
43183
2448
12224
41208
4960
40878
3774
24647
37558
34871
12241
45029
24448
5781
49008
1116
51294
48974
53194
37900
6768
34848
41533
27940
8714
42030
7060
48464
9590
4785
52175
7330
23139
34854
12612
12774
34237
18032
31278
30511
12506
22884
53910
32110
20766
27443
14496
54902
21563
7280
1450
32232
11765
15125
5026
36089
14189
5507
51840
28212
13543
25961
31510
47223
41021
52661
35715
29927
26725
20010
47213
25620
2296
30063
48035
56141
320
41482
46128
18060
29690
4800
17894
31706
40296
440
5539
9116
45198
43104
32160
51121
20025
7222
35902
11918
15253
54132
3844
26686
41295
55401
32380
56036
896
27221
26951
46201
50516
52670
39096
2144
15165
37402
25464
7160
34777
7250
21462
32888
52907
10485
50481
31763
16592
55482
29594
40382
27877
14382
20442
18971
25588
52424
35018
32186
49825
11578
3244
29907
51157
14122
33453
10870
27955
48685
50542
36107
3232
40629
41540
40760
52613
20452
20844
47816
38453
33159
38673
41200
21099
13872
36468
20965
34386
37328
53160
47108
18764
2262
38046
49335
28158
51457
5427
15381
3472
54641
44219
18161
5560
10916
19206
15884
6321
238
49280
15716
10200
26984
27584
28612
25374
55747
39387
26293
31726
38880
6207
32581
51813
25781
19712
49575
8943
49345
15950
43711
38327
44264
45598
49522
30024
45565
3811
26039
19805
23818
18944
54802
8496
51098
49066
41646
39802
5160
18302
28472
22670
45984
42291
15866
31162
19262
15300
48046
39632
35613
54078
34412
28057
9726
35628
19238
16309
4279
17802
1694
33074
1592
36098
40524
42050
21536
25104
17317
45281
13737
19855
33582
44010
12284
52750
1980
46388
3421
52393
35466
308
55716
32262
20032
26284
12688
11421
24205
42334
54669
10953
5955
31171
16524
16791
51809
39306
25406
46936
7469
13946
30442
33628
9250
24604
48382
32588
28766
36396
3656
30517
34608
51424
11381
28678
14880
11714
11208
17129
48661
41983
5290
55044
39387
30115
51264
55453
48886
24930
8959
28405
19856
45413
40761
46482
38667
51980
19797
37014
14259
48985
34071
12296
43024
31253
43044
36192
43061
1993
11562
33388
35321
44732
11409
35190
5532
33841
27370
5276
39992
40607
22397
18709
16043
39889
49820
37843
16227
5415
13643
16420
8867
37915
27430
18911
47243
30950
56027
43176
35776
38774
40238
52530
47882
55224
21250
38802
32177
18743
34356
35816
2601
12256
25082
48450
39040
51488
10933
41186
51622
24812
29695
25606
8002
27690
6225
54132
55277
24682
12649
8
39609
40604
43786
52748
7236
9063
17362
45609
5736
42260
8686
48822
310
55650
22670
2392
29530
13407
11396
22128
19124
43958
12324
56146
33740
42379
13355
30417
9097
41014
21546
35996
28983
46768
21158
43376
17377
28376
8084
34316
45818
671
35016
45948
24405
12750
6179
9165
18604
39463
41034
47173
40592
3570
42532
53026
907
2709
4742
19826
16172
367
14214
25072
26724
14900
49178
2379
24502
37906
27050
25533
41058
21273
17446
29276
27918
39994
40774
46710
28592
44507
3599
29191
51335
114
37122
35015
31265
40632
50440
40185
49146
20774
26236
28562
8728
21836
29345
11452
21831
19646
27306
53250
9204
52308
36988
21106
19290
53078
55284
15794
3875
1110
5866
22384
24404
20396
1682
17106
48968
19753
12277
8064
48686
23682
46444
24668
43092
45224
48858
54765
29242
45580
36374
8607
43081
17408
17667
10391
26106
39360
55532
18116
28788
21025
41001
43714
1676
32998
38444
24938
1245
40334
51345
4422
30109
37269
54922
30894
49192
45680
14782
3630
29150
41228
49036
40140
9892
40405
32811
51254
20608
51054
33996
36156
10786
20954
23628
17728
36579
33497
42257
30817
23080
46352
50922
33216
13940
12444
8519
1169
41634
9948
5848
28802
23766
31686
55258
8125
30854
38097
22944
16472
55232
28908
21958
54564
7508
33057
24612
19242
55226
30005
28574
6474
7131
4009
40153
4140
5824
38688
49506
29380
55002
6467
52884
16224
39940
55855
40232
56125
32316
28162
8272
8410
46874
44382
13646
21608
12764
34290
31178
10590
31801
22737
37343
26255
249
948
421
36279
2522
13365
10443
4064
25663
54219
11527
19963
52521
4478
43629
6723
11969
43790
31417
43791
48753
22948
43013
3954
31125
39772
43200
2461
3927
21614
43040
14610
34500
21830
17380
1380
41248
8960
50776
32294
12566
12209
40110
14517
43269
51068
51341
50779
31082
53977
1735
33782
42033
3779
50414
11970
27946
53703
32193
984
200
29692
30236
24359
3528
2894
51640
39887
2026
49312
22728
23892
24686
27842
17882
3224
28884
46653
52455
29152
44058
54142
19464
40102
45206
18389
854
28083
1435
19222
30060
14818
48179
17028
23743
39845
45838
55339
55066
44027
29033
12008
51968
15869
6608
2088
51614
5186
11174
2180
43518
14395
13071
45875
31973
11446
38527
18569
52419
7202
52616
15624
3024
13025
33829
233
11960
55251
35130
5816
17607
29312
40793
55344
12170
49337
42866
14566
7702
38867
35527
53200
49632
55396
2004
14296
6862
55113
7267
49009
38306
9244
5210
21954
35322
29343
52514
21457
29807
50534
26868
14034
44830
16686
21860
55154
53575
4414
54531
31495
42542
24258
13161
23990
52186
4288
41933
10876
17140
51866
6779
52892
26598
28642
21700
2326
52862
39668
36527
19940
53175
53338
30157
23970
24792
18758
21228
3187
17596
45270
8900
2294
52568
43766
3389
26803
29812
12516
8367
42762
39267
24612
54364
5356
18992
40578
29122
50270
35143
55040
5746
10872
17868
44124
46521
47784
5301
33302
35303
4370
50204
21026
39868
13756
23670
14711
42180
11618
44289
36426
5335
52351
40068
44732
28190
3844
38476
31612
47950
8816
25718
7255
13428
51446
55873
55802
40868
3554
43942
16085
7734
22791
10950
28876
53606
35718
26249
296
18456
43602
33409
20190
34755
12938
24996
28378
33245
27201
33793
30763
47825
23284
41113
12375
24743
21015
20746
37030
31952
2755
42260
5689
11561
21016
49852
49178
49139
29896
7945
45342
3797
40024
25132
15547
3966
346
3944
24694
16531
48364
37841
37956
27258
54815
51726
21747
8242
54364
4852
24466
23581
26394
35218
19920
26992
40016
12070
17982
39877
25632
34474
6818
30358
55816
33560
37682
34074
10466
8430
22650
24337
15573
12832
11620
2246
5659
26278
42989
47718
42674
16000
51833
20494
53816
45432
51978
28628
40061
28237
8521
35455
33241
55882
36889
49360
1215
30857
33854
39904
8418
48175
19440
40847
31622
49809
46162
8937
10461
54723
3508
11683
22980
51762
19016
30733
1620
47296
55813
53697
50337
52836
20659
55707
31244
47564
47687
41441
6203
2390
15410
17584
46266
2797
53626
4827
48107
47897
20424
18742
32928
32538
51596
5912
2813
45220
186
29552
23326
39661
32939
12175
15731
45464
31923
422
49973
17492
21968
52606
5365
10801
11415
16702
27602
6624
33232
10075
7317
23358
26014
51182
43274
2119
23104
10732
14288
4459
36557
24992
15959
29498
29899
34961
52560
47392
52319
25571
46435
35867
16860
40391
47431
10590
5393
17475
19963
35282
20003
47661
19188
53236
35449
45350
34203
41211
2676
38073
778
8014
7451
4401
10369
12117
10591
47262
31744
14759
7224
16688
27823
2452
27891
18776
46728
54321
40169
42333
15882
891
16201
7098
78
18016
6551
30589
51312
24895
17862
38428
10572
20072
33530
9310
28758
16013
44973
30327
22722
46640
50336
32943
4042
5378
7192
44944
27428
37095
6053
43800
8194
49939
10279
53458
46564
215
41203
34508
28259
24955
29739
4720
49255
54458
24332
15539
46216
6551
53538
51662
47994
42367
8305
50789
5877
44797
11452
51658
32445
11610
6903
54337
7058
17907
27215
10976
9012
18196
34488
4604
54870
30522
41566
8144
17380
45888
16002
26446
21054
38921
55752
11877
33931
47828
2296
54473
45800
25496
45240
38723
52039
21952
14101
51546
4327
11072
48397
7350
35127
6285
11094
38408
49240
36516
3142
31335
39082
40890
29542
35558
1554
20631
13520
43082
21750
15757
37586
6817
41701
24615
6949
18312
43842
53891
46142
29132
36568
4138
36635
35192
34594
26414
45665
48879
48115
53347
5684
50636
27878
20902
52068
54956
52154
38762
38618
20001
48960
31198
37296
4548
54600
25953
32682
36172
17613
31046
25817
19990
31644
7728
35413
46565
4957
25593
53551
44747
28130
43636
45642
45270
20408
45966
9023
13333
40030
55062
46934
37135
2288
55576
23736
29528
53172
39610
7780
27382
16429
29536
27366
24671
1434
52638
54928
23801
30828
868
28108
52797
5312
21860
3746
38885
47421
50375
43317
8179
5105
3914
37450
11392
11721
24960
4591
29567
10708
36404
41201
21497
5502
52358
29002
28666
51880
4664
10200
27673
14897
36200
36805
41926
8372
27532
52680
30479
52018
51044
13045
14241
55670
54391
25377
10634
46407
35287
55080
21878
3870
33490
24800
29328
3296
30259
40132
22778
31524
38430
36422
11852
45640
21215
2767
25526
14399
21574
47899
41448
2822
21716
9732
48916
188
18136
46701
42773
55371
46839
53729
4334
9794
50881
52758
37353
53480
46442
30974
14067
26351
52442
10954
39682
1282
54941
18958
27941
27591
36848
7889
44176
5092
2941
35116
24849
13567
46669
36724
34560
45236
17989
22560
29411
2600
32396
50602
54268
49789
47871
35512
11236
344
49166
20205
47584
20796
45903
10598
5694
26844
36289
21942
49710
31581
4403
28902
41322
38769
26730
10616
3728
14610
15039
41013
8496
5723
53038
19176
26106
49652
16036
33992
54513
23941
11564
49902
25716
43250
9149
40649
12621
9402
52114
42499
10356
3448
27137
49796
38775
4572
54741
31177
40231
45125
42780
45080
24157
9587
54690
49612
30385
26013
43013
42505
33636
44451
55079
12215
26050
22982
6383
11523
45958
42711
33564
37388
2190
51344
46410
22629
7241
44619
37061
6054
10616
25663
35087
38713
45334
17989
13950
28172
9212
48886
33312
18730
4062
12576
8878
53749
29116
44190
49151
3426
55220
46628
18414
3747
28258
33064
37273
23644
44170
27672
24004
19299
2962
6864
48880
19700
45468
41570
43870
42931
3236
38544
20050
10231
38944
22932
4410
5864
14407
12982
32842
38234
34966
642
16581
25460
31666
32180
51312
18827
32345
45225
20071
20864
40221
39738
2346
36944
52898
6969
45996
34906
12378
49394
6558
33744
41471
418
16542
9822
50908
32574
54159
35873
35380
22945
1040
12096
45612
17844
27306
3380
35867
9382
22502
23119
8624
3540
36859
34614
33842
32458
2914
5934
16288
18198
246
27987
28983
22838
50920
24402
50834
12278
11053
45570
28594
53454
27000
8052
4913
41980
54
20563
30555
6250
40
27795
16365
41315
13063
43944
44404
24651
29516
55363
1164
31824
27195
46118
48096
44496
31912
37359
29871
27647
52952
48929
6436
6338
46128
23404
16439
29106
29613
48575
2602
48300
36847
8163
17974
21880
27117
10136
27744
2608
3628
13724
55204
19297
9246
6815
41514
43930
3924
39905
44504
31027
3148
39957
49794
38224
14586
41197
35900
29031
51975
26164
45817
38077
53916
47139
48395
43912
11907
42413
12499
53422
47229
10337
35164
2950
44792
27608
38643
22251
12536
47984
43926
17356
46847
47122
14718
44878
40715
669
10222
54638
15207
14452
19161
23877
31131
30294
31992
43179
42723
49877
53427
14526
33884
30838
51881
33170
51536
43116
26896
5605
25174
51222
36687
38052
53087
601
25549
7569
41424
19265
24840
15473
22272
38029
54212
28624
32735
22494
11345
28032
14024
20681
30021
49287
39692
52221
6809
45058
7925
11999
2811
28882
13744
6543
8732
40740
10508
52146
51946
27977
22544
7404
33402
38220
55074
36642
19026
36691
19099
47416
53426
51790
38597
20720
34167
6547
21698
48517
34804
20842
18522
7012
50736
33419
33227
6378
33766
18638
5208
45460
40944
50326
20450
19756
25656
11796
41957
25774
54485
8106
42503
27286
7231
39646
500
2920
31806
39118
25762
40001
25379
14918
40900
22360
36770
32943
19972
19475
55849
12772
43471
47177
35941
1913
55593
36299
51130
7042
19740
51636
23232
19238
55376
2943
26754
27239
2833
12556
17106
49764
30334
25616
54258
46
39317
51954
31299
2909
20992
31678
22324
39771
47668
17982
21366
50546
2880
43706
25702
31454
34316
15866
54012
47344
51682
12138
47718
44568
2871
30038
15714
10155
51353
25735
20227
4520
24482
53234
16970
18520
41368
35920
45994
33374
34652
11266
32617
20401
26853
18741
6942
36626
42018
3838
55536
15885
48697
15678
6670
52260
6346
9115
47372
2971
1654
45940
24364
43309
44140
49114
38982
37659
7822
17513
36168
10417
899
54947
12172
32577
52410
22032
3514
27858
48498
54160
30679
37750
46502
40066
39894
40116
6008
34836
30826
29192
131
54010
13324
16116
44534
43722
41808
47985
41116
42930
30044
1388
26360
2098
8829
6680
34838
41063
33980
719
4761
1698
21704
9390
5899
4346
34961
21404
41224
29640
40214
3302
16131
34107
51485
5588
6766
41204
28389
35762
33983
31249
18039
55451
44695
10384
11050
21662
44442
21938
17596
51942
28880
26867
1350
41752
38858
4498
37773
9064
16269
7998
44526
42
3274
38281
800
31212
55926
49723
37787
986
5814
5556
12967
292
10951
2210
41798
30110
40494
14800
24952
47356
39170
15795
54626
644
31656
4894
12619
56004
38430
30776
25456
51701
43325
18080
48397
42289
21365
55862
19752
17493
17282
4846
19300
29587
9712
30347
6652
24314
17494
50758
28737
4028
5113
22820
44374
118
48249
25755
26379
28803
21110
52666
52822
37642
50008
2164
8681
9698
32856
42424
44844
4869
46256
29956
32314
46276
11806
51930
44934
29040
19142
2315
22505
24760
19311
419
49872
42985
8817
41717
4377
23525
40282
17589
43138
55179
41404
28315
22397
21706
2943
47142
48599
41466
51239
28327
12424
25972
29798
41082
16869
11427
11088
9736
20064
14473
19416
28276
32284
42312
38607
47808
8306
35610
17512
424
37803
17268
14429
1071
22975
6756
22874
49650
10933
9555
28676
53004
22491
26996
23879
37081
29472
55046
12607
41969
8269
42399
42330
16434
44985
23434
14752
31528
26402
3837
37438
11635
20976
55015
38105
49079
47698
7474
28764
18944
50598
26006
29660
1566
26800
30095
13189
49063
51037
6165
17455
42470
47111
1128
7101
45479
7793
351
18747
50578
24481
51408
28533
22693
55741
42404
41730
40380
3477
31868
2364
50298
17690
11263
54123
50842
14068
3018
43243
31690
29983
6157
55524
37851
36677
44219
54977
13168
24771
15783
5826
36906
21534
53838
10776
6254
8318
51139
54676
24785
4714
28258
23097
49334
34670
52343
23272
5352
2301
42034
25118
12293
38018
18850
46067
31480
23456
19143
37069
48858
43170
51535
30231
8856
15134
30419
8716
3371
4212
53078
42142
54384
13506
16452
55648
17195
16997
18120
29226
6217
39899
49090
11690
44468
55476
39326
42784
10023
14512
32089
17091
13441
28049
6518
41454
14198
28230
38556
42144
31550
44596
41551
46812
37084
9208
21230
3148
47723
21515
48106
46803
45217
35794
47137
13140
53669
37324
51364
17296
42248
25900
21027
16982
29310
25618
2871
1166
17078
55431
11424
47498
34721
6593
2559
12134
28466
33074
29113
24112
32193
16325
18834
28478
9737
16773
15731
3960
43796
43006
6913
47234
24485
9856
37321
34399
15660
32534
12006
52124
30402
36493
2957
43228
30686
18000
50314
56068
24528
196
31044
19178
13040
51026
8540
29871
1061
53968
12479
34913
18380
14544
34937
42945
48538
23041
32737
46856
50
16463
12627
52679
28926
15706
40157
17216
26486
16606
49858
25070
34433
18904
24562
45851
32438
19062
5538
41348
8575
723
7775
43368
33258
24254
43274
17172
9851
53589
19038
23081
19050
18461
30338
46118
1086
2904
5952
20448
15853
52297
49385
4546
12072
28335
35665
48178
5014
36093
30453
25199
35342
6321
9312
38916
51144
39085
27018
51860
6830
38486
53902
11578
46506
33885
35650
37916
7437
28502
36332
20792
56048
5972
24244
4541
32685
45902
31091
49576
26017
35782
2875
18715
35068
34462
49059
50105
14610
55818
14498
1284
41313
27859
27736
53030
42495
20486
15538
90
32678
37607
53049
40652
53910
18682

