51517
28289
87054
47122
65259
15175
15200
85972
1268
74548
22116
31856
61599
67272
42986
22542
60168
17289
20368
52348
8870
14786
46174
23378
63666
62003
84399
92906
58759
68340
50264
74764
90898
10196
47910
56690
94415
70277
29668
66702
54862
74684
51296
50952
541
76758
76087
18183
70702
38568
76187
88419
66384
7086
72434
51576
64454
77644
90540
24540
65350
4118
50943
61336
58128
59392
78460
49874
888
72097
17220
79389
49677
51054
47006
91146
58602
12748
71035
73576
78149
12962
46704
19445
43092
58944
64090
8800
73656
81488
58472
71159
36057
52739
42488
55945
67147
15439
48038
76138
51622
30821
8804
22682
19196
73524
20437
21048
27615
43895
56853
74581
90809
19813
6231
70086
62148
79820
83558
2064
66492
25200
40548
50621
91004
9399
7299
40694
86870
24636
24705
16964
80689
62272
13111
65047
76000
57174
56411
62500
65634
19764
10890
28720
9570
27280
24870
23746
58136
73794
38182
83366
55538
93046
51998
89664
32394
89724
57057
37638
13889
52490
38178
67945
9259
10201
11258
69256
90003
9932
4622
65679
31094
52702
81307
47270
64884
26723
60524
57201
81731
4018
54899
37955
37608
5814
75423
43729
24234
56262
36345
4492
43470
74396
54170
56553
83566
3440
31087
60526
12630
88155
3744
68267
29247
41006
77650
42096
4565
67224
8759
54880
45498
72350
93876
87098
66646
18184
15765
21844
33090
36248
87386
79422
57098
80263
60352
45724
29515
13474
85188
34119
40754
23724
52830
31032
23608
70397
18229
79960
16602
52412
56211
55027
57546
2552
56750
65806
60168
56420
2936
22306
66452
9958
68156
73566
47068
11486
85551
75937
44120
8423
65639
29190
59017
63204
48092
50750
92613
66363
53284
66102
62142
64988
18395
24898
45164
69816
26229
28772
82424
70686
5184
34152
9119
80838
78646
18087
77052
14685
92759
16220
73784
32845
52400
67358
42542
77292
18631
57023
87996
70970
40844
54162
326
23284
44662
2309
27800
15630
60
90160
82890
27522
89280
10694
46368
25326
58952
65640
76370
43682
61214
30016
48376
74208
3494
36231
19206
1614
54194
59557
73378
67008
23933
83844
6669
86275
26222
49544
72624
84528
10214
67812
86944
44412
66280
9172
49062
67500
17863
78125
22294
37156
50452
34552
31062
9307
7982
76462
32633
62775
8918
82202
38576
88118
61958
55285
57820
30949
14805
17006
33169
15121
33850
79491
30328
31934
16752
12779
46566
73804
40153
31318
3482
48986
64899
30519
73809
8215
67519
83834
25106
16156
75451
72422
5123
33322
46565
62434
34776
74065
76800
15452
3880
6428
78595
54559
24637
93922
72496
57518
17803
78470
9209
93575
48450
30365
20263
12664
83670
56158
83242
93983
76184
14290
85972
45265
92648
31166
69605
78295
86554
81868
25505
64036
80984
22570
484
64452
74038
57476
26406
34915
50427
42096
52001
48006
74516
44467
72432
92046
30880
34995
75352
264
57386
66716
23936
48956
46916
75210
10468
35613
86300
83603
25464
54600
94357
92302
44216
42694
83090
88982
47239
84064
4765
22524
82932
91832
86620
29403
19543
84978
31191
393
39972
72534
91500
6324
54322
84552
20264
39640
92280
64724
26512
9116
21646
59042
26820
46276
42580
44252
56370
81118
68038
62674
54233
35698
75421
7222
43490
25456
53593
38598
53450
36664
55058
7716
43051
93142
12226
88360
70519
74894
49461
37524
69147
1548
84052
82557
34300
77408
1142
43958
3140
93501
33601
71204
77950
27390
24435
78126
22846
67401
10328
45868
69999
5251
36896
57240
93971
92766
54802
25416
48158
94882
49772
5985
6988
57128
43455
18651
62510
82949
58827
1041
3816
67982
73515
26813
55096
53608
63935
65067
72213
28466
47804
17898
62114
17686
25244
51823
85149
38707
33077
33627
48322
73328
86420
46083
63613
70704
32348
74653
59775
35069
8784
77517
10528
27714
85940
83688
88420
95070
76165
51622
58822
7083
23312
10242
52294
76013
10526
93994
6653
72193
85930
74125
50152
86401
24624
7970
39922
59431
2659
36300
49742
64981
68144
19367
53941
76670
47209
71512
26286
8576
74693
40461
43516
30660
46981
93224
29614
62186
46850
34439
35358
35771
17385
56519
29630
51960
68654
55084
82262
31433
33326
13454
19966
23688
17848
37510
36255
87346
54560
47264
54623
94856
37988
21970
14621
53109
18416
70435
92016
19241
41316
47442
38428
24325
37456
31913
38406
10593
91260
11251
29637
51335
74150
93477
65256
26028
61790
735
12691
10374
37621
93700
47693
45152
47250
87930
51777
58534
67270
24416
37746
59567
16867
46716
31304
14536
56977
75171
12614
49572
2626
88426
51911
54676
52606
87587
73449
75173
2230
46221
40346
75019
77226
78322
85434
19485
39841
59650
94248
87515
43534
70346
93740
47896
80656
16957
94156
37990
69914
15841
44242
53337
81563
69551
90998
47116
27433
46284
50725
71500
67966
49762
3138
68078
50284
14826
82264
17675
86867
1786
89704
56056
27008
65202
68650
82464
64279
52845
15802
11493
86014
49245
71702
31168
16198
24224
84726
1806
90236
87655
11410
47766
74567
11862
91661
48080
8727
9456
12210
50422
23734
18546
94782
85125
37962
65184
28585
85133
22923
60162
76183
75825
47138
72381
78496
79195
58915
44549
38692
47392
85060
48218
89624
90822
63186
25604
63728
78592
34219
50733
15562
13224
58266
60478
60256
6612
29876
5566
8986
7000
41180
39186
26945
93532
72751
56010
52068
65069
50840
14472
72222
32043
44584
11660
4612
1249
9086
66204
12952
26955
37846
2646
24108
36428
20400
93962
24680
8655
61691
30899
40437
55328
86492
11370
56349
92379
53310
52470
2820
43093
83501
62352
5296
58366
23854
70570
64672
48660
60914
43286
39350
32846
79181
50713
78887
76423
27052
21511
44658
35613
58301
67641
78435
7842
6742
69296
4348
45541
51880
81926
27832
75424
62116
16881
8457
94595
84092
42763
32030
60664
45225
55973
70062
59228
51121
7535
35800
91727
29171
14198
24330
43549
73972
83203
30824
25200
68456
6790
52337
82880
58666
77210
19775
60004
27204
7819
26158
75235
20116
87714
61425
20077
80920
35728
82775
45371
60130
78306
24523
78660
43610
52877
18775
21217
39918
39527
60746
34924
16623
8578
59686
25661
4371
3147
18822
63120
66400
60884
48304
23219
86892
41554
2865
33871
74842
31571
4526
48625
30512
20795
61252
36410
36285
17588
53343
7078
3623
28697
81674
72222
39734
92812
3696
46666
18024
29080
86772
37460
16445
47204
77942
44623
55034
93467
52341
89475
81992
33838

