405978705
343502624
808711400
860068348
289881672
114363910
408154845
636517504
671320280
204359082
130874596
952904516
109260508
470117374
8140387
389063576
151547899
660739554
605798367
92279249
66666400
229671308
869515076
519456686
644602005
620741005
630673108
48772161
258825593
345411959
489778481
650038247
385110692
146803705
816630088
224286524
917401118
454194754
853980744
926658920
378660624
467107743
102646907
767120911
195982222
336321106
944642862
545624963
327966511
433757194
348502347
910790236
338845116
640815300
576789586
16038450
183069799
653512653
542903053
895550437
694051697
862493960
919627594
104553445
393958446
445433319
722806608
10259804
307902575
727852289
391935186
698811589
206769153
972203474
787003802
612282000
362216154
827852396
531719535
430858681
192178925
21762858
784022125
751647062
155530955
347926686
234497302
441107243
294236665
563986970
807173985
198156000
163405025
236329995
73355044
465184718
717068181
118762641
52662990
121335214
776298766
889035408
826462566
439087502
891736987
100109015
121693406
420032676
565512659
459902711
859409641
993506912
936070814
178343495
609918567
717569517
869059324
697894901
909823810
15625904
56319389
91575616
631635975
589193785
247459643
490099656
742468484
417921187
266705949
477979690
711168211
244534767
733984192
634075130
263188793
196855999
821979253
154089556
520555602
76328534
288118378
380833720
155862320
723597035
416158822
687257233
639286655
451567724
642781531
311800006
723093755
593109001
27327654
800315971
888552317
583728666
759601880
797013010
195880702
736903971
94301159
35629406
226610911
4673210
83908428
49516708
669682962
323725159
615055563
404095352
604329831
861611387
986901471
462998378
385134883
551160679
262244347
25289191
899618882
606348431
875959514
287398681
899551663
866722583
370679012
463381808
709197855
359136844
259035412
465196676
943219209
577618390
977853520
891015153
739025079
618425850
512701890
951830641
340265895
644815723
848198970
713054522
938790861
4241923
826236225
543500555
794899771
358276540
449959784
590719031
485521720
767054300
271006491
714814276
740585412
496667477
735952868
808711136
176351599
726698351
687545971
315384450
797033522
727124847
174089370
952278075
335394148
866136970
609476408
354271466
19247316
702472650
361293103
282636560
862152711
806972855
623078281
59373916
763020576
430325774
334352361
563135912
412062240
128156116
276936798
897769387
383446453
457964346
905861907
328058136
255141627
990204242
335603336
61095682
927829697
416892789
796925122
815479467
295846402
317514753
798458145
595004955
708482593
804987296
11627049
766674411
875835498
366450573
875938760
147829162
473494098
145407786
762670531
978571501
982316240
178663112
237609331
433374543
498817458
703139775
539123925
669210827
14207081
451018671
863763754
783680726
402848873
443564105
747969269
671616236
577142475
990377183
708016865
65974471
760367825
524944587
531881
904374529
542881535
631657205
884846292
377958344
241328153
127299076
569979726
218884900
838261885
929268867
90321654
546788344
431715900
155514937
639439261
469421250
43720720
102870043
732536149
785586052
128361367
147208558
741499898
170519185
124757530
374449221
120497431
986924787
871398808
868249266
176210527
305768696
416939731
16869757
336402619
674171459
971163493
289528196
967131534
960944836
377267655
683672189
170677143
765494960
365436462
245611580
2761061
819491157
618626508
46088463
611681006
670551421
391888143
350325173
342963516
453322914
455585549
720730121
992153570
204338190
522675031
608378796
902909544
412528855
162683312
315929713
729483591
781592826
821944050
14992511
576786606
792550523
878272815
523625269
698922724
379886519
137682053
345960718
619737739
546396389
354540079
36314845
259127316
941006538
530399378
797467755
494799329
608321986
707457588
422962571
249299392
647960590
120606294
103897788
357544595
181418232
430542930
833322185
643482978
427437969
783547624
696336204
835165168
406659387
922020511
423987274
834216001
240393828
699576682
270303466
714782656
725196570
421092934
29447317
162042643
19033789
855664834
664681391
994190469
742403019
450404977
449132512
180246581
27521871
985111151
621814309
170759957
27788407
528142937
82394147
778809957
41482953
437193424
849855495
567659140
601607774
908014968
703259439
54024906
602827246
925397930
305170217
416110534
777867397
612678589
445724890
207441061
841326218
206616417
296888199
344999137
586182487
151911703
488558008
458851867
247014144
777833048
194032852
4087996
9643243
163053412
566637100
554807696
831445608
328736588
938972628
652913774
802838274
458191059
849993650
985729542
941989720
76836436
545030683
864947223
584503119
997119753
590380641
268934366
263711766
395560607
149745686
130909501
777502209
890883482
241528384
581746354
453176097
259543535
166839115
820109864
244036224
662863640
516296738
790078877
905656720
131568133
595145639
874474160
242375140
19551785
943748686
312128835
706092200
204650080
654867350
420412585
271893397
619193447
952944415
73928653
545051776
238524215
745547101
86770398
219269241
998711101
154803614
758020936
138941268
611104181
927939820
603926202
609604526
180072646
293010185
233832016
197985614
671233803
309166808
675534907
874209911
859953954
448493238
454329714
660034828
96056084
504354280
75419805
620896535
898719855
32802740
310926126
159870806
262807875
369267185
910444089
630351811
863553001
455648080
517995552
238187658
384769377
978979765
895222325
382920349
446342046
770388724
214895618
816924137
597884698
868673463
636981309
917965516
632972751
284037848
459982107
562772347
663964594
702136907
466020949
543019731
119936964
275647246
908652582
414307161
761734213
440513125
978755096
728831944
893192640
461068440
652189583
797110920
310575301
337718276
729289671
164369243
486513008
308144146
487388992
873265217
218668426
964843970
858122738
602746776
335644519
611061930
932687057
143436271
922997008
742319089
833334038
310921057
386639887
884139524
398316348
977112235
933085374
224839897
256894933
790483892
527912171
84397011
252665724
770205275
380935582
615406140
843675434
376920094
251170836
288025603
108888923
860782699
851262200
740365319
180345619
765078341
642223474
232239175
454653503
357107966
571412728
963733582
972460729
454684689
424288381
41666148
901682043
540722267
185834900
807380265
461307711
246264552
375233402
150039683
495724904
453342340
943338380
609861881
618461185
821826195
510216504
357838290
580424523
977470865
466045182
957578231
310821731
140753723
795534713
611843356
911694937
724672127
649973304
733593080
285731473
447397571
131820593
970572506
962477319
793950281
974384803
921325320
178148821
45826789
195642592
839434901
603210656
535926362
233505181
370380188
308601670
192890617
172048603
692855746
786912719
429864573
654077128
857230072
297396594
146556973
30055870
623799988
79931918
833538024
215578752
144735606
927148635
777174036
504361589
903028668
750694712
767070544
231278906
503153593
562742180
966134753
670971898
47878690
153925425
619888508
819325003
541560083
851262991
151757300
442388348
859426565
173559800
593604385
779642285
237155421
10472490
681286498
408278156
24309588
254898306
274277089
372333580
505820953
475153569
445689560
465208428
583445328
646742128
30953976
87808394
62604565
104353328
953992813
41020811
575648168
942557040
335369652
15759745
843754515
695607526
845257235
61237453
141037905
351843375
44393388
141235537
141614306
917073997
409004056
348623216
850205074
36458133
416025779
729372105
579115535
775629789
507109979
609979747
95977518
688753799
263016491
100155742
346979663
435448923
214713352
668310256
705014476
364753105
39213885
887792249
268654556
210550625
76806531
736504497
749016068
399831646
22476610
366742762
85787566
647163051
718411521
947765054
41167833
145265250
83857327
765320655
489004478
844895071
205496294
447717551
698503417
867159471
372533321
583474136
43527130
649991034
226747789
722552858
955532990
470148126
856616697
240213620
96494240
233309195
654971043
476785658
570262982
710666569
308089664
509666244
191704101
110124542
265628560
270292341
476554244
188582682
604271034
976891532
536484656
306007865
543042627
455702801
516571783
557913484
803765561
979452383
910114724
181801922
763481610
329024399
784203312
185945222
686560909
336356990
371472953
852972864
572294386
27066048
836346130
504832551
653545056
956563444
407054670
791956725
622332119
956240681
432019342
832738881
391877309
41835794
72729682
127263962
566953197
767939695
69436256
783109048
202829706
225438050
290908919
150650220
461229886
106862979
945533434
327067385
86198929
481871352
433185635
845181292
375541969
621583013
985924753
704179140
876083987
449182318
309344227
76537737
716896467
535215656
934304887
313006474
299728613
250065169
609808637
121462123
68541163
547202204
108718188
542035561
437645266
832275697
722068337
251697111
598027550
670856963
385332187
208204927
618756749
512246903
791588371
490475735
757921111
861214267
433778888
971859114
384512829
197071137
922607197
259203371
986562559
635767630
278799126
699707241
996272511
291598942
966446082
442238819
574935443
278429045
322413143
669098076
556094439
350459455
134603706
22043177
941875298
733583176
777105593
988036905
762639629
220356843
268861413
432899097
207492283
705775579
730539179
479262664
986329192
934543130
141742540
622789869
382698877
779167219
922653583
424449969
187554472
971244697
815234461
116182582
973871540
286215423
