0
28886848
176487985
819215925
959512133
601883649
827966911
63993347
625671360
917172247
703734965
131622034
125518458
831562435
275414780
433069051
644444608
44425728
624115581
703155195
777907440
971806804
617974513
831977813
587156874
257320334
484512804
587876639
100659148
982746251
999291432
448505467
331678025
690325399
700361261
263062788
19741584
634336117
228552177
665066039
945624857
732499471
530052990
467134480
13305775
666143598
359903790
853608579
524474682
143715011
493968978
639307192
89920533
192478420
137386585
833840701
326280769
350519230
181330532
87957383
270090492
193115058
96868659
676522174
666557348
242236215
379161810
75139534
865263272
583190295
2881471
210327880
920901647
508277348
747637118
161646198
179943034
231951692
635693850
377738898
477149167
466382414
389378577
551074766
672610947
539600302
679033240
797327151
786160742
786889575
406951502
990803420
722090177
973318202
60086217
733053975
946428486
591534124
394812036
282305203
3821513
467970228
774894968
839030687
840100438
233324124
484302632
174189179
861025086
653372531
526884622
439910493
145524556
240943277
983154450
18456661
843753737
759422192
146947683
640386834
512583761
327778768
104827689
673877244
262289709
96831471
321052258
839276777
426998664
179023851
96493112
546512833
905113247
198464584
76130731
979293410
915343676
390504581
735352033
801664951
316551643
434011730
365575386
992634104
642628708
518833371
476111929
76852829
874070968
644853920
484987567
970685405
945677256
527191286
590928288
58096645
789359691
688420103
889025557
418680160
595750193
169310601
240966797
218426510
61562741
963511624
141683456
559103033
828506291
665376420
352990226
954522377
332099970
444061132
72226655
865815562
134639940
215364970
390552083
645317752
783646293
465422477
500329629
66495666
593702249
791389554
106014858
345696098
854831070
381960061
500738213
417177117
681236701
26945350
696551625
495410822
885592206
162205944
143700048
354056614
92521591
299584407
580063127
12541007
185260439
376748740
583589187
852001094
19434977
280036240
820126870
131768571
683610115
47374593
226099861
499130610
404037094
281858777
161537471
69527922
668323136
671820817
929025477
973003054
218950168
402263519
866815608
889783131
130831658
618772197
949638049
557298945
312360873
254604406
955045138
672013711
235832555
904063724
599003088
486383564
274489672
550049679
386593311
619750877
107326215
113298891
77964422
310086556
300555119
121265963
171390683
921565999
381491925
938052691
673802434
560009355
26664896
82012038
722407686
491861577
374326541
333813265
806190931
824902988
291821376
198242572
675737771
107459626
674620253
841917618
406489608
775550678
363907142
844541199
267920075
322315862
662387974
306152107
885481051
389557696
914400926
612704052
988799315
542693127
667222090
711747959
645765188
978036986
748597829
447533878
739348721
319189441
603142237
447122074
501968945
204375788
854183378
914218479
205852398
665326444
50907781
662962215
886841330
272107131
635383176
137656136
133658075
620674379
255175735
523099495
368409712
243999429
80937342
557600474
829655244
489531677
125702465
88374112
157347686
988073192
310539727
591102052
991259927
27780807
729253221
633277434
249149404
201120239
182893061
922440216
902300435
808506999
472509771
257366020
565264352
471060867
833467277
757398456
711694344
692237460
406229149
813034884
986806557
197234629
314610325
792143778
24089251
556369858
713972338
923020320
684742229
165367579
535024479
907143672
291862213
652007630
522933175
472736557
263503582
959019961
808614078
195316138
930372235
358404628
30487173
512676006
278093926
664329999
862920992
789841410
659173261
341314932
795546590
114082315
867857078
783483218
960719679
73583893
706400576
871188723
23290923
390515683
645781776
160247233
287562414
634783515
124551382
126930015
640956136
785384904
395241773
981983553
567261541
201007392
156276617
689592461
638043639
661583917
661968384
562792236
10590287
894005857
3176846
874772783
193513761
10688424
453162163
52822564
597662787
420960884
938155441
965113367
607698522
615395882
242025932
316826415
108447048
874608450
748152014
4659601
334666281
452125166
210044066
602223907
343360758
592143420
676117886
198668993
841428702
252898424
710858798
900000062
169931400
459880267
986596826
602624069
14769099
603326272
401795617
102643734
41111399
374673673
318816791
723944850
776088019
591715001
923641118
838800241
886562527
646523674
14158847
264310493
277207910
592892307
506562283
315239306
460916399
567826548
814383647
88576947
952048344
203535336
385718866
462678923
671427079
577872773
514866214
154312650
334378482
591369869
408668462
766714520
993409532
372581569
293203227
611578075
451290487
716680413
29713968
867537368
621709223
202841628
609069035
903555498
5081633
537645462
706828639
831519745
360155575
635640876
611809357
144535239
49977427
332240610
985699095
845840499
561441095
264154789
852976023
21857810
771496639
348181519
749523013
331772319
863217937
994342359
833633383
325814311
882095860
400771762
567454682
831026673
828582900
650613117
864726652
850608021
208955160
884881557
426869575
702808383
474387910
661267807
735735107
288818241
570700033
466720435
874439023
806540320
949743015
597592014
641149180
609330804
827065733
656693734
643089196
519349124
232825820
673906402
353412180
376042482
733848424
652120275
821753302
422623282
298889165
600136959
25058034
209083648
182645501
759093226
747506772
823976641
110152983
665537689
990545098
568140704
784747357
14747434
668555521
272909416
122948665
685566518
99771837
64349896
208463450
501687106
634368422
566329332
701210406
651117201
129598860
295438138
505256575
656999189
67194287
71439054
377475860
976138411
798456053
841461185
854489285
445621460
802855010
815971574
862253776
842084582
531036451
466303362
660736742
174272813
225831369
941014397
168437855
196052911
676036611
661247264
843867742
827595328
411356249
439203940
718556773
745452467
240516108
707181531
319229313
298693194
555909912
149043662
259967535
260424477
528765995
684489654
522724074
610078846
487392694
820977622
377455984
301074783
478193889
6495290
422883759
380563100
833766827
946772696
648243607
17018676
972158167
519941077
540255962
223446083
630305148
977418926
585921952
904224443
580510326
506741079
218818464
630698698
402303310
611437136
320361484
212850311
597360221
492061435
120601136
767648658
687107745
189567950
340523798
715728650
409657231
270306318
929095977
405805539
631808690
351295689
909845571
159450319
317787085
9736093
93101033
562083241
499954784
159298079
577474998
911672461
964688771
805181671
289713239
567501563
197614087
418049566
625789138
94361906
313092051
510028191
226743679
793217009
985214867
817737723
890337835
868756526
711765262
735669250
776058009
180358857
762890348
198917175
658987948
678622002
109131700
341667646
806202776
72621486
538588818
441208171
155557318
431547619
645610861
256974735
662792806
248673801
309386170
638080769
723855030
623409923
9406102
257139131
735215176
457215049
639949987
931341808
240210214
442964489
125205055
100686974
55972222
187540742
440070353
870921650
61933037
690360046
939505864
74594362
20588173
6497415
768399847
565123134
19853081
227828195
604560010
115419146
590719319
41222775
280789748
511224607
845928405
533623485
208033154
137953318
92304535
65828743
546959527
291787018
791706547
806123947
331267268
835111491
155433006
386565614
52588913
225762456
883243308
356186160
661055648
685703632
890096716
122368068
441707185
120878143
526638675
632283343
11897089
249975926
581326901
671613719
742421025
985325555
397419600
756557740
505514253
823829625
632836671
168133597
142288686
827627057
641874816
821613135
884891126
199670389
939401911
950771054
947924899
366248183
249196645
285401937
442685165
474814366
491519098
28685264
229347723
538126488
69306080
897908922
877800529
459590525
403566338
449538455
560192339
732878645
559417568
127989198
50968854
684721377
458792547
80999256
660875726
866104929
711234116
400158696
860052328
133175428
57305305
431188929
862704869
888907624
364483183
951535441
813257157
719008399
286811903
559379807
212778875
564189724
789864215
745993001
102157656
449952303
602126782
328374041
896368072
30678888
973331567
951625894
297125185
836942408
86723072
13549183
706761283
272180351
200780654
927032508
654007325
96013749
971735619
816946695
456493416
349870862
285000507
725032585
133418911
200382794
166656609
501123537
817094402
775551974
203403049
203743427
320349495
998102584
235823750
913441015
418638644
162143158
15890409
215091507
236270811
280180715
42492982
762947599
424108774
569414557
715401734
570840600
911544213
413006492
199779651
143210866
794111612
684375733
634351889
671865591
107371322
92800046
440325631
398042904
810341072
619972380
873740021
385405611
802928478
871422376
797254265
749833861
816011696
339239129
416563871
227486447
765812517
465990499
844324690
44894654
702032812
601454427
499685101
324573056
316158767
654241884
69581072
809528161
222637283
129882256
756029691
556600593
689003153
279652293
87188598
82087297
821268265
241922152
331475012
218550119
585176746
765667875
644748755
705764576
434793714
289650287
492491585
944896620
878580706
913457605
26144768
515744979
775488007
445703401
755860005
479058658
702941369
142143882
182219840
827449948
962985610
178676564
641384558
467416766
723931177
151905682
859418165
335382150
152617433
290984657
492423804
249304192
280718394
311717819
681788745
283949802
131979366
957292161
39348797
639246363
712569963
768140574
655405457
984457204
578740382
647781740
258674890
964513450
189676588
7786372
834145253
258352280
806261808
756927310
808918241
222556207
802548485
205643617
823757473
702360335
233098312
584524076
663636001
962429260
108208677
4020895
45272642
631453107
288102403
230151837
404954160
133863808
855867833
563728189
905887366
646298422
277345568
890641552
675826768
596432476
38900384
583006771
290309563
443430603
89371140
349887854
271857677
701919350
