0
0
0
241484389
53353029
382001872
389137475
840412165
986620401
521213460
752697135
972947960
227446462
254560042
160578546
745400237
979795535
695199885
859622265
974661449
899470838
52586206
779648729
984707638
911956127
782055011
936271326
949842288
963943729
945795715
846650866
443465636
101452136
949416444
287387728
837577889
369648043
761935659
863560418
692710553
957370892
211027730
393013730
692414744
127391261
448228444
46207365
583427777
111742156
138089198
742426211
371652659
538548665
928299085
537108268
37179339
148639362
51307799
318572266
918280806
954243982
724873385
466308903
902332582
957722499
618413744
3012883
8831728
964535398
84826528
780069574
951626369
75074537
598161348
595808902
666467419
713459606
879727678
581810236
15003451
829215930
503339000
939996765
104678103
938308460
518617697
808051064
754260433
534379145
710111676
176803905
733726490
459622461
512726998
466378289
257922461
7611759
27373239
193491323
354114298
273076981
363169786
365317332
55715307
35711279
584279477
327473527
806723005
606443137
875451702
728443894
71178562
965381219
876429432
266978522
269370573
638399815
493143964
7481130
149665883
89913507
883042119
152812490
877098561
949740991
674237847
974313151
737822379
307167675
921198685
933436235
599868345
466465704
831962496
764184018
250417298
853947402
818628560
522892420
760382386
66221528
955775074
895940792
300837730
607420402
357693416
379882
437547430
376728950
31000972
16143434
308293807
268557141
248630688
373897090
301454519
580445321
165810191
132939317
782121445
528818040
954236246
619238230
978577580
379895942
172472075
591187224
994690168
546466004
786560144
658151140
982446035
758122267
923928762
998760761
889295970
450424466
934876156
70744066
800380076
32881335
211637301
436845831
429029794
840913548
698029862
736869787
717009435
462458990
724220642
827505563
540461660
740664790
64404118
354420024
529262981
95130402
865281420
416517403
195290857
997827619
31270192
237212202
765106964
172986618
209156341
426338428
177546830
883637425
962725517
8842317
60117060
527829355
782409632
896361557
106777780
726257985
84873897
374829265
753243194
41719369
352862713
593421123
718681657
814694938
228987154
517595032
149791188
393052089
901860469
647958425
406460967
334772325
913054304
905793894
653323036
331853106
64372237
51382326
613131916
103206213
459407755
474718637
279599220
70499063
455836269
368440221
580929756
639920616
630149567
399113302
815149358
89662333
669188389
383680906
919338050
823218578
688704930
840824997
904955908
351288732
590544310
59182546
400776018
467803669
759543608
849749131
106421911
995568768
831815015
473243550
647387600
429936153
518212889
301325498
898518302
581987442
135277905
856803906
489669916
892554508
635874232
283678958
26202845
170149571
925468885
727062759
943351695
379883432
194552527
60938537
884909304
358010980
885793715
251754405
993007467
89690967
33009343
611533222
489587989
105359602
486399098
190619366
266318497
548650211
180290238
762474389
795209439
983292877
626326061
45123796
743753702
647898239
166268167
929686786
420222512
261059396
135736520
874035341
741390495
981254032
468004859
69073112
717317445
912194182
38107105
784108952
227767464
248835243
14840120
78996947
432459310
982420784
56554543
451158647
940040332
418871477
134889756
758487817
353342592
62765950
436416087
827099990
982566496
144274091
576093360
88947357
798338036
375452935
217396969
660037336
799239458
903333062
639817062
520280709
471360223
715317336
317282977
188657440
55936966
725588213
265354843
601711679
949003228
403697459
514021175
145537456
768467372
150668311
846082709
109163793
938861440
180649639
882198195
690921135
279228530
943295369
155960048
428286509
872594606
76033299
313912570
833705362
724848558
988320537
431655428
221374409
964921598
441636192
803807451
363352293
718085520
880967417
97129193
324810845
313873906
242362348
292860497
306365131
865752594
136646708
205251179
623530976
848834911
407278804
349192879
265081701
265468715
442441391
376121979
429941373
8218658
147993669
584948650
245912230
712051344
51564261
338378276
372383088
533595299
745024826
231761021
988235382
983028463
462356679
111382676
486653273
601618943
981556876
184361906
489518243
968726486
652195595
89375196
301073032
179287782
341922904
346722025
670708649
568443479
295218270
160978859
529143679
839570463
678160816
520976751
55347175
482545961
754448487
982020292
812150381
298073972
860020549
585108709
818289679
259251059
686096770
772362064
694352501
995878603
39254332
379883787
128541765
833703159
988909209
797524468
405257370
717665759
762542075
745111529
352221502
992524886
268370799
605082447
650135294
413961697
81974211
657187620
5565164
167071957
97987434
139907313
879104676
368841488
400038287
185442630
377911980
550223274
129271
629365388
423610511
917518337
319479114
897048813
963305260
140095413
942495839
343447117
790526906
479571792
978353005
177836948
754249358
50780270
299288895
622684507
214535482
38064815
250219654
209377659
155653656
16470419
780122795
94154491
615992848
524792020
128700195
768159475
146816372
578757690
594150931
933666782
484139532
902403350
815447760
801115470
230083703
815762340
797673960
569272802
416293669
903521705
186688011
73688556
630762724
606210145
620982956
849486840
938761600
589144040
15535620
786530315
270405867
396807564
843865909
181978327
472159567
502268745
686462848
458922341
536023822
408977937
394012294
882296217
954305648
688136939
5466651
41170170
160714589
119474857
369387303
900723871
706513524
34439586
90943911
139828133
335569299
404499768
624777691
601577252
865180742
524827170
949784429
412010721
329583829
831269885
268074121
415461083
228321176
555743324
161500464
113269894
82399867
118335060
347505937
492724940
163288411
690509122
544559938
610930113
383229964
676250831
133505690
727676391
667518155
474295004
508434547
144528526
658706991
246490063
291186743
7607866
907047185
914445355
547930838
644483167
655364086
615511993
62397843
514504407
6516361
493342064
313768912
923478556
60552574
799666738
544796723
842592912
327582567
258704195
317534427
174861986
811089588
35650333
101160870
128669261
568404104
474809971
15488494
422635719
831828576
707413042
949109647
372033254
368655286
616538435
677521591
390462221
261943921
18568307
705515585
940917001
259241389
425654607
462011610
342322545
441447934
333415952
180221703
875659445
507358213
931966032
247682777
565256487
70739906
97418574
637056853
512013956
187653007
545465672
384250183
15119330
264050701
245361669
477871480
434269408
626177229
594291779
815985637
788875817
424516803
543533516
809329219
998352502
443723676
761828247
714374109
267819820
725982695
263968387
304518193
525824869
993730800
98017428
55938188
189943138
735160469
234820652
952496980
799754289
191822198
476220450
760578589
174823079
848884799
113202553
156592520
550635930
201054599
338120965
323575008
982393325
950634710
438865772
680462137
172945988
735566916
552067642
311083783
506413244
728156103
919247767
176330000
921252395
204566808
309115151
78574817
718083934
794587453
133254434
314585082
575494532
321501852
671081156
687281695
275072752
428596532
917241225
696201359
333431643
300509878
665013450
471312017
944935685
164787847
165514918
184953881
127722879
912020535
142422899
501823177
149957322
523026646
775747697
81373567
137777452
473914877
942373391
81923244
531115558
595298560
911339415
187511035
904946046
719247133
724977884
868678287
874922850
626156481
309206381
703384972
399290636
209145227
110994090
122151903
832748860
80106192
566909384
648861090
832094373
512586662
323897015
158524661
848201498
60662301
282571065
201664243
620242577
306559704
511301373
662201203
825745852
866281213
923712916
914539703
548446912
582232309
447311239
69242198
807688990
894816598
404804267
391161033
906388772
242301703
933595250
410681308
736185109
214473634
824462096
731004257
489451832
568315750
29089712
507392521
367106746
122989515
608085488
495819130
287316880
480706558
428523983
78944259
289366240
674295948
448436536
360709219
277120358
317596188
929185445
805610363
360134671
216021671
665984425
990090554
123152893
137000963
379383970
993423381
222158169
129140434
662472140
276531190
542306647
881097012
87188907
912942347
305226028
36428782
732378468
42287653
470089197
716545107
154791318
206178341
503865873
388334193
167334451
61210273
240521138
575451475
942200215
538318151
969985978
220544335
65617563
737667475
542918919
615927818
582058451
185908077
125768586
12625392
290627335
436437405
917624638
721169540
162154579
568974756
496287519
628128675
258786786
922204296
173811610
558813613
750305653
696900898
876854733
112307475
877031884
89592892
243882025
47777155
191972801
355121670
216088681
944142963
792138972
425299037
884124128
910869311
470006270
810821039
91648745
138640757
503822908
63562919
369470347
285086138
533366443
427920722
4856407
97038213
459761417
678931300
923259012
826342760
706820715
176009544
176532984
656548680
895111092
163108883
706405448
436627473
778704875
737155474
530802323
667068584
