5521
2321
1881
3691
5281
2841
3521
7121
9521
3091
7481
7811
8131
881
7561
6561
3201
371
8001
6451
361
3921
5761
1651
7681
9761
9561
131
601
4481
5761
1
4161
4881
1811
6571
3211
2211
4051
6161
3771
9841
3771
9721
2171
2691
8091
3531
3771
6211
321
5481
5041
4721
1291
4601
8651
5761
2771
7291
5971
2691
6811
1451
6121
7491
2081
1721
721
5681
1961
2211
4561
4441
9491
801
3121
4451
1211
8811
5161
1531
571
9201
4521
5651
1571
2721
1201
9451
3531
851
3441
9121
771
4801
2121
3171
9121
2721
7841
5531
121
361
5931
6091
4211
3211
81
3131
5841
6051
5971
5561
1121
7601
1811
371
1
6371
491
411
6651
641
961
1091
7491
1841
4721
4211
7251
7841
1201
211
2761
1331
961
6491
1091
1
6841
9651
3891
1161
6281
681
5441
3361
2241
5491
5891
