22
23
21
10
8
13
26
23
9
11
27
9
22
13
8
23
7
13
9
22
21
24
19
8
7
18
6
7
9
10
8
25
11
22
21
23
20
10
23
10
11
9
26
7
25
20
9
23
24
23
11
9
11
8
22
22
6
25
27
12
23
8
5
22
23
22
7
20
7
23
7
7
23
9
25
25
8
25
23
10
21
11
10
22
21
8
6
8
23
8
9
10
19
7
24
8
19
23
10
9
8
7
10
9
6
7
23
25
23
22
22
25
22
7
10
5
24
20
10
10
9
24
24
25
23
24
19
25
12
22
24
21
6
24
10
21
21
8
25
23
20
22
8
9
22
13
8
24
10
21
24
23
10
7
8
10
6
21
7
22
10
9
19
23
26
12
23
23
21
9
12
11
21
27
9
12
9
20
8
11
18
9
10
9
12
11
7
23
11
11
10
25
8
23
8
11
26
11
22
24
14
25
8
10
7
5
20
9
22
9
26
24
23
9
21
22
21
10
12
11
9
22
22
26
12
11
22
23
22
20
21
9
9
22
8
6
20
10
24
8
10
25
23
5
24
9
14
10
11
19
7
26
25
10
13
23
24
19
6
23
29
23
25
8
9
10
8
20
24
26
10
22
22
10
11
22
10
22
23
8
21
25
22
12
6
26
12
7
5
6
23
7
7
14
24
23
26
23
21
22
10
12
26
7
23
21
6
10
23
23
10
22
22
7
22
23
9
22
20
24
11
19
5
6
12
26
22
21
27
26
10
22
21
24
8
23
9
27
19
9
22
11
25
24
21
7
11
6
12
11
8
9
10
23
21
7
9
27
25
19
7
10
9
9
7
13
24
20
22
20
25
7
6
10
5
12
10
21
9
21
24
26
23
9
25
19
9
20
24
12
10
23
25
4
11
8
24
6
8
11
23
19
10
22
22
11
18
25
25
24
9
11
12
12
9
8
11
23
20
6
7
10
6
21
10
11
9
13
21
21
22
23
22
21
10
23
11
23
7
24
25
11
9
11
11
21
24
8
22
20
20
9
12
22
12
21
8
9
24
25
21
8
9
22
7
23
9
12
24
12
11
8
20
22
23
12
19
24
8
24
22
10
10
23
21
11
21
6
7
12
10
27
23
22
19
12
25
7
8
27
20
7
27
24
20
18
8
22
9
9
25
12
22
10
22
24
7
23
19
9
22
9
20
10
24
9
8
21
20
25
23
25
22
8
21
24
9
8
23
23
12
23
24
21
10
22
11
23
26
9
13
27
9
18
23
26
6
10
22
13
24
24
10
9
23
26
12
8
27
4
22
9
7
9
9
22
21
7
8
12
11
8
9
24
25
8
12
24
12
26
25
13
21
23
22
27
20
9
5
23
24
8
21
21
23
22
24
24
24
25
24
11
11
9
22
27
22
19
7
21
10
24
8
8
10
10
11
21
11
8
6
12
21
10
7
22
22
22
23
23
23
24
10
12
10
11
23
11
9
10
9
22
12
22
8
9
24
21
10
9
9
21
22
6
9
9
25
11
20
13
12
21
22
9
22
21
9
9
8
25
23
24
8
21
11
10
26
23
23
25
6
24
11
22
23
9
24
22
10
22
21
7
12
6
6
12
23
20
13
7
20
8
6
19
20
20
7
21
23
8
20
21
8
21
22
25
29
7
20
26
10
26
8
7
23
21
7
9
10
22
20
22
9
26
10
19
24
23
8
12
10
25
7
23
25
8
11
22
19
22
24
10
25
8
9
9
26
27
8
9
24
6
25
9
28
23
8
25
21
23
24
25
8
26
20
21
23
22
10
22
23
8
20
23
27
22
11
8
24
25
9
7
11
8
23
13
12
24
21
22
24
26
12
13
12
24
12
23
8
22
11
7
25
24
8
9
8
23
23
21
24
26
25
23
22
8
21
7
22
7
6
22
23
22
6
20
10
20
7
11
11
7
21
12
24
11
19
7
9
7
11
7
10
26
15
9
9
9
25
11
8
7
23
21
26
25
20
23
9
23
12
24
24
9
22
11
21
9
21
24
18
24
11
24
12
6
23
5
23
23
9
8
22
24
25
11
25
10
5
4
11
9
24
10
21
8
22
9
21
8
19
23
23
26
23
9
10
22
25
9
25
12
21
7
24
26
24
25
9
24
7
10
8
22
6
22
11
23
21
10
10
23
10
22
10
7
9
24
12
10
9
26
22
19
5
10
10
8
9
7
7
24
9
25
8
21
7
10
23
8
20
21
7
11
23
25
22
23
22
8
25
11
24
10
24
21
25
25
24
10
