10
23
9
24
23
22
8
24
10
24
11
12
8
29
25
20
23
8
23
25
24
28
8
21
11
26
13
11
20
9
22
24
22
7
12
9
14
24
7
24
25
9
10
21
21
25
9
20
22
27
9
24
8
11
23
9
8
7
8
19
27
22
9
23
22
9
24
23
10
22
9
20
6
10
12
23
9
9
24
20
25
9
10
22
6
5
23
15
11
9
23
21
7
24
23
9
22
18
22
7
11
7
8
9
12
25
28
23
4
3
24
23
9
8
23
8
10
21
11
10
7
24
25
9
24
23
7
7
10
23
8
7
9
24
10
25
11
3
22
7
11
10
9
23
23
19
21
25
8
24
7
21
7
23
25
20
8
18
24
6
8
24
11
10
23
7
11
25
24
21
23
22
22
9
10
23
8
21
11
10
23
23
23
9
8
8
7
7
6
26
9
21
12
10
27
8
6
22
8
9
6
9
8
12
10
23
24
21
23
20
8
10
22
22
21
23
21
24
9
22
8
8
22
22
7
8
8
25
7
11
10
11
22
7
12
23
23
27
11
21
11
24
13
21
24
11
9
25
11
6
24
26
23
9
23
23
11
25
9
9
10
22
13
9
10
6
23
23
22
7
22
23
22
23
9
5
23
7
23
24
8
24
23
22
9
23
20
9
22
9
23
19
7
20
21
25
9
11
26
23
8
22
25
24
24
7
9
11
8
22
6
21
10
26
10
20
6
11
25
11
24
21
7
24
24
24
22
26
24
10
9
10
8
7
24
22
9
6
5
24
22
11
9
12
10
22
24
21
9
11
12
8
10
10
24
23
20
22
12
21
11
22
21
23
13
22
21
8
20
10
7
10
26
19
10
9
11
24
21
8
5
25
9
23
7
11
5
19
10
22
10
11
9
24
10
11
22
21
22
25
11
10
9
22
22
8
5
21
23
25
9
10
21
23
26
24
6
27
26
10
23
24
23
9
24
11
22
25
9
24
25
27
22
10
4
24
22
11
10
10
21
5
20
25
18
12
26
9
11
14
9
10
25
7
26
11
23
6
20
22
12
21
21
6
20
24
10
21
12
24
21
22
23
6
13
24
22
7
13
21
24
22
12
8
20
23
8
24
22
11
13
23
20
22
24
9
18
24
11
23
8
21
11
13
7
26
24
25
22
6
26
26
24
7
25
23
9
9
11
28
22
25
8
21
20
24
24
11
23
23
23
9
28
23
24
21
20
25
10
19
24
19
10
22
23
8
7
19
7
18
11
9
8
24
24
14
10
25
7
22
24
23
22
26
11
9
22
23
22
20
21
9
25
21
8
26
6
22
9
23
21
12
11
22
22
9
8
27
25
12
10
9
12
25
21
9
6
9
9
24
13
22
25
21
8
7
9
27
24
24
23
22
26
10
24
21
7
12
23
10
11
24
23
24
8
10
10
11
24
20
6
8
23
22
10
23
10
22
11
20
24
24
24
11
24
23
10
23
25
12
10
23
24
6
25
11
10
8
22
7
22
21
24
12
6
13
27
9
26
6
10
21
12
11
6
24
20
20
9
26
9
5
9
26
9
22
10
24
24
25
23
9
22
10
26
23
9
24
28
21
23
20
9
8
21
26
9
21
24
23
9
8
26
8
26
20
11
9
8
8
8
9
8
9
24
16
9
7
26
11
10
20
23
20
10
27
9
6
8
11
24
11
9
21
21
11
24
9
21
9
23
22
7
24
24
22
7
23
9
6
8
22
12
12
13
11
19
22
9
24
6
7
22
9
21
10
9
7
8
22
8
10
6
6
10
8
10
9
8
5
9
22
8
21
23
8
25
12
23
21
22
9
26
22
7
25
11
11
23
23
7
10
21
6
21
25
19
8
11
8
22
11
11
7
9
7
24
6
25
7
25
24
6
21
23
26
8
12
23
19
11
11
8
24
24
8
20
10
25
21
22
12
19
8
18
14
24
15
20
19
5
21
21
22
12
26
23
9
9
22
20
8
22
12
25
28
23
10
24
8
23
11
10
9
8
8
10
23
26
11
12
25
8
26
11
27
24
9
22
22
22
11
10
10
22
20
20
23
11
9
23
10
10
23
21
9
24
12
21
12
24
9
12
21
9
6
8
7
10
8
8
25
24
22
11
23
22
25
24
23
24
23
23
21
24
9
21
23
24
24
10
11
10
9
10
10
6
9
22
22
22
26
7
22
9
25
25
26
22
12
21
10
23
11
26
22
25
11
9
7
23
10
9
24
25
23
10
24
24
20
8
22
22
15
9
26
9
24
6
23
