10
13
8
24
21
9
9
19
23
24
23
10
9
21
23
10
27
21
26
12
8
13
9
10
23
8
23
26
6
9
9
6
22
21
7
8
11
8
9
11
8
23
11
22
26
26
8
22
9
8
12
9
25
23
23
9
8
23
9
24
10
7
9
21
22
11
10
9
20
20
25
9
25
22
10
10
12
9
9
24
6
23
21
9
21
7
24
8
24
10
25
9
23
7
7
24
20
9
23
9
21
22
23
22
9
24
8
23
10
7
11
24
12
25
10
10
30
21
9
13
22
25
23
23
25
10
10
22
9
8
8
23
24
9
10
24
8
6
10
25
24
21
6
24
10
22
8
27
25
20
11
27
27
24
11
8
21
19
25
22
23
9
24
21
7
22
10
23
24
11
9
25
9
11
10
8
10
23
23
26
8
8
22
12
22
23
11
19
25
26
23
13
10
10
11
22
5
10
21
20
23
23
9
21
9
21
21
10
10
21
21
12
9
10
22
22
12
20
24
8
12
11
24
23
8
8
25
7
9
22
19
25
19
7
6
11
21
8
22
8
23
23
8
20
25
9
27
10
12
23
20
11
6
20
11
23
10
9
11
6
7
21
9
10
7
7
10
9
12
20
11
26
23
5
23
26
21
6
10
8
23
24
7
19
11
9
7
10
24
25
9
13
25
10
27
19
11
24
10
6
22
8
10
22
22
19
8
6
23
10
11
8
9
8
25
21
24
22
18
10
9
11
11
24
23
23
8
9
25
23
19
28
26
9
24
25
25
11
9
10
21
26
9
25
25
18
8
23
24
24
25
9
10
24
11
21
25
9
24
7
14
10
21
22
10
9
11
26
10
25
8
7
21
25
8
23
7
23
8
10
7
23
7
25
12
10
21
22
8
20
13
24
23
7
12
23
24
23
10
9
25
7
7
10
10
21
12
17
21
25
9
10
27
23
22
11
9
9
25
12
11
20
23
9
25
22
9
9
26
25
24
26
24
9
9
10
6
21
11
11
21
11
6
8
11
22
9
25
21
21
9
11
26
7
8
12
24
22
23
13
23
10
10
22
23
23
11
13
10
24
7
7
10
21
9
22
8
9
18
21
11
23
6
23
7
23
24
21
7
10
22
9
10
10
21
12
6
21
5
23
20
11
21
8
23
22
25
24
7
8
10
22
11
22
8
8
27
7
9
13
24
8
9
22
9
10
10
8
22
23
22
8
22
10
23
10
10
20
7
8
22
19
24
27
22
20
8
13
21
24
9
11
28
26
8
24
9
20
24
25
6
23
9
23
22
8
23
23
10
21
24
21
10
23
12
21
21
23
23
5
27
19
25
9
24
11
11
13
9
22
9
27
8
10
20
7
23
12
8
8
10
22
23
22
5
26
25
9
9
6
27
24
7
9
7
10
25
12
13
23
8
10
22
5
12
8
20
25
9
9
10
25
20
10
9
25
7
11
9
24
6
25
24
26
24
12
8
12
10
22
10
23
20
13
21
24
23
20
11
22
9
21
22
11
5
10
8
8
22
24
18
9
12
8
26
10
23
10
25
22
12
22
5
22
6
9
10
22
11
10
9
10
13
22
24
9
11
25
19
11
23
25
20
8
9
22
23
23
23
25
24
12
22
27
9
6
7
26
21
27
7
24
21
5
23
7
11
22
6
10
23
23
25
20
9
4
22
10
22
24
6
8
21
22
7
24
8
10
9
20
21
26
10
22
23
8
12
20
10
25
14
24
9
6
12
7
8
22
11
26
24
8
9
9
12
23
8
21
9
25
7
9
7
8
25
11
9
22
9
7
26
12
23
9
7
9
23
20
22
24
10
25
9
24
6
8
9
20
23
10
23
8
12
9
12
9
7
8
23
21
9
22
8
23
10
8
8
25
21
22
24
12
9
25
9
21
24
24
9
26
18
10
9
5
22
28
23
24
21
10
13
21
20
22
24
10
6
7
8
8
23
11
9
22
18
23
10
13
10
9
10
9
24
23
22
24
20
7
21
18
21
9
10
25
20
10
10
8
11
6
23
8
8
4
8
21
7
21
11
8
9
11
9
21
24
6
25
10
22
6
21
21
23
27
6
9
23
21
23
12
21
9
7
25
8
7
7
20
22
9
22
12
9
20
9
10
11
20
8
10
6
23
21
24
9
21
8
20
9
8
8
23
6
13
22
10
7
7
7
24
23
11
25
22
26
21
8
21
27
22
11
21
24
20
24
21
22
9
7
6
26
22
23
21
25
20
10
7
10
5
6
6
9
20
7
8
20
8
7
27
