21
7
7
9
11
23
11
22
24
25
9
23
23
8
8
24
9
5
22
9
5
20
5
22
21
24
20
21
12
6
11
26
23
24
5
24
8
23
10
7
6
26
21
10
12
8
8
24
7
23
8
10
25
25
24
22
9
26
21
13
8
15
24
27
8
22
12
22
26
22
10
10
7
27
24
22
24
10
23
24
12
7
12
11
24
12
10
11
10
23
9
20
14
5
10
23
8
22
11
10
22
23
23
22
21
9
7
22
11
7
26
8
27
26
12
10
23
8
22
25
9
11
28
11
9
24
8
10
22
10
5
9
12
8
11
21
9
24
10
26
21
7
24
13
11
23
22
8
8
10
8
23
27
19
8
26
23
11
28
11
9
22
9
22
21
23
25
19
8
7
21
22
23
20
24
26
23
7
19
7
7
11
6
7
20
24
24
6
23
22
19
20
9
10
24
27
21
10
8
8
7
12
23
8
6
19
21
24
25
7
10
10
13
22
11
26
9
22
21
13
25
11
12
24
23
8
23
10
9
22
23
10
6
8
22
12
7
6
8
14
28
21
26
23
22
21
10
11
23
24
8
10
10
10
9
7
9
24
9
23
7
22
9
7
12
23
6
24
10
7
11
10
22
21
7
24
22
24
7
20
25
6
10
10
8
23
10
23
8
22
21
9
10
13
24
6
17
4
24
14
22
11
26
24
6
22
26
6
23
9
10
10
23
9
10
23
9
9
21
24
25
23
25
24
9
25
7
13
8
6
5
22
22
9
26
9
12
8
9
12
13
8
12
23
23
22
7
21
25
10
23
8
7
13
9
9
9
7
27
11
22
13
10
12
23
24
24
27
12
10
9
24
11
11
7
9
8
8
20
10
22
7
5
24
20
22
6
25
7
26
5
9
24
7
25
23
13
25
8
8
23
7
9
23
23
8
8
24
21
11
22
12
20
22
23
5
20
22
12
11
23
20
22
10
22
23
22
11
11
25
12
23
24
9
8
9
12
24
9
7
11
12
11
11
7
23
9
20
23
14
11
24
6
23
9
28
9
25
20
9
24
8
22
11
22
8
7
8
9
21
13
23
21
22
25
6
6
22
20
12
24
7
10
22
26
24
22
24
9
10
22
26
10
23
26
22
9
23
11
20
11
25
12
23
22
26
7
23
24
12
23
24
6
7
21
27
26
23
25
23
24
23
23
10
7
19
22
8
9
9
21
11
26
7
22
9
24
8
9
23
9
25
10
6
22
10
23
23
26
10
23
9
9
23
22
24
12
23
9
23
7
19
21
24
24
20
8
7
7
22
23
21
9
11
21
6
7
21
9
10
19
7
11
10
10
10
9
24
26
12
8
10
21
23
11
13
10
22
22
21
9
10
25
20
7
21
7
24
11
7
21
8
10
10
11
23
8
9
21
9
25
7
25
8
21
10
24
23
20
10
10
21
23
13
23
23
20
11
19
10
27
26
10
25
8
21
21
5
8
10
10
9
14
13
24
21
22
10
24
9
18
25
8
24
22
8
24
8
25
26
20
10
9
8
9
9
8
7
9
11
26
13
23
10
22
22
24
18
18
10
12
23
10
11
21
11
9
25
22
22
8
24
12
23
9
10
23
22
20
14
19
23
24
21
9
8
21
11
21
12
10
25
8
13
21
12
24
10
8
11
21
7
21
23
9
25
25
22
26
24
21
9
7
12
19
24
12
23
9
9
23
7
25
11
7
13
21
22
12
10
23
24
11
10
23
24
11
11
9
5
22
7
25
22
11
20
8
8
24
25
25
7
9
23
8
9
12
21
7
8
23
11
26
24
20
23
11
8
9
13
23
12
19
23
22
23
9
4
12
22
23
23
23
22
27
24
11
21
7
25
8
5
24
9
10
9
9
22
22
23
12
6
25
7
23
8
8
25
11
25
8
27
25
27
5
28
7
23
23
21
8
10
10
23
11
11
21
7
27
10
22
24
22
10
23
24
7
21
25
6
12
8
6
6
8
25
26
23
24
24
9
19
24
8
23
11
10
11
24
8
9
9
11
21
25
24
7
8
6
10
9
19
11
23
24
7
14
21
25
8
9
25
6
26
7
24
8
24
22
9
20
23
9
26
22
23
23
19
12
6
25
22
8
25
10
10
10
11
22
22
9
21
23
24
25
12
27
22
9
25
7
12
25
9
8
26
24
22
23
25
25
11
10
25
12
21
24
12
21
10
8
6
21
10
9
19
7
22
6
7
28
6
9
20
14
7
10
11
13
12
25
22
21
9
9
21
10
10
6
22
