9
21
12
24
11
26
19
8
21
14
20
26
7
6
23
8
24
19
9
8
10
20
24
23
24
9
9
9
21
22
24
22
20
24
10
9
23
6
26
24
7
8
10
8
8
23
21
7
24
24
24
9
8
6
5
7
22
10
21
23
8
25
12
9
21
8
25
10
10
20
24
8
19
11
27
14
5
21
25
22
22
25
6
20
25
11
22
7
24
8
19
25
9
8
24
6
22
25
9
21
22
20
25
24
6
9
24
23
23
24
23
19
24
23
23
24
8
12
11
7
10
20
7
22
11
22
21
19
22
5
19
9
7
22
21
10
5
24
23
7
22
23
23
12
26
10
9
22
10
7
24
7
24
10
24
24
27
22
8
8
9
27
13
25
25
5
24
10
7
22
24
22
23
23
5
23
6
20
22
21
21
24
6
12
7
10
7
19
23
19
21
8
24
25
11
26
8
22
22
10
7
10
23
23
7
9
10
24
23
21
22
22
20
27
23
9
25
8
25
19
22
25
24
25
12
9
25
9
10
23
21
23
7
22
8
10
8
24
20
5
9
24
9
22
24
23
9
10
22
11
25
20
26
12
26
7
22
22
24
8
7
8
26
10
21
22
6
26
12
10
19
21
11
11
9
24
24
8
24
12
21
24
4
20
9
7
21
20
25
20
22
9
25
24
22
23
7
24
22
10
23
24
25
6
13
22
10
8
21
11
6
25
25
23
8
21
24
21
22
8
25
23
21
8
22
21
18
10
7
9
9
10
26
22
9
21
8
7
8
21
24
25
21
24
5
11
11
12
12
10
27
23
11
12
23
27
10
20
23
8
6
11
21
24
9
8
7
8
23
8
22
11
12
8
22
24
21
22
23
11
11
11
9
12
25
21
10
22
23
7
8
25
8
23
11
11
23
23
19
11
12
11
23
6
8
22
23
11
9
21
21
9
11
18
24
9
7
23
26
24
21
25
28
24
7
6
7
25
21
21
22
26
22
23
9
24
6
21
10
8
5
10
9
6
27
9
21
20
23
26
10
23
6
19
10
9
23
26
10
7
23
21
17
14
22
7
24
22
22
22
7
25
22
9
7
23
19
23
7
13
20
24
18
22
24
22
23
11
7
19
23
25
24
9
23
6
24
9
11
10
24
8
24
10
12
8
21
11
10
23
25
9
23
8
9
24
22
8
22
25
20
26
22
10
9
22
21
21
26
13
12
11
22
24
7
9
10
6
23
21
23
9
12
24
24
22
23
22
10
11
12
24
24
9
9
21
26
24
9
22
22
7
20
22
9
23
24
21
22
21
9
25
19
26
24
23
7
20
21
5
24
10
10
22
23
21
13
10
7
7
23
8
8
24
23
5
11
24
11
12
6
21
20
9
10
24
25
9
25
23
21
9
23
25
21
25
24
9
21
9
13
22
7
12
18
22
24
21
10
10
7
23
8
8
21
22
23
9
8
7
10
10
21
21
7
10
8
22
11
11
9
22
22
22
23
22
24
22
21
25
23
10
11
10
25
10
24
10
24
23
9
9
9
24
23
7
23
7
8
20
21
11
24
27
10
20
27
22
10
23
8
23
21
8
9
22
23
25
24
10
8
6
24
19
11
10
21
22
24
10
23
21
11
21
8
10
10
14
5
23
8
6
7
21
22
22
11
7
10
9
11
8
23
9
9
20
11
12
10
23
10
23
21
26
11
21
20
11
26
25
9
24
23
22
25
22
22
9
8
22
24
10
9
6
23
24
10
27
7
8
23
24
11
25
9
23
23
7
22
26
22
22
24
23
25
9
6
10
5
9
8
9
11
14
20
9
11
8
24
23
21
19
9
23
11
22
21
26
8
15
25
23
23
26
7
23
12
11
24
25
26
8
25
26
24
11
10
24
25
10
26
23
6
22
22
10
26
9
24
9
10
19
23
9
21
9
10
20
10
25
8
7
6
22
7
24
8
25
25
26
11
7
24
27
9
8
10
11
10
22
13
10
22
8
22
23
21
10
22
25
21
6
24
8
9
8
20
9
9
7
9
23
7
23
23
24
10
10
10
8
21
21
11
11
10
12
24
9
23
13
23
23
23
23
23
20
22
6
8
11
20
8
25
25
7
11
22
8
6
19
8
11
23
25
20
22
23
19
11
11
9
24
6
23
11
20
21
23
6
22
9
22
25
10
24
8
8
9
8
11
11
10
24
23
24
9
12
24
21
8
8
8
24
14
23
10
12
26
23
11
7
10
22
22
9
14
21
12
27
25
8
8
23
21
5
8
27
26
23
10
