12
24
10
12
11
13
9
24
9
12
8
7
7
23
23
7
21
11
25
26
10
6
24
7
26
25
7
23
21
22
20
8
21
9
7
25
23
20
26
9
9
19
23
10
24
24
25
9
5
9
9
9
22
11
12
21
11
6
8
6
24
9
8
9
10
8
10
24
10
10
24
23
22
11
7
21
10
7
19
11
10
23
23
23
23
25
25
22
6
13
24
7
12
11
22
20
23
22
10
24
22
24
23
8
23
20
10
25
21
25
9
10
22
23
24
12
8
20
22
11
24
10
25
22
7
12
25
14
21
22
22
7
12
23
8
10
22
8
14
27
9
25
19
7
8
24
22
13
25
21
22
20
10
17
11
22
20
8
11
21
10
10
8
27
19
11
10
24
8
8
25
11
7
25
23
21
6
12
10
25
11
8
23
10
8
8
11
13
20
10
21
6
6
11
9
24
8
26
10
23
11
8
12
12
10
23
8
11
21
19
27
25
7
8
24
22
24
23
10
25
18
10
23
10
26
24
9
21
7
19
23
8
10
8
23
24
8
22
22
22
23
4
10
23
21
21
10
22
11
10
24
19
23
23
23
22
20
22
17
25
25
7
7
23
9
10
25
9
27
24
6
12
24
22
9
25
9
12
6
9
24
8
6
20
10
23
11
23
23
10
8
23
20
8
11
23
6
25
12
18
24
23
25
10
6
23
8
25
24
25
7
20
8
8
15
23
21
8
10
9
25
7
19
24
9
6
12
11
10
23
26
10
10
23
23
20
8
25
22
6
12
8
8
8
24
9
24
23
8
9
11
24
9
9
25
9
9
23
24
12
13
9
7
22
9
8
22
25
10
20
8
22
27
23
7
23
10
23
24
14
25
11
24
24
11
22
8
21
22
10
21
22
7
8
8
22
23
21
22
8
10
8
11
15
8
23
19
24
23
11
22
20
8
9
9
8
9
13
9
10
20
10
22
9
21
6
12
22
20
24
23
19
12
24
10
23
7
26
11
12
22
26
24
21
24
10
5
9
12
23
10
23
10
22
24
11
26
20
9
10
20
15
12
22
7
10
9
6
11
23
24
22
10
23
10
20
26
10
7
23
12
6
22
11
21
21
23
24
23
23
26
25
24
22
9
10
11
6
25
23
10
11
4
7
22
26
21
9
6
25
27
7
22
10
20
10
11
21
11
22
8
24
23
24
10
22
7
7
11
9
12
26
25
21
9
24
25
24
23
21
6
7
10
8
22
11
11
14
13
10
21
7
12
9
20
24
23
8
22
26
25
9
10
23
24
12
23
24
10
7
25
24
24
21
11
21
23
21
25
23
10
20
9
10
25
12
25
9
6
11
7
7
19
20
3
19
8
13
11
7
12
25
14
24
22
24
25
23
22
23
10
7
10
6
24
12
22
7
6
25
21
12
10
21
21
12
24
24
8
20
13
11
8
12
24
25
7
22
9
11
9
8
12
11
11
30
23
25
7
9
25
7
12
25
9
6
8
23
9
20
24
9
8
10
25
24
9
24
10
20
12
20
10
7
20
10
22
9
10
22
24
23
24
23
24
24
24
13
13
8
26
12
23
7
21
8
22
21
9
22
25
12
8
9
22
21
19
22
6
22
22
14
10
11
22
26
19
23
21
6
24
8
28
21
24
22
8
10
22
23
7
10
24
11
23
23
25
24
8
8
21
7
26
22
10
22
18
7
10
6
21
11
11
7
9
21
25
11
7
24
21
9
23
8
24
4
9
22
10
10
7
21
24
8
23
8
18
24
7
5
9
8
7
10
10
22
25
22
10
23
24
20
26
21
10
23
22
25
12
24
25
12
9
7
9
9
4
24
8
24
13
5
11
12
23
27
22
22
9
10
22
24
8
21
23
7
9
7
24
22
27
23
8
22
24
24
7
25
23
24
22
26
23
25
13
25
22
25
4
9
23
25
14
27
11
25
21
24
7
9
18
22
9
20
12
9
7
21
24
20
23
11
9
25
10
20
25
22
25
12
23
11
12
21
25
24
11
22
20
22
13
23
25
6
24
23
26
7
23
21
22
10
9
20
12
9
11
24
13
20
13
12
9
22
7
23
10
8
20
8
25
19
23
23
24
12
12
25
5
10
25
24
9
20
21
10
22
23
6
8
22
10
25
10
24
25
26
23
21
19
8
9
19
24
23
22
25
25
8
20
23
10
23
27
11
23
8
22
10
25
23
24
23
9
20
24
9
10
20
21
24
9
12
8
7
7
10
24
9
10
8
23
8
8
7
22
6
19
23
21
