2822400
3888000
192080
94080
3628800
225792
979776
258048
126000
307200
504000
590490
940800
483840
4665600
8164800
174960
230400
13716864
2612736
2721600
108864
1166400
952560
40320
1658880
940800
8503056
362880
2286144
283500
2419200
4572288
4608000
1959552
11520000
275562
1587600
5760000
16796160
81648
109760
6123600
1555200
2419200
762048
428652
317520
1270080
518400
699840
3628800
1632960
127008
1814400
725760
2721600
10886400
202500
3483648
3951360
4354560
3048192
576000
630000
168000
115200
204120
952560
86400
705600
345600
979776
6718464
307200
204120
338688
128000
2540160
1000188
282240
864000
656100
1290240
663552
1417176
226800
77760
1428840
176400
635040
2488320
216000
2268000
7654500
345600
282240
5248800
9878400
71680
138240
864000
40500
1058400
537600
7838208
486000
1866240
241920
396900
1360800
57600
221184
282240
1944000
13716864
4233600
44800
47040
1134000
90720
4374000
311040
72576
4200000
508032
2721600
175616
9447840
1852200
190512
4762800
972000
2099520
705600
4838400
567000
1111320
207360
510300
1161216
952560
53760
30240
2099520
3110400
2469600
1984500
2540160
7257600
725760
233280
921600
1866240
1612800
3110400
77760
6718464
2032128
6123600
612360
123480
414720
64512
38880
1003520
604800
241920
816480
144000
9878400
653184
8398080
4128768
466560
272160
139968
20736000
1935360
592704
388800
933120
10368000
100352
648000
141120
10584000
6635520
4838400
483840
559872
5292000
10886400
705600
1920000
874800
60480
1049760
155520
84672
13335840
155520
2239488
1020600
10160640
658560
1959552
2654208
311040
4800000
74088
2073600
4572288
1323000
9644670
423360
4976640
294000
302400
4321800
5598720
11430720
816480
1306368
453600
23040
435456
677376
18144000
680400
524880
151200
272160
345600
6123600
653184
207360
3628800
1741824
5598720
777600
172800
181440
1134000
604800
14696640
136080
604800
441000
860160
7620480
11200000
1612800
952560
373248
4480000
580608
181440
77760
48384
176400
2592000
13440
3292800
63000
1555848
3857868
144060
987840
8000
7257600
1270080
423360
170100
1296000
311040
806400
428652
87480
132300
4838400
2799360
2286144
1306368
1209600
583200
537600
13063680
2381400
60480
368640
72576
1741824
677376
3110400
38880
49392
2880000
382725
450000
1377810
13716864
580608
336000
1377810
460992
46080
7056000
373248
222264
376320
2508800
60480
1555200
1474560
874800
1166400
911250
258048
1814400
34020
870912
2099520
2916000
3628800
28576800
2187000
301056
302400
635040
2073600
403200
4064256
403200
1632960
552960
362880
560000
288000
940800
127008
3265920
50400
1905120
414720
276480
2211840
1143072
1944000
4741632
3628800
27000
2580480
793800
268800
4374000
4445280
184320
567000
2160000
403200
806400
317520
774144
4665600
97200
36741600
645120
6123600
276480
215040
3359232
241920
25804800
933120
8164800
1632960
396900
4410000
10287648
9450000
268800
1190700
10080
8164800
10287648
1806336
1481760
691488
194400
18144
777600
108000
42336
156800
756000
1905120
1881600
147456
459270
870912
207360
373248
1306368
79380
774144
1180980
2041200
8467200
6451200
2449440
396900
115200
4354560
907200
100800
11854080
1270080
12960
376320
322560
368640
1008000
737280
22044960
7902720
302400
414720
17280
103680
4354560
1548288
169344
408240
32400
326592
94080
5760000
204120
2143260
442368
864000
272160
5103000
567000
6773760
680400
4960116
516096
2540160
2150400
7840
729000
279936
2058000
111132
580608
92160
2449440
4741632
9878400
193536
9144576
161280
2963520
3333960
4762800
1290240
983040
2204496
590490
16588800
1088640
777600
1928934
100800
50400
94080
96768
952560
4665600
5786802
466560
816480
441000
648000
52920
201600
10321920
2580480
460992
13500
33600
1548288
737280
2257920
1134000
510300
7348320
3265920
