1317120
1944000
246960
96768
176400
376320
441000
983040
1327104
1837080
430080
544320
1536000
453600
756000
1843200
10838016
3000564
1143072
756000
617400
311040
1152000
497664
1714608
1224720
2016000
349920
774144
49392
1530900
2519424
5904900
364500
1049760
45360
489888
194400
388800
1234800
590490
1016064
314928
256000
2041200
1382976
25401600
489888
340200
1632960
194400
123480
306180
1658880
151200
725760
6480
1360800
25920
255150
972000
10886400
53760
571536
32400
5760000
176400
3306744
11907000
13502538
352800
5186160
1587600
109350
559872
1209600
435456
3528
7348320
2916
777600
472392
306180
1161216
1327104
1088640
1244160
933120
9331200
1071630
8398080
2721600
25920
2985984
3024000
2612736
6718464
589824
53760
1049760
290304
1360800
48600
1524096
508032
14929920
4665600
592704
9953280
90720
1016064
11197440
211680
3674160
1714608
381024
30240
107520
272160
216000
3457440
93312
552960
13500
3840000
6667920
262440
1786050
2721600
4515840
127008
2361960
7290000
224000
320000
7290000
2612736
1088640
282240
5760000
580608
2195200
1428840
235200
423360
1105920
1372000
3317760
5443200
129600
423360
2211840
537600
1512000
1749600
476280
2352000
1701000
9600
311040
2822400
8164800
1984500
2709504
1224720
4704
6531840
1866240
104976
3499200
25920
1290240
183708
3628800
2469600
552960
3528000
321489
823200
756000
75600
1814400
108000
244944
6350400
653184
113400
4000752
172800
315000
12544000
70560
3499200
1036800
241920
3919104
75600
9797760
1036800
1632960
567000
5598720
10080
190512
381024
729000
725760
384000
5443200
102060
233280
476280
2116800
1176000
1428840
7440174
26880
387072
58320
491520
204800
453600
268800
1530900
11337408
2304000
127008
14112000
110592
100800
117600
3870720
53760
1399680
172800
2949120
329280
288000
882000
544320
194400
6531840
1701000
483840
437400
303750
3317760
1814400
1105920
243000
933120
238140
4374000
810000
3810240
121500
1008000
1037232
3402000
967680
3572100
555660
3674160
1152480
1399680
1119744
1270080
5598720
470400
544320
302400
4147200
186624
453600
143360
3810240
3584000
437400
604800
11664000
756000
508032
1505280
127008
84672
6561000
2755620
245760
20160
3920000
35280
1224720
7200
1984500
18000
2058000
47040
124416
238140
5248800
2240
183708
80640
64800
1530900
2721600
793800
1612800
117600
5103000
194400
4915200
155520
5443200
215040
5715360
151200
1632960
1244160
508032
170100
940800
1411200
1451520
58320
995328
2903040
19683000
544320
2612736
1234800
124416
108000
5419008
1474560
14224896
833490
336000
169344
217728
5832000
4478976
653184
2177280
2721600
174960
787320
2709504
3048192
846720
6613488
1605632
2419200
161280
2721600
11022480
3750705
967680
388800
396900
466560
3674160
10800
1161216
137200
5443200
10287648
100800
103680
2361960
802816
53760
635040
6451200
1512000
987840
144060
172800
244944
777600
250880
967680
8164800
2488320
1161216
6350400
967680
9144576
392000
73500
952560
3292800
600000
1935360
2286144
3456000
1451520
1852200
381024
648000
489888
2381400
907200
272160
128625
1814400
9031680
10838016
1244160
285768
8709120
3857868
3870720
280000
840000
1814400
1143072
987840
583200
1975680
65856
921600
1080450
1224720
1905120
6298560
408240
8573040
1741824
2857680
201600
4032000
25920
129600
4064256
4515840
1728720
926100
276480
151200
13063680
1984500
259200
5292000
5268480
1143072
2143260
8709120
2949120
6860000
161280
6531840
15120
4064256
1049760
259200
1016064
5038848
1105920
169344
6531840
3306744
524880
6451200
1966080
734832
414720
3810240
1959552
214326
176400
120960
161280
84000
829440
580608
226800
1088640
2099520
6912000
6350400
944784
2304000
22226400
93312
3048192
4199040
870912
37800
580608
288000
129600
105840
4665600
136080
414720
576000
746496
1428840
3240000
