268800
874800
32256
1016064
8334900
466560
291600
113400
102060
1323000
141120
1128960
1701000
458752
483840
9185400
2286144
9953280
5598720
907200
20575296
258048
1451520
148176
7464960
1944000
850500
5000940
57600
1492992
4572288
5334336
204120
19840464
105840
1575000
141120
2857680
3214890
2822400
2016000
326592
9676800
933120
104976
5734400
3456000
1290240
362880
100800
1161216
604800
486000
408240
75600
5760000
840000
38400
5806080
14696640
403200
388800
2857680
1296000
12800
2211840
544320
1306368
158760
158760
2116800
230400
4233600
1411200
124416
7290000
282240
1505280
926100
2211840
2240000
5927040
1020600
1666980
2822400
158760
172800
311040
174960
1612800
311040
889056
874800
1440000
127008
1111320
4408992
453600
3512320
188160
653184
1224720
243000
1920
1399680
882000
580608
264600
11664000
508032
105840
17280
46080
47040
272160
50400
108864
1512000
1632960
3136
51840
1890000
425250
1714608
486000
725760
6096384
241920
423360
1088640
1190700
1008000
5378240
576000
476280
2150400
1105920
1469664
3870720
2709504
1111320
115200
4572288
5038848
145152
15552000
1399680
3265920
416745
1728000
161280
86400
181440
3010560
4233600
1411200
933120
33600
653184
403200
705600
16533720
63504
1451520
17860500
241920
63504
306180
243000
5598720
2755620
5225472
71442
25401600
6350400
3161088
3386880
1152000
3499200
423360
162000
1728000
77760
3572100
376320
3061800
139968
1399680
940800
486000
1612800
4082400
48384
1440000
1866240
740880
1959552
10206
49000
6667920
197568
1049760
306180
113400
1890000
113400
13608000
1071630
5806080
17860500
326592
136080
432000
952560
870912
1105920
70000
508032
396900
524880
453600
8780800
1866240
645120
11664000
2540160
73728
1814400
663552
99225
378000
1505280
6048000
33600
725760
1143072
419904
282240
1612800
1058400
559872
816480
60480
184320
1470000
734832
69120
13107200
1814400
806400
1620000
181440
3225600
12754584
945000
414720
204120
508032
40320
1555200
987840
9604000
13271040
345600
472500
252000
6123600
373248
483840
740880
4300800
2239488
432000
218700
508032
740880
72900
5806080
453600
2449440
1180980
622080
56448
8334900
1036800
1620000
10886400
4665600
2976750
1354752
158760
246960
136080
24192
604800
907200
564480
614400
4286520
583200
11197440
7680000
663552
154350
45360
190512
1088640
3317760
145152
1814400
1679616
5715360
209952
29160
4199040
329280
314928
2857680
3317760
476280
504000
272160
134400
2177280
1505280
276480
8640000
3572100
120960
7838208
1960000
403200
1008000
189000
5668704
451584
3175200
793800
680400
288000
19600
14000
193536
2903040
11430720
2177280
544320
29859840
189000
15558480
6096384
141120
336000
4465125
1574640
1653372
680400
2880
6531840
3675000
3780
23040
64800
1750329
3175200
2612736
27993600
68040
115200
11197440
4064256
774144
833490
3686400
120960
5292000
903168
2903040
567000
12644352
5400000
226800
23328
2430000
324000
642978
113400
3402000
612360
423360
129600
403200
1228800
5160960
4898880
143360
4644864
588000
552960
43008
7938000
48384
1166400
21600
5080320
2041200
635040
1693440
2963520
2624400
604800
5715360
230400
103680
403368
846720
5806080
326592
3556224
226800
145800
3674160
1285956
77760
5292000
846720
158760
435456
480000
43200
294000
423360
209952
1814400
1146880
9185400
280000
8001504
672000
77760
20003760
979776
4723920
1344000
226800
1975680
155520
317520
2688000
1612800
24192000
453600
338688
174960
6773760
2073600
243000
36000
2177280
9031680
288000
77760
333396
181440
80640
5225472
1166886
241920
255150
370440
4251528
1280000
396900
74088
322560
967680
17280
1270080
10584
69120
179200
1209600
194400
1204224
3572100
1382400
19440
725760
6144000
2857680
139968
204120
8817984
176400
5511240
5080320
2764800
7560
49392
17418240
