241920
9525600
31492800
403200
116640
126000
3483648
1428840
1646400
134400
1458000
220500
127008
1411200
326592
1049760
302400
1428840
2419200
2903040
658560
1728000
4082400
4572288
903168
458752
2222640
5715360
1210104
67500
725760
1975680
115200
2332800
680400
1016064
358400
432000
103680
6429780
777600
78732
1632960
5038848
1003520
360000
705600
120960
1814400
933120
2480058
6615000
1555200
1128960
987840
230496
6096384
4286520
132300
308700
3386880
163296
340200
1530900
583200
1555200
64800
3240000
17640000
10080
1360800
1399680
8748000
2985984
188160
8505000
22680
408240
870912
27648
3500658
1814400
3686400
225792
77760
1728000
645120
4032000
604800
1536000
967680
1382400
324000
1102248
1935360
291600
211680
65610
338688
7056000
317520
162000
8503056
428652
129024
189000
104976
1728000
3265920
3780000
176400
4665600
58320
23328
874800
53760
2469600
13996800
90720
428652
120960
3265920
12597120
4286520
100800
3240000
3386880
201600
198450
3429216
2799360
362880
3888000
54432
303750
201600
1259712
2370816
71442
2074464
3149280
403200
544320
1587600
145152
1728000
846720
1306368
762048
108864
11430720
274400
952560
504000
211680
653184
437400
38400
12002256
3732480
78750
1632960
58320
874800
1119744
630000
544320
7741440
6123600
131220
2624400
14580000
6048000
648000
258048
99225
306180
24192
233280
3779136
933120
4838400
9031680
9525600
493920
272160
272160
1360800
34560
179200
230400
510300
3936600
3857868
762048
32256
476280
2000376
648000
12247200
64800
272160
967680
740880
435456
282240
15805440
1185408
819200
564480
3240000
1354752
1344000
246960
108864
580608
224000
1632960
8573040
254016
516096
243000
3936600
3333960
136080
6531840
870912
1224720
10287648
238140
3732480
408240
105840
193536
816480
7873200
3211264
24192
2177280
3265920
4536000
4592700
90720
55296
580608
9676800
7654500
3919104
79380
476280
7350000
1632960
2177280
98784
7348320
324000
12960
10800
1612800
691200
5511240
368640
9331200
352800
2519424
328050
653184
9676800
100800
635040
882000
567000
279936
3110400
204120
388800
15360
384000
4354560
120960
1433600
2268000
255150
2593080
58800
6998400
466560
6967296
322560
1935360
1587600
559872
1612800
2488320
12960
4286520
176400
103680
8398080
463050
483840
688128
370440
629856
57600
42336
48384
189000
1693440
272160
68040
314928
1905120
663552
2041200
4898880
388800
205800
303750
301056
1296000
7741440
4898880
302400
3359232
1749600
1270080
105840
816480
940800
3888000
9676800
518400
3265920
3061800
98000
184320
141120
524880
2540160
705600
518400
4354560
7620480
1134000
216000
11757312
1088640
2634240
622080
2286144
285768
362880
583200
3225600
244944
4592700
5248800
907200
211680
2916000
2624400
1128960
211680
508032
241920
1224720
1360800
311040
2939328
381024
19440
317520
907200
1058400
110592
62208
1050000
476280
308700
979776
4592700
1354752
20736
56700
648000
777600
460800
4233600
403200
7056000
340200
6531840
12600
11481750
889056
2764800
4032000
8709120
1693440
567000
476280
1323000
161280
680400
345600
1814400
2332800
933120
7620480
1049760
211680
870912
124416
617400
189000
262440
1128960
2580480
9144576
617400
72576
1317120
5806080
1990656
262440
3010560
1244160
1058400
218700
259200
1866240
2624400
207360
78400
1008000
1270080
129600
451584
184320
1244160
435456
172800
864000
403200
2449440
3175200
25401600
1458000
4354560
518400
1555200
51840
1693440
378000
34300
2381400
2430000
1866240
1935360
1270080
3359232
1080000
145152
2903040
580608
2257920
6804000
725760
3499200
408240
893025
6096384
1728000
282240
1417500
2778300
179200
311040
874800
40824000
8709120
10001880
12859560
100800
4286520
125440
262440
1741824
345600
3483648
134400
1105920
291600
762048
2143260
10206000
1959552
362880
4665600
