164
1 3 4
1 3 5
1 3 6
1 3 7
1 3 8
1 3 9
1 3 10
1 3 11
1 7 4
1 8 5
1 9 6
1 10 7
1 11 4
1 11 8
2 3 4
2 3 5
2 3 6
2 3 7
2 3 8
2 3 9
2 3 10
2 3 11
2 7 4
2 8 5
2 9 6
2 10 7
2 11 4
2 11 8
3 1 4
3 1 5
3 1 6
3 1 7
3 1 8
3 1 9
3 1 10
3 1 11
3 5 4
3 6 5
3 7 6
3 8 7
3 9 4
3 9 8
3 10 9
3 11 5
3 11 10
4 1 4
4 1 5
4 1 6
4 1 7
4 1 8
4 1 9
4 1 10
4 1 11
4 5 4
4 6 5
4 7 6
4 8 7
4 9 4
4 9 8
4 10 9
4 11 5
4 11 10
5 3 4
5 3 5
5 3 6
5 3 7
5 3 8
5 3 9
5 3 10
5 3 11
5 7 4
5 8 5
5 9 6
5 10 7
5 11 4
5 11 8
6 1 4
6 1 5
6 1 6
6 1 7
6 1 8
6 1 9
6 1 10
6 1 11
6 5 4
6 6 5
6 7 6
6 8 7
6 9 4
6 9 8
6 10 9
6 11 5
6 11 10
7 2 4
7 2 5
7 2 6
7 2 7
7 2 8
7 2 9
7 2 10
7 2 11
7 6 4
7 7 5
7 8 6
7 9 7
7 10 4
7 10 8
7 11 9
8 1 4
8 1 5
8 1 6
8 1 7
8 1 8
8 1 9
8 1 10
8 1 11
8 5 4
8 6 5
8 7 6
8 8 7
8 9 4
8 9 8
8 10 9
8 11 5
8 11 10
9 2 4
9 3 5
9 4 6
9 5 7
9 6 4
9 6 8
9 7 9
9 8 5
9 8 10
9 9 11
9 10 4
9 10 6
10 3 4
10 3 5
10 3 6
10 3 7
10 3 8
10 3 9
10 3 10
10 3 11
10 7 4
10 8 5
10 9 6
10 10 7
10 11 4
10 11 8
11 1 4
11 2 5
11 3 6
11 4 7
11 5 4
11 5 8
11 6 9
11 7 5
11 7 10
11 8 11
11 9 4
11 9 6
11 11 7
