241920
9525600
31492800
403200
116640
126000
3483648
1428840
1646400
134400
1458000
220500
127008
1411200
326592
1049760
302400
1428840
2419200
2903040
658560
1728000
4082400
4572288
903168
458752
2222640
5715360
1210104
67500
725760
1975680
115200
2332800
680400
1016064
358400
432000
103680
6429780
777600
78732
1632960
5038848
1003520
360000
705600
120960
1814400
933120
2480058
6615000
1555200
1128960
987840
230496
6096384
4286520
132300
308700
3386880
163296
340200
1530900
583200
1555200
64800
3240000
17640000
10080
1360800
1399680
8748000
2985984
188160
8505000
22680
408240
870912
27648
3500658
1814400
3686400
225792
77760
1728000
645120
4032000
604800
1536000
967680
1382400
324000
1102248
1935360
291600
211680
65610
338688
7056000
317520
162000
8503056
428652
129024
189000
104976
1728000
3265920
3780000
176400
4665600
58320
23328
874800
53760
2469600
13996800
90720
428652
120960
3265920
12597120
4286520
100800
3240000
3386880
201600
198450
3429216
2799360
362880
3888000
54432
303750
201600
1259712
2370816
71442
2074464
3149280
403200
544320
1587600
145152
1728000
846720
1306368
762048
108864
11430720
274400
952560
504000
211680
653184
437400
38400
12002256
3732480
78750
1632960
58320
874800
1119744
630000
544320
7741440
6123600
131220
2624400
14580000
6048000
648000
258048
99225
306180
24192
233280
3779136
933120
4838400
9031680
9525600
493920
272160
272160
1360800
34560
179200
230400
510300
3936600
3857868
762048
32256
476280
2000376
648000
12247200
