11424793
11397881
11445765
11438289
11286453
11445761
11444601
11445617
11440593
996558694
11369057
11438945
11441457
996263258
11445333
11445745
11443697
11444449
995809058
11268417
11445657
996168578
11438717
10667201
11391309
11395905
11445789
11339565
11416929
11363289
11445765
11445025
11445641
11444524
10555265
11445341
11439273
11091705
11429025
5954825
11236189
11445697
11445069
994380354
485069099
11416545
11445441
6466949
11192817
11445709
11443841
11431197
11445737
11408625
11427297
11445681
11300097
11444961
11392785
11445601
9127425
11423001
11444529
11442841
6988428
11441125
11445305
11445761
11445589
11445633
11393409
11444745
11393885
11445385
11436737
11443689
11424681
933054962
11435217
11430993
11445749
11445525
11445797
11348481
11430169
11445281
11445545
11445717
11445537
11445777
11199345
11445521
11440909
11400945
11445385
11442273
996561994
11438945
11445529
11415333
924870754
11172057
11445779
11445445
11444073
11444345
11427277
5650877
11405665
11437313
11445681
11445629
11445321
11445777
11445745
11139665
11377785
11442893
11445697
11444945
11440573
974688130
11445097
11324165
11445769
11440715
980540382
9749017
10603521
11341705
11277169
11433381
986950706
11441249
11444897
11445473
11396705
11405163
11445097
11445609
11441181
11442497
11445689
11445089
11445769
11442273
11445625
11445453
11342597
924997346
11424265
11444841
11444217
11305405
11403337
11445769
11444553
11436941
11445457
11444997
11445785
915355314
11445605
11444341
11445753
11445125
11438785
891371142
11445445
11426385
11033709
11445789
11445085
11445377
11445329
11413665
11365165
11441313
4396409
11367961
11444305
11445657
11443134
11445377
11445493
11445125
991790378
11445741
11445745
8919045
11444065
9294585
11445685
11444673
11442129
11444405
11445617
11437345
11211729
538412978
11444921
11442789
904871954
11445753
11445793
11440545
11445625
10894053
11445649
11443629
10814365
11432277
11439169
10709517
11402697
11445153
11431653
11437141
997223582
11445773
10655473
10125513
4582305
10423931
11445765
11442521
11441057
11445441
11445121
11256857
11439001
10992385
11445785
11445569
11445349
11438741
11310921
11172561
10985673
11444929
11437941
11445393
11442801
11445353
11444832
11445385
11445585
11445033
11380377
9746597
11445729
11445797
970928512
11431441
11445313
9498785
11445753
11445465
11445361
11442185
8734985
11377349
11434785
11445513
11440173
11445489
11445679
11445553
11328729
11445731
11437561
11422713
310149699
11445769
11445725
11445569
964923806
11379171
11445577
11304585
11445395
11445297
11445717
11409857
11434953
11432577
11445281
952289030
11430681
996605346
7869385
11445369
11445221
11445753
11439385
11366265
11445529
11443309
993121186
11441505
4042209
11445449
11445761
11421009
11443377
11445393
11356769
11445745
11409105
883205085
11445726
11443749
11443881
11206601
11442129
11445789
11445369
11445765
11444465
11379953
11445657
11445745
11445753
11445313
11445545
435765998
11385381
11445805
11445597
11445753
970286318
11445633
11436653
11445497
11445697
11443011
300015769
11381109
11443362
11444257
11442049
622205129
11423681
11444985
11112495
11445681
11445781
11443681
11283825
11170929
11376489
11445773
990548770
11312905
11445329
11444005
11379785
11444761
11415005
11445737
11445376
11444817
11445705
11445757
11412932
11444529
11443597
11440721
624723778
11435689
11438021
11440641
11438725
11445777
11445729
11444753
11445497
11445489
11345149
560150274
11409457
11445753
11444449
1803445
11164465
207019482
11444961
11441925
11442965
11012853
11438929
11438321
11445577
11426553
11323217
11440261
11442433
11445017
11413685
11445433
11420857
11445717
11444628
11443361
11431937
11445297
11435265
11445369
11430012
9847089
11444769
11444625
11444613
11283557
11445701
11445739
11445761
11445629
11445201
11445765
11445721
924244454
11445660
11445601
11445553
11430593
11445681
914972685
11442749
4171833
11304281
10805185
11442825
11441177
11445773
11012425
11427753
11445781
11445729
11445765
10710785
992503743
11445177
11445769
11422721
269858526
11445769
11445777
11445781
11431441
11445673
11445649
11445717
11445681
993007402
11443325
11444945
11445585
11353605
11445609
11443521
11445777
10142829
4418865
7046305
11445645
878948402
9357825
11404497
11401545
11445769
864707378
11444341
11365041
11437437
11441901
11389041
11256857
11399105
11444502
11443749
11350533
992329906
11444429
11121517
11445761
11445657
11445233
11381893
11444165
11442153
11444961
11445777
11445377
11445633
11208113
11419985
11444741
10949205
11445425
11445125
11445433
11400241
11445393
300745
966228658
11445789
969509
11445577
11425593
11445713
11445353
11311905
11445705
11407505
11439489
11412225
11087857
11445569
11445757
11445289
11445513
11431785
11436961
7200961
11445177
11445789
11432929
852065
11445717
11438745
11437125
11439268
11445401
6959197
11434273
9546801
7900329
11442353
11445697
11445797
11445121
11421225
11445033
11445681
11322249
11445693
11445465
682158851
11364037
11445317
341752690
11445737
8859465
11378265
11444733
8838353
11363717
11445721
11445145
11445505
4425105
11443837
11445669
11444649
5130049
10809753
995691378
10875045
4529009
11404329
11445757
11445181
11440685
11445441
11445081
11444805
11443565
11309773
11095401
11444853
11328965
11417677
11445801
11445513
11445793
11444265
11434409
11168305
11373525
10423931
11445717
11442017
11427217
11381649
11424065
965051458
989099906
10178201
11442561
11406753
11445713
11192817
11445585
11445169
11445625
11445717
11352641
11445185
11445721
11418637
11434209
11320905
11439553
11445525
988296882
11418645
969386306
11405449
11445573
11444593
11438437
107043920
393428997
11409009
11445725
987727874
11440705
11444357
11445753
11445477
11443737
10912565
817431233
11445669
11445724
11442213
11445777
11444129
11423385
11418537
8046113
11444829
11439613
11445449
11424433
11436041
11445525
11445681
7699857
11445633
991555138
11416357
11444529
11202673
11107545
11439709
11445561
11445773
9961217
11445405
11365041
11445761
11445609
11445777
11445717
11445669
11422633
11445489
11445425
11438205
11441505
11445573
11445225
11445741
11437997
11445789
11445485
11445713
11442825
11303073
11444633
9267897
11445537
11443209
849977027
11445737
11445665
11438569
11444189
11445481
11438353
11445649
11445729
11445601
11445697
11444425
11444369
11442729
11071569
252412142
11445601
11445769
11445433
9228745
11445321
11445401
11445217
11444673
11445793
11445681
11444057
11444665
11444433
11410153
11438453
11445293
11422969
11444749
11445177
11445685
11331949
11415927
11433561
11443329
11445765
449586530
11445661
11420849
11445705
893389098
11155417
985344714
993200498
11445559
11444733
11445589
10960957
11445353
11444689
11441601
11445633
11429829
4745897
957969122
11445769
11445381
11437665
11445777
11445249
9642753
11445765
11445569
11437614
11445465
11421177
7656565
11445769
994211538
11445769
11443977
11301249
11445077
11445505
11445045
11444901
11400521
11431893
11441293
11445701
11445777
11439393
11444289
11444805
11445729
11431361
11401261
11443569
11445569
11444505
984523630
11442085
11442617
647603476
11445545
10231617
11443249
11312841
995692690
11445774
11421065
11445693
11376225
11445755
11445673
11422145
11445469
11421065
11445321
11444277
11442177
11445201
11438625
11444989
11437313
11445761
11445773
9550791
11445785
2312625
9805697
11235285
641985
11445677
11445273
11445089
864820262
11443553
11445049
11385753
914565434
11445741
11445689
11439617
11445759
11444553
5828325
11445285
11438865
11444449
11445765
11445477
11444989
11445733
10795717
11445237
11445785
11123925
11433897
11445785
11445449
11255793
11442609
11445705
11445797
11416569
11445793
11442885
11427345
8823297
11445697
11445813
11445645
11445769
11445713
11440833
10195417
11445657
11445685
642801102
11445469
11445705
10307173
11444629
11445733
11272965
11445753
504082130
11436669
11445633
11441105
11416026
11430849
10983337
11445777
11281793
11444993
4051321
11118037
11246465
11445789
11440489
11169609
11056365
11445713
11445745
11444009
429581365
11445705
11428545
11425813
980422954
878759778
11445399
11445793
11445765
11445681
11444153
11445353
11445513
11445453
11445757
11342385
11445725
2587233
11445649
11444793
11351181
11433709
11445785
11445617
11443365
11443641
10916577
11445777
11445467
11445737
11445165
11436641
11445713
11445129
11444921
11315489
11403601
11445781
11445313
11437495
11442117
11445729
11445193
11445249
11445693
11445265
924941738
10752069
11445569
11392725
11424617
11445393
11437633
984050410
10419745
11442981
11445437
11372961
11440961
11441125
11445633
11445501
11445741
11359653
11255985
11445545
11444873
9489949
11441788
11434187
11445745
11445501
8891333
11445709
984562631
11445797
11444632
11325633
984049562
11445729
11433934
9183929
11445685
11444753
11445729
11445693
11384321
11445745
11445793
11440669
11445645
6203365
11435861
976461886
11442257
11445581
11444785
11445789
11437741
9779697
11445701
11445762
11445457
11445505
11445609
997677970
11425777
11439361
11266905
11439121
11445629
11440897
11445590
11445513
981209830
11443777
11445497
11349729
11128405
11424769
11378877
11445725
11445185
11445753
11445409
11441433
11445726
11423985
11443785
2525325
4833621
9976393
11397153
11441353
11442781
977077346
11278921
11445573
11425505
10887229
11445681
11003361
9205769
11444801
11445781
11438689
11444733
5130025
11445761
11442321
993133166
10115837
11445161
11311761
11402705
11445797
251368141
11444775
11444221
10773857
11441709
11444801
11443928
11433473
11368605
11293797
10735681
11445045
11437329
804408547
11444513
11445745
10259701
11445761
11444529
11442801
11445153
11445585
989559110
11259345
11445605
11415769
11444349
11445745
11388417
490715
11445789
11336881
865342530
11283905
11445564
11435065
11444201
11444901
11442765
11397553
11444433
11267361
11445453
11443857
914972685
11443589
11445305
10992729
10880005
11442065
11445630
10724169
11445749
982032906
11445741
11445681
10092505
11439897
11368329
893404946
11445753
10345313
11445793
11445137
11444033
11445789
11445505
11445437
10837989
11433819
11444725
11439513
11439521
11445721
11424489
11444733
11445657
11376489
11429333
11442765
11445761
7605657
11445561
993828826
11444781
11445713
11445585
11388837
11445777
10120541
11445741
11434521
10749689
11396161
11445453
11436449
11445577
11445797
459465
11416545
6853020
11444961
11444957
11412077
490976899
10407305
11415953
11445409
11444625
11445417
11445561
11396141
11445501
9983637
992731302
11445793
11445665
11443413
11440576
11445585
11404173
11445409
11445741
11443345
852750234
11431425
10442789
11443245
11445771
11442477
11443845
11434305
11445761
11445601
10514761
11441941
11442637
11414425
11443805
11384897
11443529
11445531
11419325
11233025
11433425
11444405
816309914
11445561
11445761
11445761
11445641
11438349
11445345
987942242
11366417
11443833
11444097
11445797
11445417
9629541
11445741
11436141
11378961
11424489
11445593
11431345
11445793
9695393
7998885
11171969
11413025
7929345
11445741
11445625
11444085
11143097
11312369
11445033
11439009
11341097
11404153
11441089
10077825
11443529
11442985
11443785
6002761
11445649
11445153
11391233
11443053
11445777
11095425
11347185
7711545
11445625
11444761
881603918
11443461
11444273
11445069
11427325
11445645
11445757
11445797
11422705
11445521
11443605
11272365
11266905
11445665
11328949
11442033
11444993
11444061
11445561
11445385
11445161
11445489
11445225
138886467
11445681
11445309
11434801
903532335
11445705
11336485
11091849
11437305
11441777
11444561
11203417
11445649
11391441
9023713
11445793
11444417
11443221
11445521
11445013
11445677
11445681
11443405
11445033
11445717
11438961
11281825
11367177
11445713
11380161
11435625
11433017
11336681
11445445
11445750
11439545
11445805
11443365
11444161
11443993
11444737
11445657
11445001
11445805
4658025
11430513
11224737
11419305
267388490
11434521
11444517
11382145
11445525
7656565
11390889
11445745
11445605
11437833
11445537
11436445
11442425
11445377
11412932
11443557
672724922
11444345
11443873
11425169
11445795
11444045
11444153
11445553
990128790
11445457
11445657
10283961
11433613
11445777
11445669
11445725
11444945
11443953
11221905
961138186
11360097
11443041
11443665
11445805
11445714
11445753
11428297
11445081
8441241
11441081
11384153
11151089
11445725
9928965
11445277
906287618
11443625
11443337
11445757
11445649
11445297
11445561
11445129
11440785
11444033
10859169
11445329
11419017
11445545
11439285
11436897
11445635
11445713
11438889
11445753
11415585
11445633
11444625
11393745
946284734
11445625
11445705
11359761
11422557
11439385
11445757
5320545
11440281
10624353
11340173
11441565
11445741
11445689
11444745
11445133
11445625
11445513
11373627
11443057
11445453
11445159
11431361
11206601
11431817
11198753
5822585
11314089
11443809
11433449
11445765
374881103
10179677
4267381
823613782
6765273
9758633
11445753
6348425
11357825
11445501
11444205
11445761
11440875
11443205
11441777
11445673
11326869
11203341
11444817
11444751
11444825
11445545
11445753
11445201
527722875
11199129
11443025
11445441
658895618
11445653
11444801
11445758
5051193
11441893
9477521
11445793
11104453
11441485
8919045
11445585
11445057
11444485
5320545
11444689
11444985
11408969
960280486
11357289
11445733
11000961
11445377
11396945
11443141
11445505
8120241
11444985
419072462
11445153
11439105
11432625
11443449
11445749
8032201
11445377
11445161
11445769
10378453
11445369
489225
11328273
11445585
9839325
11444305
11445685
11444557
11445657
11423759
11425025
11445585
11445449
11445569
11444665
11434437
11445797
11405169
11313633
11445093
9424001
11445745
926224178
11440065
11444365
11445457
11444365
11444153
11437509
11445681
11445609
11440289
11443341
11445745
11445569
11427181
11445357
11442425
11427785
11442177
11445473
11438513
11429125
11178685
943942238
8376165
11445713
11445753
11445793
11445593
11445721
11445045
11184841
8330769
8014013
974228782
11445737
11445705
11444601
11445801
11375041
11445789
11444017
11380033
11445769
881603918
11444013
11445793
11445733
11440329
11433537
909588418
10884225
11438033
11445777
9722122
11444673
10464801
11444745
816610798
10974037
991060282
11441221
11445721
11323677
978161591
11445745
11443425
11424993
9532029
9939489
11445437
968124614
10535105
883886431
11445677
985540310
9646025
11445385
11445525
11437425
943130754
11401897
9388237
11442445
11445721
8330813
11434949
11445601
11445090
986968834
11445685
11428297
11445761
11445761
11439729
11439365
11435849
11445437
11445553
11445785
11445725
11415745
11445729
11443737
932160756
11445549
11445593
11445529
11414825
11440209
7392585
11436801
11445217
11445729
9868277
11438665
11416301
11444641
10680837
11430973
2679489
11436933
11445013
11412545
11439201
910286422
11433492
10927509
10583569
11445798
11445693
11361737
11445625
9227169
11416313
11441217
11445729
11418781
11359525
10684365
11445345
10434885
11442069
11445553
11380161
11372077
11445761
11445505
11445777
11445681
9206625
11443809
11444837
11308665
11442353
11445733
11420637
424824010
11445153
11091729
11318565
11445777
11405057
11417169
11230701
927926597
8376033
11445078
11428113
11445705
11305359
9986969
988197154
11440942
11444425
11443057
11445789
397758861
11066553
10298465
628582662
11443961
11445713
997458530
11441997
7506785
11445705
11445345
11445553
11444161
11445475
125839794
11444973
10378825
11445213
11445477
11444929
11445793
11445329
11437773
575965
11189993
10912501
11445729
11399393
11445793
11443705
11439417
11429621
11380505
964586018
846921355
11407325
11428545
11423545
11445573
11445557
11445705
11445517
11445793
11445701
11445713
11443649
11445265
11445729
4236801
11442001
11445761
11445305
11325425
11127765
11445753
995204758
3858737
11441289
11445769
11445601
11445467
11432865
11445585
11444661
11445441
10173253
11437793
11418537
11305673
11394117
11444961
11445325
972541490
11445701
11404585
11428049
924057
11432869
11445505
11445585
11445753
10426049
844509024
11444721
11445689
7926657
11366009
11443959
11445786
11445753
11445329
11445401
11445517
11445553
11445753
11445489
9998329
11438961
11340173
11342241
10435633
11429355
11445033
11440753
5102945
11440521
11423369
11445717
10737733
11359485
11445761
11443761
11441601
11429009
7527105
11445633
11445504
11423985
11445213
11445545
11444153
11445745
628563290
11444441
935443970
11373169
11444349
9661761
11395781
11445381
9676297
320125123
11405653
11443345
11442545
11171693
8960257
927847466
11378449
11445789
11356225
11201245
11445345
10345281
11425537
11444641
11416685
2761305
11445609
11437241
11399397
11445789
11440341
828625752
11443117
11445409
4410209
11445773
11381741
3216585
11407485
11439309
8165913
11393305
11437761
11445457
11445753
11344325
11377473
980614490
953511378
11393305
11445117
955048382
11441145
11441537
10567473
11445132
11320201
11444281
11368425
11445793
11444945
11427845
11445445
11222105
993474190
11445637
11430195
11445761
11439329
11443225
11162537
11445489
129053368
11445409
878619156
11402705
11251601
9294657
11443413
11397161
11427345
10504465
11445165
11436313
11445745
11445805
11445185
11445493
11445125
11443373
11445753
11445569
11445575
11426173
11445349
11445789
11445381
6221704
11445249
11365955
11445465
11443977
11437889
11444665
6988428
11437104
9253521
11445785
11445807
11441811
912836052
11352809
9784725
11445665
976461886
11144145
11445211
11445633
11445761
3237237
11443761
11445337
11445753
11445697
10553969
11375625
11445795
946595606
11445697
11433129
11445789
11432997
11021949
11445729
11445793
11444217
11426465
11279001
11445597
11366097
11444997
11445713
11444481
11421025
11341633
11445769
11372317
11413533
11444921
11445657
11445329
10407525
8640289
11444117
11437201
11445425
11445745
11443473
11357825
11444813
11445705
11445657
11408193
11445305
11442913
11444473
11445609
11445741
11370165
11445173
6317345
11430105
8343489
11444525
11445717
11442889
11439329
11445537
10997525
11352675
346802362
892878890
11416125
11441913
11443985
11445705
11445693
11445413
11445573
11385937
11155317
11443642
11437461
11424577
11217729
11404569
11355917
11435337
11302365
11445777
11445393
11445777
3791265
11445773
11426597
11445775
11427609
10844049
11445681
11445753
11445665
11444357
11445249
11445673
11444977
11445097
11275089
11439025
11445609
11390785
11445273
11419977
11444625
10528369
11444937
11445005
11436961
11444249
11445737
9696021
11442981
11445625
11445465
989329282
11444521
970487426
11445609
11409945
11445649
11445765
10944967
11435133
3378081
11445713
938886386
11181849
951354338
11445657
10475801
11442069
11394465
11442297
11445777
11445705
11444633
11445285
11402209
11444554
11177025
11434233
11445417
11405001
11445609
5136801
11440065
11445737
11439141
11427009
11445769
11435153
11445659
11445657
11445777
11178417
11445129
11445697
11445681
420954251
11380313
11445421
11444585
11385381
821461028
11445575
11443879
11445800
7348113
11445425
10736657
11442729
11445789
11437797
996314338
11445657
11389785
11445689
11445648
11445489
11441217
11442881
11137933
11347409
11391681
11444485
11444305
9518796
11394417
11445001
11445457
11402373
11445689
11445441
11445129
11245653
11445141
11445785
11445581
11445681
11445745
11406081
11441577
11445741
10915869
11445657
11443545
11382369
11444433
11442465
11445201
11445137
11445557
11445685
11438793
11442573
3152265
11443825
396513770
11289229
11444065
11445729
11421325
11445377
11445713
11445125
11307105
11445749
11345753
11445621
11428049
11445793
10736993
3544217
11445285
2671745
11443761
11328965
11049793
11436141
11442801
11444689
11438025
11434545
11379969
11443433
11443965
11444193
11445721
10944681
11433085
11442589
11441689
11420529
11445703
862381798
11442034
11445705
11445329
11445678
11445501
11362945
11445753
11444613
9975401
11445657
11445761
867186410
11445769
11350217
11341713
11443873
11088345
6815129
11429765
11441353
11442993
11445721
11445561
11445753
11445545
11444433
11377349
11445705
11436225
11444497
11444505
11437185
11445625
11444485
11444537
617886179
11445705
11345313
11437473
11434305
11442425
10574617
3335313
935602254
11445185
11445485
11445541
11444217
10556745
11443977
11445385
11445797
11445765
6922341
11445497
11437473
11445681
11445781
11445757
11445441
11445573
11431663
11438865
953085098
11445677
11397217
11117313
10649873
992329906
11436801
11426257
11445777
11418413
11441281
346801094
11242145
11445265
11442937
11445737
2177805
11429025
11433729
11443857
11445537
10180545
11445777
11381509
11445657
11437089
11445205
11090289
11445717
11445665
11445433
11436117
11445777
11444805
11442961
11401845
11445537
992823694
11445685
11445577
11375393
11444797
9981505
8911217
11107169
11441037
11443797
11443833
11443105
6694989
11441249
11445473
11445705
11445741
11445797
11314225
11431593
401439302
11445649
10713973
11445693
10868897
11443305
709416022
11438865
11316513
11445081
11429333
11445609
11445437
11348161
11292837
11445345
11380033
11409857
10915113
11445325
11445249
952489118
11422705
11445741
11442321
9253057
11445745
11431809
11408193
10115265
9483473
11444689
11349901
11377665
11445585
11445681
971196158
11442765
11432361
11445753
11346681
974242202
11437697
11321761
11378625
11444057
11444025
11444525
11444881
8688305
11445561
11445621
11441869
7934385
11444593
11445093
11444449
11274953
11441877
8763177
11445777
11445691
10822761
11445745
11445713
11193681
11439025
11201425
11445225
11445665
987358082
11356113
11106913
11445525
11445733
11445797
11384249
11445441
10148521
11445485
11445417
11445305
11402857
11445785
945691346
11445769
11444129
10947065
11445793
11428317
11445733
992264616
11445713
11445753
11303973
11445745
11277121
11443081
10849597
11435709
11445777
11445729
811385151
11423925
11412897
11445257
11445765
11441913
11443777
11445633
962522674
11371285
11139145
11445733
11442693
11445537
11445657
11312369
11424025
11445769
11445557
11410477
11445417
10721725
11444465
9587521
11445681
11444981
11442205
11160729
11419921
11445373
11445393
11445738
693245186
11305389
11445645
11325225
10031565
11445793
11411025
11445361
11086169
11226753
3375705
11443973
876740134
11445237
819217042
11445525
11423745
9358985
9981165
11445113
11442921
11444505
11445597
11445577
11244257
11445721
11445625
11445681
11432097
11445477
11349305
6765273
6334909
9631097
11442425
11441825
11402925
11430321
10763169
11442977
11323281
11444897
11441370
11445305
977001074
995963262
11441073
11444893
11289241
11412675
11445165
11410742
11393705
11444833
11428837
11429865
11396605
11444473
11445773
10455681
11430449
11439219
11440261
10342401
11237005
11312761
11445205
11420525
11376453
11440753
11445797
11445773
11436805
11378001
11380161
11411253
11398953
11441009
11444265
11445679
11445465
11441073
11441169
11445465
11405245
11445765
11445617
11445573
10196841
11402625
8971665
922753082
11439189
921981487
11445633
11445633
11443873
11436653
11445792
11444945
11445395
11440001
11442341
11136289
11445777
11050969
11445429
384969875
11442637
11445185
11445693
11444137
10735681
11445009
332024719
11445713
503205955
11443465
11445545
7700193
11425153
11445089
11445745
9695393
11445493
11445585
11445741
11445065
11445669
3556617
11436989
11436609
11424461
11364337
11445789
11445685
316824653
11421493
11438289
11097425
11445525
11437541
11439789
11437889
11402593
7138933
11444757
11436169
11366769
11398881
11443977
11422137
10988577
11436861
11373585
11425345
11333801
11445549
11352601
11242545
11442769
11334393
10326725
11444169
8996705
11445505
11444985
11445661
11176505
11402465
11445747
11444145
11442745
11442106
11431425
842490098
11445793
11445041
11381401
11445281
11445777
11445437
11421201
11394117
11425505
11444297
11445721
11445709
11445605
11445448
775985938
11410065
11445745
11438097
11445513
11428073
11445777
11443277
11445649
11444397
7235970
293936601
11433137
11445789
986369062
11434749
11445585
11445753
11445084
11445557
11445765
11424469
5667705
11445713
11445605
11444157
11445633
11428369
11390529
11445729
11444554
425561371
11443425
11442321
8403597
11445769
11444929
11444125
11383761
11439273
11445597
11359485
11445601
11430273
11445185
11412225
925880002
11445745
11445433
11445745
11445749
11442601
11445785
11445157
11284401
11024385
11441329
86567143
10981497
11086225
11426481
11445557
11445782
11392365
10807745
11445433
11445737
11445725
11210597
11444897
11445697
10762113
11442865
11445781
11430645
11265693
997756974
11436417
11424285
11445505
11445761
11445529
969446026
11418625
11391777
11445603
11406305
11444837
11445769
11440017
7711545
11445609
9531073
11445559
11444977
11439009
472369618
11445733
11445745
11443985
994229818
10005945
2717073
11162621
883104710
11445585
11444105
11210817
11435133
11436821
11444705
11436249
358856978
11445045
11441001
5976670
11305745
11443865
11445145
11445673
11444593
11443725
11438877
11445713
10720089
11437897
11445657
11445569
9157905
11445761
11445529
11349177
10484949
10621841
11411301
11441529
11401245
11313077
11445181
7365109
11439545
11367705
37388146
11444061
11445737
10873689
11342401
11430953
11442789
11445591
11445761
11444781
11429009
936239218
11442633
11445249
11443113
506334458
9645573
996619602
11445629
11445697
1889505
10603521
10438937
10741381
11441245
11374401
11360425
11445761
11177025
11438966
11445503
11445797
640440852
976461474
10952885
11445765
11445765
10579625
11444715
11240017
993162170
11444881
11431957
11439241
11444641
11441649
11445777
11445369
11445069
11445765
9394881
5537233
11346825
11445613
11445253
11445729
10101981
11445785
11445469
11444101
11443853
11445753
11325693
11445073
11312825
11445761
11445613
11442633
11274465
11443151
11415805
10854017
10287321
11445249
11445087
11297985
11445125
11445705
11442973
11445401
695421831
11445209
11441329
948852694
11444433
995257922
11445593
4582305
11445769
11080661
11442745
11445593
11444257
11445705
11443513
11445025
11445329
11430909
11445541
11444513
11443585
11445745
11445737
11432737
11445753
11445441
11445249
11445761
11443137
256453354
540386546
6847665
11445721
11445321
890499522
11445561
4424045
11445473
11445369
11445641
11445717
11445585
11443917
11445729
955189954
11444725
11391829
9550779
11371529
11445745
11444921
10241517
11441713
11442673
11445125
11443753
11444717
10486777
11445537
11445757
11445447
11443265
11445585
11444817
11445685
11438061
11382849
11443581
11445657
9564873
11445753
11396161
11445545
11417649
11444860
11412025
11402865
11445089
11443881
11445295
995030098
11305361
11351985
11438721
970348778
11281885
11445657
11413233
11444889
9416785
4910513
11445197
11358561
11444009
11172335
11445777
11444817
11425585
11444217
11445093
11441245
11443233
11372045
11431809
11445798
11445585
11445633
11445633
11445457
996919566
11420265
11445689
11355151
11443477
10886241
308783738
11436949
11445777
11418645
11445769
11438353
11445297
11445777
11444745
11443125
933054962
11000961
11444913
11442633
10657793
11445769
9252433
11417400
10658337
11100417
10484949
10769625
11445749
11368889
11439801
11405025
11444745
879073778
843546298
11445781
11445689
11384553
11168305
11445705
11414309
11441473
11443113
11445805
11441469
10992009
11429337
11444761
11445765
972973450
11392009
11292261
1224097
11319777
11445789
11427953
10436601
11444961
11445641
11445805
11442901
11442841
11445777
11445390
11386105
11443293
11445705
990999638
10702145
9281910
11322469
11445561
11423985
11445229
11439709
11414493
991846170
11445357
11445657
11445745
11414009
11245345
447503426
11445697
11374257
11443605
11436805
11442357
11416301
11050521
928750490
11445759
11445417
896589962
11445789
11445493
11445677
11418681
11445789
11424689
11436213
11445069
11426025
11445461
11444733
11247469
3837609
11445721
8826937
11445761
11445497
432028771
11445385
11381325
11445681
11364505
11301889
11443809
11431882
11445385
922473282
977530890
11421225
11358881
432821570
10996233
11445625
11445641
11441041
10272481
11445058
10489809
11443825
11442913
11399745
9683537
11348497
11347129
11423493
11445313
11445705
11445445
11403345
10375406
11443977
11435325
11445681
11445633
11441801
11445793
11163741
11445297
10624113
11443850
11444025
11444181
11445205
11039657
11445781
4555841
11445289
10848605
11441253
11445505
993828826
10150689
10825473
11445521
11445765
11442417
11445705
11445721
11445797
11340681
11445209
11445573
11445777
11442913
981892130
11445765
11445577
995159858
11440401
11440581
11441409
11443881
11443737
11444777
11445745
11438961
11445537
11436575
11431193
11435489
11445585
11444497
11445697
11445801
11436193
11445693
378724418
11442357
11445793
146321827
11445777
11445529
11442809
11356281
11445649
11445777
10911525
11445697
11443345
11445209
9967809
11444205
11444337
11437393
11430577
10686857
11444241
11445789
310149699
11407269
11444945
11277345
11445609
11443785
11443833
11131137
11444945
11445225
11443809
9782705
11331873
11445360
11442801
11445157
11106618
11358017
11439329
996263104
11369617
935454226
11445041
11440705
11445729
1568601
11440121
10273457
405811658
11309025
11443357
11445769
11321701
11371677
11442889
11108069
11445369
10845273
11445761
11178977
11445733
11445793
11443245
11435141
11315213
11445745
11445741
11445345
11444697
8995137
11445641
11445737
11429153
11438797
11444929
11399273
11445221
11445569
11445649
11445733
11445737
11076061
11445777
996622314
11445713
11445429
11355405
991963622
11385109
11331893
11444701
11445501
11445669
11445090
126164437
4960786
11261601
11445425
11445609
11445685
11419401
11445745
11445713
11440065
11303154
11443953
11444945
11444889
11426885
11445225
11410633
3433605
11414409
11445521
11445757
11442145
985108842
11445261
11442297
11445561
11445785
65699554
11445709
11445705
11443945
11393925
11444061
6554073
11374049
11408321
11441953
11321329
618151452
11445697
11441409
11445585
11445597
11445545
11445357
11445685
11379602
11377977
946765826
11444943
11443805
11445309
11445689
11374481
11396125
11444601
951330578
11443081
11419161
10913793
11442897
11430897
11444457
11445699
5479189
2695269
11076785
11398785
11435241
11445253
11151089
11439433
11441617
11445566
11421697
11445697
11255873
11445737
7177293
11442825
11445465
11445713
11445737
11437953
4552513
11445717
11027001
10360865
11434185
604758403
11445505
11443745
10865029
11434689
11434545
6624953
10709861
11030861
11445473
11444317
11445665
11444057
11445540
11442393
11443457
11434125
11445377
11445405
11444321
11445151
11445745
991341554
931812850
11445613
515417271
11433217
11382729
7473253
11445713
11445513
11346753
11445349
11442217
11445705
10842105
11445741
11445665
11440005
11417505
945939745
11445681
10812801
11444137
11443857
11439441
10678225
11435485
11445057
10960957
292580378
11445453
11445177
731328370
558320714
125839874
11343405
862986098
11445313
11445393
11366585
11445109
11445405
11445085
11443613
11429193
532167522
11445729
11426769
11445765
11445609
11442601
11415745
11444885
996122834
11445349
11436993
11445745
11370849
11445777
10977405
11403265
11445757
11444661
11401881
10357337
618151532
11445237
11445753
11411597
11421657
770770931
11445697
11445705
11442549
11423357
11445725
10452705
8276905
11445537
11430973
11444209
11442801
11445785
11445753
11445705
998000458
10457409
11093925
11441617
11445721
11442801
11438073
986776798
845119203
11444173
804323780
11445621
971193378
11435033
11445513
10085609
10778825
11445441
11445755
993387591
896787306
11445705
11424001
11439445
10453143
160797698
11444065
565266379
796625
11441105
11439753
11445381
11444761
11407481
11445565
11313105
11445789
893842502
990997514
11445297
11411473
11445657
11445377
11436405
11444945
11445253
11445601
11444225
11445281
11443165
11445657
11445201
11445785
11445281
11445569
11440529
11354625
11439873
11434281
11442561
11445697
11416985
11385033
11445701
343209
11445281
11437157
11444885
909588418
11444961
11384265
11440641
995856094
11445693
11432325
11444761
11440125
11376441
5839497
11441793
11409377
11445281
11445393
11445597
11426025
10822761
11416545
11217921
835239478
11445769
11445693
10570513
11196849
11445565
11389881
8036921
11361737
910188790
11445141
1739505
11438737
11369465
11434725
11445649
11445635
11445774
11441945
11445773
480139402
11445697
11444709
11265345
977356418
11445585
11400245
11301837
11444665
11030861
11444913
11445721
11445281
11445617
254633381
11444089
11441041
11443721
904918478
709213478
11445205
11445729
910947341
11415265
11404865
11445753
11102113
11444201
11445777
11443185
11425193
11445701
11409793
11443725
11445329
11392785
11445497
11445625
11444205
11445313
11443129
11421669
11445737
11429585
11414225
11444649
7782801
11445729
11445749
10436601
11381705
11439873
11394913
11445593
11442925
11445777
11442729
11445685
11440793
11445665
11443773
254633381
11445697
11444809
11445553
11445709
10571333
989626442
978677452
11403873
11437773
11445744
11445759
11031285
11443793
11444721
11445781
11430241
982303970
11320441
11425941
11418005
11444349
11444241
11444077
11445501
11445773
11412609
11445645
11433705
11438965
11440081
9849617
11445761
11444985
11444473
11445777
11445765
11312481
11445601
45505349
11445761
11445693
11419729
11377097
10944765
11445793
756877046
11445525
11395469
10926577
11352909
991115486
987978906
11445361
11417673
11444049
11396737
11445753
8412009
11445669
11444681
11445409
11444085
11440193
11380313
11444801
11439581
11404377
11437185
11429925
11444249
11441601
11445601
11445669
11407281
11445505
11445777
745352354
11445777
11438513
11444785
11445741
540053210
11445713
11445021
9349145
11445793
11443737
11445741
11445673
11389065
11445657
843935762
11445257
11439225
11445777
11445741
10230145
11445405
9377841
4890177
11080037
11444929
11445765
11445249
11428305
11445189
10485621
11416153
11445305
11432725
11402301
11443193
11445417
11445433
11445573
11445565
11445745
11441657
11445633
4932921
942906854
11445665
11426689
11445453
11441117
11439497
11445145
11445773
6884609
11437349
10687393
11445189
11445697
11442129
11442681
11411337
11443425
11445697
11445681
11435353
11417113
11391057
11445495
321957146
11119817
11444033
11422256
11153201
11000961
11444681
11445785
11344957
11445569
11398377
11445465
11445129
992621402
11445585
11395489
10546509
11441137
11445601
11444641
11445121
10928633
11371521
11445153
8700477
11444929
11445429
3502913
11445773
11444205
11340369
9417041
11427057
981892130
11445789
11443377
11296245
11430493
11429417
112348282
11445281
843901
11440733
11440981
11445777
11217129
11351357
11439569
11067213
11444301
11373541
11445509
11444289
10331589
11214309
4430265
11445741
11417673
11445793
11445745
863054474
11381601
8778561
980005662
11253585
11445017
11445585
11445789
10979469
11092377
11434305
11445765
11445385
11442785
11445753
11445537
11445057
11219109
11445281
906287618
11440029
11445005
1124361
11445775
11445703
11445693
8364825
11445669
11441365
11129133
11432717
11442081
11444193
11445761
11444577
11442873
11352729
5407491
865784810
11445669
11409625
11444769
11441585
11089537
11445675
11444577
11445549
11442345
11436908
118478846
11373837
11445789
11445081
11445781
10877341
471951090
11445702
11445789
11445745
11408897
11445237
11439385
11445781
11374389
910188790
11445601
11390625
11444257
924057
873714874
11444781
6066241
858733615
11445513
11445629
11445729
11444001
11445305
10985653
6136849
11445737
11445761
11443065
11444761
11290257
11445473
11445770
11445465
11443793
11445761
11443401
11440945
11445561
987980834
11445705
11445657
11445713
11445649
10773057
557001265
11370625
11407241
11442689
11285391
11433489
11445537
11445757
11445249
987980834
11433785
11444273
11442801
11445057
11444825
11444409
9798709
11444001
11425217
11441769
996749546
10627341
11445737
11445765
11419657
8700561
9618017
11445765
11440185
11445645
11444857
11445097
11432813
11444473
11430257
5093449
3154077
11445781
11445777
11445577
11157137
11409121
11404113
11445689
762257610
11399793
11412273
11434049
8753553
11435033
11444137
11445697
11221833
11445769
11192297
10912501
11419633
11442753
11393513
957308618
11444833
11413965
11445681
11445729
11445065
11445689
8859465
11445717
11445765
1733493
11441121
9901854
11422929
11230449
11445565
11445609
11445753
11445673
11444945
11445781
11444593
11406465
11445681
11418628
11404377
11444801
11346305
11445613
11445797
11445682
11263297
11444465
11435729
5052705
11413025
864729698
11445737
11442113
960567363
11103345
11445569
11445785
11382945
11445753
11050969
11444985
515417271
11445645
11445633
11404529
11445189
932431539
10010937
11445609
11445747
11445702
7292417
11269669
11445660
11441085
11445785
11423545
11331117
11445801
11334245
11427637
11445321
152559412
11439357
11445749
11228453
11415033
873714874
11415121
11445705
650568261
11445769
11442625
998203578
867186410
11445785
11444969
11443951
11445223
11445693
11445201
11445369
11442101
11428369
699880394
10752069
11445405
11445445
10757109
11441809
11438433
11445777
11291697
11445757
11445705
11441938
910286422
11436909
11339201
11445385
11444493
11444625
11444077
11443361
11445641
11049753
11391285
11445697
11444961
10849397
11441133
11424489
11444161
11437913
11445777
11445761
11443953
11414241
11416041
955825578
11445789
11411553
11413737
11445793
11445621
11444933
11434865
11422341
3116681
11445781
11445761
11445009
11444929
11445357
11445769
11443873
11445425
11365693
11445297
11445689
705331906
11445745
11435985
11438017
11445721
7937173
11445657
11445665
11443833
11430297
11444377
512962635
11196114
10329809
11445705
11445633
11439889
11442577
11418369
11443925
11445777
8531333
11445344
11428057
11437797
11371745
946573730
11445761
11445625
11445721
11444669
3868449
11418413
11445657
11438033
11445749
11445429
11076273
11443585
10272301
966441986
11445805
11445729
11317089
11389401
10564417
143225
11445425
11442081
984341162
11410261
11439025
11193681
11423313
11444517
11437161
11445441
11439465
11443689
11445789
11445173
11421505
11445753
11444845
11445313
11445753
11043965
11320857
10859169
11444193
259504745
11444209
11445225
11359481
11445165
11407328
11445225
11406633
11445761
11420609
11441649
11445777
11444729
10435921
11445217
11419921
11441009
11441533
11439329
11445137
11440465
11445737
11443141
7020050
11358337
209675813
11445769
10967781
8679109
991538458
11445521
11423121
11416501
11413337
11445769
11405125
11445769
10960929
11445681
11445777
11443313
11429697
11445321
11445777
10808601
11445629
11441329
11445689
6313305
11439105
11445697
11444565
11445697
11444754
11101957
11443821
11421841
11433857
11445765
971486502
11439465
11444145
11419641
11426597
893496296
11445545
11445441
824212111
9837361
11444393
11445705
11444957
10326725
11445793
11445537
11441125
11445785
11433425
869239614
11445761
11444761
11414233
11049633
11443921
11444172
11395333
11444697
227075917
10742065
2743825
11439909
11445792
11312497
11441981
11445741
972309146
11445617
11445705
108377898
11445405
11445473
10448745
11445345
11445721
11445781
7618313
11444161
11445441
11289241
11445729
10542513
11441093
11420705
11445761
11444757
11445745
11445537
11445705
11445393
7187985
11445757
11444381
11445734
11430489
11445717
6776745
11306177
11445513
11444841
11445457
11445485
9183929
933831798
11441349
11445693
11445557
11445657
11445665
11443809
11445197
8911217
11445765
11445153
11438729
10353385
11445253
11439477
11445505
11442757
11445725
11420801
11439745
11327305
9546745
11443629
11444229
10125797
9206625
11427905
11445217
934919618
11445777
11199633
11152465
11440389
868090994
11445681
11414113
11444593
11445789
11445401
11445785
11445745
11401285
11211665
11445729
6645441
11445685
11445221
11445441
11438985
11444565
11444537
11411693
11445747
11445749
787453730
10982097
11445681
979297426
11445561
11410401
11357905
11438961
11445509
11439201
11445753
8264845
11445769
11244193
11445769
11445753
11445729
11445337
993700403
11445765
11411553
11444997
617886179
6867841
11443985
11443917
11432280
11445129
11445737
11413809
11445769
11445189
11437401
11441800
532167522
11443777
11445705
11353561
158477734
11425617
11444121
11445669
11445729
11384897
11445702
11445057
11445713
10238025
11445810
11420949
11442173
11443925
11445783
11445717
11444357
9843313
11445117
11445405
11445513
11445713
11432269
11445709
785853670
11445521
11003313
973606786
829539178
11445673
10698785
11445757
11396673
11445545
11362485
11444845
11445741
11444265
11445329
11442957
11440905
11445645
11445145
11445393
11323009
11275497
971486502
11445249
11442173
11345089
10734861
11393513
4590645
11130825
8302009
11445657
11443705
11442405
11359965
11445685
11424025
11264781
10780053
11444385
11440893
11444705
11445153
8138185
11443193
11348121
11443809
11407505
11404625
10053553
11445740
11445385
11444173
11445657
11445545
11435857
11444857
11444141
11439441
11445774
11444607
9203369
11445009
11334485
11336881
11445797
11445805
11445773
11445765
11428873
11427609
11444881
11301577
11445713
11439465
11433897
11351865
11445793
10916577
11075105
11414741
9916217
11445705
11428353
11445605
11396357
11443353
11445585
11445613
11434469
11436701
11363881
11444333
11422097
11445681
9981713
11445745
11418177
11442745
11411665
11444925
10563893
2398521
11445629
11439497
514304090
788860931
11276961
7852233
11445761
995312738
11445165
11445321
11445633
11382369
11445637
10999785
11433689
500886460
995963282
560249218
11369289
11398265
11445721
11444913
11433485
11445177
11217665
11445317
11375697
2280108
11438644
11445809
11445649
11437761
11443025
11443845
11444069
11445545
11445605
10125797
11372449
11249325
11445252
11445585
11445741
11444157
11445585
11436189
11445497
11444945
11445793
11445601
993062410
11445525
11445329
11422625
11445553
11426977
11443569
11442273
11436129
11445721
11445705
11445697
11445773
11443361
11445633
11377985
11445429
11445569
11442801
6661261
11445657
11445693
11435705
11445737
11412077
43547735
768161347
11445733
11445749
11445205
11379377
861225386
11439825
11445417
11445553
11441093
9383997
11430121
11431197
11444229
998167938
11445705
902847538
11444417
11365633
11445061
877904926
11445465
11282305
10469505
11347329
11438017
10902049
11445793
11445313
11444310
11436129
11415121
11433261
11445793
11444021
11445336
965928138
10873065
11445729
11445745
11436049
11144837
11445525
11445057
10467729
11290257
979180722
8881525
995849890
11445681
11445685
11445249
11403873
11445528
11106525
11445405
11441685
11430169
11445377
11441005
11445745
3695929
988321650
11445617
11445697
11257625
11445705
11443705
11445601
11442217
11445597
11440447
11445609
11291241
858029338
11445681
11411985
978817298
11445473
9956493
198681349
11439985
11438369
11445776
11445093
11435485
11415477
11445745
523354113
11440001
11431345
11443521
11445753
11445773
964770786
11445633
11183493
11357845
11423625
11443705
11445569
11445413
10874245
11445753
11414133
985576946
11432425
11445061
11445633
8223885
11445609
11443649
11428369
9643665
930760802
11439705
996394786
11445777
11445611
11143677
884369258
883886431
11435453
11403873
11445769
11443613
11390601
11444529
11410081
11445573
11445645
11445789
11445546
11445729
11445737
11445741
11442929
896787306
11436889
11444445
10875545
11443145
11445345
11347473
11444289
11445625
11434401
11444897
889139930
11445285
844439189
11445081
11445221
11445785
995429074
11445645
11445497
11179377
11445757
11444721
11445729
2723745
7920705
11444285
11390245
11445261
11375825
11433312
11444497
11445777
3510513
11426785
11305529
11445069
11445617
11445761
11445021
11434689
11435661
11099793
11441265
9639865
11445573
11445693
11439933
11444985
11445273
9112113
11444645
11412865
11445805
11431013
11445137
10855017
10048065
11419425
11442145
11445609
10973757
11445225
11445593
11445197
11445765
11381041
11444937
11445773
10976257
11420037
8535393
11442853
11445345
11397621
11445465
11443073
11445805
11441197
11445769
11445717
10380773
967460762
11445759
11442609
11445793
11444169
7576709
878747170
11445585
11443545
10873857
11359569
11445589
11445569
11443621
11289121
11445637
11425033
11445765
11445361
11444787
11445777
519425140
11445225
11441521
11445313
11408625
11284885
11393997
11409217
11445744
892878890
11445745
11133025
11435325
11445689
11425281
11442357
11439213
11347785
11439057
11445417
11445765
11445585
11426313
924941738
11443729
997509134
11439609
10724169
11354817
604188674
11445657
5130405
11363445
11431209
11428097
11404497
11445657
11444337
10991025
11445681
11445337
11429181
11439117
11126145
932431539
11438617
11415005
11444873
11443535
11444421
547949347
647052547
11445805
11445753
11445697
11445681
11445009
11347429
11444529
11445705
11344525
11445653
11445661
8376033
9824000
11445665
11445745
11445045
862381798
975478098
11443689
817355971
11445621
11445385
11444453
11444849
992307722
11445385
11380045
11445717
11445621
11445725
9144417
7934385
11445701
10559497
138886467
11445753
11383425
9966237
11442617
11392629
11368785
10991537
11445697
11445753
11445545
11445753
957604010
3590909
11398325
11444433
11445729
11445361
10755765
10967405
10867590
11445561
11445733
6483473
11445705
11410509
11445665
11445137
11444149
11445748
11445771
11445749
11440725
11445785
11442705
11445633
11445761
252412070
809545478
11440677
11399185
11445753
11445789
11440260
11445649
6336129
5318177
11445741
981588302
11442633
11442689
11445577
11444785
11438113
11445789
11445345
11445753
11445333
11436537
11441361
712286964
11445673
11421801
11246417
11445789
11437725
11445273
9527769
11437137
11445325
11445737
11393569
10369385
11371137
11445505
4786261
11439659
11445237
11445702
11445777
11428475
903330142
10573889
8615837
11418525
11329769
11444437
11445705
11445501
11445249
11422113
987144014
11429121
11432425
11411349
11445798
11431593
11440965
10501617
7616745
11444801
11445761
11218785
11309025
11265125
11445563
11443889
11445777
11445565
11445673
11442177
11371421
11445793
11445213
11445381
11445277
11444201
11445653
11424475
11445533
11442609
11293873
2177805
10024361
11445729
989044802
10832385
11445789
310149699
10750425
11445609
11445681
11445349
11445793
7373637
11211905
11233025
11390433
11445261
11416561
11399225
11415445
11445769
11441153
982193730
11441617
11443525
11445685
960685358
11420545
11445265
11444553
11439297
10902765
11445661
11426305
11445409
11444575
6220297
11085749
11140617
11445647
11444885
11440045
11445425
11442433
11261601
11431209
11445745
10285665
11440449
11429081
11443425
6927681
11445729
11445605
11445793
951805106
11438469
11445665
11445617
11442553
11445769
11445665
696701162
11405129
11439117
11063585
10994848
10223425
11438821
11445693
11445693
11445009
11445273
11445729
11445625
11109289
11445745
11442729
11440545
407924118
4813409
11430145
11443809
11381741
11445009
11445761
11436801
11445265
11416233
11441377
11445717
10456265
11401545
11364657
11445748
9328581
11445237
11445237
11445737
951539486
11445329
11391041
11445653
11418105
11445777
11444965
11444261
11445677
11441261
11445769
11367669
10978897
11445729
11442901
11445701
11445381
11440029
11388053
11445769
11445465
11445337
10287321
11432201
11388909
10463769
11445143
11445769
11445777
11443485
11445345
11421625
11445277
11445769
426121742
11434489
11438785
11445519
11445745
11445665
11443801
11445745
10943533
11445765
11445701
11445505
11329665
11445733
11445713
11375409
11445781
11445785
11445597
10680825
11445773
11445783
11257501
8130225
11445313
11414333
11445789
11445609
11444033
11445757
11442857
11445417
11416521
11441800
11445777
11445777
11445775
11304153
609932678
11445793
11444673
11439585
209675813
11316353
11445153
11445636
11443949
11445309
11445357
11444113
11445657
6001465
11444773
11442893
11445445
11441817
11445621
11444081
11445673
11435105
11438433
11445681
11441721
11445225
11386317
11412393
11445781
11445729
11445681
11445633
11263561
11445573
11445597
11445648
11445533
11445789
11445777
11445737
11443953
11406465
11445673
11445417
11151141
11445417
11437857
11439873
358290497
11445749
11445789
11445585
11443465
11444145
11445761
11445473
11430705
10614925
11445617
3420185
11445777
11445793
11445189
11409921
11382701
11445721
11444981
11444765
11445797
11445769
11441121
11445249
11437257
11432997
11445745
11445537
11445697
11369777
11443457
11445593
11443921
860662258
11445733
11445633
11445425
11445629
11443017
11445665
919514842
11445241
11048205
11445793
11445545
8294985
11358801
11438773
11445685
11445769
11445397
461358521
11445737
11445705
11444569
11387001
11423509
11431281
11431909
11440561
11423377
11444845
11445789
11441353
10326033
11427933
11437113
11445265
4634873
11357121
11288285
11443245
11331813
11445489
11433861
11445697
11444673
11441161
11445713
11435169
11445505
11430849
11445675
11443977
598133785
11441769
11445785
11438965
11387213
11207265
11445753
11387665
11438361
11139009
11445761
11202673
11445721
193044256
11180385
11445249
11445237
11445797
11441925
11328633
11269473
11445693
11428489
11402985
11445525
11442729
11418273
11445621
11385537
11445421
11445729
756043582
11445633
11445497
11445721
8481357
11445641
11445321
11440449
11398225
977635418
11445428
11445245
11444473
11445681
11445665
11429365
11445729
11444481
11445749
11445786
11445657
11440337
11443845
11375097
11443237
11445753
11445743
8441845
11445665
11445733
11428273
11445344
11445150
11442977
11444845
11307041
11445589
740820602
11442921
11445685
11445645
9848669
11438349
11445793
8220645
11445513
11442925
11347585
11445669
11433321
538016594
11345829
11284401
11421053
11402949
11445521
11438349
5369025
11399713
11445769
11438729
11445381
11445489
11445681
11375557
11445785
11432321
11445341
11445569
11427573
11443961
11444181
11445505
11444577
11430465
11444901
11220557
11390433
11165569
11445713
11445729
871765974
11445609
11443405
11445585
11041237
11435885
11445281
11445428
11444074
11442945
11348497
11224785
11445761
11442025
11329709
11445001
11414205
11445726
11441169
11445209
125838866
11445169
11445669
968511098
11445777
11445705
10549861
11352673
11436153
11382593
11444665
11443561
11445697
11375137
11445709
11441665
11424177
11445609
11445573
11382949
11440543
11445333
11424513
11444613
11439105
11445769
11444283
11445777
963989774
5163497
11431945
11412393
11445585
11445553
11445806
10735049
11411201
11445081
11445769
11445741
11445069
11445353
4469745
11445777
10629445
11393857
948831619
11445753
11431945
11443621
11445797
11445717
11445793
11445745
11445057
11445505
11411265
11318893
11445409
11445769
11436897
11444625
11039905
11445621
11445553
11438877
11443765
11445812
11445525
11441989
11445629
988319538
11445681
11444585
11445249
11432577
11445761
11445705
11445729
10614145
11445769
11444977
969446026
8759141
11416917
586404037
11445625
11326517
11445009
10735049
950473130
11424945
11445489
11445777
11445457
11445681
11445805
11445521
11445473
279390038
11416225
11368553
11445729
11445665
9544961
11444769
11385777
11445769
11438181
11445741
11444337
11110801
11445433
11442849
11394005
11445513
11436221
955343570
11356801
11445533
11285633
7777041
11445081
11444961
11445673
2754965
759871786
11444685
11445793
11238513
11445705
11445777
11442865
11368425
11445441
407221799
11445481
11444617
11445537
11346273
11380457
989626418
11444733
11443557
11439265
11445521
11445322
11444461
11445701
11445789
11439021
11445321
11426013
11445585
11444833
11444761
11445469
11366985
11440577
11442717
11445451
11369181
11445129
11443649
11445729
11445505
11414449
11444061
11445733
11445357
11444421
7742345
11445737
11445561
11445729
11445597
11439265
11445765
696794004
11444513
11443921
11445185
11441901
8740417
11445745
11435745
11217565
9763077
966228658
11445297
9617953
11413925
11445137
11445773
11441913
11444897
11425493
11445681
11444261
11445777
11445681
11443173
11393206
11445789
11445789
11222677
11445705
11443761
11445561
11444913
11444161
11445705
11445601
11444671
11438097
956188130
11442305
100762106
11445189
11439861
11445569
11179205
11433297
11444929
618151452
11445729
11420577
11430105
10641577
11438997
640440506
11442657
11445733
11445713
11445777
11445793
11444941
11438009
11445777
11192945
9340785
11444453
11445749
4864689
971191202
11445441
11445745
11254925
831610146
11432865
11443242
11445761
11202585
11445609
11445697
11440449
11445173
6838145
11445733
11444361
11232037
11445781
11428257
11445497
11444477
11378977
436639262
11445541
11444529
11441433
11445593
11419816
9853549
11205017
11445769
11444141
434224267
11371257
11445761
11445253
11445593
11429333
10435633
11445761
11445393
11439373
11414209
11445645
585243914
5168757
10214105
11445753
11444765
11445795
11441441
11445561
11432255
11445557
6842667
10426049
11444765
11445749
11445777
11445761
4796589
11444325
11438481
11445753
11440753
11444973
11445501
914215682
11445593
11445553
11244965
11445773
11370937
11420745
11445209
11424477
11444673
11445137
10592505
11445693
11445625
11433345
11443625
4696797
10784281
11443705
11445764
8900617
11445673
5104497
11445621
10959501
11445361
11444141
505885730
11445802
11445489
5168757
11439321
9822405
11442609
11401273
11425333
367684174
11445657
11416225
11445795
11445573
11420497
11438644
11445441
1223265
11018337
11445673
11445745
11432217
11445749
1413917
11445585
207019482
11445785
11440177
993165602
11445745
11445185
10433921
11421309
8600085
11444405
11445385
11445749
446800985
11445205
11445057
11444321
11445641
802010178
11445769
976922906
11387305
11444829
11444817
11445804
11445501
10347885
692940570
11445685
11445601
11445793
11445785
11445525
10910967
11398313
11445609
11445129
11445345
11445597
11445805
11428577
11410737
11443881
11444365
11445761
11445785
11445553
11445641
11445801
11445601
10274289
11445741
11357121
11445729
995514395
912068738
11439105
11444973
11445249
11442113
11445681
11440097
11445633
11444297
11445701
11443485
11434161
11442625
11445525
11445585
1316937
11445721
11445753
11445565
11445753
11431905
11441769
11440761
11445601
11445721
11178153
7746113
11445773
11445377
11292353
10790693
532167522
11445697
11445741
11445633
11445749
11416385
11371497
11441541
11445249
11445769
11441457
11416065
11444929
11445489
943648035
11045073
11445785
11445681
11416497
11445649
11445697
8086449
11445705
11445617
626547396
11445745
11445321
11445721
11445225
11445721
11430297
11445629
946503794
10454241
11445781
11296325
11416017
11417797
11445721
11380865
11370497
11445768
8265713
11445521
11445737
11445777
10688573
11443881
11445345
11444961
11149005
11439121
11434785
11380265
11445777
11444565
10775417
11437245
11445785
11416041
11394453
11445637
11350217
11432193
94254119
11384905
11445737
11445713
11445285
11442137
11410105
11445553
10304353
11438005
11445381
11441065
11435941
11445572
11372269
11382993
971282410
11419425
11442385
510724994
11443173
11445677
11445573
11445761
987423818
11445633
11437781
11440165
11445569
11445745
11445753
11445744
11414537
11445401
11441069
11445451
11445745
11444241
11445065
11440225
11445785
987537474
7999545
11444229
11434177
532167522
11300200
11280221
11421745
11445753
126164437
11445769
11444941
11434709
11445393
11445777
10760121
11440776
11390785
5130049
11445693
11441809
11357125
971693521
11430273
11445773
11444421
10863381
11445449
11441729
11329025
11247785
11445745
11229413
11440581
11444981
11445353
11409657
11444637
11445805
11445789
11445777
11445645
919481938
11445761
11445073
11445797
11443753
11381401
11401950
11442997
11434525
11428137
11444049
11445777
11445685
11433513
11434185
11445661
11444985
11444537
11286225
11301609
11429173
11445753
11444493
11445741
227075917
11421325
11440137
11444585
11445793
11431937
11445553
11445345
11445713
11445714
11445617
11445525
11445505
11444941
869235918
11445733
11432433
11445761
8433453
11445721
11445725
11408661
11445761
973870022
943234850
11351017
11443809
11432317
11429697
11425361
11434125
11445225
11445405
11445265
11434281
11436745
11445793
5971985
11445441
11445793
11429857
11434645
10878385
11444633
11445697
11437125
11445769
11437505
11407017
11444589
11445249
997175634
5202021
11377001
11445393
11444313
11445549
11445729
11445211
9870069
11445585
11445629
11443557
11317233
11445153
11445785
11445521
11383833
11445793
839758178
11417245
10548429
971740994
11443737
9651265
11445745
11438517
11445629
11341169
11445713
11445437
11445661
11445177
5558521
4159929
11438049
11445713
11445769
11436821
11383425
11445175
11042721
11351865
11445537
11445585
11445749
11444097
11445781
11443617
10828129
8157333
11443461
11444641
11445305
11445069
11438209
11445749
9878945
11445657
10036353
11445369
11445713
11444889
11440545
982914778
11378877
11428393
11445777
11440021
11441800
11445745
11445085
11427553
11445793
10026257
11445573
11445629
11434937
11445041
11283765
11440577
11431181
11443681
11436805
11445401
957234698
10130189
11445785
11444209
11434089
619591575
11430493
11445785
11444613
11348161
11445449
11425797
11445321
11445713
11441425
11445729
893404946
11439489
11443905
5379905
11445513
10616265
8752337
11445633
2417985
11419825
950473130
11444005
11444721
10992009
10367921
11445577
11445753
11445781
11411385
11440265
11444145
11445321
11376321
11445225
984136298
11444345
10774077
9042225
995922338
11426241
11443173
11445785
10334033
6838145
11439057
674443318
11445633
11445789
10831321
11445489
11443857
11445729
11445725
11445593
11401221
11445681
11206601
11424577
10917193
10102221
11445601
11307105
11445705
11393601
11445701
5739981
11440505
11428665
11130825
11445185
11445697
11316825
11413745
11441881
227075917
11437961
11445121
11445805
11444913
11307105
11445749
11445345
11445249
11444113
11399121
3481965
11445609
11445745
11445401
9984005
3376865
11445497
11379297
11445585
11396161
2516545
11444409
11445729
11445805
11429697
863964598
898516478
10410649
11383073
11444585
11256045
10656245
11399601
11445297
11444817
7881140
8522785
10624385
11445497
11443809
11445617
11386393
11445201
11445725
11438793
11445797
11445569
3510513
3276625
11442333
11442969
11445429
985332506
10480017
11445721
1973641
11153201
11440701
11445785
11421901
11445781
11445729
10254429
11285569
11441285
11445393
11359265
11443465
177114943
11445517
8033085
11445725
6764258
11428021
11441249
11445141
11444985
11443977
11436445
9620409
11445429
11441785
11445713
11445781
11445489
11445585
11397213
11445753
11427225
11435129
909996098
11391665
11444945
11445633
6816121
11445693
7195881
10964193
11445759
11445425
11401521
11445601
11445321
11445289
11445489
11438813
4528565
11187513
11445709
11444925
11445769
11444593
11249333
11443661
11445153
985510790
10227369
11193065
11445771
11230181
11320623
11444613
11412785
11433313
11445773
642801102
50629462
11445345
11444505
11432553
11445001
11356769
