2302122
2250197
2305645
2304549
2304949
2304660
2305597
2243949
2305133
2249445
2304557
2303061
2305597
2305525
2228649
2305425
2303001
2303817
2304970
2152062
2305606
2305557
2303925
2254029
2305561
2289153
2287857
1978077
2020109
2305237
2294517
2305606
2305421
2303741
2288973
2304177
2303637
2303061
2214427
2240877
2305641
2303549
2293629
2249285
2305395
2305581
2294517
2305197
2251589
2293081
2287857
2304141
2305622
2305597
2114255
2234157
2305499
2021661
2252109
2209539
2293021
2274717
2305657
2303529
2303859
2299989
2305493
2305621
2305632
2305277
2117172
2305373
2296325
2304949
2305368
2305569
2304777
2293629
2277837
1842669
2305485
2295621
2179917
2305621
2269917
2305397
2266765
2305449
2305397
2298507
2304021
2123437
2135157
2305618
2000841
2304892
2305649
2158237
2305599
2212413
2305497
2305321
2305605
2285342
2305305
2271637
2233563
2304225
2305629
2305185
2139565
2251395
2281789
2305581
2303145
2305621
2158621
2296669
2305157
2305629
2296217
2305549
2217852
2303349
2305565
2251395
2231565
2288937
2305452
2101569
2300737
2249445
2305137
2304645
2305361
2305521
2304557
2305542
2301711
2305581
2305311
2305589
2305353
2299902
2305605
2305545
2305189
2195257
2304692
2304649
2267133
2263465
2233997
2304165
2251005
2305540
2243893
2304577
2305509
2305605
2305629
2303725
2183079
2302943
2301797
2305305
2304669
2299385
2305565
1942413
2243053
2305597
2305565
2304689
2304577
2256731
2305077
2300173
2305437
2288973
2305605
2305629
2305149
2305377
2269011
2303145
2305633
2305573
2265553
2305421
2305317
2304727
2305477
2305585
2304765
2305425
2305317
2305425
2290397
2303817
2305029
2305581
2305165
2305237
2305497
2303553
2305467
2295231
2305467
2291534
2242462
2304237
2304605
1768917
2305277
2305053
2304717
2305541
2304981
2305220
2305621
2278210
2305543
2304499
2305549
1866045
2296325
2304765
2304929
2123437
1745677
2275653
2297829
2304965
2304477
2305629
2305577
2305533
2263011
2305557
2289961
2292589
2192909
2305641
2305255
2305437
2305453
2304897
2265657
2303661
2305569
2305485
2305002
2303456
2305425
2305545
2305413
2198037
2304230
2158445
2303061
2303166
2305657
2304273
2227893
2305219
2304577
2305656
2303166
2305641
2305593
2304957
2305425
2304861
2305317
2269014
2303301
2305327
2241817
2304897
2304257
2200557
2305637
2280823
2305645
2305569
2304741
2301277
2303493
2305474
2304981
2305605
2198757
1779853
2304805
2305581
2305251
2279673
2303725
2303637
2305222
2305597
2305479
2305512
2286637
1824829
2198277
2305629
2304813
2305293
2244257
2302557
2305661
2302896
2304021
2304657
2301841
2299593
2246597
2305180
2305480
2305575
2305489
2305181
2126517
2116789
2305457
2285342
2304225
2305257
2305613
2305593
2305373
2305613
2305065
2038157
2296625
2217649
2303837
2304302
2305421
2303301
2187867
2305577
2304509
2305643
2101569
2302549
2233143
2297449
2305173
2305597
2305645
2286817
2305554
2304657
2305617
2302857
2304549
2304549
2305565
2305497
2305565
2271302
2233997
1991797
2305161
2284337
2303053
2303613
2278545
2305645
2305125
1811937
2305605
2216335
2298081
1993457
2305621
2305193
2275257
2303437
2299509
2274717
2261785
2305389
2254437
2274717
2300841
2085888
2305479
1830369
2305541
1782417
2109305
2305581
2303843
2305397
2303747
2305633
2305649
2305659
2305613
2250197
2305421
2305481
2220933
2305533
2303197
2305613
2305635
2303605
2296277
2249093
2290397
2298845
2305305
2240877
2305401
2304403
2304897
2305377
2187725
2305617
2297725
2305650
2303437
2304605
2298081
2282601
2192909
2299593
2288525
2251613
2303802
2305625
2305065
2108613
2249445
2305265
2226763
2240877
2305237
2290221
2305461
2298669
2283330
2298669
2245197
2304627
2304981
2263011
2282637
2292525
2305314
2305613
2304725
2305642
2302943
2301277
2305461
2305525
2302185
2304805
2298765
2304897
2298109
2305649
2300293
2158237
2305617
2280229
2305509
2303859
2305509
2228649
2020109
2305597
2198757
2305545
2270487
2304213
2305637
2305557
2305651
2135157
2187725
2305131
2295309
2304525
2304973
2305529
2305097
2305640
2305629
2304981
2304673
2272269
2280993
2305549
2299509
2277377
2265581
2304997
2042785
2217554
2304437
2305209
2304897
2302453
2150317
2305573
2305650
2300049
2305467
2305625
2305191
2296209
2301861
2301315
2304984
2305597
2305597
2290605
2305437
2305605
2305181
2305521
2305637
2305373
2305651
2305581
2305065
2305477
2304549
2186557
2304697
2305667
2305613
2302313
2305245
2305541
2305632
2305620
2298125
2305401
2303725
2304997
1770605
2305549
2304873
2301172
2302897
2305425
2305277
2305621
2303622
2305650
2305657
2305093
2304973
2101569
2305452
2303553
2305253
2305641
2304873
2301589
2268277
2303622
2305597
2305397
2305421
2304685
2288253
2305620
2305076
1942413
2305405
2304892
2305101
2305417
2305517
2303637
2304933
2303929
2305053
2284692
2305305
2305637
2305593
2305633
2305515
2305569
2305637
2305499
2305645
2305425
2305425
2298125
2304301
2305651
2276997
2304157
2305049
2293749
2244257
2304777
2304105
2291498
2287391
2305557
2179917
2305629
2291498
2159031
2280309
2278005
2301957
2305629
2271915
2305557
2305533
2305397
2305597
2305329
2305421
2303421
2303622
2285342
2079969
2159031
2305541
2304129
2305621
2234021
2296932
2305581
2305509
2304165
2255077
2303397
2292924
2305233
2305397
2305621
2295309
2298593
2231549
2303913
2279373
2304861
2305489
2305633
2300529
2305549
2305121
2207833
2305629
2304369
2305637
2109305
2304045
2305131
2304984
2297136
2305313
2305613
2304901
2304657
2177769
2302305
2206858
1906941
2253285
2305602
2228327
2144117
2305656
2305645
2267947
2305449
2305581
2304009
2299629
2305245
2305621
2305065
2297033
2305621
2248838
2286637
2305597
2299101
2305637
2305533
2302884
2170189
2288013
2304417
2305541
2256902
2305065
2305549
2305407
2304753
2296865
2287173
2305117
2304819
2281885
2217554
2305457
2304309
2142581
2305637
2305581
2293065
2305534
1984573
2305581
2305357
2304249
2303397
2296973
2304421
2303421
2305656
2305649
2305533
2305076
2305474
2304105
2303477
2284692
2305362
2303829
2270432
2303837
2298507
2305605
2299689
2303031
2289353
2063253
2305549
2305420
2303129
2299010
1866045
2304197
2305585
1959637
2305581
2305143
2300589
2305581
2038157
2305349
2239899
2164077
2305461
2305535
2303653
2301797
2303052
2305293
2305233
2305245
2304965
2192909
2251157
2297649
2303661
2304445
2305397
2305553
2305236
1873517
2290177
2305629
2304893
2305397
2303238
1982433
2305225
2305461
2305561
2303074
2305041
2145837
2304309
2305665
2305353
2305372
2304067
2304605
2305641
2302857
1745677
2305525
2295621
2304489
2296789
2305642
2170189
2299557
2305581
2303001
2255077
2305649
2287425
2266765
2295381
2212413
2303517
2230053
2274733
2270487
2289945
2235461
2304277
2305605
2130117
2302653
2293637
2305237
2305236
1859101
2305372
2305389
2305309
2212711
2304225
2264753
2305565
2305656
2305173
2303293
2305633
2305625
2305203
2305537
2305617
2305049
2303437
2301315
2180067
2304997
2305597
2305629
2303449
2305593
2296932
2303449
2063253
2302351
2304213
2242462
2305389
2304957
2305377
2304633
2305629
2264461
2303197
2305311
2213012
2305445
2249093
2305632
2305357
2305133
2305541
2305623
2305305
2305629
2305617
2265581
1929721
2305621
2242462
2305469
2233053
2305530
2304325
2304981
1777317
2305645
2228597
2304645
2292645
1932157
2304957
2305453
2305589
2291565
2291565
2301861
2304673
2305203
2290221
2301869
2305525
2300589
2278210
2299629
2305657
2305565
2256249
2304021
2290605
2304949
2302669
2305637
2301081
2305542
2304991
2305613
2305597
2305657
2301469
2304907
2146797
2305077
2305628
2302653
2305597
2305533
2299533
2143145
1890437
2304297
2305525
2305642
2305485
2305397
2303859
2305521
2285709
2305529
2302185
2305209
2304991
2268277
2305641
2305600
2303052
2305609
2304325
2291534
2305637
2152062
1874253
2304813
2305303
2305622
2300034
2305609
2305589
2305605
2305491
1867893
2142566
2305581
2305157
2304397
2206347
2305597
2304957
2151094
2290277
2269014
2292637
2305557
2305357
2305473
2305551
2244592
2305629
2289153
2276427
2304105
2305605
2299549
2305545
2217852
2135485
2303701
2305605
2305397
2305415
2143145
2151094
2189407
2305533
1737501
2297533
2174689
2305227
2305122
2305521
2304067
2305582
2304009
2163021
2305660
2295309
2305372
2305149
2298013
2229369
2295373
2305561
1849245
2228327
2305326
2299413
2305299
2301797
2304109
2304877
2301343
2305545
2305047
2305660
2304601
2305477
2305641
2261889
2229289
2302253
2288525
2251589
2305185
2305117
2298933
2304889
2301927
2277681
2305617
2157501
2305368
2305076
2304381
2305637
1745677
2281885
2297449
2296625
2301797
2305643
2305421
2305605
2305131
2243893
2305585
2163021
2305656
2301605
2304963
2295381
2305541
2305659
2304397
2303817
2117853
2305577
2305489
2302122
2305573
2292885
2305659
1779853
2305632
2233997
2289961
2304165
2181805
2260932
1777681
2303977
2305581
2289153
2249285
2298013
2305407
2296973
2296917
2303493
2252113
2282637
2305545
2304897
2304237
2297517
2304903
2305121
2208297
2305569
2301877
2302897
2304889
2302653
2304873
2289153
2305601
2267133
2289917
2020109
2305353
2305041
2304963
2303197
2258619
2263465
2305629
2305578
2305597
2305553
2304957
2304645
2304692
2158621
2304941
2268277
2208297
2304445
2305317
1859101
2305237
2305662
2305645
2305479
2305333
2305557
2285841
2305097
2305317
2302489
2304177
2035165
2305425
2304302
2305641
2304991
2305081
2305529
2303859
2305329
2009517
2143145
2247888
2305425
2305629
2305421
2256771
2304525
2305533
2305497
1922677
2258717
2288757
2305621
2302305
2305587
2299341
2304189
2305557
2305533
2305517
2305549
2305581
2300737
2304601
2305621
2301261
2302469
2303863
2305133
2305545
