18243662
18243326
18242906
18242218
18242654
18213478
18242678
18243430
18243573
18243526
18243686
17865094
18238768
18222274
18243703
18243174
18204414
18243546
18243022
18243592
18243670
18243298
18243286
18243322
18242629
18221258
18230880
18243705
18241822
18243624
18241958
18243654
18243145
17934654
18243438
18242882
18243610
18243606
18243179
18242246
18214073
18241846
18230590
18243286
18243614
18243110
18243508
10009734
17972922
18240134
18169918
18243582
18203620
18243666
18239818
18243250
18243478
18224958
18243448
18243622
18243262
18243382
18243678
18242542
18243582
18243526
18242914
18242914
18242914
18236958
18243638
11110894
18243168
18243262
18230590
18243508
16951450
18240098
18243646
18243606
18190630
18243590
17968734
18243698
17431342
18243454
18243610
18242446
18236022
16091498
18241738
18214646
18031246
18243590
18219742
15942598
18243398
18243684
18243270
18191638
18242802
17540422
18243657
18243184
18240188
2378854
18243676
18243662
18243698
18243362
18243663
5595098
18243582
18243526
18243606
18243685
18241542
18241558
17628630
18243318
18243542
18243390
18243530
18243673
18227618
18243526
18243590
18243670
18243578
18243530
18169918
18243662
18243158
18243703
18199478
18243582
18180435
18243438
18241318
18242576
18243102
18243637
18241828
18243674
18243546
16532718
18243512
18241798
18243666
18243640
18243562
18243675
18242834
18221258
18243618
18242206
18243556
11493034
18223342
18242574
18216718
18243406
18243638
18241942
18243526
18237842
18243466
18243342
18243410
18243510
18243106
18231719
18243504
18243494
17968734
18243534
18243670
18243490
18240352
18243450
18243646
18243706
18243663
18243043
18243610
18243606
18239286
18240950
18215578
18243498
18243358
17679170
18236454
18243574
18241602
12867574
18243534
18243610
18243636
18243506
