114068262
421073838
421074978
420880686
421068618
421061766
421074794
421074822
421075286
418578546
421075166
421065342
421075086
421075182
421072082
421074262
421074948
308018526
421074750
421075198
419235710
420035566
421075266
421075214
421075218
421074854
421074870
421075266
421075134
420981354
421075046
421074658
421075214
421075110
421070134
421044906
421075242
421075302
421074934
421075254
421069671
421072510
421052646
421062590
421070402
421069646
421074126
420678646
421074142
421075246
421075230
421075250
421074814
421075170
234830006
418071822
421074970
421075142
421075286
421075198
421075150
416382630
390813614
421075214
421072138
420187166
421060362
421073534
421075166
421039134
421074894
421075230
421073694
421073342
419001462
421074374
421033001
421073598
419898558
421075038
421075262
421075246
421075086
420838500
410483342
421075034
421075098
421075290
421075014
421072766
420560474
420225870
421070046
421074522
417767838
421051890
421075226
421044350
421074054
420761886
421075158
421069918
421075303
257915319
421053286
421073974
420650366
421074106
421074690
421070094
421075262
391490382
421074470
421063730
421075070
421033406
421052862
420898512
421075053
345697278
421073358
421075198
421073898
267710126
421074606
421066586
421067262
421064510
420741022
421071230
420423870
421015746
421075262
421075190
420880862
421071734
421073966
414241338
421074286
421075282
421026502
409920606
391028246
421075246
421075286
421072966
421074090
421074670
421075150
421075294
421075278
421056658
421075278
420975322
360652252
420955646
421075222
421075194
420658238
421075038
421075298
421075246
421074438
421074798
421072466
421075246
421002426
420997918
420847566
421067526
421071654
421064470
421075062
421074878
421074794
421070046
420994702
421054770
421074518
420977858
421028726
420987322
421075302
419689326
421074654
421075038
421058262
420858370
421031834
421073622
421072494
421075278
420338778
421064886
420980926
421075260
421064838
421072086
421075230
180578750
421075246
890658959
420761166
421075246
421075278
415565906
421074702
421068454
417095294
421074870
421074978
110970371
421071118
421074114
421074574
421071166
421074886
420910178
421066790
421069518
388624298
421071878
420810446
421075286
404349502
421074970
388559074
421072014
421075256
421073126
625761407
420948886
421073886
421075134
421075290
421074558
421074270
421075190
421062982
420632574
421074990
421075158
421030086
421074290
412214838
421075306
421069430
421031310
420605406
420243346
421075034
421075182
419915046
421053502
421073886
421073058
421075282
421075274
421074766
420952690
926571695
421075206
421074858
420982926
421072474
421075270
865552894
421049168
421075262
418753446
420262834
421075288
421072090
421075290
421075262
421073518
421075290
421071654
421069326
421075130
420940326
421075246
421075170
420421726
421073054
421075226
421072158
421073706
421074350
421074894
360743174
421059326
421074318
421075286
421073814
421067074
421075106
421052310
421067694
421075278
421073566
421073398
421075230
421075122
421054546
421073730
421075254
421075294
419876542
421075262
420794038
421075286
421067298
421060822
421075230
421070406
421068194
421075126
421074734
421075266
419109686
421066494
421074054
421054122
421075122
420820782
421075094
421075254
421046766
421074886
421074798
421030338
421074642
410655822
421073170
421075110
419914042
421074378
420961506
421071990
421075188
421075214
421073850
408919406
421073506
421075242
420938850
420909606
421034446
420881346
420841638
421074378
420884190
421075214
420880686
420980874
403975386
421075230
421065678
421075278
421074858
421071294
421074726
421074674
421049370
421074238
421075146
421067790
421053000
357830886
421075230
421064382
421072222
421074026
421074654
421074966
421061934
421075166
421075198
421074990
421061978
421073518
421071894
421066114
421065606
421062526
420868126
421068616
976766
421075198
421075050
420871962
420910014
421074702
421075198
421075286
420898506
421056230
421072926
420258818
414932398
421075218
421075134
409308678
110970371
421067838
420789542
421075086
421069726
421072734
421063422
421064210
120288414
420958706
421065810
421074054
421073358
420950994
421075278
421074558
421075286
421066506
421074741
421072634
421049526
420944018
420998598
420600038
421074966
421074302
421074866
421075270
421074254
421070818
416334018
420979606
420988494
421069510
189397902
421072986
421074946
421002186
421075255
421075262
421075296
421075246
420992694
421075246
421063230
421074774
421075246
421075194
421011054
421075262
421064822
421073358
421006142
421074178
421073790
421075110
421075278
421074326
420283146
421047534
421074370
421075286
420506478
421074078
421074366
421075134
420340926
421075266
421075134
421064198
421070038
420035902
421074478
421074486
421066950
421074706
421071598
421023810
421075186
420863862
421075299
421074442
420899358
421073270
419596326
420980574
783896063
421068774
421075238
421075210
420588006
421074594
421075278
421075262
421073586
421072794
419526878
421075082
421074814
421075278
421074318
421018142
421074786
421075254
421075230
407559726
421075226
421059406
421074990
421074750
421075046
421075262
421074666
420905310
380021646
421075270
421073794
429800975
421037122
421075158
421064114
421075098
421074138
421075290
421062654
421031646
421047602
421043582
420920190
270582126
421074570
421075290
421075102
421074846
421074654
420266730
403643990
421066886
421075110
421074718
421051442
421075246
421075190
421033326
211640526
419402838
421075306
220615038
421033001
419518302
421075142
420985214
421046626
421074726
421075271
421074766
421075294
421073207
421065290
421075198
421073774
413684166
458449053
421075290
421030834
421074894
421074734
421075014
421075254
421075270
420929750
421072446
421075290
421038850
421073982
421048266
421069986
984749499
418825902
421074622
900362752
394033402
421075274
421072190
421074582
168029902
421075278
421074950
421074110
421075254
421074318
417312502
421072678
421075182
421074438
421073678
421075254
420986694
420997534
419304526
421075230
420706430
410695094
40549026
421075174
421075002
420207894
421059542
320720502
415215578
421073790
421074018
421071366
421072358
421075212
420711334
421074813
421061910
421075290
421075287
421071390
421075254
421075186
419134706
421075222
420983190
421075178
421075278
420444542
421061090
421075226
421071658
402593646
421074622
421075234
421075154
421075142
421075074
421074846
421075218
421032030
421074238
421073482
421075158
421066558
421075050
421075290
421075218
421074690
420486770
421075282
411297822
421074182
421074274
419705454
417395262
421074596
421071790
420989518
417320094
421073922
421075286
421074274
421027606
420733326
421065966
421074918
421074842
421075030
421075246
421016694
421066246
421075278
421074998
421066142
421074994
421075290
419977726
399291906
421072850
421074834
421075254
420173854
421075026
421063786
421074890
421074038
421074178
421074582
421068446
421068513
421016650
839036879
420892198
421067598
421075297
421074638
421075158
421073046
421052334
421074710
406450830
421074694
421075134
421074858
418514106
421074646
418505446
421070901
421074963
421075214
420970906
421065750
420418238
421075214
421075186
419816542
419224666
421075238
421072310
421069662
421056762
421075277
421045230
421023418
421072491
420907206
421003636
414121314
421074246
404671342
421075264
421074930
420919230
419943174
421075126
421075258
421074146
421075222
420890026
421074926
420793310
420893166
421074582
421075054
421072806
421068430
421074974
421075266
421075278
421075182
419926206
421075306
421074798
421074710
421074274
421075122
421075114
421066142
421075306
399609842
421075014
421019766
421075234
421075298
421075158
421073982
421039134
421075306
421073109
421075134
421072486
421062426
420957950
421075126
420940422
421031446
420624894
421069110
421038466
421073926
421065846
421074558
421074948
421069110
421065205
419955098
421066654
421075122
421072834
420286902
417395598
421074438
420754874
421067866
421075022
419913438
421034070
417017158
421074298
420352050
421047786
421075188
421072778
421057086
421045926
421075166
421074470
421057102
421075182
421067882
421074358
421075294
420724458
421070358
407506470
421075230
421075266
421072542
408412494
421075286
419370750
421074750
421075310
421075293
420991326
421075278
414102782
420915150
421075274
421075158
421074486
421073082
420999679
421074750
421048914
421074970
406108326
421075230
421073542
421073690
206181518
421064658
421075238
421074102
421075230
221199350
421075270
421050162
421075198
421055762
420994078
421074558
421075246
421075306
420936254
420923710
421075094
421074474
421034530
421075166
420950262
421075182
421072782
421074522
421073590
421074926
420942594
421039710
421056618
420890526
421074982
413133142
421074570
421075206
421064598
420993246
421075118
420542642
421075274
421075284
421075102
421075150
421075014
420830766
421075254
421074378
421048914
421075062
410483550
421074318
420560474
421075282
421075278
421074726
421074498
421074534
421064858
420430374
421075282
421074784
421075002
421075238
421075258
421074934
421023610
421075010
421066683
420780354
421061406
421075290
421074654
420278706
421075206
421075266
421075206
421074342
421074538
421075050
421075278
421074122
421075262
915887899
421075238
421075038
421075270
421075194
421075246
261917885
421074926
421051998
421050558
421075158
421067394
421071510
421075086
421073962
410840798
421071278
421075158
421075238
421073750
421069070
421074246
421075194
489735843
421073922
421074462
421064666
421073238
421053342
386500502
421072942
421074906
421042014
421072258
421075130
421065402
421075294
421054390
421072326
419325580
421073446
421066310
421073886
421036254
421074974
421018314
421075254
421074002
421071854
421075242
416769838
421075170
421074666
421051054
421075244
420943126
420973182
421075026
398614078
421074614
421062638
421071178
421058918
421030970
421075302
421075242
421066162
406415774
421075270
421075178
420239358
421074974
421029550
421068606
421075230
421065678
421075238
421075238
421070218
421045134
421075006
420510846
415833282
421074962
421075094
419278014
321030262
421028686
421073022
421074222
421073726
382371654
421074790
421072934
421075086
419550870
421073950
421075266
421045386
421074578
421074777
421064306
421057182
421029568
421074666
421074678
421052318
420011586
421075082
421065526
421072302
421074831
416780526
421075306
421018086
416902666
420916062
421069254
421075138
421064734
418505446
421029530
421057646
421073394
421074960
421073000
418229758
419745337
388302144
421072830
421074958
420955866
421070706
407126782
421075286
418451782
421074310
421075182
421073274
421075142
421073542
420767490
421075278
421075074
421075254
421072106
421075102
421031294
862648333
421028046
421056734
421075246
421074726
421071926
420732918
421050306
421075278
420979598
421074918
421075014
421073874
421075046
357189726
421030242
420524766
421074498
409308706
421075286
421045458
421074510
421074906
421074510
421075262
420892130
421039710
421074046
421058574
341531526
421060710
420995522
421071704
419286842
421073966
421075266
421074862
421074726
421002622
421067226
421075110
421075194
419963850
421072478
421072806
421074338
421074606
421075186
417274318
938629207
421074666
421039402
419953926
421072974
421074724
421074638
419479842
421075254
401433006
421075226
421071366
421057918
421068722
421075286
421072530
421075018
421011034
421075278
421074666
421075278
421073534
421075102
413942870
421075138
421074294
421074818
421074882
421072902
421075266
421036990
420053814
421075182
420734910
421075246
421075194
421074978
421075294
414031614
296279075
421072875
421044750
421074562
421075134
420958430
421075018
421075286
421074434
421075122
421068618
420951166
421074594
421074558
416582574
421075074
421063942
421072190
421074782
419470302
421075210
421073662
421073207
421074354
421074886
421044174
421075110
420999873
421075282
421045030
421075294
98723406
370613166
421075282
393692710
421074750
421074730
421075210
421075282
421074894
421063374
421071446
421075038
421075278
417568446
421074186
421074946
421074462
421071910
421075218
421074110
421045478
421075122
421074558
421075222
421075268
421066262
421075178
421075062
421075282
421074658
421075094
394774806
421074990
420909039
421046206
421025934
421073838
421075278
421072166
421061662
421075222
421070646
421075250
421075246
421040998
421075278
421070574
420838782
421075246
421074598
421075222
421063050
421073154
421075210
421074822
420380016
421059550
421075282
121278272
421072598
421001406
421075054
421074590
421075257
421075262
421070934
421075206
421074898
421075230
421065362
421074670
421072414
421067182
421075086
421073707
421073698
417996390
421075134
421073418
421075270
421075242
595692119
381853506
421016846
421075206
421075230
420890862
421075254
421074958
420099246
421075286
421074678
421075230
421075158
421073274
421075278
421075170
421074918
421064842
421075158
419554914
420866002
421071734
420897478
421025322
421072046
421075134
420780354
421075174
421069158
421075298
421074682
421075166
417376634
292362814
420821986
421075270
421048222
421072274
421075266
420914370
421057506
421075110
421074230
421072974
421072022
421073094
421075298
421044750
421075182
421075294
421075262
421075214
421075122
421075218
420989466
413260870
650246744
420950274
421075146
420867495
421075206
421071222
421070110
421075218
421075262
418635742
421072026
421073094
421075250
421075246
421074366
421064590
421070106
421075238
421075062
421073518
392975238
420917298
421075022
256155250
418756958
409289894
421020558
420965838
335114826
421040214
420906378
421072956
421074974
421075206
421074774
421075106
421075230
421054026
419930754
421016922
419927746
421073982
421075246
421074894
421054558
421073454
421065082
421075266
421075182
421075230
421075262
421074806
421075146
404019278
421075174
421075146
419751070
421072835
419880126
420962622
421074626
421075294
419889470
421075118
421041958
415182978
420931694
421071658
421073254
420990438
420927066
421075094
420588582
421075278
421075278
421007118
421025562
421073990
421074718
421068942
421058302
420913614
421060150
421073814
421075010
421075190
421075086
420899250
420044282
420673646
421074526
421075230
421075222
420844566
421050270
401802798
415680314
421074938
420612402
418772906
421075278
421075246
550256020
421075214
877360154
421074966
421075270
420218734
421048966
421075238
421075046
421072070
421074782
421064678
420866026
420896966
421075158
421073922
421064190
421072750
421054926
421075182
418835086
421075062
421075214
402914622
421072766
421074846
420163558
421075274
418476326
421069446
421075122
421075026
410622730
421075158
421075126
421074958
408133266
421055270
421075262
421074702
421074962
421074574
411197930
421075230
421034738
421075278
421075206
421075162
421075230
420990430
421074338
421074126
421074950
421074846
421075286
421075206
421075182
421013694
421060746
421066722
421072966
418343026
421071866
421056638
421074890
840085522
421057950
421039006
421075086
421075230
420959650
135482639
421065462
421074174
421073730
394595922
421075026
421074702
421075166
421075226
421075146
421074654
421065694
421074910
421074526
421075210
421075258
421049534
421075214
420961726
420831646
421074354
420894622
419866334
421063242
421045262
421074970
421070342
421074766
421073586
421072126
421074690
421074622
421064154
421074594
172089274
421070126
272593062
421075214
421050918
658071504
421073238
421074772
421073658
421066527
420735294
421075270
421074514
421067234
421074574
421073102
420930894
417961402
421035662
421074614
421072942
421062782
421075206
421074910
421075146
421071054
421073182
421075306
421069254
421029482
379267326
421071735
421066278
421074276
421075218
421075246
421068496
421075262
421018902
420102254
421074150
421075278
421074630
421035342
421075224
382898206
421075294
420968086
421075254
421075250
421060402
421074774
420972582
421074478
421074330
418330794
421072906
421072590
420995838
421075226
420955620
421074998
420871878
421068414
421075238
421075094
421074414
421074598
421075182
421059894
421075162
421017774
421072746
421075038
419953214
421075214
420486894
415301986
418551166
421075230
421072510
421073518
421069322
421075310
421074574
420845918
421075266
421075070
421075086
421066974
152283502
421028230
421075246
421075202
421057998
421073190
421075142
421075260
421058286
420852126
421075294
421065766
421075006
421004958
420428166
421074646
421071738
420723966
421075038
386437086
421072662
421075130
421075082
421074622
421075134
421075266
421075258
419953926
421075238
421006944
421074814
421067486
421075130
421075218
421075182
421075082
420026286
837310496
421075278
420967086
417261654
421075270
420304926
420925626
421060026
421075278
420438022
420853378
421074894
421034430
421075250
421075254
421032906
421075233
421067086
421075298
420629566
421074702
421074094
421033614
415080798
420109394
403739422
421074562
421058958
421075134
421073438
421074894
421072014
416214901
421068398
421074908
421062066
421073918
320720502
421024080
382275150
421060866
421073826
421044102
421073078
421073806
395431554
421070750
420727674
421073506
421055926
421066486
421037050
421075218
404751970
421059170
421075226
415278270
421072222
421038798
420623022
421075234
421075194
421074294
420988590
421075202
421074850
314180062
420477114
420054082
421075274
421073694
412974090
421074042
420957962
420641838
421075262
421049566
421074498
421074126
420353766
662440440
421074586
420972954
421054110
421075146
421074894
421072422
421070538
421075086
420889638
421075286
421075254
421070230
421072438
421046094
420994106
414043342
421075246
421074782
421074970
421075042
421067454
421055966
421057506
421074942
389792836
421075262
419428862
421074748
420722262
421072158
420891132
413225190
421075110
421022490
421070358
421073886
421073150
421074110
421074990
421074910
421053726
421074942
420755002
420700578
421042190
421074858
420852126
421067166
421071606
421075154
421075262
421074936
421075194
421067166
408773054
421075202
382209046
415895322
421075194
381852034
421074806
421070590
390836898
421072710
421066814
421069606
421074398
420867294
421068718
421074286
420823956
421075214
421072362
420544506
404710263
420960314
421075266
421070198
421075218
421049214
421075293
421075202
421074690
421068879
421074030
421075030
421045330
421074926
421075214
421075254
421057506
421073870
421074990
421073322
421070862
421073542
421074782
421074702
420956446
421071406
421066622
420790358
421075284
421074846
420873166
420987470
421074710
421074886
420899097
421075278
421075122
421072182
420915454
420937062
421038142
421075166
421007086
421075086
421045238
421074746
421007118
421073454
421075282
420595730
421074986
420837990
421073166
421075176
421056934
421075134
421048702
420992398
421075278
421071554
421054824
421066969
421074238
421074786
418706622
421074106
420414282
420966582
421075270
421075246
421074774
421068234
421074786
301849527
421075286
421075154
421067026
421060982
421070902
419841046
420474562
407104726
421074822
421063122
421074690
421072526
420275906
421055834
421075002
421075146
421067630
421075218
421074686
421075109
421075230
421062302
421014229
421074126
421044950
421023774
421074282
421074386
421074236
420653846
421072158
419702286
420566430
421074806
421074298
421069107
421075194
421074462
421074898
421068166
421014526
420992034
421075110
421075146
420997142
421072118
421073486
421075278
421049906
421075234
421074066
421075306
382437438
421074722
421073278
421071510
421074858
421075182
421075110
421074990
416214901
421075290
421075166
421072162
421064094
420976038
411241134
421073298
421074690
421075098
421075078
421073758
421075198
421072102
412732926
421074742
421072094
420736346
421075246
421075270
418058962
421073550
421050270
420831822
421071594
421074566
421074851
421074686
421067166
421068810
409456510
420960458
421069866
421074486
420866886
421074590
420925514
421072674
421075186
420485814
421072846
421070474
421074546
421075206
421075146
421073698
421075220
421074306
421074434
421075146
421015214
419965866
421075294
421072410
337447518
421064770
421075110
420045510
280407486
421075278
421071966
421003834
421074766
421068366
421075286
421074094
343207926
421075070
421040926
420829792
421075270
421074784
421066954
420855618
420955382
421071926
420743542
420735634
421074954
421072206
421075278
421074930
421075286
419889610
420677118
421074590
421074606
421074894
421066658
114068262
420920286
421068174
840085522
420575738
421074166
421072830
153883765
421071686
421074874
421075202
421074034
421073386
419114926
421074278
418776850
421046750
421074350
420697726
421075206
421038094
421075274
421075266
403676190
203184398
421071078
413163534
421074822
421071930
421075086
421074006
421073726
421073886
420035742
421059398
420804646
420995838
421075222
421075286
410025694
421065738
421075154
421075197
270387570
421005606
421048914
420878878
421074510
421075266
420641838
421075262
421075155
421074765
421075170
421073694
420727934
421053358
421065150
421072726
421051666
421067070
421074382
420686754
421072078
421073566
421075242
421074934
420798990
270412300
419060078
421075106
421071942
366101730
421073982
421074690
421072454
421074830
421075266
421074506
414338286
421075034
421039310
421069446
420994422
421075278
421072302
421070682
421075298
421074722
421073718
421075158
419139022
421074766
421061642
421075206
420997134
421074118
420989030
420598470
421075174
421060966
421075242
421048726
417755702
420762462
421041822
421075290
421073086
421074142
420971502
421055614
421071070
421071246
421074642
421069842
421063050
395319226
420837814
421046062
420959938
421074222
420835846
421075126
421023326
421074854
421075210
421073918
420873078
421074366
421060862
408634926
421075234
421075194
420674430
421074462
421070266
421073286
421075118
421074670
420954022
421057982
421073630
421075126
421059006
421075086
421074638
421003146
421073842
421074414
421075266
420256606
421075154
421075166
421000710
421075274
421063230
421068318
421070511
421056510
420913866
420660422
421075302
420981630
421072486
421046606
421062406
421075162
421071046
421041630
421007618
421075262
421075266
421074318
421074882
421057966
421066086
421073446
421073366
421074858
421075250
420434502
400037574
421075206
421015662
421075238
421071670
421075146
420944574
421073386
421074966
421075174
421075194
420911294
402543102
421051714
421067694
421075010
420499774
421068879
421074981
421075282
421071894
421026106
421075278
421074822
420772338
421072590
421039386
421075046
421075242
421059018
420958706
421062598
421073534
340543454
421075198
282033566
421075242
419124702
421075086
421074290
419978406
414639306
421074038
421075138
421024566
421056918
421052862
421040146
421019634
421074782
421073510
421075142
421058302
420977622
415077294
420857926
421075274
421075186
421074834
421075134
421072886
996352343
421058398
421074278
420975174
421075166
421075254
421075214
420927022
421075286
419548002
420473291
419000486
421075246
420858522
421075158
421075286
320442262
421075238
421058078
421073821
421069782
421075302
421071554
421075294
421075114
421075258
421074966
420116174
421074954
421075262
420575626
421075062
420990102
421058430
421075274
421075026
421075146
421074462
421016422
7189804
420226038
421069734
420956898
419905758
421073670
421074430
421073534
421071614
420967246
421030314
421075182
421072054
421067262
421075020
421070488
421074784
421073838
421074918
421072214
421072622
421074762
421073046
421074782
421075242
421011306
421074702
421071758
421060498
343208526
421075054
421074546
421075290
421061410
415481574
736370171
421075294
421072806
418823826
421074350
421075266
420646350
421074974
420965166
418949530
420751566
421073874
421055718
420723966
411215486
421061646
421074490
421075290
421074942
419993646
421063534
421074594
421067630
421075294
421075230
420948342
420678898
421075182
421075274
421073129
420955620
421075134
421068330
379664502
421075278
421061522
421069710
421072782
421051686
421051718
421075238
421074715
421044342
421075126
421075302
421073090
421070126
421074526
421075102
421075202
419063550
421068510
421074846
421075182
419874891
420895506
421073926
421075154
421072334
421075278
421066298
421075290
421070922
420839758
421072334
421075282
421075262
421063982
421060686
421073546
421051406
421074090
420296526
421075266
421075066
421075245
421072862
209591626
421074530
421072366
421074426
421071714
421052706
420718110
421075146
420773082
421074750
421071102
419925234
421070646
421075246
421074382
421074822
421074686
421074842
421064582
421072486
421068294
421075242
421075170
421074566
421075278
421075254
420992734
421070942
421074186
416809614
421074778
421075246
418358370
421074114
421075078
421075098
963682885
420263830
420810622
421073526
421069518
421072686
420930846
421074774
421075066
421075254
421074966
421075306
421072742
421073982
421075222
421075230
421075226
421075166
635368692
311898878
421071906
421070244
421065342
420607866
421074992
421073568
421073406
421075182
421075226
421073694
421074590
421075230
421073910
421071266
421074742
420999873
421051258
421075070
421073030
421072026
421060438
421073558
421075202
421075117
421075218
421049046
421075166
420952446
421073376
420894614
420925746
421035022
421074654
421075290
421075214
421049118
421073902
421075182
421071054
421063010
421074522
411567230
412438638
420593482
421075214
421075086
421012854
421075222
421065558
420883638
421075206
420807486
421073798
420768390
421070886
421075254
421074782
410597526
421022538
421074474
421075230
421059126
421070110
421074818
421075230
420870506
413230894
421067038
421071546
421074846
421043846
411356198
420970686
420397710
421075194
420664578
421075278
405386222
421075131
421074978
421073534
420869418
421072478
419356926
421074990
421063606
421071634
421074198
421069446
421075230
421074906
421011306
417227446
420913614
421075234
421072470
421075278
420742290
419892166
421057574
421075282
421074222
420988582
420701806
421075086
421060478
421075150
421074526
421074294
419963850
421056722
341046414
421073790
421075206
421074886
421075182
421063006
421075020
421075266
421071150
421075282
420732846
421070646
218921066
421075284
421074622
421065726
421045878
421064806
421067594
420932022
421031454
421073174
421069278
421075036
421074938
421074846
420136446
420899394
421075166
421074918
421074098
420575546
421074718
421075250
421073470
421075194
421074486
421046750
421073310
421075254
420829346
421074950
421074386
420787606
421075126
419849470
421075198
420906846
391224702
421074734
421075058
420983416
421072230
421068966
421005630
421072116
421075214
421074642
421074926
421075230
420741298
421074878
421071714
411025966
421074894
106831370
421069190
421075250
420822798
458449053
421073898
421046962
421075250
401745334
421075274
421074206
421075293
421074594
421075170
420528962
421072126
421065726
421023618
420089406
421075190
421074970
421075166
420758214
420990906
421067262
421074518
420567050
421068186
418495134
421072038
421073598
421061946
421075142
421074318
421075230
421071429
421073670
421075026
421075206
421067814
420641518
421055046
421073190
421052742
421075011
421075246
420555422
414446826
421072174
421075267
421074726
421066758
421071294
421070766
420451070
421074814
215976926
421075170
421075214
421075074
421074590
421075222
421075038
421074726
421075182
421025010
419929502
421075166
421057374
421071806
421071454
421069950
421056934
421069086
421074798
421075166
421073478
421075290
421073002
420806046
421056526
421074270
421070846
421069806
421073686
421074998
421052374
421068958
421073350
421074034
421070506
421072274
421075186
421017118
420783462
404671342
421072142
420962206
420338778
420576198
421075246
421075048
420380030
421074978
396293130
421005982
984715879
421074982
420894614
421058122
421075067
411847422
421072926
421075242
421074642
421052146
421074386
421039626
421074878
421072486
421074794
420240626
420138526
421075186
421055966
421075010
421075002
421068942
421072030
421074958
421071678
421074262
420881518
420917062
421068254
210813052
375594030
421073970
421071366
421075290
420915594
421075138
421073998
420580974
421073758
421074956
421075270
418516666
421075074
420958710
421075298
421074952
420925526
421075254
421075006
421074970
421073166
421074206
421027806
421075258
421039414
421075246
421075282
674804032
421074038
419495774
421075266
421075182
421075222
421075246
421068542
421074666
420320098
420906122
421074638
421075150
421075166
421075118
421074750
420464702
152283018
421070982
421074958
421067982
420982742
421074174
421075282
421074762
421009706
421075182
421066086
421073622
421075254
421075106
420232846
421070790
421074930
421075190
421075270
418225622
130537623
420598370
421074906
420969066
421074742
420714786
421075062
421074894
420981638
421075094
421075254
790863371
410179750
421064046
421059814
420844566
421074822
421075238
421072566
421075274
227160129
421075158
421073790
421061550
421074558
421074758
421072526
421074886
421075298
421075186
421075190
421072146
677478616
421074134
421075198
421074838
421074042
420875166
421074630
421074294
421075098
421075094
420154462
421075110
421074654
421075142
421067582
421042446
421075198
421075294
421020206
421075061
420752734
421075214
421075198
421074850
420692142
421074782
421075222
421075282
421049742
421075110
421066646
421007678
420952690
421075062
421064378
420643710
421075282
421072502
382783110
421044990
421074918
421075118
421074786
412315679
421074678
421044566
421023358
418292574
421074962
421073246
420633894
421070026
420719526
421035134
421074534
421073490
421075158
419866334
421003262
421051494
411610686
421075214
421074806
420559006
408484038
421071430
421075166
421075286
420888776
421073050
421075278
421075250
421025934
421074546
421003102
414271230
421075206
421074970
421074558
420517938
421068926
421063154
421075030
420476598
409574582
421074778
330393150
421046318
421075246
421072778
421074438
421074846
421075038
421075258
421072942
421075067
420956994
421074730
421074926
421072116
343790734
421057022
421070614
421067262
421075214
421073346
421073058
420615074
421074830
367852418
421067422
421072866
421071850
421075222
421075062
420149274
420995038
421074966
421074554
421075254
421075247
421068838
381846806
421074766
421072266
421068930
361419106
420997710
420372426
420639496
421075278
421073207
421061238
421074954
421069606
420989182
421075018
421070918
421073658
421075198
420641518
421075258
420975066
378093574
421061754
421074486
421020126
421008009
421073898
421075218
420307806
421074606
420248094
421057926
420804798
421074726
421075142
404087190
421075266
420961902
421075218
421075298
421068506
421074238
421030518
420381006
421075290
421075026
421073086
421069806
421075086
419162926
421075174
421032610
420516670
421074770
421075230
420363902
420504782
421074838
421074906
420604462
421073934
421075190
421062430
421074586
421074670
421074590
421074054
421074870
421050814
421074894
421075218
421075245
421075174
421075274
421047006
421074502
421073994
421075182
421075282
421073682
421073934
421075242
421070514
421074422
421075254
421049006
405212670
419063070
420909162
403565394
421075262
421074958
421075290
421037238
421074574
421032822
421073246
421075250
421073798
421075206
421075214
421074838
421075078
421075282
421075158
421075242
421043838
421075290
421049966
421074798
421059362
420457182
421075222
421070334
421041238
421066394
421071882
421072478
420564926
421069438
383620350
421075134
421075186
421074546
421067814
421075222
421075230
421050366
421075194
421069710
421070566
421075206
421075114
421075246
421074374
420780434
421075278
421075101
421075230
421075086
420445466
421075230
421056326
421054978
421075146
421067206
421075282
421075218
701696039
421071930
421075142
421075062
421075274
421072074
421064306
420851214
417410446
421074550
421071938
421075176
420278390
421066650
421069971
421074450
421071450
421075062
419238270
421074966
889035227
421058750
421075168
421075286
421074558
421075266
421061266
420892150
421075238
420996470
421075038
420087630
310362838
420015386
421075194
421064766
421075202
420772590
421074906
421061686
421073830
420459342
421072782
421065598
421071678
421054646
421075062
421074102
421038770
421073046
420296526
420988302
421054126
421057866
420855638
421056054
421074750
421071454
421031046
421073394
421075146
420457182
419348638
421075226
421073422
421074590
421060466
421074898
421071890
421037706
421072338
420169578
421002346
421073226
418139406
421074370
420175674
420732094
421075150
421074462
421072366
420152979
421075090
421075206
421073394
420960162
421075270
421074810
421012746
421075278
421075190
420924558
421074998
420909726
421074826
421074094
406146174
421075266
421073474
421075118
421074074
421018338
421016982
419728078
421075078
421071812
421056194
420898206
421074862
421075118
421074798
421075302
420951982
421074254
421031478
343670086
421073610
421075074
420688450
417382734
420889618
421048234
421074942
421031226
421074934
421065154
421074350
421075179
421056930
420755566
421026046
421067910
419546326
421075058
419177742
421074222
381713102
420018534
421075266
421014414
420962206
421075122
420904254
421067026
341247606
421067550
419595726
421071890
421075110
421074552
421075286
421074070
420991334
421074798
421075046
420931830
421075290
421073854
420899097
421049790
421073550
419596270
36597919
421074942
421075066
421066838
421075006
420950262
421057254
421015486
421030834
420070406
421075122
421074934
421067406
421073942
421073886
420916134
421012222
421075086
419475934
421075230
421075086
421075286
420982590
421074990
421074966
421066110
421061118
421075074
421074590
421075294
408625522
420596594
421060046
421074110
421075214
421075306
403932526
420905982
421075067
420486770
412845798
420998718
421074626
421074430
421075170
421073534
421075302
421068546
421074786
421072070
420944118
420989406
421075142
421075298
421061298
421075294
420917946
421075150
420780434
421075278
421073826
421020990
421075198
421075302
421075198
421074358
421065930
421074887
421007362
421074334
421070382
535146531
421073118
421075242
420949042
421073582
421072630
421071634
421075294
421075138
421071660
421075014
421075278
420816686
421074498
420780670
421073706
421053090
421075266
421075130
420841638
421075286
420646744
421071278
421075014
421061646
421066622
421064994
421038798
421075274
420928338
421075158
421071606
421075190
421070634
421075054
420976386
412445614
421072666
420904446
421073818
420039494
421068822
421075302
419809722
415373790
421075182
421059222
421074430
421062138
421074003
366662862
421071246
419862486
421071726
420727710
421009282
421040102
421075226
421074822
421037682
420910378
420935726
421075278
421074430
421075262
421069782
421074866
421075206
421013886
249636566
421074598
421017490
405383850
420864150
385411126
421074606
421074758
418271558
420798882
420754874
421075230
421075274
421074902
421075262
420466922
421072154
421073822
421075286
421068726
421030062
421075118
421075234
421073878
421075122
406883770
421075158
420773038
151408169
420819210
421074910
421075242
421072206
421067914
417340758
421074034
418710426
421064538
416234518
418488654
420553678
421057846
421072402
421075242
421055994
421026126
421071006
421052382
421031114
421075218
421074206
420899130
421073154
421075102
421071034
421072102
421075294
421074910
420859422
421066330
421073994
421075294
421071366
421074606
420955866
421075294
421071678
421074798
421074838
421075242
421075286
421073258
36261078
421074966
421071230
420820782
417642822
421046098
421052566
421074814
421066666
421074150
421074790
421053942
421074486
421075158
420376363
421073910
419490926
421074790
421075006
421071131
420029214
420842694
421074978
420660422
421075314
421075038
421075230
420999186
405921810
421070846
134282572
421075010
421074998
421074638
421073106
421071358
896103783
395115022
421074654
421038626
421075218
421072774
420976074
420335038
421075158
421075118
421074876
421060958
420792826
421074910
421075206
420943806
421075262
420682490
421074334
421075218
316330314
420833814
421071422
420779338
421071966
403903374
421075202
421075254
421073702
421075186
421072422
421073646
421021342
421058338
421075286
421074598
421075286
421074654
402057390
421074381
420905814
421075166
421053450
421066020
248766846
421073334
421074286
421057242
421023810
421075186
421075118
421066638
421074590
421073655
421011746
421075278
420442518
899119071
421074302
421065982
421072362
421075294
421075266
421075210
421074422
421070346
421075102
421075278
421049142
421074686
420584158
421044746
420418238
297902234
421075186
421074830
421020766
421060866
420993622
421072946
421071222
421070902
421005290
421073836
421068158
421075222
421074350
421070822
421072638
421074346
421074526
421075230
421075106
421073582
421054998
421066586
421075158
421073142
421072226
419326502
417174174
421073222
421073574
421074194
421070088
421074314
421072126
421062774
420940730
421075178
421073446
421073950
419551446
421075286
421021630
421073238
421075274
421073974
421029530
420380016
420365914
417715342
421075230
421074354
421075194
421059006
421074346
421074462
420302874
421073978
421046622
421074214
421075214
421075294
421075254
421060730
327096419
421074914
421075110
421070574
421074954
421065726
421075220
421075071
421010726
421073146
421075214
421075154
421073430
276875106
421074846
419487614
421069070
421074818
421075306
421036546
421065828
421075123
421075210
328124494
420977118
421032774
421055166
421063730
421054722
421045878
421072282
421063266
421061106
418308166
421075222
421075296
421074358
421069622
421075282
421074630
421074822
420112014
412490466
421075162
421073758
421074006
421071510
421074274
421072806
421074422
421075294
421074606
421075298
421075150
421074926
421075262
421075254
421074910
420979026
421075254
421074450
421074578
420999718
421075038
421069854
420725526
421074606
421038470
421075238
421075154
308018526
421075102
421075182
421063566
421072974
421070430
419603366
421042110
421075286
421075170
421062782
420989770
421074642
421074846
421075266
420995838
421075254
421074806
420813582
421075252
421068774
421069342
421072050
421073574
421074230
421049566
421075102
421031730
421032806
421074562
421075214
421073678
420959526
313057838
421013446
421075026
421075254
421074254
421075166
421074318
421075258
420916530
421074570
421029742
421073886
421075254
421075038
420858390
421064270
421021506
421022750
415101306
421075130
421039926
421074962
420881346
421074566
421075086
421073038
420976014
421072770
420819762
421075263
421075286
421074990
421072414
421075246
195417102
421023494
421075254
421075038
421060426
421075286
421075078
421074462
421073646
421074853
421074846
421073574
421075198
421075190
421075238
420615006
421074930
420947004
419907226
421074942
421074447
421074886
420969674
421075014
410436826
421073966
223973491
421027206
421075158
421001454
421037050
72400350
420976038
421032750
421074974
421075202
421075206
421027366
421070550
421075294
772792008
421075158
421043322
420885370
421075206
421073814
421075214
421075270
420873118
421074486
420998650
421074174
421075206
421072014
420682326
421075130
421061994
412690794
421021010
421074822
420162830
421074738
421074446
421071462
420817578
421064406
421074574
421072618
421071156
401484786
420779838
421075214
421075046
421074314
421074134
421075230
421075074
396571902
421074362
421058886
421075254
421071062
421074806
421041654
420552094
421075062
421075294
421074326
421074750
421052758
421075274
421074470
420626218
421073982
421068360
421074366
421075286
421074462
421075230
421072566
421075278
421032342
421075142
421073918
421073726
421074206
421074596
421004850
421075258
420999538
421070994
421075254
421037050
420629538
421074694
421075274
421074966
421075278
421074894
421075102
421075254
421075286
421052286
421056230
420924078
421074814
421058838
421068398
419938062
421075266
420990710
421071550
421067550
421070834
421068006
421071254
420750570
421075262
419284402
421075202
202651210
374186634
420868126
421075166
421075198
420999382
421075142
900362752
421075122
421074534
421068034
381883646
420733614
421073366
421016846
420929742
421074990
421073266
421075222
421075278
421059302
421067838
421073074
421074702
421071014
421075238
421073486
421071966
419880126
421075110
420510566
421054158
421073702
421052990
421073982
421068006
298675566
421075162
420859422
421029630
421050486
420885370
421075166
421071762
421063926
419495374
421074486
262649982
421075154
421074734
421073166
421072026
404685502
421069386
421074594
421075076
392030546
418647930
421075086
421073334
420646350
421074590
391731954
421066676
421071702
421052646
420134274
421074894
669129600
412290506
421045062
421075062
421074950
421075074
420873726
421073562
445759151
421075230
421075066
421074826
421040806
421075142
421074878
421049774
419991010
421070184
421074762
420923482
421012306
421074814
421075162
421060746
421061598
419243182
421074745
421073746
602326926
421074198
421072126
421039350
421073878
421056054
421070062
421062742
421075242
421073146
421073006
421056870
421075230
421075238
421065030
421022370
420936246
420166590
421074874
421074750
421074330
421074486
421075214
421070926
379988434
421075192
421075286
421073598
421075306
421075154
421070446
421073966
421071546
421048294
765647087
420673934
421075242
421075246
421072798
421074570
421041630
419907226
421032246
420210126
369569046
421074446
421069334
421049450
421073758
421073590
421068542
421045296
421064758
421068078
420989030
421063566
421075118
421075214
421075222
421075128
421067834
421046078
420895132
421075294
421072813
421075266
421019166
421075266
421075286
421075078
421074134
421074846
421036986
421075286
420994974
421028022
421074138
418794510
421075274
421069406
421075046
420379134
354698210
421075246
421074122
421062894
421075138
421071278
421075202
419192546
419012982
421074890
421075214
421074486
421075260
421073166
421072382
420012954
421063838
421073646
421074990
421075139
421075306
421074046
421074534
421073130
421074378
421074290
421070058
421072706
421075256
420428166
420445494
421033030
203184326
417257498
421073598
421075150
421068370
421075238
421075146
421075246
420944286
421075086
420297538
421074390
14733759
421075294
421075142
421075110
421075071
421074818
421064562
421071346
421073502
421075242
420847142
421009846
420386686
420970494
421073478
421058058
421075254
421064286
421074810
421075134
420950166
420873078
420163558
421075158
418928738
370099941
421073666
421073310
420814614
421075198
421033614
410141546
421074486
421047198
420891038
419173378
421067438
421074942
421073114
420977782
421072586
421067070
421075102
421075134
421069306
421073262
421072034
421055318
420921282
421072142
421075274
421071966
420991198
421071574
421058506
421075248
421075262
421075062
421065566
421074806
421073382
421073698
421075230
421004006
421075198
421075250
421075246
421074410
421075118
421070502
421075206
421069642
421075294
421070166
421075130
421075026
418729446
421074498
420914366
421074686
421075150
421062430
420997654
395606442
923433545
420788478
421073814
390530014
421075034
421075278
421074974
421074894
421073850
421075246
421059326
421074227
421028790
421074262
421074702
421075098
421075022
421066158
421075278
421072934
420097726
421075274
421060846
421074394
421075278
421075142
421075198
421069918
420767102
412527480
421075266
421073140
421072374
421069930
421059625
421074914
420924558
421074426
421075282
421075266
421067582
421075110
421072650
421020362
421073926
420980422
142009558
421074350
421072174
421013038
421055162
421075266
421073406
421070246
421074948
421052694
421072446
421039202
421075142
421074870
421074958
421054694
421074050
421073322
419017038
208696026
421074774
421059454
421073342
386683870
421064070
356050202
421073786
420612846
421041654
421073586
421074694
419292062
421075014
420388170
421066638
421075246
421063928
421073006
421074894
421073526
421071966
421063698
421071738
419903386
421075086
421075226
419637186
421075230
421072458
421075142
421074746
421075194
421075218
421075050
421074066
421075230
420515662
421074974
421052926
421074846
419327874
421074366
421045374
421068270
421048242
421074838
421074622
421075278
421075206
421058846
421074490
421075262
421074874
421074666
421075086
421074926
421074162
420784046
421057630
421072766
420759426
421075302
421075170
421074950
421074990
421074834
421074966
421075022
421020486
421016694
421075062
421072410
421075118
421074182
421074638
421075166
421075086
36597919
421075070
420474882
420217102
420670086
421051250
421075282
421075190
421074982
421075086
421075118
421072182
421075254
421073394
421067526
421074054
421074882
421071742
421073398
421030282
421075206
421071790
416444606
421074962
421075086
378943710
421055838
421075014
408493575
421037582
421034142
421075242
421075034
421075062
421074294
421075258
421059886
421075286
421075194
421075198
313972078
421075165
421070142
420738038
421075050
421074846
421073266
421021374
419072646
421064966
421054390
421075278
421074974
421074782
421062338
420908918
420960606
409153090
421061358
421073386
421064598
421030314
421075070
369569046
421064814
421075006
421075110
421069650
421066902
421066866
406130526
421066529
421074638
421075214
410335142
421075290
421071806
421073886
421075062
421075198
420882462
421072942
421075246
421075270
421045062
421074010
421075146
421075254
421075286
308859222
421073394
419623065
421073150
421075282
421074570
421064406
421075054
420897754
414639286
421046346
110970371
421074786
421075186
421070486
421075171
420386154
420741374
421075202
421075262
421075107
421067886
421071998
420845166
421075246
420880862
421072914
420892990
421062654
421075074
421069642
421062826
421073534
421074402
421074882
421074658
421074954
421075046
421036056
420901662
421075294
421074174
421048186
421070818
421059918
421075258
421070526
421030534
421075010
421060982
421075278
400916350
415929174
421075294
421029774
421064990
421075266
421072646
421075206
421075046
421073598
421072286
421065758
421072254
421075306
421065450
421073598
421075262
421075186
421074970
420678241
421075266
198052614
421075230
421073006
396293130
421075266
420662482
420985214
421073366
420895132
419462026
421066146
421075182
419732094
421075290
421075254
421075278
421075230
421074582
421074834
419849470
396566765
421062598
421075102
421075270
421074926
421073354
421075246
401661194
420847142
421075290
421073786
421062066
406897393
421075116
421023678
421074598
421073406
421075284
420951790
421062486
421058226
421075234
420895014
421041658
421068618
421075174
421071390
421074534
421075066
421075074
421075266
421075230
421067774
421072126
400101660
421073086
421074238
421031806
421074894
415259046
421074654
420709014
421070818
421074894
421074830
421005562
421066070
421058802
421057758
421075294
421075182
421069558
421073006
421074126
421074350
420721964
421075066
421075038
421074490
421073166
421074486
421074558
418679806
421075263
421072990
421071254
420991230
421074498
421073806
421021252
421037174
421074726
421038770
420919094
421074750
420872398
421075038
421075278
420952638
421074870
421074926
421075158
421069098
421075278
421074022
421073730
421075194
421072198
417736758
420891686
421066986
421075190
421074870
421075206
421050406
421074594
421075230
421073758
421071290
421074726
421074966
419958134
421073570
420606822
421069034
421075278
421074774
421020678
421075150
421075198
421050478
421074402
419682646
421075142
417167798
421075182
421075294
421075070
419786886
421075290
414824702
421072406
421064094
416984610
421074966
421075086
421074814
403676190
421075294
421075106
242321658
421073198
421075162
421075118
421060234
421075274
421075262
421075214
211640526
421064130
421075246
421075286
421046954
421059414
421074318
421073022
408823550
411322366
344851886
416717726
421075118
421075258
421075006
421061758
421075278
420947382
421075054
421075266
421073086
421054942
420746114
419756206
421075046
421071430
420875294
421075230
421069742
421069162
421047174
