92471593
92613233
92615714
92613941
92615357
92615609
92245169
92615525
92605393
92334821
92615891
92576441
92598249
92615181
92612225
92615901
92615833
92107457
92615169
65275553
92615741
92615714
92614073
77280861
91855793
92615041
84943097
92614821
92615287
89852523
90766601
92612225
92615879
92615849
92605985
92615849
92615489
92615641
88205117
92615841
92615253
36690289
87441377
87147137
92615801
92290917
91353905
92602841
91189141
92615831
92615801
92615693
92615221
84943097
92614901
92615761
92607441
92611761
92600301
92615473
92576729
92613561
92615783
92614169
89121969
92615633
92615221
92615897
92615633
90512777
92611391
38448461
92615834
91137221
92614886
92579945
92615573
92256459
92591845
77179857
92615711
92603769
92615903
92615837
92615777
92614169
92615900
92615833
92614737
92614696
92603621
90425169
91630257
92032239
92615789
92615729
92613561
92527321
92612033
91423286
92614321
89121969
92615797
92591841
92399501
92615825
92615771
92615153
92615797
92615891
80668625
92615377
92602905
87147145
92606241
88960629
92615857
92614689
92615521
92615285
92615717
87147137
92610773
92606801
92610377
92615361
92615809
69902873
92615495
92615241
92615345
92583231
92612921
92197421
90151761
87441377
92615870
92615201
92615627
92603893
92615859
91353905
92615805
92615360
92615721
90618541
92613953
92615701
92615609
74638997
92615849
92508281
92615465
92615321
91855793
92609065
92615201
89165733
84626365
92472899
89659409
92543989
92615842
92615801
92615653
92605073
92615801
89533277
92615536
92394724
91774769
92599422
92107457
92606187
92613961
92615417
92615165
92615789
92615393
92615859
92615650
92615797
92615837
92550943
92605313
92607555
92615849
92615902
92614349
92570081
92613797
92304161
92615865
92612905
92615292
92615833
92615813
92615381
92615861
92609585
92615849
92615769
92615621
84835997
92401049
92615409
83047761
92614886
92615673
92615838
92612905
92615355
92607353
92615761
92615685
92611361
92614499
92607521
92591187
92608197
90155327
92613281
92615797
91734301
92604467
90672941
92615405
52236657
90521373
92615849
92467865
92613997
36931501
92611529
92615169
92614357
92314291
88303761
91630257
92615850
51357221
92592957
92615857
92463281
92615880
92615877
92368713
86377109
92604513
92615857
92615805
92608473
82979041
92519713
92615861
92614249
92615901
88303761
92615467
92615089
92615553
92614608
91774769
92591900
92614357
92615869
92615593
89368233
92615753
90801101
92615739
92615360
92615760
92473905
87566033
92615901
92615871
92615462
89647813
89647813
82970461
92615217
92580561
92615357
92610121
92615841
90672941
92615769
92615807
92612981
92610773
92407601
92614947
24640261
86259793
92050521
92595729
92594861
92615569
92615781
92600927
92614337
92615173
92598563
92615241
92615621
88183173
92610377
92615528
92615877
92615842
92355161
91180319
92615389
92572747
92226359
92615401
92356135
92615165
92614577
92615864
92606001
92615861
92501441
92615803
92471369
92585821
92610785
92615773
92467865
92614969
92610921
92615689
90425169
90624033
92615041
92613506
87147137
92615441
92615685
91353905
92615885
92615441
92615557
92542005
92486294
91630257
92487245
92613249
92615801
92614494
92615894
81089301
92615849
92532233
92615775
92563009
92613056
92605556
91771766
92615785
92612105
87487721
92615829
92615408
92592937
83958671
92607341
92607371
92595884
92574713
92615441
85470553
92551169
67378721
92615525
92615885
92417306
92608405
92614753
92608249
92615894
92615121
92613253
92615843
92615871
92615636
91888705
92615221
89394645
92615533
92615089
92615739
92615833
91783502
92615577
91783502
91630089
51357221
92610121
92615845
92609481
92614859
92614721
76672707
92615813
92615681
92615505
92615713
92615437
88620945
92615357
88750593
91189141
92610377
90624033
92615621
92615904
92606187
92615837
90141279
92615714
92615081
92607601
92375025
92327429
92615833
92600927
92615791
86243701
92610401
91130030
92610914
92615174
92615861
89799848
92613733
90955581
92615449
92607321
92413455
92615881
92592001
92606207
92614241
92615693
92615843
92609425
87071801
92615729
92614874
92592937
92614961
92615393
92615789
92564841
92614673
91641959
92592937
92612981
76814737
92614535
92304161
92581493
92615129
92580421
92615801
91137209
88183173
92614961
92615525
76796117
68706849
92612243
92339225
92615641
88183173
92607441
92615845
92615633
92613233
89554181
91814989
92615567
92615885
92615879
92466295
92615159
92611357
92607913
85147161
92314291
92615746
92421092
92304161
92615569
92614689
92614493
92283165
92615885
92443149
92614886
92615141
92612105
92615881
92615809
92615241
92615241
92615849
92431605
92090955
75291911
92613429
92598869
92614949
92611725
92579381
91774497
92604705
92615397
92615709
92592001
92615849
92615163
92602841
92615785
90958273
92615657
92615803
92612033
92566531
92615881
92138390
92615870
92601641
91774497
92615861
92615441
92508281
92615745
92612873
92615725
92615467
92597873
92609297
92612243
84942801
92615437
86481505
92413455
92615705
70742741
92571721
92570420
92602905
92615393
92610121
92615706
92615893
92615821
92613611
92615281
92613941
92521835
92615801
92605313
92584833
92614097
92615609
92615073
92485905
92356135
92492457
92611357
87939731
92615861
92615837
91536941
92615785
92421092
92032239
92421092
92615393
92615761
92615897
92393237
92613915
92612841
92614065
92608249
92050521
92613269
36690289
92614535
92615536
92614205
92615253
92614441
92506481
92615673
92615281
92591845
92615291
92291191
92614817
92418425
92615169
62656481
80789873
92615360
92611313
92615389
81089301
36995525
92615657
90811983
92615900
90801101
92586661
92614125
92615441
60642949
92605425
92615417
88750593
92615641
87944717
92594481
92560017
92615393
92608249
92615689
92614505
92615121
92592001
90134591
82936709
92615389
87441377
92280185
92615841
92615745
92597873
92614393
70463057
81089301
92615871
92603769
92614049
92615901
92615409
92615753
92572684
92356162
78792041
92615753
92611761
92603209
92615793
56807729
42970241
92615726
92615777
92378101
88919765
61854065
92598561
92410073
92472899
92536400
92615641
92613997
69767233
92606241
92615521
92615665
89659265
92615297
92615893
92375025
92493331
92615793
92615355
92613821
92615873
92607321
88750593
86702417
92614451
91630257
92615881
92613997
92615705
92615609
92598561
92615537
91814989
92614621
92613937
92615729
92615873
92486561
91123168
92610377
92615185
92613056
89418389
92614499
92612900
92615849
92615813
92615849
92615865
92615731
92615297
92183057
92594861
89266601
92615881
92615741
38448461
92615857
92579945
92607199
92606001
92611937
92615769
92183057
92610929
92612301
92615803
92608071
92587905
92615717
92615873
92615729
92615784
60839601
92615803
92615441
90524009
92168273
92614745
92615847
92615637
92567389
92581493
92615778
92539441
92615297
92615537
92606221
92611065
92614773
89659409
92615829
92615903
36991441
92614891
82970461
92614501
92612708
92610914
24503993
92587905
92615833
92614511
92610033
92615849
92615537
51357221
89645021
92607785
92611186
92607785
92608249
92615777
92550967
92612929
92615409
92610401
91180319
92596173
92485851
92615861
81678417
92339225
92614817
92357101
92615867
92608961
92195333
92291191
91535201
92615689
92580421
92574617
84649421
92615820
92615837
92283165
92614301
86187329
91853561
92615778
92615475
92615791
92615161
92614784
92601417
90618541
92615489
92611391
92576729
92571721
92615889
92613821
92610773
92615281
92602773
91850996
80789873
92615113
92615868
86721613
92615183
92615873
92512409
92602077
92583251
83958671
89852523
91967063
92283165
92615833
92391665
92615760
92614757
92615396
84943097
67378721
92615870
92615113
92615903
91603546
92615462
92615401
92615601
92615865
92574713
92604077
92615867
92417523
92550967
92613561
92589893
92584457
92615821
92060945
92615807
92604169
92564841
89766481
92615841
92615713
48901481
92614751
92615861
92615805
92253713
92615869
91536941
51573173
92613821
92612513
92615897
92614721
92615903
30698877
92202185
92606221
92615897
92576729
92614301
92524305
92615837
92615669
92610929
92578373
90958273
92522609
92524305
92613653
92615281
90992946
92599581
91822821
92614861
92551169
92615641
92567389
92611065
92614441
92615897
70463057
92615689
24640261
92614769
91979201
92615859
90968985
70742741
92600301
92605825
92615627
89533277
92613017
92612470
92615903
92599985
92615653
92615217
92528889
92614633
92615809
92615409
92608977
92615025
92615481
91734301
92608225
92615089
92615217
92615025
84986201
92110977
92612661
92615785
92615777
92523353
92615847
92592937
92615610
92613281
91641956
92549657
92615640
92607273
92609707
92107695
92570081
80838505
92535813
92615528
92615746
92615831
92615201
92614393
92615536
92606801
92615894
92615681
92615689
92615837
92615803
92595001
92615900
92603138
92467865
92615867
92343556
86377109
92615362
92599809
36991441
86243701
92615887
92615857
92615903
92614773
92609941
92615129
92614817
92615397
92336129
92613997
92615297
92615891
92615424
92615841
92528889
92615713
92615287
27842905
92614441
90524009
92615837
92615837
92612921
92615633
92614081
92615621
92411727
92615516
92607227
92613401
92612681
92614945
92615601
87944717
91774769
89748266
92611689
92613233
92615666
92615609
92615861
92615453
92615666
92615861
88621113
92615629
92615545
92615864
92443149
92614778
92613797
92615891
92615569
72643521
92509965
92615377
92615813
92421092
87687161
92615801
91472597
92615597
92614097
92615799
92615753
92615753
92615541
92612631
92615713
92615597
92595145
92615731
92615561
86702417
92615701
69902873
92375025
92615771
88409689
91596032
91956593
92615846
92615189
92615067
92614301
90618541
92368713
92615621
92615813
92615505
92615480
92615753
92615357
92330233
92615741
92611421
92614877
92608071
92615801
92356853
92615640
92615301
92610773
92614949
92615621
92615610
92615813
92615024
92605393
92615869
92615633
89999441
92615369
92403849
91211849
92615785
92584457
92613821
92615801
92574713
92615633
92050521
92611705
78792041
92614065
92615833
92574705
92615789
60642949
92506481
92581493
92615649
92615831
92615637
92615881
89799848
92615853
92596137
92615801
92615465
91251775
92224257
92612297
92615833
92615879
92615613
92615241
92615889
92615817
92615789
92613401
92588317
92606045
91137221
92246209
92613245
92615321
92543989
89647813
88737049
92614947
90830445
92611937
92615437
92615021
92613209
92615771
92154359
92615825
92615355
91609997
92614321
92615613
92607941
92615714
92253713
92615089
92614821
80668625
92615613
92615473
92601641
91814989
92535813
92494457
92615081
92615817
92607441
91734301
92614947
92614646
92534725
92615769
92471553
92613653
92613429
92074653
92609809
92615637
84626489
91853561
92614049
92615885
86803729
92615793
90512777
80789873
92615345
92614591
92614845
92596173
92615543
92615903
92592957
92615113
89418389
92615685
92615861
92615165
92615873
92614181
92611361
87487721
92615527
92606681
91918843
92615705
92607227
92615882
91876633
92614949
92612897
92615429
92614141
80611937
51357221
92615879
92615849
92615345
92615186
92614950
92612609
92610833
92612529
92615561
84484721
92615495
92183057
92615593
92605073
92599581
92356135
92615873
92612236
75291911
78403121
92543989
92485851
92113953
92604169
92605825
92615837
92610401
92615885
92607521
92615805
92506481
92591900
92614553
92614065
87441377
92615521
92615765
92615773
92603209
92611937
92615817
92615640
92614097
92615809
92604393
27842905
92615163
92615567
92607199
92615807
92615813
92597873
77470721
92615745
74509637
92615207
92397653
92615661
92615189
92612529
92615897
92615321
84484721
92615899
91353905
88550321
92614061
92615881
92615864
80789873
92615881
92615705
92613985
92615829
48872689
90206787
92545665
92615833
92615793
92615861
92600927
92608161
92601417
92615861
47901053
89731949
53077829
81037329
92614829
92615291
92615900
92614859
92615882
