29319365
29291109
29319401
29319309
29315152
29287509
29316584
29319261
29308013
29315949
29312022
29311041
29318977
28959141
29318277
29130117
29319325
29319369
29317975
29292688
28561214
29319369
29316405
29319186
29319348
29317829
29318391
28934277
29082793
29317441
11573029
29319329
29319285
29319347
26485729
29300677
29319393
29297397
29319300
29319136
29319105
29319058
29315909
16500805
29318061
29319309
29316261
29319401
29319357
29319285
29317077
29263953
29317693
28932349
29314423
29319349
29319365
29319261
28782813
22929213
29317429
29319349
29184833
29319049
29119893
29318217
28700569
29319373
29319357
29319405
29318925
29319301
29295614
29318978
29156453
29318933
29319345
29240583
29273909
29258893
28917805
29082793
28614169
29228517
29152725
27899413
29319401
29302709
29219350
23638917
28734179
29319381
29318937
29318463
29319309
29316429
29300817
29318374
28639645
29318005
29317505
29304819
26124573
29318661
29317609
29318629
29262869
29318541
29319285
29319093
28719173
29319377
29318541
29319289
29319225
29319069
29319228
29317373
29318677
29319161
29319251
28254345
29170527
29317797
27544155
29230785
12873713
29319273
29318149
29319367
29283834
27657054
29186685
29288229
28543630
29318961
29318589
29319365
29319365
29319405
29020485
29228583
29313689
29223817
29318933
29319366
29317947
29314937
29319365
29318557
29187423
29319329
29319341
29318613
29319301
29318117
29319300
29309879
29318139
16500805
29319193
29318857
29318901
29286405
29319389
29318729
29313917
29300745
29319197
28843157
29314429
29299593
29310309
29318821
29319189
29316141
29313445
29281269
29319085
29311149
29280981
29319349
4090561
29319369
29317961
29318937
29315997
29082981
29315853
29314053
29318139
29317429
29319209
29317829
29319377
29319245
29315333
29316902
29318409
29319373
29319093
29285467
29318485
18280609
28700569
29316505
29318149
29317269
28639165
29317909
29297041
29314669
29319161
25922709
29291041
29319335
28516261
29309881
29318405
29153325
29311761
29281617
29319245
29319141
29317961
29318853
29318120
29317589
29317529
29319093
29319136
29318677
29292701
29312905
29319261
29319357
29319233
29318802
26479597
29319372
29319045
29316309
29318301
29309637
29316881
29318902
26186565
29319389
14128065
29318245
6270389
29315493
28647129
29318985
29291229
29319373
29312031
29319405
29319405
29317833
28403925
29319165
29319333
29317077
29319058
29319345
29319387
29318389
29317373
29319217
29319261
29317839
29319242
29319209
29318689
29319345
29319366
29319225
29111637
29319349
29319325
29310802
29318229
29319349
29318425
29318565
29277768
29319391
29307648
29152725
29319237
29319349
29316584
29319315
16589413
29319405
20266429
29130117
29318117
29281785
29318709
28921533
29282921
29319377
29319403
29318902
29313445
28062309
29318197
29318853
29319291
29312725
28856613
29318396
29319177
29319353
29319333
29298941
29318989
29315149
29318061
29319053
29319233
29318689
29319073
29319261
29280981
29311069
29319401
29319372
29311069
29319053
29200681
29314285
29319373
28325349
29319369
29319309
29318944
29319373
29278821
29319241
29319105
29318037
29303989
29105622
29318461
29319381
29259887
29318828
29318241
29278821
29319333
29319345
29319306
29319093
29187423
29319137
29318821
29273909
29314669
29319365
28428223
29319261
29319393
29268573
29186741
29319315
29318553
29310277
29318217
29319209
29201125
29302709
29304837
29318133
29318813
29319237
29298173
28910369
29319309
29224697
29318937
29310769
29294613
29319397
29318541
29253984
29318461
28883715
29319318
29317557
28932349
28453595
29319261
29041437
29319397
29316309
29316525
28743345
29313981
29315409
29311365
29318289
29299049
29318827
29305461
29256492
29315909
29319387
29162481
29316689
29319404
29282921
29319323
29314645
29317925
28921533
29319393
29319285
29265379
29319369
24366057
29316645
29318664
29306541
29319387
29315157
29319249
29316885
29177513
29276684
29319341
27735237
29310802
29310309
29319079
29318301
29318485
29317839
29316005
29319165
29319357
29319309
29319404
29318197
29316529
29319341
29319321
29319345
29316529
29319389
29319253
29319225
29318505
29317917
29312633
29319253
29319343
29319377
29318505
29319377
29319201
27093213
29319303
29319053
29058949
29319381
29319284
29318837
29082981
29314423
29313449
28775701
29318901
29314285
29319329
29319017
26479621
29318677
29319329
29319093
29319321
28987789
29155629
29318693
29318657
29318709
29315637
29319409
29319326
28787201
29319285
28136929
29317557
6270389
28806987
28902309
29318647
29319253
29304389
19978757
29318512
29319329
29319172
29313917
29319353
29319381
29319357
29319317
29319293
29314053
29319365
29315793
29317557
29151940
29319207
29319365
29144793
29318633
29319375
29144793
29319242
29319343
29318941
29310705
29253493
29318469
29314805
29319381
29319245
29319329
29308549
29318374
29319373
29318549
29319399
29278829
29317839
29082749
29319333
29312973
29319137
29319381
29319348
27093213
29319065
29319110
29315821
29319397
29318217
29314219
29319365
29319207
29318925
29311885
29319393
29319347
27706809
29319393
29319301
29286323
29315169
29042922
29319394
29319389
29187373
29319405
29319393
29319037
29316941
29314219
29315145
29292053
29319372
29319309
29303525
29318953
29319282
29319401
27706809
29318541
29305545
16500805
29319033
29312901
29318209
29318933
29319121
29319403
29319277
29291109
29153739
29314821
29319229
29311981
29319093
28989535
29319341
29317141
26479621
29318933
29273859
29318197
29318817
29305545
29294613
29315821
29318374
29301073
29311069
29319281
23089317
29316141
29319092
29289669
29317010
29319026
29319341
29315829
4842093
26479597
29319241
29319343
29316422
29268573
29293936
29315569
28704165
4379229
29304389
29319357
29314535
29318409
26479621
29319291
29263293
29319369
29293221
29319381
29319169
29318665
29314535
29111637
29318961
29283393
29319366
28843157
29316906
29305545
29317947
29319109
29319209
29315409
29318933
29319335
29319305
29318037
29308257
28917805
29319073
29318749
28341753
29316881
29319261
29319369
29155889
24366057
29319245
29291925
25073569
29314219
29319104
28993654
29319157
29319389
29319207
29318181
29319401
29313805
29300730
29309425
28614169
29311649
28546201
23639877
29307901
29144793
28931361
29319321
29319341
29311845
29319375
29316645
29319245
28254216
29313669
29311125
29042922
29318649
29287930
29312633
29318277
29319309
29281617
29318895
29318724
29319326
29319339
29318309
29319405
29318085
29187373
28361517
29315281
29319417
29319273
29319284
29318661
29318802
29319399
20266429
29256492
21154613
29081739
29318309
29319329
29319403
29319301
29319393
13956189
29319349
29298909
29319157
28637729
29144793
29318933
29319197
29310229
26758689
29292381
29319291
29309729
29263953
29170527
29319357
29208645
29319053
29319229
29319349
29318757
29170527
28758414
29319361
29319405
29317629
29317141
29318689
29294661
28645345
29318902
29311141
29311109
29318833
28883715
29319393
28856613
29315493
29319133
29196222
29319210
29316029
29318933
29318817
29287509
29319033
29318149
29319389
29319361
29317793
29280453
29318701
28838357
29317477
29319393
29318633
9586821
29319153
29318989
29315189
29318463
29286501
29311845
29318553
29314285
29318213
29318605
29318301
13956189
29319381
29222559
29319345
29317015
29319393
29307577
29319321
29318769
29319345
29319269
29319396
29315853
3975825
29317765
29311701
29319110
28062309
28937774
29289129
29298173
29319369
29318981
19085361
28470273
29313981
25947385
29314793
29319301
29319369
29319389
29197489
29319029
29319402
29319306
28639645
29319405
29318541
20827789
28805587
28637729
29282921
29319093
29317833
29318553
29319253
29319109
29291925
29315189
29319389
29319253
29317609
29317505
29315189
29251197
29318997
29319389
28561165
29186685
29319397
29316525
29313445
29319205
29319299
4203629
29318533
28855479
29311701
29004589
29319237
28702869
29319245
29318209
29318589
13956189
29319109
29312829
29315997
29319213
28934277
29319357
29319201
29319121
29319397
29319213
29319372
28791297
28902309
29319345
29317629
29309729
29319209
29292053
29319167
29293682
29319165
28520041
29314793
29317909
29319369
29319397
29319329
29319231
29251633
29318479
29319189
29319341
29305625
28978539
29302709
29318037
29319267
29319261
29319369
29319229
29319393
29317349
29319199
28520041
29281701
29301537
28959141
29291041
25768974
29319385
29319369
29318953
22929213
29317921
28886241
29285467
29272389
29286405
29314535
29153065
29319357
29318957
29145288
29314549
29319053
29297820
29319393
28743345
29300997
29272757
29319285
28158801
29318757
29319253
29319303
29319300
29318553
29319345
29319109
29318899
26186565
29318517
29319201
29318853
29305122
29319377
29319276
29305545
29319377
29318645
29304525
29319322
29253453
29276684
29314219
29305524
29318925
29281269
29315189
29307648
29310585
29319387
29319069
29319293
28184133
29319394
29318647
29316573
18512649
29318469
29316117
29317557
29301777
29319309
29085663
29319336
29153065
29319321
29315157
29318613
29319165
27189561
29319157
29318197
29318849
29318853
29314149
29297820
29319242
29299049
29318809
28633695
29318229
29318661
29315169
29319069
28641613
29319373
29319110
29318961
29318789
29315841
29004384
29318944
29315645
29318109
29314535
29319141
29317010
29148429
29318802
29313753
29318557
29319069
29318661
28959141
29311885
29319393
29319269
29058949
29318253
29314209
29055733
29318333
29318729
29304855
29318209
29318241
29319405
29319393
29319389
29276684
29317365
29163573
29319285
29317829
29305269
29318861
29318709
29319389
24575205
29318644
29313669
29119893
29319393
29317869
29318827
29316769
29319309
29319169
29308137
29170527
29319354
29218341
29319366
29319399
29318245
29319381
29316989
29218341
27924551
29319045
29315877
29317509
29318689
29319384
29310277
29319361
29312862
29317301
29319399
29038964
29218549
29316769
28669948
28938836
29318379
29318821
29316429
29319017
29316029
29318512
29319253
29319285
29319351
28633695
29145288
29219350
29319207
29319381
29170527
29233377
29319326
29319401
29305533
29312031
29314060
4842093
29276571
29319337
29318821
29319329
29318396
