7699
106308567
863318490
180534277
538257360
4874
3238
458199294
12
79
306708515
106308567
81
103962601
82
23
7456421
519942519
50
16180
435817419
10814
8051
6435690
110889625
13053
475954022
163684466
35208616
431343
74323831
32
165145267
392292291
166695376
21443
21947851
971999701
100
16
97
76
31397
394244955
587436583
207909472
23434581
250654531
235673390
770679106
33743
5721301
5563252
423402002
42
78
88
916267903
91962521
12
333859527
178462329
34990
107495281
422198748
27
7
321402082
89
12794201
458313801
133294231
28889
170191057
390582848
25
747326801
539306259
66
2635501
9329
66
19368965
44
939805354
14833
483289226
97
459895542
486437337
95
275234401
15
690290602
31256556
81
930485176
16
17178877
350988063
42114
12897
432295144
861105739
534017485
662035990
570948663
544624179
859963105
242403085
515421286
23192
64684951
9073261
346258551
41636
69
276821546
16485
83
1656361
353518181
18316961
18
309319297
20
70
75
65998351
901244961
795907182
16424
20005
31164
24672561
38
182637274
611860306
41748
2635501
9484
17
317691991
122391523
106308567
721656937
9511041
992499211
921917702
35
68
470742311
75
261630671
462989700
32792
34789
78738661
16657
256799621
77580601
72
416965529
58
234531276
338983317
714
7160246
37425
28
64
66
402073903
698810150
485835127
30473
25941
319310542
12218
42296806
35175
38
167549734
440622143
354463396
154912904
771821072
413247499
49
40031136
32021
1657
12
46
31484
473490551
18163861
37
82
47
423402002
28185305
105421040
27361
23738716
855154756
37
935486824
144084502
80
7940752
696637244
5
493367736
591600031
460368591
739850067
96
33
51485851
10826
29770
639935537
55
25661
45212896
9
482004819
45
228891624
27
637995158
31
317691991
42778
994204439
708562
68
864228016
616022581
49
101340877
198792595
445145681
40365
58
1689
837222751
374661
63391252
198118442
38014
821288059
498187405
5320
445888001
487766500
254231776
121747627
359933113
695946631
14
2024
14985825
216071395
9270
73
29793
35166
4390
100
28
39721231
1055241
651860945
84
17
28203
37106
6446
16649481
20645
343638212
22
103441605
999800617
763616140
61
992724430
204796455
753510542
616618429
76
15847
403657483
28
661136785
416965529
29
81
381310138
535576984
983691424
377396636
61417866
631231316
39
87541246
20
774958357
901289593
35961
30792
517696062
313413311
25177
26572
31832
239656280
6784
286
85333201
36
106308567
2731136
126009521
224143271
20475
929778466
66
5512641
696843421
735479746
497734234
86
13895
13637255
21062
24883
32675
30541645
62
219790486
140205241
697599567
481008529
77200318
45
210766225
28439
555619700
24
5881205
72867866
830645346
8
939438502
83291671
19466
8962
594591405
983351756
31256556
9288
52
47967090
19841
99137081
50351841
5545195
26
9
68685051
813066641
46
79
13
15992
79
45139897
35877
25956
197941221
97
12840752
8579747
190578025
730179041
949173616
775372180
71
37509
20898
24
184474851
45139897
99491142
40432701
79975935
197829127
208329997
17679
47
87
227322821
37917
24359336
88
20
46
28
939053127
232639403
459521957
90
84376797
673005096
47
53
899783379
916468756
83728444
14043871
41
416965529
34
824038714
88
62
34579017
540298421
59
18671941
261630671
727117746
9078631
389185823
339746226
91962521
980885940
844427754
27357
15
16234506
22503
52
978833311
820384033
553498946
105
83
235765117
478223341
29217
40964
362929261
94
3789
59
65
958683034
96
19
1656361
683531664
61
46
319
977898415
759993877
680
29681
42633
60
374410014
782562241
901244961
997396804
30282
729465823
11716641
84
20
87
83291671
101
57
4265
68685051
91962521
73
214060737
26294361
100
75477959
27
28656
32215
43124
974701339
723120161
43
69
371259886
267632789
910682081
475926000
333859527
58400321
99
98
41278755
3476
63
979752109
465983057
134810341
65
59
249619899
32634
333859527
96560647
18834
16382
1652
958683034
32669
57
683947201
29
39
11826256
63
309319297
675993781
225150025
12759
286060274
469604171
399351248
53
591600031
134810341
23738716
10827402
846153127
309319297
18272
497663761
23130031
5788
810193616
438011771
975287331
46
987144646
677876930
9310
37459185
377396636
137085621
375925535
499145521
254274091
8
971971
726074580
79208746
93240127
36637268
423402002
18
87
39187
85653601
15575
23081
96
87541246
738478616
26706
223070941
9290432
74303686
180352321
244222651
65
553526546
293069257
554661445
980122221
42296806
100290906
22354
55
81
451498683
445145681
27697
40714
36
614597726
96371929
35050
55709116
25
721609336
628545836
243531476
37
25
1612
32562
891881377
527241668
954288381
5189
15776
817733986
72
310
92
73
92
26906
17289
193489101
65102861
40969
190578025
582506082
21394
891859640
456871418
65
5512641
947901641
47698421
517314152
13615
13633831
91223770
571199599
248878345
38
20
12311
15468
29772766
72
274692219
454399397
4967691
36001
27
292664521
826
22980
17897
54
73
30890
488065188
85
837222751
21978621
25
402464791
967147797
23
571149257
89
700154675
101340877
858986663
109658026
65
14364
7413706
17375
11992
70214046
9962681
101
2511497
7313
527897021
226387981
115584316
402073903
153476149
35
703722571
171701
739926713
53
250843166
806724188
99
37
289373748
7145776
53
5827577
233527841
207288005
26
10
182637274
67537211
32795127
3012
332602621
229791465
866684218
90694346
35
547175583
818934573
115917596
354463396
26630
477306112
981365562
98
68638341
44077
5563252
42
237086961
75
769912237
83291671
82798717
20260276
716086992
171207121
52
6265841
506993505
769754987
532432880
537386622
333859527
297602657
36
26831441
7940752
800075059
21686
137085621
216071395
975019205
6154285
53
71
133
185322271
39762
43068
804467886
33
49
10009126
384753571
428676296
32
29
12538573
39
225150025
824509484
247073752
77238877
2829057
470792475
63391252
14
286243777
591600031
41
226095157
927278719
4607425
776673661
521631181
227938316
35
4
74303686
6438741
70
35
350113161
859963105
658634061
334381693
196373287
66
94610455
11716641
840802714
137989181
63628784
20
27
29
64
35
14
83427566
82
982652332
6
13633831
160250637
22
21337261
213640390
18120
36936
113582856
56
2988
128164708
18
10
28813
85
584146641
409586779
5160611
292341436
19319
80
34389811
23383
276111365
785570183
35
37799
61949041
19901
37456
260669556
5145681
689564917
19252
1277
51
269838476
218222916
74529930
188560842
37387
237304501
21094
698812208
530468857
205320697
91
361686735
28
15
240482646
36606
321402082
455196282
785800544
37275
77
9
89857531
80
728737739
9417
13
24
22571
720493387
776673661
288771011
22809315
907081121
28247
24662
27578101
353739949
79
41295
899367886
317691991
540597877
787528602
548001137
23872318
432295144
37
795499027
2545
233132901
534017485
26
12829
13
23
41173
75202817
17666221
146803273
141546197
559063505
91
861492239
498187405
346700278
36041956
99
18
43252666
203030895
113582856
16234506
7
13955
815129336
56031761
7207201
393877507
37
77
998988971
49
13041
24
279461236
259870778
598100461
969318468
79208746
34
28
78
5
54
39
112351302
565705070
11028
397225699
43231
769754987
382457241
32091
300836286
630305260
2929291
40
27
2997412
887724489
32960
8214571
532103963
90
600795744
29
654045931
9
5359096
818018359
47
652997413
51
71452956
8199
31
1
723173977
175311817
513088913
33697
14795
743584206
344291326
39312
680588252
999614764
84
745395652
60
8284
360283245
30
169179021
85
203335813
423402002
25120
873470137
11822
21968
128164708
514602397
22005
12535
201893433
698526907
388096361
20
14526
3428426
17
80
42738
62
958984196
25953390
61
78738661
362796841
30464
21
83743181
144122301
632671881
64
478547568
3623
923679061
235450522
154001576
298935361
12614425
13
15
34
12899
42
552689425
187767629
22238721
194831716
211649677
91537111
72867866
936793530
39529341
49234606
96
49332471
36041956
46
406000238
715240469
378124306
415823615
2253
117612111
773457995
26055
99
4598127
29688
723590918
743552665
92
54870481
33
43088
93
547033566
591600031
5870
113877070
692486891
33606
183181377
436747035
23
768299821
49
362929261
35169
535102346
1053549
190578025
448221286
42645
5899
239360671
75
31
23434581
1274197
51
138009668
427620841
4214
7971965
547575565
4515
346258551
14
6903566
573824916
99
58
156340627
13385
6470
16
91962521
39372
197829127
988455799
12040
679788665
597610077
34
197941221
254231776
87394815
846153127
975243302
29588
269682476
282989145
2556
63
89
272963406
13851
348881877
485199331
57411901
340076320
733813081
944718985
16582
988872627
13553
297602657
40932
81803646
35677
25999
117612111
9156
34165
515124815
688235311
501401778
800286728
494751977
13119
494804395
35824
958984196
31
303661869
27
19970445
4780231
75497345
23470
36
5827577
14100681
723270510
10009126
801640219
61
637963730
55
29
7
4082926
8668
51
30467
71
216071395
41024
307128326
99
214652065
106308567
12
5746
87569081
190578025
141098266
297452203
44
8
40182
49
10989811
83
299853047
423402002
11009377
14454
17871
751755461
456326326
56
526850668
621682426
56
92125586
5159806
89
687799211
18532
146536160
467002248
53
640589823
35063
67
74
547033566
553526546
8718876
34358
33
34794669
92
896575667
534017485
846678393
636632227
44991296
823204145
7160246
32922
153476149
146803273
68
5846
84731396
598100461
5303
26374
57
100558381
25
43737
91537111
33585371
20514
768299821
106308567
727441716
28403
20436
884072841
161716336
280841
58
2303961
413207663
309177996
35
7
73
128164708
306492474
58
11740765
59
323182497
96
675015166
53
70594001
369556861
29
39
874050638
27
802206252
25942
14130
76
67331651
7260
45139897
417678303
17240
234531276
665485486
66
43
464306844
108995195
28309
63250451
134153713
249532141
309177996
44224636
4780231
15867
2073
280152181
15169
377700303
85
101
4082926
24891
1
41063
387610813
416965529
117612111
41
34944
164749609
35218
27088
17666221
444711037
242403085
20
552689425
13
34268
34
86366859
52
16
42
36659
17
988455799
515853625
970923937
117099081
834831121
296889061
572195175
7
708587731
1
151348016
19
216071395
38
447581
8
5359520
806013190
52
282278117
573352627
98
16817
16701686
54
167549734
30
79
275682055
50
45
798769196
24672561
26816
13158861
593706591
911595547
207288005
855154756
157345861
170698585
86
356311870
1021385
36041956
607573752
7207201
47
501940131
432295144
50
156340627
367715317
929632033
147455841
89
18114
415902177
273728379
529420256
8789001
412833856
788861717
9
246533631
721656937
864228016
127900185
6
168674511
228605008
103805836
122391523
426686196
44384
10
33585371
958683034
85529397
276051318
715169001
51494752
373
736832646
25301
86
828363251
865286927
6
44274
207049301
28956760
599273207
22
56921901
1055241
5178
38625
194041927
57
810193616
303201126
37
80260181
305627701
57
744655506
194831716
39802
122391523
36465
591600031
19
647522442
17999
166651
749727964
729475641
239844761
5410241
517563986
395064133
23483
154653543
739158939
50
59
22879
373566943
130204841
471536783
83
105250663
74
52
12
82
59626386
2699005
50
96560647
41421
634655445
958244565
1
12649
43812
910682081
64
52
38519145
14
16550
15329616
1610565
5
28
269145736
846678393
967240161
24
17223
93
16649481
89
39867
32
18043
169897191
10507400
230087245
301329603
153518481
19
64
23628
32249
43252666
828363251
542218078
26243911
100290906
820384033
141995075
201182089
66
24447
1610565
533829087
19
50
265368252
582923363
42452
13123
225137198
398810749
70594001
164059876
883010331
745395652
505948992
481008529
44317
38246
10868
948514994
519221191
955861
148897036
35118
89
53
16972
15
989928821
65
470321295
551878979
515853625
50
2180
81339599
23957
146803273
275233232
872514002
110008427
97
188939206
247574181
828197684
638851840
21069
737853592
40100
98
17465
15329616
171187681
744610897
99
17
181048183
977819760
4354
98
16865706
34767
59
958683034
46
7207201
378737988
9514
1190
464306844
78
391351624
36198
192921
43307
141546197
151893173
21
242940137
35739
392292291
5976
947408313
439633041
11716641
45
44250
534017485
41356877
52602166
216071395
87
35
42854
39636
22
7
12664
23526614
43309
18
83
13
829769733
1
93
52
7775941
8072
538017014
370407721
146475946
591600031
819574251
266917
35523
418092886
182637274
79
16259
41499
607573752
8
794
794872410
75202817
178441606
31144
350506275
219790486
88
18
663645841
674298732
145620311
679
321402082
10389
54
77280676
26294361
605159937
54
58
16849
9546
685825523
473490551
58
25623
167549734
43412
73
29
82
302120094
619613847
28
87
67
33069
668682981
87541246
21856
161001499
16701686
607232785
17954
586238641
448072339
30
433594526
737849942
8535
525110206
12
6248
612907376
762356
53
30185
98
28
26425750
191868496
985017385
235699359
225150025
657887326
19687
377577039
134926107
74
38
300836286
36
5534
254231776
695946631
40
652404901
762861518
708587731
81
9381252
560077156
43887
12082786
36
847444344
151348016
34721
571559959
74455934
60411065
478477808
31622
38120037
94
319967152
26889
33
18163861
27
26909
29
83
41917
901244961
116828272
752665460
32
7519611
418092886
140538846
38852
333859527
65
53
23068
868705952
10
322438897
847
481576228
185322271
25753
100
98
346700278
20773
32
26
646778553
61
96
280720441
85
19
11358881
9
983383857
17178877
772067717
9
60
84
30
24287
222681776
9585346
867449685
207288005
59
916516389
126697546
33024
286243777
17666221
41278755
4106981
262399723
98491966
20811576
42296806
698526907
327085627
1198145
4000
24466
831431892
73
23
498187405
8
407624596
36556
151024015
52
327732190
27652
5359096
8
12
33
31857
576511593
146475946
485199331
59149035
90
80
577677316
3348
67
846678393
28008
868019377
28413
10349791
21177
901289593
43
479318127
75
45212896
19
232277917
54
846153127
18201
11998481
183181377
36315
47
52
28338486
23624
14043871
387700301
300836286
1
42296806
93926526
647449947
386823151
99
703783532
891881377
174795181
12
169362502
5831
5209261
78
94966796
9151504
232714211
794512885
185528656
295992621
580418727
80
209761211
46217627
54
29509
91
16
43
3542277
591600031
50
589155327
2689
887433135
40432701
353518181
71452956
8623
63391252
28
50
577251865
44575
36852
48
891881377
66
28817
54
350344961
8983
713849501
79
27474
988455799
338983317
89561165
9
794747032
871962421
3915
32183330
84
117612111
151865243
121068017
72867866
192953787
160389489
24
80
571880030
9381252
35999901
40167
8324
564375705
827533686
391071057
10039317
591665399
804709132
189541819
509267002
12431537
577697166
3485
347073277
30938
363581145
447008662
981947699
12
94966796
428761521
67
373566943
939981008
2011
921075845
11662
37006
156385461
209951821
641291617
83369266
250654531
200860991
12133
83
26505
57
44042
31911
27025
14215
178298130
48
95
33356
41180
454725578
988455799
814874128
515421286
581607724
184776093
223070941
792770775
29426321
21
529406529
79
353518181
67
38841
250654531
69
68
628002414
89
141995075
345
40
6550611
122718905
46
117891181
234531276
499214986
743584206
185196425
42029
16757361
261881412
716692327
349128636
902447911
970650419
20
48
164059876
70
101340877
43338
146803273
644124401
30016
16757361
39
16939
432823943
540298421
34
405130108
59
69
8592
59
552689425
372527002
88297242
73
553547667
28380
171575634
67331651
17
32
864228016
745395652
28342441
127676661
43
72867866
84
461994976
25
35719
198557960
21374051
887117866
717812877
310329151
1254891
339746226
49679495
11490
99491142
132563502
127702485
236041125
20646
2022
2019
6517
445535300
18568
24
410435254
134982766
49
30
35645
688235311
6435690
280720441
55
346700278
30
74
730216545
10009126
37589
526125047
34967
186043586
915827629
79208746
65
207288005
191868496
59471903
11444
498187405
498187405
64
794747032
50
357537387
39437
28118
33
128164708
414141666
25422
36087
167549734
33340
34034
830833266
7160246
15997
810855376
609690118
35149
73
83291671
24
74
30
7472
23165220
122391523
21
6
22128
4455101
656702416
10
15596036
5
14
21602
129358441
85
23
732940315
211070342
498701281
894894008
268090352
83291671
7
26
83112745
27355
607525381
29
67
233668165
11
86
35672543
682611391
4598127
13633831
89
16372
698526907
971971
198792595
134153713
64
96
829842162
38
395011687
365206268
485199331
935213777
18314
63
35
73229222
177388541
798095790
106009191
5562
456326326
40569
91962521
169362502
402073903
1
252932544
35
92
76
124356957
73154467
9190
72867866
15
134810341
275234401
46
26437
60
41519
32795127
17861901
41729
858470977
328589741
139280889
182637274
41
11912
96
545792941
43079037
597420419
673853610
804467886
30824
339746226
668181608
993102459
15329616
309177996
35
110129241
82
223070941
2298
43
24828
361427379
540597877
19190606
73451721
503069273
22601
141995075
652810286
343012397
96
42918
34
71
353637141
18871
473490551
30507896
448072339
502907098
91
359933113
17590
347073277
46217627
92
125807814
128164708
61690920
182637274
44667
5
1070
20760
89
25908
12807
231104507
18513
457201179
19791
254803777
32
35208616
8495411
375541839
671467370
37426
843065624
74303686
552689425
329950910
10278
24992046
9421
32
219790486
157827532
268760494
419242441
246650923
67
3208095
84
25920
2303961
796963834
85
11272
5309117
63
30
38108
93240127
34
19963
380871855
8783391
85
7673836
21279
68
29051002
63391252
7698
498187405
13
18671941
88
643304377
175311817
96
308339642
92
110129241
18
397354127
151348016
442790041
23130031
32407
101340877
64039977
45
326302501
422897298
92
37945
769033307
453424291
27460
4545101
17
621682426
990104519
28
73162541
182637274
18
416965529
992086747
21390
25637002
864449861
76972221
2054361
197829127
44682
97
83291671
4125
45
181062155
411935242
18163861
44073
589254978
21958
305793495
901244961
56
251500397
980728144
392292291
128164708
24703129
10039317
495420919
759993877
140364533
571880030
32200
74
434171761
223070941
19
51
25665021
9021
806114188
396544841
587614522
811629281
556322511
124356957
584146641
15354
7356
23
10
32354
456540984
95
28
680588252
919305671
157345861
668682981
968870631
128164708
829526135
156865171
540671598
54040337
27
951363200
25190
4545101
665454024
35
742276550
493528071
819574251
8495411
955861
91962521
18779685
98489901
611860306
86
16040
271441896
16
527897021
87
373566943
43469
60862166
101
96
25
24308
4917221
20958501
52
8
81438027
140364533
26369
33522
75
373566943
515853625
15816
42473246
10427
810
99
1335
497641
31
6246
54513681
224941073
19190606
194831716
240482646
40175
190194181
93240127
52
4682361
3546
11275
80
90
661136785
71
75
115584316
14100681
333859527
665485486
820384033
83291671
49
45
723636944
33853
101340877
24
33205927
144540082
41
7374
483289226
11987
328655636
729218926
45
785115766
950831280
54
432295144
955889536
746936001
94610455
140364533
987160737
21000
65
139291945
47
35
14463091
11009377
15
184506626
19
367012101
40432701
380720117
667175293
36
784816732
24012025
4800
227938316
223070941
86731771
34389811
33379
11545
89
491468846
298197856
57211377
330791176
9381252
171701
846678393
24971
91
520450463
349452741
202461117
276821546
719965151
250654531
10
573494130
56
34
101
246610405
570411557
705431307
463697966
34420
43
237937876
1590
92
708785871
882590946
571880030
41124
61
326380627
16768
518666
946309421
30374
318539881
972430499
45590618
32
108133213
566685736
54
27643
776673661
220207726
92
86
3
134153713
20017
739163309
58078671
445673615
498187405
243689041
7061
116828272
86
17220
37
481008529
26843
988455799
836912638
67
159764046
938375061
43685
1335
61
507120203
7673836
13
65
278740837
40775
148897036
745395652
68
481258601
618156610
663685930
648588038
67
1900
987916719
81
134810341
126210511
19281
53
122311652
31
75
728714113
12911
958984196
44
51494752
81
769754987
115162626
58
323960625
680109600
44072
68
25
10666601
510209327
14495
137109337
34389811
35
8
998988971
70
5616325
116828272
31334
488844800
612412125
408231850
853429516
735479746
891881377
22272
35387
40432701
14681
99
399312224
307163051
580078171
658029066
19
65
23434581
76
489624490
82500221
434870086
683986848
84
57
118246269
471584346
10
24085
873642673
30565
494561018
192754549
31035
819574251
19379
11
260149141
998150781
96
407624596
38
20
5854
891881377
203710793
1611
17666221
12901862
12
78
88
361632500
67331651
43513
42296806
3809
43757
2040
94953661
23448
626671221
48
686812353
24594
36501
96
15947500
41981
18167
59
57
73
4410550
589934051
95
373566943
24435
100290906
36
264566401
140205241
166167001
22500865
636035401
209935
194041927
9
1975355
54989781
72
9078631
48
945925795
663384095
379853531
77238877
432295144
21
40432701
567011761
41318
84
45451645
30
19614
13085
17149
5359096
25
12
373566943
95
31519776
254231776
35862
103962601
46
14
11
29
50
26
914808129
147917121
332602621
532668225
328127621
31
418318321
11
85
626555436
44
45770726
402073903
23
547211321
198792595
45
5061837
975224561
16328621
15908
96560647
10334626
28
116828272
38
491134491
14503
116310537
24992046
363008120
121905301
888
491134491
725110036
23168
116655229
428891827
503167996
190578025
648686325
183181377
901289593
90
25702
667421315
36
33
263506843
678537868
10363
72
618192783
818833051
85974802
6911
81
18163861
253478976
38
22533127
40
51
311659657
381588020
766482295
96
382313856
20517
837222751
17
199850287
587614522
818833051
278740837
971971
402464791
35245
410974201
28956760
1215
10
242403085
35462597
26389981
28338486
755514121
552689425
454776702
855904018
15329616
92
93
63
20
13343761
21491
115584316
681138108
25808937
76
106308567
515853625
16598
260131
166416021
44634
45139897
430425224
47
239099085
1
721687335
112805880
5
42882
12436341
682641
5756
369010173
794958617
28121
824331703
372113357
514376971
29772766
705496381
99
146405394
91962521
836295737
5989006
416428825
873373286
456326326
39689
78
193474871
850805596
44222
15468
96
84
57
712531625
47239011
15
65
19463
43054
2731136
11358881
16865706
41466
21399
711563491
387610813
2577
626895980
553526546
296786467
103805836
769292161
36215
234137
765164992
325789029
611860306
74
148525285
31
153476149
25
29562
54276665
34
728453541
87541246
743584206
29254
377396636
861617078
30
7
134810341
35
39
113582856
21734
851823735
321778496
5359096
9
188018481
20081
680098689
47127939
14
926694867
13952
34044
83
769754987
6661
504418901
14
11414
194595805
939438502
4489
593592307
51
71
934261754
28820
39929
654045931
102354026
132563502
41344
78
39558
7
87
19608086
101274097
95
11
20791
3542277
44514891
545792941
423883461
19372
448072339
177556161
43
59
859781440
502793153
485199331
34
53
876469677
58409521
8004
657351699
156085888
103441605
621682426
82
43253
373566943
1939
988455799
561262004
4322341
94
339746226
52602166
148897036
6103
7456421
886085119
873994675
39
92906825
25214
5512641
495593040
12
316235340
288641641
13333
339431998
901289593
85
198792595
34351
559346658
79
13813571
38630901
38
203601741
12
91
771179598
85
163654097
16222591
53
32431
29444
855154756
777479244
286243777
543789079
659695426
54
14
18455
975243302
27
67
87
229980096
25
19
330791176
25765
891881377
23080
8416
6291
9963
10511
418092886
644981906
172738787
4421276
44
920502041
466229606
26294361
69
570445735
406219484
534017485
353958652
49
76
15
179688956
46407405
338082179
890899046
21935
769754987
264566401
53
313413311
16439
636
913842919
800191337
46
186936881
81
99
49332471
13251096
32212
498187405
25042353
20189
76
72
534219141
111731228
19872
808083936
639834523
15
901289593
252818301
733965792
576417443
924829372
35
769754987
85653601
857449649
253461
90
153829131
423883461
114354682
333859527
677624157
127676661
796096715
160389489
10261
134153713
17
373159978
810855376
6438741
35
411802230
706595975
3010
153476149
100
92
496627681
333859527
27
275520921
11319485
81
4728
348706561
40570
234531276
398695447
703722571
417613305
429481806
128515717
203927571
338181306
6278
946534944
42695
1975355
122391523
410041
515853625
998150781
99
38174
689398925
13232836
18986
22240
1
20386124
17899
367012101
17587
847028248
134810341
276632721
830589012
7978
8783391
78738661
889624836
11
21864
694677334
236208925
36
275234401
347889280
233132901
225150025
33128
18663282
57
13633831
19012
485199331
36
180041288
61
233132901
602075532
93
339746226
158882751
49
77
236561326
93
629092357
19190606
198829477
83291671
78182777
2011
504663032
521631181
109658026
304578620
3580780
43263
732450197
101
481008529
864228016
83291671
346700278
4631
274639978
6624
50803425
35191
97
24992046
614597726
75079594
221816
26900
22348
686778197
397607178
135360885
90
810660150
6
757493254
216440185
15964
15115
101340877
699052926
36436
5989006
100
5032
42296806
33366841
84957252
820384033
1
51
54
41400
599273207
833341
617540204
848144969
29988
877976
17921
74641225
893201
44
56
687021940
19
570402128
17639
906510295
50
36269
664098060
5964
33
21664
20071
55
207288005
37649
323703807
6438741
925000137
679306304
466448742
41
494559837
111469177
4682361
64
10131
23738716
139315992
507053401
188149516
692665276
976
698526907
44
106308567
935901452
503167996
3467
20198
82
141722461
25255
84376797
530
86
621682426
41955
6692
14
277067265
34
21
362929261
359317682
14004540
59
28
265380423
822959086
96560647
4106981
304985752
55
40206608
28342441
518666
636035401
186043586
20
63
901244961
40
212149724
45139897
404873319
335588220
57
5034
4278681
38732
226197007
31218
35556
20
367704646
89
151228858
884072841
59
18414
32
776673661
57
36304
12058
414493966
24359336
802206252
11358881
74
72
4410550
23
823054276
6725545
29269
91
55
4967691
17420
776673661
394765285
148897036
229741877
817496684
101340877
81803646
38743
195706721
100
88201171
99
35207
14707
295786969
29742165
28342441
204482243
79
751755461
49
89
119086016
15187426
42598
72
310901361
968859852
78
39959
266935306
78738661
39126
29881
130629422
450710002
13
239658040
387610813
24359336
269416127
56
28
31231
830065686
42279
33
80622641
4128
11
26098381
224261961
83
614597726
27
9
943829488
704238458
44
30765
29426321
39500
628828201
174963439
936734446
779533170
101340877
46
577577615
309542452
719469752
102114377
7090
47915891
54
2332881
998988971
35
833947127
14891627
910682081
794747032
348805522
84881838
948013162
650798892
304985752
711563491
194831716
59
14844
469835215
905942537
26068
35043
203186185
493029305
998988971
35552
60
500313885
17
56
4810
36324
240027426
1
200207209
530501441
248225692
695946631
27962
287999801
37
303142240
989493753
39477
45
8783391
372527002
621682426
42473246
32
34
49
4780231
23724678
33
23
216546346
91
534219141
15
115134371
85
614597726
169362502
735479746
39
74323831
12
174963439
206979991
966687821
911225503
69
692957685
119968249
8
335246276
35752
35158
970380601
18
321402082
84717191
205895825
97
42
19276468
311981715
71
30378
411827159
65
99
5627
69
37725
262172765
357630636
42
6985
571880030
198792595
33
13013
40
21863
563102870
35900
40652
638693419
4082926
231032461
94966796
330791176
116828272
14
37
44
613047128
916131971
845119420
54
958683034
45
91
38
29381
91223770
929632033
75
69
45212896
45770726
620645576
79
353530735
15907257
775088866
35884
691171977
360072695
91558741
802206252
33
34263
11
387610813
49
367859052
21501
137085621
729256607
242380697
491378394
98
78
513349041
5312
105271310
106379421
293798285
260583210
66
10
29269241
233527841
547033566
56031761
579544061
23434581
658029066
12
19190606
19250137
62727722
508103926
8761
69
3697
65
33585371
40
29859
60862166
68
44184
356119765
719469752
34614
735479746
13441
48
8429
81
165668500
373566943
2573001
25347
91
387278971
20837
29
19190606
623180425
40
402073903
1521521
1577
6644
12579
43145447
658634061
788115215
63
37600
117612111
40
12060
146803273
29831
91058829
209935
64
29
15
1892
20264
776673661
552689425
36824447
2027796
39
777108981
2381
33
111469177
13802
1478257
64
207029131
759993877
60
458839951
40
34
93245901
45
40
96
216546346
94
11870
847882574
28084
703722571
856980576
2365
42
23979551
58
502865781
839345266
30405
84045149
24953461
84
79208746
5209261
334190221
819574251
89
215192435
99
721656937
453753181
156340627
5821
25
73
207029131
96
111469177
2081157
948731634
593706591
25527
70
48
92906825
26683745
35654
742523179
17
33
27362
182637274
5497
146803273
1633356
281568281
106009191
17331
93
36890002
957733821
9661
75
606133497
206333989
4934
9118
40909
12985
21515
17178877
636035401
443749846
361119816
286243777
654045931
15581
26023536
361957681
255760036
56
75
164747236
38895
33100
9
9
20995122
333859527
276821546
44
14916
967769416
55
661375293
28881
769754987
773457995
32795127
788444092
132195749
524036361
769710859
102114377
567500186
373566943
124230512
311540091
448072339
102354026
37716
23842525
540597877
841416052
93186012
666705602
560077156
571880030
461994976
38251
96
70
361119816
886836764
22836
34
153829131
28
2391445
365322101
552689425
29
745337793
98491966
423402002
20811576
1294
313179946
23847
23057519
225150025
30205
18
573352627
107021358
23
818806
77
301025129
511264205
31
49
28911
36041956
16701686
4106981
59400021
794747032
9078631
27277797
419865292
22943
419242441
539203961
383327781
24359336
117187971
16
128164708
245001317
35
432295144
793626506
407624596
4230
1048
855004686
292341436
265368252
45212896
688435942
500781832
8859501
52
38641
862952546
341332111
25498
309319297
20
31
324863249
12007
162586054
197829127
82
71
32789
394195089
21
19368965
212421189
50
23738716
50
39
593706591
87541246
15288565
53
292654517
745395652
70
32349
244222651
420715310
25
544066047
885816863
91894531
212881341
555326245
9567
81550515
323254301
438030457
2411
916186035
407334597
18771
61726710
715169001
358851559
462386206
43159
247574181
79208746
743584206
99
4827
74
165842865
13251096
21850
48
860388140
99
698526907
703722571
39
18740
146803273
35387
91
481258601
5543
769392702
40111
464568434
91537111
436359832
44005
80267590
15493205
27886
510147866
658029066
375506629
39100
804467886
846678393
313413311
785115766
25953390
84376797
788861361
11740765
897893095
686513605
340598474
128154196
392219782
2454
57
338181306
92
27663
35928
25
39379
254274091
714214544
19495
43
26350
910682081
17
101340877
897877032
76
745161324
218222916
309177996
5713
57211377
592689975
32130
35460
698526907
38630901
17615
824626661
21905
73
672594499
535929451
86296805
120264088
82798717
90
58
33
425143224
88201171
36936
711563491
86
42
30247
1235781
52
503167996
78738661
899367886
15
10334626
20260276
204746641
11009377
96560647
100
41476261
21947851
508081
270372201
65
10349791
93
623493852
28
955175265
13251096
79
10554
882571123
347
26254
297461565
764616635
31908219
144084502
579216470
69
721656937
823736839
34156
144253705
3817671
174963439
62988725
59
6965
201336463
6927
63250451
91
5935161
19983
574457500
28772
20515
37320
23
38
330791176
440925068
227921
78
776243556
283127153
22
935956892
21005
94966796
6
197829127
675993781
54
35243
93
35
73860941
856889797
26576
253478976
7150
745395652
339746226
36925
47
611860306
35153
19
73
57
236561326
2571
31
296484147
234531276
776738183
239844761
334911239
24
44486
20651
83
26
870456441
748687226
379853531
29314
34670
77
69
56
74
274011465
295717309
9585346
29530
22167
21680
53727346
26155
82809070
21
796597124
6497
781464341
373841366
585277
21
34588
40653
25162
955889536
492492470
282278117
6689
68685051
98783861
87
91558741
328672185
740
393886913
26
64
743584206
139389581
221988080
79
591600031
572213571
6913341
846678393
66
501049610
50
57
407624596
801383552
807327367
9287
21168
413718086
509607806
397354127
552689425
423402002
485199331
41474
373743323
531584097
101301331
1
523137763
14100681
102354026
42
40034
25857
778953166
48
10345
372527002
920592668
8
380720117
57
17378
515421286
79208746
837222751
132766177
19711
170963809
322162538
23499
627881011
21
6843
831907021
88
92
351240434
418403532
26191
250843166
61176831
915029726
79701832
6111
502865781
156865171
70
13385
450507345
22002
58
182651961
344235471
146536160
890169875
91537111
568143521
14829
139315992
79
419007940
264566401
243531476
33
16456
35
377396636
160387700
676378024
10668001
611667435
559987987
12206
633741611
5989006
254231776
64
141546197
38
21
67331651
7840921
18436
342401045
252201287
36
5989006
56
8705
877680669
33585371
988774684
97
51485851
682159144
970524258
100
39338070
34208
23462
18787
36
44
51
625611762
204157
23165220
6110
51
101340877
43079037
160389489
71452956
395352825
612989519
17666221
497123936
359933113
42132
97
76
473192981
57
26964281
174963439
617048797
863244143
493528071
703768861
75
83291671
423064221
350167431
167549734
864228016
38250
15
254274091
11358881
11716641
945674874
12840752
552689425
925772541
220682126
337915634
208207077
33
12082786
49
72
892554781
4598127
35
18227
241577524
640064656
90
4845
16117021
958683034
43252666
35
38
290160051
132563502
74616061
24990286
43291
83908539
998988971
585523693
55
49902941
573352627
37189
261630671
4588
348881877
42
100290906
614597726
34
156340627
4421276
176791953
721777509
745746631
92
415263189
250843166
219790486
54
40432701
94
718692902
794747032
359933113
17058
16549
29138
156177192
32
7829
901289593
34474
11124
5
11
745757322
544810726
323593465
92
60899136
24717
124768735
7596
26889
26901
188939206
15086401
727441716
27390
378988261
80622641
811812750
99
515853625
5061837
79
614597726
6933942
7207201
958683034
451105903
219790486
389865355
899536238
785115766
290808745
98
92
42793
7840921
41818
151712331
57
346700278
243689041
77
26059
968870631
8227
26541
11
13067055
90
873146728
456326326
92
19
321402082
395429704
180534277
19131796
28226
167167001
21337261
44
97
17
909163598
100
867619745
89
63391252
14876
313941941
38767961
26357
73
262124964
70
342204041
99141909
668932303
22636
801843155
15
36
10815
85333201
14018
69471997
44237
499905769
873642673
200394095
91962521
96
59
449227127
29244
80
30
309319297
19
11103
97
33366
794747032
314705171
877851435
21
440
785115766
62
450710002
91
29563
98
10
51
33848
20739
92
325410696
19200
153476149
946309421
21017
93
32
24
77
706866335
436708242
14
138832047
506936682
13813571
34
591600031
280841
719469752
429812872
9
72
11358881
584678337
818833051
82
79091871
32525
142895676
17
93
264566401
998988971
40
842365710
37835
27483
4400
2862210
32159
92
337309549
96
9691376
113966161
727441716
313413311
580078171
634804252
40529
988455799
3551
498701281
269682476
188025779
30
514437561
23
129083905
17493
955803045
33930
288641641
24280
8
146803273
40581
76
18
65
221228701
471333212
51494752
18529
794747032
13
31
632671881
36690
28
22224
20914
18
40762
667658985
243531476
134153713
65
520280466
631063427
77
910178721
33
109905098
28801357
207288005
65
22
29723
167613210
37
40432701
384199641
939438502
22
951091437
48277231
44004
239358628
43
887117866
322014331
788861361
719469752
21204
8766
581842317
973620601
771272425
99846045
24672561
515421286
968870631
20084
794747032
997978289
988455799
82
51
713849501
727441716
882590946
898623928
42105
65
66
21374051
32626
192937326
76981525
2108185
779035797
4869635
37894
229071937
675993781
249411011
273820
37
24393777
34
988455799
91
481008529
299674081
377396636
545436543
51
40300625
11612
584688725
32
39144
846678393
69
9315
878003711
23738716
721790896
28978
41048
34
39
250654531
207627651
43
16720
636
28342441
11561
35874
40
55
93
19
78
182637274
456326326
529420256
79208746
14
80
400083951
317691991
1199506
227051153
2369
41
20559
28
99
504649812
21909
99
29
581842317
70
223070941
24491
632671881
318539881
4359
498187405
34682
47
179658085
303675338
96682146
42247
30698
300
74
5
174792641
357198178
83
61690920
30172
428537
43249
23009
867627989
759993877
2215
38769
67
25698
628828201
25
24843
186043586
561743217
82
20685
671571306
480494102
15833
18163861
5160611
55
60
63
252816248
24628
55228867
140243447
29799
180352321
664902746
556893481
1353401
233132901
603767330
4780231
56
116828272
53101885
73
29290
14621
10116345
12663
304985752
375540321
50
148897036
264566401
18
70
17807
3889
58
100290906
50
126841265
958683034
4685
15
379853531
426684445
20404
654045931
74
236561326
16106
558370068
15523
2455
27897
6784541
62467441
138389443
159246807
198792595
879968149
694251321
87
267620341
18
158793821
140364533
49
769754987
191868496
28
13374
138373042
146803273
3117
87541246
20000
368422704
661136785
22582
280720441
734667849
81
23842525
567733956
48
128154196
35
67
430510447
34630
27451
26964281
16596
84694800
38325
757360203
4176
938449598
151213485
35
42810
828989757
134153713
998988971
901289593
24456
26690
432542299
72
304985752
97
20102077
11358881
19368965
26018
44
591600031
88
988872627
42365
736883305
119486081
14
153547248
15118
86
41613
28232
26352
25826
70058752
593657738
31283
426790074
379033066
29051002
908629041
41951
55
70
99
339746226
13555
50
234516717
78
299674081
413718086
27
593706591
57
52
32
63
13466254
939438502
14457
43
4906
594061193
25
723104287
76
73
642520145
999043572
33471
33174
784750261
926120852
401442088
93
11620
41
12
27
35128
987988125
968870631
643304377
96560647
468490994
408741624
698526907
27
628828201
286243777
164059876
13251096
22922
71
313893111
62
38
675018160
11716641
846678393
66
89
42
34808
244979537
45349525
899681297
35
289442202
93
535893091
605735469
170329332
464306844
22
41397
16113
1627
457873882
31291
845516199
958984196
20584250
532075617
103805836
11394
330791176
217028267
37818
989348967
8789001
276821546
36647
7711321
42
83
42746520
167668502
43977
580078171
38
14686781
487367596
39524101
75760621
33
39337
6
2332881
100
76
819574251
25
6210821
25637002
23
917210809
227908609
833368216
47
454399397
62
77
298935361
7496
25536
132563502
4598127
29006
91277486
12902
57709771
336581081
951552416
434171761
246301023
521631181
133407286
17427
17178877
19
14336
11358881
846153127
820384033
4967691
54
571880030
26860
4608
66
140364533
13455
69
819574251
40865
473148848
91
35
5773186
38111
153054847
159001831
87541246
534219141
15595
117612111
540275
10666601
14043871
21778
873642673
20
12741
49
820384033
498187405
25202
41956
98491966
735131
649924276
81
416965529
15
91
574054447
24190
58294564
28
456353801
92
28
113582856
32
41
619175554
869133610
272963406
508571993
6842
943543383
54
151173045
90
87304106
554479679
3310
2997412
326380627
613465941
137085621
675993781
428920136
85
963305783
322014331
5989006
34978
94150192
74
78102369
179629533
384709352
47
80
63
272963406
397354127
445145681
39147417
632671881
39
81803646
155906730
28
44224636
23
11319485
61
858016699
8
379622333
416965529
61433517
811908571
36053
79
96
13721
7
111653501
296729306
711151809
19979
26
45
6099007
64
432295144
553526546
98
25044
259924360
40
211706285
22440
527654009
39057
269145736
202989326
7160246
4477
9550
24066
877093299
312197421
27044
66447921
62
62467441
29051002
10674
68
410041
67234648
28342441
745395652
22620
42627
657385071
38131
12082786
34
48
432295144
596905
13158861
33103
727947884
34404081
71
45
19808
72
67
434153680
929258652
855154756
48989534
254274091
156340627
20706
9691376
331395294
207288005
770679106
182637274
174963439
49
12884726
275233232
62
901244961
30541645
410864614
8
26
28404
71
26
25808937
71
42312
43
52
31603
35872
543590685
448608310
988872627
22687
614215073
577368250
16848
147455841
38276
248878345
90
304243856
207288005
42187
472291797
130344866
509267002
103962601
7615
282566258
87
26
9962
36767
325293372
61
5797
29940
29811
969798544
25
41082
204157
322014331
547033566
51
132563502
34128
537187134
18218
510209327
21996
6185
230545246
19970445
20010
171079820
24992046
167549734
18
476922374
788034457
854004951
587794288
53226879
422952531
415313512
625
36811
479
70
588774873
15
461994976
46217627
38
47
1422
33062
654045931
398786170
40432701
359066904
258135957
17075
2086
759993877
665075548
756779130
24309
264566401
68
56192141
83
1890
6898
67
80
35
60
384070284
32
44433
186936881
171701
220755080
42473246
243531476
225482986
85736958
16234506
25
209951821
332336062
587002828
598100461
10101
65
3201
500978178
339746226
776673661
82
91
931217983
786684867
12
28
309319297
515853625
625462986
196211384
769080803
24923
37177
11740765
105835801
11912161
5954
82
22229
955889536
72
688885166
99
764004611
516327328
591332164
715927254
68638341
23724
22533127
359933113
26964281
387610813
82
21313
77
795556104
27
40959
5159806
4415373
43
33751
797348741
99
5255
804441
149628068
122718905
6210821
17178877
864745267
32
60
125991256
779035797
698141887
958984196
17
42298
732470740
207288005
51
77
646940176
856271086
9078631
416965529
92568572
19
96
70
48277231
405631385
35590
8
594591405
18
98
374425502
134153713
983257199
351988485
533906149
781834726
632671881
49
58409521
224261961
609321531
40944
12082786
497930788
39328
333859527
387610813
418092886
38
90
16974517
80
496627681
50
385051885
63
28056
98
768299821
9660037
631519721
92
174963439
86943221
38
38064
686030953
40286
198587010
915665381
952716447
891606957
887377686
988872627
374681616
23921
909835150
41538
701517262
348881877
253478976
39601
84
745395652
199628212
31256556
43074
73
920485111
797348741
31655
2100
418092886
53727346
304131972
46554322
174963439
732998850
678871607
65998351
16780
17288
50
39191
986068102
406428066
6672877
727441716
591434235
608609237
18
694446209
18
39698
5827
10
4332
4828
391361738
36
12457446
15
2306
34095
20
27
83
874979590
1274197
43669
12172370
14498
826168566
694251321
19721
87
624092970
362929261
185859437
299172988
91
694305441
63
44
42194
36
36
22
322691150
412046443
740549391
26458
9145271
7318
81
43952
989036645
100
145853600
45559801
10058
58
23
450710002
12006
44009
33088
727441716
17
14197261
182637274
10668001
18494
531465891
13555
16238
80
62
301897541
711960890
507053401
682764723
15326
31191447
747420891
321402082
51
15130
690375236
68
14898
9546
38630901
29558
743584206
9613
582993720
100
24359336
47
97
24210
254231776
48
153476149
958849289
34524
794747032
31744
19190606
15944
36848
612967942
464306844
592634419
236561326
19331
43218
24
697560603
688235311
675993781
37313
59
268393045
113582856
882072742
945362280
24
121747627
377396636
387515340
455809958
62
7648
498113841
846678393
2653
79091871
15121
614801571
109149012
858195801
759993877
41
31110
134153713
543298268
43391
146475946
32
142444901
13395
236672251
20397
207288005
23842525
914838331
116967345
4022881
305627701
21
16042
11848
374764238
45
3949
394256811
21
74323831
42
147455841
23264
44
31763
544691071
4251
54
24309
790516149
18896571
988872627
825886678
119666471
50
87541246
1394205
406244630
929632033
351871095
55
4026
32118
396266809
988455799
26
495593040
681496495
5989006
98
12105
31569
420230086
213338252
193841864
15526
402073903
718724292
3580780
119666471
33030
43252666
7160246
339746226
700549197
141926318
44626
44323
24992046
5160611
11402921
779035797
35
6438741
36
20260276
86
25866
407334597
32858
614597726
633641577
59651716
86899330
418092886
49234606
16757361
40060
275234401
433626318
34317
668682981
317691991
21210505
456353801
791068600
35337829
81
987112232
28
345342042
333859527
36
87
27729076
31091
464227669
905534960
42
854004951
602745760
23
44
359933113
568857364
49013161
72312029
62988725
662798879
909651841
30507896
6
748661
98491966
570411557
269145736
8783391
456612303
19039
71
581842317
49
25637002
986687733
4235316
55
75
319503940
698526907
926478312
57211377
168674511
15
198792595
24
127258506
58409521
66
100
365608779
682831912
705547707
321402082
14668
19
373566943
45212896
67
6996
28773
1293700
119486081
191868496
8938
73
549107465
913283365
35
571546553
8
17169
23
62
15694
102114377
469975432
30483166
406966654
49
77
233132901
140205241
88
600610156
34
17303756
387053201
20
7940752
455139705
22191
37
39
17419
612274745
35518
26
26
12
70031501
73
468118070
960774748
7
295593913
988455799
3162
13251096
348881877
803158871
137978797
29
108995195
44
32649
16962
207029131
5061837
40039
247073752
29428
26772
66991090
29113
83
114744085
739906766
243531476
28
432295144
15
26098381
876048782
2699005
71
93926526
38437
171009146
36
19849167
862438322
31389
6903566
644981906
22
698526907
32451
4967691
309281151
29870
704658417
8649125
103078227
68685051
43
68
23706022
37845883
13
236561326
86943221
897951084
687799211
80
81
90
4780231
596905
612274745
39524101
309319297
142895676
15
1592
100915816
64
6265841
633367826
882590946
59285794
71452956
851731452
2702101
552689425
152582941
18
12694
779256404
70
6438741
833368216
28
479318127
121747627
24374
14
41
41158692
153476149
82
346227876
3983
67
173161446
777135486
247073752
1996
824940205
566685736
66
96
111653501
491134491
978362500
43919
186
66
23988
64644138
790271721
87541246
75792641
14434
54870481
23059
138015237
198792595
87
25
68073981
146803273
654045931
776243556
62
128154196
409151701
961
218821881
58409521
59626386
291903211
33
72
5160611
64
26536592
448072339
583122769
112805880
89
552689425
378124306
50
2450981
838638445
156340627
20451
636035401
846678393
410645701
101615099
26
3549440
15935
101
269145736
12082786
49
284660377
170297173
36613
28
4114
37
17615
370127783
47
34662
11456
137548790
264566401
682501154
99
854655036
7348
650635481
30977
34112
321402082
84
418092886
1956
159151172
40885626
191348084
3259
21896
100
2645
94
910682081
8486
43282240
656137661
261630671
38390965
353787240
970982975
493528071
74032365
29
846763388
21450
79
73
84
512424083
5563252
885705389
902562275
78
73
41374
634286090
37416
70
16152
14
553526546
286243777
700437621
32
4598127
413718086
44930916
47239011
555844869
11801
22533127
4421276
25418
33
351166082
32214
58898757
279877130
29911
527897021
453424291
376603516
33
257932711
58
34528
867449685
93
81
794747032
42624
70058752
238695436
14
846520835
81
166167001
220361633
94
39529341
15899
564752752
493234449
530870061
128164708
415554111
71
218821881
130783133
21220
28342441
28657
40
304985752
49
13070
28
779432948
720463261
45770726
403471091
986470988
11
12
20
161455751
80007985
29479
59
1750541
8442106
52602166
65
676458912
122391523
273142861
153829131
23
4064786
268993925
491134491
374670873
13232836
647449947
23695
31346
21374051
988455799
43
57
158882751
74303686
631098469
889156198
689417982
11016
3624051
78
24654
415554111
281568281
52
525834755
74
99
36041956
130344866
623948621
79208746
401017111
74
885571973
190578025
723911940
98
139389581
222438701
756786162
12975677
348881877
87541246
40482
19
973922631
5563252
431054714
703722571
4115
36
225150025
527897021
509155901
467181
21374051
621847601
88201171
51
834831121
11702
33483
21210505
45404790
16772
13
79
141722461
20
22308393
7456421
12
15400
48277231
385072822
952689015
19
873642673
58
25220
448072339
80
63776076
163073536
13
244717589
153476149
15177
65370407
15627232
91
81
57
689366964
44463
78
29052
503910516
275234401
14318
510748715
98053435
215244481
4965116
88
88
58
23
675993781
8
309319297
12840752
61
2098
32
42025
422022965
87
43252666
40
48
57
691540720
244222651
952689015
24
665485486
164059876
45770726
172738787
823175705
657726800
985017385
20167
37
702075344
372527002
59
404532155
64836046
4598127
119666471
24653
148897036
801198171
507436324
27436
37934
35
27128466
198792595
89
818833051
39765
11
63
17303756
27874
70
214060737
234531276
4097
10908405
254231776
59
11740765
41
39298
83291671
511601700
787678435
41183
855154756
12840752
64684951
25687
54
62
298336059
84
225150025
75760621
23
1414911
148842565
52
680109600
934997961
922745768
417023288
26467
5989006
40011
62727722
26340
773224483
300863793
695946631
6971
57657952
652800521
77
119486081
910178721
317691991
916395061
2925
128164708
549999505
65102861
94
59
131054925
502031690
75
21
36926
5989006
432295144
43862215
12611
591600031
7940752
23
11608
9578
59
12955
38009
167549734
20488067
245626490
40123
283701366
680588252
63
810501744
17404
229172637
140364533
513
333859527
91
234782241
521623672
820140687
5510
11557
45
42803
18
381491495
10807
229741877
119666471
161716336
4780231
49332471
601968925
651163801
2449
675015166
45212896
102114377
682641
100
57211377
683947201
73
944830533
11143
317850099
689994382
499816743
21
72
160738215
30
63097501
530781901
244222651
49332471
4082926
112956269
24342
19488281
31
71728021
177775027
323090561
32350661
408939728
802206252
25637002
5319
13030
35028
1333
81
475200870
938983844
48134021
803040681
434171761
31
959688814
74
45212896
66
140651281
586862711
126380784
9
30
337077519
27
1725
3712
71
276821546
477724831
950209371
97
94
733860980
5410241
38680
50
968870631
696817609
100996213
101
62117056
132766177
306371943
83369266
46407405
65998351
185982524
58409521
27616
258805860
803717926
917953556
320218123
298197856
18326
10
27039
9116
680588252
584146641
14779
57211377
14463091
37
88
2362042
194595805
78
121095301
23329
960233594
18
25755
55
86
14
65
21171
128164708
49
18
2895621
998988971
71
153829131
751381241
5721301
25637002
264566401
30
15
13
970380601
15803061
958984196
741901581
21592286
261630671
11360757
38
5512641
1905
174488239
82
3928102
79
769754987
473437544
389458577
932059601
146803273
367704646
4664
15790
126424937
625769031
49
6210821
18547361
145651045
64
203927571
820384033
47
770769057
67
29929
27264
53
20
11660
818583533
769754987
370163729
27431
416965529
16
373824221
62988725
629598832
56677950
19241
367704646
193489101
134153713
467083930
5779
13718741
13
469168828
946491353
855463032
31684801
54
30220156
855491901
289442202
217220248
33
362079732
41
471532616
404619041
14197261
368245809
198486
46
3501
93
769754987
63
26508
43
901289593
404724187
30841
823324629
30
11
379376595
36
144084502
64
200192665
654045931
68685051
630819568
48
190740716
42
882552945
53
673745545
428761521
39409
4082926
480245425
338665057
44059
140364533
99
216071395
41458
74
348881877
327085627
290528060
1841
82
184641127
13733
467716276
820384033
311221832
1435821
446637581
417784509
2658
20528
44512
134153713
226387981
19
3274
630305260
26955
216546346
26339
250654531
24
959655678
537366063
33338
202114305
333859527
190578025
147917121
40432701
641291617
3199
75
52
182120996
353518181
32619
40
23
24992046
39866
9628
377396636
33
26814
12085217
22597
353952563
557625331
10334626
70
5510
16523
31288
4082926
22533127
23314
34104
21947851
802206252
20
28
45
275234401
146803273
23563940
18
848047
58409521
17141
479806967
790271721
498187405
9962681
35751
33918
49
37679
540012418
321629981
280720441
229980396
111
75
21084252
85
94
387610813
23
128164708
204547818
5
18318
846153127
927341647
255467905
8908
14151
534017485
10804
21708
49234606
60665606
20906
87592857
491992677
111469177
56
330791176
11
90
39613
97
207029131
8510741
46
611860306
617048797
27811
91962521
309388461
146995521
174963439
688235311
21781
6388
261868699
736958533
61433517
30
183958162
450710002
393
205016968
810855376
77
100915816
66719137
818806
632671881
12436341
21374051
593706591
40072
30
23928
148379362
8495411
957492481
17083930
38474
30495
520823612
452244169
87
654045931
649943176
43415
58
9
649868808
80
686103426
363921462
20304
22761
48
29309
345208110
357781286
13016
72
219790486
15538
936793530
18979
23
111469177
14047
521171690
65
82
254274091
906573107
80
11061
34
31
26711
464306844
72
18794
379577601
754671751
440657387
84
657649586
18380
89
4967691
9491
16671
25
29
8243
70031501
37007
151861037
154001576
116828272
427367530
62
37354
552689425
59
642965713
30703241
25
878
140651281
39147417
438011771
32016577
145620311
14476
166743289
21171330
985636601
572716642
745395652
174963439
675993781
81803646
36
46407405
56921901
654584533
288747384
17273
22758
189648691
5470
11
250654531
923460956
83
23
7291
82
18202480
30
409151701
79
39531
815778770
81
618246175
28918
72867866
5983
272354038
3750
71452956
30
904654780
153476149
31850401
22940
529397
43
86888427
38
557012861
302641131
190578025
96
50480491
556893481
265368252
11248
28784
36406
409151701
65
37
776673661
927491942
272963406
79
122391523
803040681
731130037
98079940
65998351
15927
3893
696235589
56677950
39899
38
49332471
20
36595
39
417294899
34102
37752926
37467
12457446
38505406
101
39838
460279405
34
21633
860232254
509106902
87
362929261
47
17625
38968
44
896048287
1004732
30803
106308567
908455160
84
91
183181377
41
834831121
28
458277943
6913341
37
432295144
111016898
22087
197084483
80
62
2997412
59
81803646
126387706
680689966
534219141
517624021
136233241
44200
83
55950281
68
68
2096
703734744
642221113
14
197829127
55
7840921
151821675
83291671
33330
815385832
77
626467747
882590946
213338252
34930666
15777196
33
555435926
80007985
591600031
35641100
34
423156323
659884632
146803273
276292575
49
174003382
69597810
194831716
876053245
685747834
333859527
359933113
38781
42540
467019492
27354
22
879163518
25479
96560647
66
74
527682461
810855376
11
962851648
94
783784531
223653105
688235311
252818301
13413
800301995
292664521
35112
83369266
43
27646921
130629422
36
115584316
956146278
1021385
214143480
560077156
93
47
40
87230923
37488
133627361
856
75
37760
822267790
76
328456887
619618916
44
42072557
398240547
39529341
396417319
174963439
32
45
611860306
7617
825595903
62
98079940
151348016
22238721
678833597
560252750
29633
218821881
38
2554
304512255
363253650
153829131
957919934
618246175
1539
18547361
16273
16867
568481549
41
577251865
177556161
335246276
54870481
53218853
294664471
48
65
937265095
485199331
721656937
37338
585877447
334068954
33261
3101561
643304377
757694534
37752926
70876377
460771870
44514891
417395560
34292
5255
128164708
989928821
763555515
66991090
14197261
949173616
37819
128164708
832872722
658225706
326380627
10039
13
790245
402895238
215244481
70
227987256
15
52
39
26133
73
627296325
529860534
552689425
19228
234531276
423010811
819574251
298814345
172227221
34422
27336
373566943
196162000
12299
6438741
37
88245721
1423
547033566
68685051
304675716
18
20967
695521
14
920193121
358613981
52322709
12741
53
247073752
651662700
254231776
49
96
492007923
17
736493308
29
714211936
38191
346100088
584191711
62
85333201
561203320
16884
6
522535065
15896
13
352477094
309319297
1
4967691
119486081
28980
75
621682426
35535
947901641
59
357761
86567816
10030
36
1545
623051177
794747032
34614
633953321
28342441
225150025
16974517
137109337
503167996
596905
22885
39
71
455672042
837762065
224999342
960703745
37
946811263
91223770
7654
29126
105639821
76
34
182637274
98
4575
20
400119981
45770726
552689425
9095
668498630
33585371
591600031
4336
21044
319764758
137989181
508837637
17956
20260276
520634760
76
66046993
5209261
28
185859437
100
721656937
22647
499321494
31219
580078171
607573752
515498257
372527002
174963439
32
26
240482646
496646387
67162176
158882751
82
40238
26
420578558
15
731386795
38536
43
406428066
50
208285358
42
20092216
264566401
8950
48
137085621
985217831
169861815
24
70685222
571424967
91
153829131
979158006
216071395
22
387468410
695946631
882590946
4326
481791806
643750241
88
239844761
23
547131601
711215372
768111596
809660759
28
41
182105
19720002
59626386
769754987
692595444
20958501
146
5359096
89
461534665
146803273
846596041
621847601
1610565
32124
643304377
41
308633855
5209261
286243777
42
74422690
936793530
51
125991256
19
59626386
43426
460913331
2246840
26820
10668001
11358881
18621
127667894
34011
56
26
334985912
818068390
201892406
233132901
566685736
98
119666471
769636169
20
1038221
509267002
18445
77
21582
31
611860306
37219
37127
28185305
16070
36890002
600
55
359238360
92766498
51257701
26683745
33
794747032
52602166
448569681
2411
84059591
846678393
372527002
751755461
34936
46
84
422883874
971971
87541246
6393
359933113
100915816
39079
68361945
10381
898786245
39397
29571
23
83291671
24
40366
56
826188811
44644
896848116
17367709
87
952678465
95
854004951
111271126
439633041
300836286
27892
49332471
24
27665
26683745
28227
725680179
70
229741877
17900
93
201324761
504958922
290363933
22533127
929778466
36724
226095157
14843
113578521
119666471
7284
3777485
275234401
86
776243556
41
498187405
526185517
43895681
36921
6452
95
14
18671941
1021385
405522881
55
534017485
586330836
15675
42325
114312250
34858
3353897
37
23
12
84
3542
373566943
309694039
38396
419326630
84694800
48
601457028
35505
456326326
68685051
6011
42071
537180323
6322
473490551
101340877
347537802
173748377
80
91962521
66985006
144084502
966539111
130344866
204746641
70
407693818
13081
53
27426
210842284
191868496
36041956
60
36542605
190578025
870456441
18579
13488
37
528340541
18861
98
160389489
83291671
793231300
72
644961870
397736506
81
469194187
74
8
31
140651281
77
61
1726
771755027
21
38
17229
705064675
46
12204
15390827
371252023
21059
77
611860306
17303756
24
445145681
573352627
212540601
30
40
588543451
491659586
197829127
897830505
21020
630839095
270372201
443749846
612156884
18806
151348016
587681545
580078171
650233740
48
34
769754987
16839
177556161
320359142
47
332122001
494420044
381588020
864228016
46643126
35
246274581
273142861
988455799
650653047
87541246
371289941
8214571
71
37576
112036751
382313856
412802105
254231776
60
940545484
12431
573352627
526110940
789135880
38865
22533127
47
15
4905
755264678
13
83291671
40432701
94
497123936
76
134810341
46
358200541
100
704269695
94610455
43068
18280
286243777
23777
3451
646358203
18469
572685621
561116876
924804422
152481609
258135957
44
28259
20811576
846431878
101
80
35
341396956
63
382986922
801771992
735817245
60
648119124
8734
680109600
209951821
216546346
213907169
932877758
22
524036361
929778466
546742787
839805486
53
575363789
9437121
148897036
273704386
198792595
161455751
27
50
85
144012567
956105537
48
137085621
526934971
317691991
12
328655636
6786
644641124
34
7940752
18163861
540597877
788418425
481008529
794747032
5989006
310125
423402002
39721231
122391523
13436857
21720557
891698501
84957252
83291671
864228016
333859527
629448771
23570041
359933113
304985752
41732
11434007
49632801
23993
42905
4114
499740242
56
20576
461994976
77580601
161455751
78
261322305
498187405
17
5
10827402
101
35
754145436
14043871
198792595
743400975
33178
41421
44
901476980
972629790
24
12
275234401
72
461994976
75792641
116704365
72
161455751
531066069
64684951
52868982
38
600610156
317691991
144329907
45
13251096
996003968
88884102
35
790245
898000608
3638
347854683
1373702
387610813
721082055
101
689232584
62117056
256799621
48
216071395
46
276961195
16234506
96
29
460279405
846596041
28
636035401
18562
989928821
25806
70876377
142087535
373566943
261417476
42
131908701
64
162459041
92
539073723
416965529
64684951
746655884
595157427
831262043
612980613
820211096
31272
35
163703043
859096549
32075
14854
264566401
82
14
12330
588532161
534840901
106308567
14
34
26
768299821
233132901
91
81
97
84067500
387700301
201611869
13018
9660037
73522765
33
233132901
59626386
78
33943
20843
638388891
3066581
242664744
76
481008529
16180
37
2081157
591600031
762270193
51
910005527
56
48
13232836
21210505
30
94
515421286
377261665
222438701
77
90
26980
31253
60741613
15686
517579673
186043586
44356
31710
698526907
6438741
41
867850681
25894
59904121
225831301
4086
84
320082445
44192
47
12975677
552970598
20
696690079
204203722
600011498
32443
65
57
89
167549734
37663
448072339
420877393
94127248
80
988455799
6210821
4415
18110
432295144
23
44
672143723
197829127
60
105271310
59
269682476
309319297
264566401
75
8333
22570
40577
128164708
140364533
235609397
44
620751018
21
4990
31
40986
87
282257925
60862166
515853625
684688332
311814201
48315456
37448
15187426
643304377
160389489
170446132
981079532
19801
487367596
3144
50
305329609
86567816
858848999
15329616
84
310144296
797315679
48
139521355
801276205
951800112
155943743
18296
64
5289
45212896
254274091
680078515
123855811
40642
970167423
51257701
160389489
188560842
635348151
69
95
41
2794
160389489
54
22549
73741662
26031
40300625
831907021
50
49
36890002
37062
272199912
864228016
456326326
920112727
882552945
65
26983
13343761
1563
397436621
856260363
56
5
987258490
89746096
87
69
31
656282676
54
5
216071395
451186565
30
26
27979
776673661
962312066
1842
76
216071395
29042
654634791
40
8103
846678393
45
159278441
231032461
33316
787391006
855154756
151642041
88
87541246
40604
3860
19720002
801615165
22894
27696
19778
599043105
27
32137
623051177
182637274
9372
28807
40
83
8
4728721
1373702
12988
10565
5708
174963439
78
14
958683034
873642673
758256457
34542
90
246934046
457333101
43690561
98
9363585
413725338
4249576
34540
80
29
13853821
257932711
439378509
70365424
527897021
27
1868
29315
862489127
38303
9610
24
685679757
26819
171207121
35031
690381775
11938
53
23902
16234506
992570085
421357719
20332
233132901
919095885
21
58152161
465217985
8495411
126078449
794747032
36890002
46
91537111
5776
32
544691071
99
20667
712531625
13067055
913283365
334608016
213338252
71
55
10077
43611
18268
304919313
153476149
90
745395652
207029131
2519
492196422
920193121
21142
39
86901494
876490781
31355325
78
26790
380524686
12896
11
142723538
84
160389489
412833856
18140
69
40690001
161455751
871607195
4682361
432295144
747311896
506004325
41
45212896
901289593
65
1383
22
23591
768752200
18775
227037896
88
59651716
54
376400337
552689425
51
472194526
837762065
78
32390
8783391
2895
18304
44201
168683932
121480932
1599
264206856
13348
53
17598
677559191
2725
464306844
34428
97
387610813
13
367697538
4421276
3247
122391523
153476149
15
25
38291
932059601
15716
86
32974
273820
98491966
32
95
38739
309319297
28245
30507896
12347931
509755086
371259886
416474157
976896579
958683034
31
44089
82173036
882590946
313941941
721656937
34899
23738716
9267
392991061
339746226
5650
27427675
51030226
526640089
92906825
70
929106095
30703241
216546346
122311652
70
83
416474157
547431580
49041337
62
70
515853625
10
28138
37015
93
14885697
717812877
96560647
149771861
29772766
32968
11
2796161
5549
78
409151701
23984
44338
882882185
402073903
27
169957416
23130031
502319900
15466
38578
66447921
102114377
236561326
116828272
683806377
971403778
38450
5359096
958984196
37
122391523
678702423
27369
88
713654236
153476149
38732
32
1
10
687954061
757247050
16136
84
38935
491134491
9691376
255722780
36
759993877
600105068
144703632
10334626
176284453
889759706
19190606
73
21556
234531276
59400021
322428985
19335
31
153829131
11716641
888642997
74032365
515853625
23130031
5160611
405885449
98491966
40291
6118
82485481
493256768
939438502
481008529
450507345
26423
623051177
83876206
91
52
174795181
16132
79
59626386
37110
25019
569936050
798769196
32
50
96
15390827
4413
525110206
9691376
198792595
577251865
23979551
52
148897036
39
137799865
5238099
198792595
33332
18
81935269
214652065
919513817
111469177
42
42774
842036325
18094
338749858
348881877
540921162
9078631
505
134926107
174963439
72
87
646299090
87
290165205
719469752
35365
16670
86
3353897
10
37644321
406233503
30158
95
948068458
743584206
98
156385461
7160246
63
820384033
170354273
24
10934
24
44722581
161226781
17822
17350
79
794747032
134153713
47481610
40
33
55950281
146803273
225150025
80260181
643402260
288720401
134926107
802206252
33360
233132901
19779
42221
36708
61
71
9959
976867805
80
765462223
133398378
402073903
82
547155418
234531276
23849
403791152
534017485
824062490
32879
5359520
827533686
846678393
610364828
14463091
22405
39995
2895621
721765
11488
709900741
422022965
30312
873642673
101399796
28945
591600031
2391445
19269
13688
254274091
60
5359096
7833
12
20741
43352
363941839
22500865
227322821
51
99
293761966
438964661
62
32281
46620936
947738279
17
326380627
22108416
10736
128154196
1578
862952546
591600031
412802105
134492261
106308567
969749300
234531276
613797339
157240915
140364533
353518181
128154196
5080
606267596
36
69
994856556
195443413
10
9198
118414385
80
201324761
297602657
7673836
906882428
77
21148
3836
79
11846
122391523
89561165
652922059
61
265368252
706187748
101
15086401
378631539
101
99
12177
743584206
11430
23
26964281
256799621
30
655349542
21
283701366
565881505
22369537
85
182637274
846678393
31568
19720002
52
24
25
2054361
21332
304985752
37
687238228
33135
378988261
67
34756
167549734
280
223398319
593431595
20011
81
547033566
735479746
35002
6435690
286243777
24738
17629
2081157
68
68
138872781
21374051
958683034
132563502
132176748
76
217088677
44230
101
5420
410041
144084502
77238877
907081121
651422335
254337009
90
101
441146586
29
26
10781
174963439
64569961
29900931
309319297
16711
188939206
14669
481258601
14731
567111251
39120
656137661
36
82
250832207
43417
10620
553794956
169362502
77
478223341
96560647
12884726
80
710238213
7276
93
50
86567816
106379421
346700278
422370373
29
16770
42
70312376
504956697
543198077
836763506
382435283
711563491
28076
49332471
1518
357918040
53
506053402
66
116828272
421453849
174963439
948017747
42
84
4138
59
729869826
21337261
571880030
2635501
13550
63466316
97
377396636
768299821
234531276
92568572
10325
41035
79
895551203
40650
678584478
525110206
16154
382313856
79208746
27896
3981265
971075035
19
286243777
32306
11262
313179946
4142
65102861
366518868
335065358
515853625
397354127
281612629
5773186
25522
334190221
192789792
91
85
8783391
103441605
50760805
38
29051002
206665221
991247694
13820
614597726
14
60
33
857762074
897470966
11153836
13
28
3906
54
18
547033566
30
971315902
17072
779035797
49
313413311
21
321402082
3481
38
98613046
401677214
628537142
695946631
66
25537
6826
41158
13
37304
815048700
13
198792595
222438701
38379
17
584146641
190578025
34360
20337241
472583136
19190606
225150025
14463091
212293271
177556161
729292920
321141258
39
36102
96334785
81
83
63
5773186
346088611
21620
650635481
68685051
45
27729076
97
707652079
26494
62
9962681
901244961
210165936
491134491
149092416
665635755
100
60
66177441
1844
21319
7656
101340877
59904121
91
648924869
192676476
458373385
26531
56677950
14981
33
1041
18663282
833594753
553526546
194831716
46835121
22
1798941
296729306
76
191868496
52
38908
134153713
593706591
10334626
27
12579779
849679237
26320
111469177
62
379853531
182637274
58
41
496772858
428761521
363438147
61
247073752
722508681
9
12765
27057
48
96
180007426
3031865
815568889
39
2391445
491134491
237304501
12
80
5495
80260181
44
95212727
35208616
191868496
56
621682426
35
748661
469330965
612589455
19265
21975
996502761
13357
22569
83291671
34952
735479746
243689041
76
795222432
79
9
988455799
226387981
106308567
653647577
186043586
31850401
10334626
3353897
988455799
873765535
13555
56
304985752
86567816
2214
697455203
776954075
136233241
132563502
25723
2667127
4421276
27427675
978494111
45
234531276
286243777
306394197
65
10
87
675015166
154466060
211120382
56
21374051
94
9078631
678006722
8202
96
78844784
38
215821
1798941
402073903
534361916
159898651
14719
50
309695017
66
627734365
21575
405285508
110508997
42
244222651
40678
20823
63512901
509250577
809575516
42
50404916
174792641
485759944
102917615
497870908
15
156340627
191868496
31
50
253461
4780231
28
8628
153829131
25808937
438760577
41
12656
95
57
66
283171374
24
11
49
2542125
541394361
996411573
279445915
479267795
607573752
40
93
186854146
41
25054
191340267
66991090
204157
29599
42
445145681
745968025
87541246
167549734
652
445145681
67
340591141
210535561
416965529
89
223765410
12318
321402082
10827402
472371567
2116
30
79208746
4452
76
40
542267318
515853625
14165
78738661
9
17
213338252
27729076
34553
353637141
9
438011771
434394967
680397370
25279
14309
32518571
119486081
19368965
96
38597
88
9047
29
473490551
853557499
52
766281065
42072557
33708
99
358200541
90
286243777
50
646215141
23738716
603979521
4106981
377700641
101340877
2481116
553459162
23
2317
83
50
225150025
11998481
632671881
24359336
15337
41356877
743947289
59
232277917
34
515268243
65
234531276
22
21374051
28
30960
213470496
552689425
39
525439015
10589
111469177
42306
116828272
81803646
15298
8642
19308
45212896
244222651
24
7673836
906252279
77280676
33
5104
35327
27
573801
534017485
141722461
719469752
49
124356957
72013411
6672877
28281
58
247073752
751755461
2405
907566268
552689425
555776716
19970445
68
16412
38630901
836181343
38630901
4149467
73
10423
32511
485199331
31
38830
5833
428761521
824626661
317691991
219421941
24
95
598432337
13
552747889
32018911
545506415
153829131
83291671
115917596
41883
15129
57211377
317382231
44200
78738661
440346525
92
41743
24
873642673
390339705
90
13
19
589934051
219899657
107734201
25918008
167549734
146803273
75
855154756
47915891
24992046
2349
11981
31191447
865969786
22233
34160
477192
216546346
62
31405
565412204
6378737
136233241
23
39
124445272
328667304
24168
6079
83434454
300836286
1089837
51994740
36135
21120799
37
96560647
77646263
39814
62
1180
9691376
4421276
75919388
77238877
41211
241790805
42971
52
16662
7207201
7148
1499785
8
968870631
183181377
94
90
95
4545101
292664521
812341719
24992046
627881011
32695
810193616
61
53
91
918723164
423141793
5483
33
17178877
664902746
24359336
286562200
37405
773860596
371975118
14954
11
38146
20893
12880
194876375
793999004
662390521
28817
22
34
99
28
15662
22
497240363
16724
290667956
408762687
71
32367
61
42107
203545613
38811
50
750049301
299658909
18
86
52
96560647
794747032
80
196263761
167549734
240027426
1610565
27620452
580692431
25
4274
16630
802666801
264206856
30
79091871
10606
3483380
17
220383594
26933
3981265
37929
315651928
66
76
101
479318127
978833311
44
582211335
31216
117612111
42741
38945
88245721
3391025
942839450
275234401
784640351
15412
846678393
43
179230047
774593014
479817253
19
16017
372113357
31
5
275234401
503623547
10194
924970394
38203387
33564
19305
765483558
167549734
188560842
186397640
221833151
32
247073752
241761807
36638
662461154
19
411185931
95
92
4967691
68
101
278740837
15
626544096
21808
11358881
998988971
55883285
26964281
448383208
642347092
394214766
51
6438741
281499878
31
24358
13
397354127
5291
706005263
49
5013321
35462597
60
31
28
94
35
21
873470137
24538
779035797
177556161
22
601956491
206472026
87
167594750
11
101340877
19628
275234401
910682081
64
73
664902746
53727346
23455
28929
198792595
473064069
4997
5013321
934241433
117612111
39293
683636335
22
514171779
512549888
137989181
39967
98
61
39
727441716
120758477
19
512756075
28
19
955889536
365
14463091
542491782
564289836
148842565
68
24
1750541
946510887
97
71538065
292664521
58
394719923
64
46
3428426
4235316
98
20054
333376
65998351
42032
59
560077156
677587862
65370407
97
101
177936410
15
59
5721301
65638685
922639641
99
4566
93741665
32730
28342441
74303686
153721487
48277231
369556861
14017
828725481
862602275
752314030
33
49332471
6784541
967147797
223221113
25
53
11520
929632033
3101561
366146
66
244222651
73741662
22
33025785
30
37
166242105
120172524
89
15280
71
94268077
32687061
167549734
39302
250654531
20545
873642673
654045931
6189
169684536
255467905
39
101
288641641
45
504
59
15329616
32062
36
62727722
688235311
7711321
21883
408388804
220023097
134492261
23
810292287
207288005
232473934
864228016
14
683947201
31
40
91962521
29
410041
146475946
137667495
7426
769754987
77
44
52346568
19
13232836
135281662
29
15649
5013321
51
375540321
692393989
600610156
17666221
225150025
39440
186936881
572685621
179087124
323063912
637520534
103962601
153829131
31433
367997211
527897021
17720
12098
794747032
79208746
197381010
24359336
38651
3319
15288901
999158620
717944770
41117
19
47
25
452631652
54
92231141
42296806
21096
322405616
22
101633225
93926526
34229736
87541246
223070941
10
67
49
27465
400119981
15
5
534017485
402790887
75
600428916
376189690
21
15
420601436
7940752
297602657
18663282
167549734
25046
7673836
743584206
373566943
254231776
18423
11358881
42014
48277231
22533127
309319297
77
483820823
196927339
10507
64039977
392292291
53
426684445
225482986
91894531
146803273
36740
549107465
586092100
53727346
9145271
42
286243777
906365999
58
44
971999701
46
223070941
18929
416821536
300749318
413718086
34
607573752
774849941
91
39854
41081877
167668502
10
77
60
698526907
205394498
65998351
56
39721231
36542605
658931763
295
534017485
79208746
534017485
12840752
845474899
79
40256
612472754
654045931
91
26964281
834175833
304985752
64
52
61
64684951
65102861
66447921
650635481
244222651
27
719469752
37760
130344866
479318127
42
251500397
66
297602657
42969
959097217
32986
683638008
751417035
515853625
35966
362929261
480473328
38767961
26
298852584
44251
66
38
481008529
439549519
39
13302
33
21
48
373566943
158793821
78
891881377
254231776
83
372527002
949599886
154001576
4869635
35284691
498187405
26
279482302
8530
162698417
182637274
36766
44311
971971
67
571880030
22765061
2424
4106981
29561
35
1
656288792
7
117612111
365859500
761924535
81
36406
34
35117
14043871
52
42674541
904954987
150237956
83293552
43469
23430
88201171
56653987
35
100
16545
49
50
560077156
6332
70058752
932059601
33
496627681
654045931
502476831
35591
80931146
19
76
947294314
36
86
497641
24996
33538246
64304605
363075167
52602166
40432701
254231776
132336976
51
134153713
988455799
834226983
895777686
313341742
5
127258506
30206
77974858
65
84957252
810773556
4421276
130344866
317691991
451481627
64
515853625
11358881
94966796
3818
481008529
61
428761521
231032461
48
64304605
118446496
382457241
448072339
70876377
11071621
566672367
40
5
17
61433517
283701366
132563502
1355
27
216546346
12
15540
5616325
216071395
391657907
277784564
448072339
26
711563491
5563252
23
16368
71
846153127
16222591
36922
75
40410
72
332779498
3623
74
33310
37
7466
99
338983317
12868
22
70
585277
62064160
353637141
163684466
70
940291507
186043586
878003711
84
16
751755461
26964281
19051
791494773
42
21425
93691958
15
71
33094
42193
35
586862711
172061506
339746226
133774269
15
390613793
244222651
99
687879928
862387515
378660462
13756
14441
7898
78
5
840217506
52
655356158
89
41091
111271126
457333101
15748
23
833663423
129988692
20
168171005
121218547
657385071
23304
266935306
29885910
26640
446888740
216071395
127813450
43712
42248
8859501
30213
653709002
130344866
38182
227921
678833597
14092
659417137
515498257
353518181
38
95
614021712
748661
664904246
13
37
936793530
42792
9811
210182738
72867866
71
200
43
321402082
842171331
6913341
33585371
979845989
9877
958984196
1818
98783861
702825772
37014
5989446
119482194
675993781
28983
57100169
972778974
11358881
79208746
