81
22760
3328
125181421
283261015
15329616
65
60
121177920
45559801
26747
44440
952260867
62
45
740549391
946655425
35292
139218910
15
90
36
25808937
63
24
27505
151348016
39786
837003236
24153
6525
125181421
902447911
33613
36542605
134810341
19685
134153713
30466
968763300
89857531
548867035
487459165
5
5080
37011
53
947901641
800578755
61
26594
35208616
780434425
48134021
121095301
82798717
32350661
122391523
452450581
106308567
56031761
515853625
37343
477192
16435112
6349
860968018
53727346
41891
70
572475251
78
944432331
586862711
264566401
39415
743584206
64
71452956
54
593706591
34363
255184756
19
572895627
566685736
747326801
127258506
515498257
2575982
174792641
25833
58
56192141
750049301
7452
140364533
3898896
626581608
17666221
182637274
39143
1728
481008529
229791465
8783391
33196021
44086
37906
731281218
12
416965529
491134491
38
15
91
445145681
810855376
10668001
57
10790
57
509155901
3780
27
112805880
552689425
18583
14396
90556281
33
534219141
75
72
17
50
228803038
15
333859527
85
8
447602936
68
62
67
839230106
18431921
37961
704486730
546063711
251500397
637615431
657945568
227938316
15
64684951
413718086
649124441
11009377
37274657
17303756
15907257
552435381
72024713
52405221
22
95
42799
633953321
710489674
22
12714
187
817962437
33366841
412871793
61
28073
72
28287
24230
51
64
158793821
2963221
939930
86
698526907
569656614
52
17666221
33202
39
588835856
28
33
66
35
76
318539881
245626490
55
19013941
236041125
29631
474196217
607573752
239844761
657470702
37752926
855617193
264566401
965910751
5
38
232902320
614799424
116828272
74616061
33
115584316
25390
37752926
29772766
1038221
410041
41
19619
49
387793348
1587987
244222651
19
144084502
26949
227483049
65
124356957
12706
38
808285113
34262
658029066
75
577251865
848075715
367012101
218898087
218301913
46
746655950
464306844
87
878947883
134506441
39
383307
72
727441716
33601
32
944641832
28318
9338
740549391
358318083
38296
2440
28
27793
97
36005
10
10770
7489
895983945
39524101
31192287
13278
26
219421941
718153327
65
464227457
88201171
22897931
357536359
24494
280720441
167549734
797628533
8732
27
124625981
30537
39789
63212869
416965529
503167996
2108185
30
500780645
802206252
593706591
19776
34483
30792
43
269145736
45982301
28
614858730
935213777
173764956
128164708
777370142
44354
146487320
48
564752752
600578326
820384033
19061
84
93
60157237
26302
144646895
121424310
15991
674058591
313413311
82
675993781
14891627
98
22
27
490502624
215821
886152969
255467905
27071
74
20958501
207288005
349505
72
478796217
22745
93
59
11058
41473
67644535
31191
25
752778405
2135446
84
828363251
13
161226781
27672
549149779
15025
379162965
37891
52
382313856
8741
30
787466657
643304377
353518181
17666221
39256
537231388
820384033
44
404091466
511264205
2303961
13633831
307880477
521631181
657812647
64
91152444
632671881
972545844
155428977
91
988455799
365322101
22
16402
17178877
71
41931
152443774
72013411
16
14043871
20998
10
6408
10193766
958984196
663023240
4421276
341378079
49234606
22727
5989006
18756
422952531
431381383
36504879
502710530
94953661
20979
61
38
83
11
46217627
846678393
99
16156
41146
346700278
40
293035599
66
12794201
662491092
839414110
873642673
879518381
390339705
86567816
505120566
794747032
856744556
43555
286243777
339565205
42335
26
98431481
47
40925
207288005
894402428
309177996
165668500
586541695
654045931
81
7456421
89
901442664
15985
54
15777196
102114377
79208746
40690001
34514986
98491966
67
37788
87
37
611085092
21
560090165
101633225
473192981
30
95
31036
42184
171701
264566401
36028
385947325
364479050
429495141
481008529
280602369
373566943
112036751
91962521
41
920193121
330791176
247574181
6790
409202946
94966796
2217
810855376
16660
52
122391523
507053401
111469177
968870631
286562200
346692344
166787342
783445507
30
181678452
1581
520823612
28611
95
420019286
54
1047
177802381
84
26
31
17536
80
973163549
769
266111227
93240127
60411065
7145776
83
903610355
73
26898
12146
497641
15730
15096
698526907
11358881
182637274
591600031
34083
77280676
50
138372665
153829131
67
4476
28338486
48
134153713
346700278
1299
173251365
39
497123936
14389
921075845
15709
288641641
21459
140364533
666302853
180352321
34389811
59
930331557
142
211666184
84
31
21955
669923365
701609133
36817
71728021
47698421
824626661
442790041
210184426
79
275233232
343
5359096
35
46
417661005
66
14
20
76363876
745395652
97
733623991
30448
19752
26294361
509267002
39
9290432
5563252
86
580078171
26755
11449
32874
286243777
44600
42
13633831
160389489
739436960
39524101
48949746
599475477
14
382313856
33
12840752
10357
28
44702
43
92
17845
998256927
727441716
36217962
44
745395652
7673836
511770689
31
23130031
10502
90
74
77272356
122391523
45
554940883
346700278
118640522
76164790
35
22890
486966576
91962521
39706
89857531
906811929
37752926
398992278
568115246
873642673
226095157
53455942
89561165
142444901
772196270
9178
53727346
27539874
417201455
21374051
29051002
715169001
547033566
76981525
727441716
97030341
19944
23738716
83291671
195768145
113718513
95
19310
37
798769196
26569
10892
23
182637274
100290906
430438247
846678393
39524101
95
72
929778466
422
745395652
25844
498187405
471190756
30678
372113357
216546346
673005096
19044
271063101
878404088
14004540
358200541
26
2418
1
28
29
833865869
40076
307994694
122243164
12436341
27
9086
216432581
234531276
11042
526153787
87541246
321119573
390548487
44509
418318321
216071395
632671881
10
853324785
18960
128164708
903643889
769754987
675993781
5160611
910682081
28
966311626
62207881
400704561
216516796
573352627
596905
497646969
5773186
498187405
7349
48792381
38939
80
27
74856125
9632
14225
718647418
362929261
15757
27875
25209
89892056
67
4545101
43252666
12
591600031
101340877
24117101
931117949
32585
113578521
21736
60
323808319
32
29
51
8442106
66447921
338181306
690857101
909739595
28527
9
466996913
510209327
168171005
763088292
30085
23
68
53
593706591
81
656455094
162364649
100
254274091
614716557
21374051
78738661
462250621
52
692825218
54479681
27
31338
663645841
80
1898401
69
943057853
160389489
77
966522062
5359096
359933113
32486
618345894
163980736
76
60
20
19623
975243302
39560
752778405
47239011
10
790010301
41338
19619
813066641
901244961
7413706
11616
82
151348016
35
347745292
621847601
218821881
261630671
180352321
63
54
79
38
50404916
175311817
44
911670339
86567816
54
7413706
34229736
27074
290408762
24207
854004951
23738716
935213777
725244930
21501
244222651
16712
66
31
416965529
69
144084502
247574181
190578025
766744038
665485486
4022881
223070941
635100735
41209
7940752
15239
165668500
74032365
41702
20811576
45
59
26389981
27
42
172061506
203927571
22
481008529
211670472
33373
160389489
50127056
369486753
736591425
387610813
35563
49902941
4064786
3542277
28
84957252
876490781
11319485
416965529
903990557
19612
47
16690850
425749243
80
41
20684
674601226
503910516
98
66177441
991201034
103805836
24
534017485
23902
95
280720441
769754987
434171761
11548
968870631
28
898679071
11420
163190945
503167996
199628212
652404901
72
1507
57
42610
4682361
15329616
5774276
14489
313020985
13659
42674541
61
19849167
24064
25378796
20
59
42296806
589206938
115525541
929632033
255467905
29
855154756
89
128164708
280720441
35946
71
497663761
609290827
248710388
346700278
75585162
247073752
87
29
75
91
44464
745395652
4421276
514437561
137989181
12704101
412833856
33107
395654396
565452160
597388609
11591
75
988455799
169
51
23
346258551
29269241
20
18
30066
988455799
9
69
552689425
22966
13134
41
16701686
621682426
959097217
27126
77
949495646
74
49
33187
7312
24167
536340685
17243
84
64
30
4421276
42835
2198
2236
14
82
1499785
30136
23738
12457446
278522531
552689425
105271310
949495646
46194527
560077156
47
190194181
60
790245
743256602
714843805
52
11
4875
43138
31325
101
36
92
80
9078631
51485851
182637274
36
703722571
565286
312186441
51
10
362929261
18110
92
23493
89
23911
304985752
373566943
96560647
89
3857
530227488
90
67
23
26139
53
41663
37
139760145
39136
958683034
261497062
13
2027796
90
958683034
188939206
759993877
591600031
30344
387610813
516560410
2081157
833835004
775851258
145777819
91
297461565
45
9791
241435626
901244961
901244961
15
571880030
93
25189
891881377
815859092
22890
71
647449947
30840
11030
85333201
38
13343761
5309117
7413706
11546
4055
133252233
901289593
623211094
1743
18240
190194181
523253197
37286
26684
5076
144025134
38
38
76
50404916
85974802
1216
54
20370
761987346
474434461
9
19
84
48
57
50
534219141
929886262
96560647
384199641
767260784
737849942
25
43653
609617534
847508231
3619561
29772766
52
111469177
17535
9136
131908701
200860991
463379956
974379181
933605602
978833311
56
975968015
91962521
21584
333859527
323219857
28338486
5
794747032
958683034
11166
158882751
27
26964281
54
47
83
25182
58
171637773
348891271
13633831
11236457
968716875
85013601
32016577
627190977
75
630113138
236502904
34838
313941941
84
87
928868583
971971
283485878
12
28
873642673
93
42859
25637002
3267
855154756
61
16
783919040
37843
55950281
125181421
772415581
72867866
174792641
1363
185859437
41402
749645899
347307063
423537945
244222651
146475946
37
22
212551277
11998481
35592
38784
5
720198192
362796841
968137203
13
87
12557
140364533
321402082
416965529
65
419
148897036
28099
408332186
99
19703
680314863
96129236
5682
535394762
5016
571880030
11009377
47239011
694251321
81861381
958683034
158327441
46
335782865
136310583
32979221
462893787
57
996129159
548957661
322405616
600610156
36748
808730560
560077156
301897541
46620936
161455751
958683034
387610813
77
34395
26
245626490
428078259
700490939
121204272
908958703
100
86
4421276
58
41443
35269
315146367
23
197044121
49332471
467716276
4917221
86
610435072
25386
24992046
31533
698526907
31047
172227221
117031030
59
318539881
30335
833117823
82
55468645
55
93240127
664475656
119486081
77
51
641158999
47
61
8565
32
855154756
2275281
25637002
48277231
67
461994976
31
12
59
44033
43410
285129391
11
18451
4425
29772766
33
21
6435690
869381706
223369064
514117782
243045496
34289
55
54
7624
78
27853
76
864228016
86
20260276
41
348881877
96
456016095
71
32682
550215281
852571578
14815
424556807
2821
473854554
494649752
94
21211
29
7413706
98
187461
51
56
245954531
11486766
19021
315829183
43301
58
583494235
51944180
13669
477027683
688235311
464
79208746
24504
65
22133
300774262
412888156
5881205
628828201
71452956
188018481
542055669
993664001
1587987
11
34389811
94
611860306
1474
804441
131908701
83
69
10334626
868952196
53
72874121
33
12021
23
13619
40293
244979537
873373286
190578025
40534
992576534
708871198
761385101
18939
151348016
508895157
46
31256556
106308567
420403035
24607
846678393
38
40
448072339
978833311
115525541
3542277
60
47936011
8214571
22632706
63
29
109750160
96560647
26338
65
31
864228016
1
4149467
17
49332471
147917121
93
125306187
4476
699441965
198792595
133196305
893808688
86
44031
10955930
64
45
13685
491468846
156385461
988455799
22
59
28497
76
5461281
683584167
172910918
138872781
49
456326326
43542
28185305
7940752
43637
200192665
296729306
811629281
18585
540597877
93
39160196
151348016
988872627
125181421
26
34849
31974
157963185
70594001
205320697
18
929632033
4681
757079399
31155
134153713
4249576
93
22
37
29
165668500
111607502
516677870
20
636035401
5359096
15712
14985825
39676
31
76
63
40
52
64
404090730
172061506
21337261
55
15186
116216478
198792595
71443386
96560647
14041
19906
12777
1168
428537
203927571
333859527
5359096
92231141
10
901289593
9
216071395
9877
17193541
511788232
848074381
637009918
50
76385541
11
174279561
34363
497123936
54
3350
56031761
764057492
38392
529420256
210165936
620984853
477815498
180352321
29
32
25
402073903
744610897
63391252
774849941
783236701
31709
616836051
552026259
3542277
24827
74
67331651
81
69193366
48
605187232
566685736
42
20115
450657433
30
682641
16044
326142834
698526907
191868496
159278441
20708501
652404901
77
9267
146475946
7775941
6
777271637
62
2149
209951821
1274197
926914109
63
10668001
63391252
40891
448072339
30507896
16542065
273751566
955889536
13004
473490551
69
290889411
321402082
59
382313856
31
28
32
32799
985200135
38
40334
63159210
755572840
87
44166
699441965
91537111
963922181
233132901
38176
180534277
21947851
20322
807532094
396544841
114744085
190578025
14
16177
98
48
1347
138509827
74
1656361
2332881
1
793626506
58409521
182120996
810193616
14043871
12832
727441716
585094108
37871
51
70312376
15
29089
32426
657645830
12516
15224
134810341
26702
333859527
429141064
198713751
4780231
8238417
1848225
286987380
471564764
14
285845197
6320
24291
653035724
16418
837222751
15781
28
48
236561326
21374051
416965529
4681
846678393
22050
21374051
74
3548
2141
431613599
518689091
497123936
90
264566401
36094
26315
793097482
70
19608086
618246175
56031761
30380617
40790
275932385
900648318
24812746
111607502
40
12457446
31650
159488277
125595016
75
34
164689456
67
22
244222651
38752
153476149
18163861
59
32130
28498
15
17280
98491966
76
12457446
17437
20
301602872
877345995
864902246
54
28342441
28733
951817365
870107933
5383721
42473246
18034
975243302
802206252
403716545
91962521
101
119666471
733813081
24
481008529
84957252
24625
45349525
497641
88245721
846153127
28
9145271
76704472
41
394765285
11788
27277797
783617013
374015480
959097217
204157
59
271755177
466
451275579
18
662390521
669946236
31082
85
264566401
43472
2083
20917
58
323798189
180352321
201324761
6
42
59
19493
265306565
83
85
532768835
23284
855154756
31533
39044265
96560647
27
819574251
25637002
110780703
9073261
211120382
30
626671221
957492481
159764046
356930400
3763
284414781
243531476
545468963
376590119
930485176
38602
45559801
32164
34
35464
593862133
73
988455799
425749417
7970
158882751
278084234
571880030
102715701
79
119666471
14891627
26804
23672
85
14004540
304985752
37
100582335
67
14463091
305661114
41911
44420
5309117
15818
557276223
742255609
16328621
414
214060737
50404916
751755461
167549734
487367596
9393
335984944
174370939
159263026
177758731
265368252
10668001
5209261
675993781
98491966
71635622
297602657
71956430
776673661
786577401
680262650
24276
32
77238877
83
34
29674
27
82
20892
648415272
739198845
93245901
66
134810341
32
905315372
22
529420256
38
240027426
17414441
29
51
776673661
89
36023
382313856
589947867
955292379
115584316
227477788
401190166
41476261
8
4038
39228
38513
11
31143
14348
41
712597533
81
21374051
981752136
10047
13158861
606341890
30703241
83793878
87
123536121
33585371
845119420
355395861
169179021
787188597
13633831
32
846678393
35453
44061
57
856357997
14490
79
529420256
983819087
874979590
149306731
43
774849941
41289
790245
785581001
2195
485199331
339746226
53
174691567
54
110022941
27978
35641100
56
61
515853625
24
358692418
250521886
2864
870666053
27646921
323960625
807878194
29754
29
535114780
40
22468
986487785
74303686
8369
485889976
101
147242235
46
279445915
99
7673836
82
23941
994530490
885594481
295904451
786045677
34744
361104389
273820
62
66
551752377
940743406
62
6929
123378766
39
83
369556861
42024
32
58409521
236561326
17178877
23618
473
98
602496786
49
61
899169283
31
33
207288005
323182497
477099069
484360179
89561165
820384033
117247806
198792595
13049
55
10726
5203
523810867
102114377
335246276
16323
276821546
74
464306844
36031
15187426
620645576
13158861
391196969
121747627
448444260
245536024
671831584
7673836
583915829
169684536
244222651
501283388
794747032
383346522
703722571
14146
43
216071395
91
29900
1873201
27424
81
37
14302
15710
12676
198792595
646215141
333859527
4402
485199331
243531476
424031231
725694358
89
15773
61
55
9437121
48
29719
166695376
309177996
3697961
855154756
5007
50
56
66177441
715871480
960661752
60
46
121747627
134575144
422022965
11571021
994856556
16206
121949458
772067717
42688
10334626
71
309319297
267763132
14
828363251
595457072
23
654045931
35
190578025
168674511
51494752
67
34
439827011
36724711
35
94432119
210165936
27621
549107465
100
246906
22559
274976646
7175
144708286
363637297
4082926
579088054
222796713
49
340641320
77
152219941
48
88
21849335
34389811
552689425
63
22204
18
806718263
14
69
729790971
732830141
738860377
16461
93
445757658
140364533
23098
79
66
90
11009377
873642673
939930
27
35688
57211377
26389981
68
486676705
82
91894531
4780231
287280401
23512
50
225164374
37090736
27666
31054
567011761
7331105
250817071
174963439
828363251
443926433
12892
184336482
117612111
8
82
25776
100
98
52
805552591
873642673
260580010
44930916
33585371
125595016
164059876
725783585
15493205
30616218
57
855154756
901289593
829222180
958683034
57
41057
12026
199370804
192386601
3661
316204556
913283365
243531476
745395652
58898757
733813081
86
4285
158882751
372113357
54
629654897
58
416474157
750049301
182637274
31
11009377
10196
20811576
52
106308567
225150025
252570104
23
798769196
101
101
428761521
13704971
654045931
54
194543754
15693
355290937
571880030
85
464306844
49
160389489
20811576
81
39
32
594055407
469194187
13991
341159051
244222651
74825673
7400
17
422068812
20532
14
3939937
359933113
939438502
719137255
92
177556161
82
33
347258728
448072339
586733659
19
1105
34
3844
28049
29
50
64
322695594
34613
69
72
329219458
30247
1373702
2633
7160246
484833622
298497878
498187405
203927571
144708286
346700278
569568133
448072339
13
153829131
940010663
245685965
450507345
665485486
36543
25
631670747
210165936
368873712
20271
547033566
817388901
9691376
101
653
33956
137989181
9381252
1751
126009521
65
62207881
457311
9658
108586730
5828
19300
1437
10989811
815709052
793626506
632671881
12
39830
44
29372
38
632671881
37838
82
998988971
85
180534277
377396636
540597877
30333
36289
21754
31519776
94
99
337424573
40431041
28628
22507
883518946
373566943
912798516
428519948
39
302292330
93
4294
402073903
224413962
554524384
362929261
100
220437295
222659697
134153713
882896967
42
61176831
39
5
28
174963439
611860306
958984196
25
381588020
728039598
548664708
320082445
4350
23802
3697961
36480
1508
82
13
52
237937876
994673685
14087
52
882590946
962312066
31
39503
216546346
96
22047
400119981
515421286
745395652
45
63391252
98
104931313
22012
452315480
929632033
448072339
286243777
9
50
12063
67331651
824740435
52602166
28938
62117056
18695
295102748
83369266
23220
410422132
55
42674541
255467905
74
30709
100
197221990
174963439
600447485
26
35681
18077
366146
24
680213815
57
202626374
268993925
26105
96560647
21720557
558011741
78005599
80
239208005
40
321402082
83
1107415
12579
205895825
30703241
951276194
52
6
58
96
30
628828201
480245425
38267
517624021
20817
619236457
20811576
2699005
81
12000
47698421
56
30
4919
899966872
20842
397354127
14489645
373824221
708587731
3101561
120500026
359933113
915013720
57
82
9778
18
359933113
85
94
12457446
207288005
58
23
205320697
87
44
8147
90
919688388
534707905
84
930033061
75
35597
285706824
54
97
27
692981731
771945865
82
708587731
73
745395652
22632706
29
85013601
98
496980809
71
909830947
234531276
669758397
229172637
21
658029066
75
179481601
4700
423125142
95
32937
3762
723319034
42
99
52
834459837
55
66
823
6895
209805292
533937571
72
45212896
978833311
621847601
25
14891627
2961
10746801
344146166
161716336
215837986
17178877
65
385425023
40690001
232902320
325501
939958371
23143
198792595
28799
34764
864228016
38347
83291671
637615431
327606401
6524
72805088
512146082
115584316
17088
871620495
88
510740101
184251046
69
8612
2540
868869966
625674427
75
3483
31072
12906
548041770
58
864228016
97
76
5461
870902858
611860306
37
258457356
20115
946309421
43856
668682981
981
12
188018481
21135552
4780231
357873141
4082926
34
4753
4552
21337261
9206
20048
41
376400337
58
628750873
321629981
705966570
301897541
688574876
46
531919925
675022049
10
22662
20431
26294361
64
23570041
8651
83
29
19221
698526907
75202817
18088477
19370
18452
24509
44
43
67
428537
167549734
63391252
998227436
38390965
97
32
201774019
407624596
884224188
26014163
7
419573425
69954917
768299821
558585729
14391742
180352321
5
17671
769754987
641532404
213338252
7197
7160246
317002281
124356957
574775614
103441605
226387981
27996
66406558
678456096
481008529
49902941
737750747
373824221
14347
91962521
576108037
56921901
95
6669
779280806
82
89
26202
293069257
53
13530385
105835801
254231776
39267
30562
523893842
65
38
41
863003201
727441716
26452
706932679
633953321
111469177
74
878820124
43486081
74891666
42378
69
721656937
978833311
534017485
330791176
49
82
23165220
993731236
15885
8169
785303149
727441716
69193366
22092
34200
12021
56
34404081
233115613
101
55
572685621
46217627
62045893
439633041
275976497
16
24992046
68
16007
43132
817513010
565906171
939438502
32
205320697
415554111
1274197
11923
38485
56
41
131481351
37492
333859527
35
54992714
13232836
234531276
493528071
67
2763
8592
264566401
939776791
15976
987852501
540298421
39
27291
33
92
628828201
42296806
8
512699709
9
1334610
97
37270
591227468
757280918
8600
16701686
276821546
15907257
68
339746226
349525121
373566943
591668157
54
86
698526907
257932711
94
13057
315469637
73
32
33
78738661
88
26154
30
39913741
663645841
9595
14
4082926
20157
41
53
49902941
65
785115766
416965529
78
16701686
83291671
36021
58898757
21
41
51
768299821
48
632671881
443189078
621682426
509267002
17666221
99
16748446
64684951
736560675
39524101
26231
645596488
44005
21
229741877
591600031
40711
87
800191337
27
1610565
607914099
698526907
65
695546566
69
34652
62
35
237443523
571880030
26254
39
87
24150
879518381
43173
760884155
611860306
27
48908025
327538265
38791
649924276
32856132
485199331
5147
910178721
39957
140364533
201557799
491134491
65907696
26681
42216
89
21905
64
374894310
62
48
42
2824
20778
18284
31793
20215
863925253
464306844
36866
99
77
547785487
38151
448072339
101
186043586
736432415
67
804441
26031
15316
86
367233138
732
57
53
79
32
16974517
67
80
41
910682081
54
774366339
52602166
153476149
497123936
43083
23705
455408847
34884
688235311
359933113
953586432
326380627
492903308
38810
150705017
18
29
52
12
153476149
1092
234531276
19
304131972
445145681
584276093
44722581
16107
67331651
842282707
402073903
207500100
19190606
67
769754987
69
158882751
503167996
341396956
829801810
284414781
15
96
224871921
36
333859527
69403541
30
283701366
39156
2108185
14336
325695529
92906825
10086
15
373566943
42272585
67331651
14587991
289429276
649924276
30
57166551
742986770
140364533
148863695
20
44472
533988259
528152864
10207
468198021
41
2963221
286243777
78738661
828452532
95986558
636035401
48
591103508
13232836
12
70045697
77238877
6438741
7862
23434581
26
26389981
135090737
615852966
18838
68
113582856
14500
6438741
719469752
264759870
2481116
93240127
81803646
68
31
5529
89857531
6154285
31578
75
119666471
7519611
99846045
838846893
936932465
82
16795
8712563
10455
50066618
62
485199331
186043586
297602657
13783
6608581
487345
19190606
297602657
498187405
244222651
75760621
816605840
803040681
96560647
965982815
611860306
26964281
21
52
23
70
978833311
134810341
2012
93585801
461264311
996502761
25
82
216071395
71
109750356
357781286
30
347889280
91
12
503167996
12560
35
216071395
20729
30883
3136806
429497741
35786
56
348881877
18612
22500865
548851737
20260276
939438502
31
751755461
97
769754987
36054
515498257
61
96560647
39127
91962521
45
517624021
18986
20796
23570041
51
855154756
7
94861818
83112745
121747627
30
32
6435690
94
14463091
41092
57
673005096
882398783
785115766
18
777996056
514437561
2168
216546346
225150025
95
846678393
43514
2583
380809736
32518571
5616325
5259031
96
28342441
80
660236428
513378321
11434735
51
992256139
3116
41278755
97
74
4278681
4619
105271310
219421941
913566940
261794285
872886090
729087575
675993781
66
36
111469177
4325
23
26
17178877
7673836
924422088
182637274
21
72
983383857
5857
855154756
86
51
51
80
30592
362929261
72
152582941
24088
951050774
806289410
30817
17
344291326
33928
8104461
301897541
3697961
457792855
92
515421286
951091437
42
479318127
42315
38
10680
267409998
77580601
79
16993
229741877
28
600610156
245187315
12
711215372
15969602
512469469
451478266
9
45212896
219421941
812787315
376601481
88901821
81
51
392832186
257932711
539923806
798769196
44224636
260131
448072339
970763220
498731540
137989181
873642673
811458517
43
39857
79
371551573
70
521631181
343692117
3981265
769754987
1985
98
30
40102
107734201
31
658029066
172061506
103441605
38
965534091
12259941
62117056
45
498187405
729790971
529
425439076
769754987
140364533
317106415
36205
917551530
37090736
94
854780948
30110
31767
893228876
1216866
98
10
26294361
26
23103
31
302216867
94
60920861
883255634
208113039
806445421
25
128386419
129781181
7160246
20811576
31304
26442
180352321
515853625
879518381
43974
36
30
1
698526907
36347
2232
182637274
32909
39075
599557602
69581532
89
167167001
80
84
116828272
258934534
399577431
35638
9
919964541
96
72
1178
106308567
969059053
115584316
676286381
13388
9691376
273018753
511527464
12457446
11293
86
12704101
248225692
99
36323123
62
15
47
284744752
49
194041927
11056
500243717
84
802206252
42272585
434242689
448072339
31042
69193366
27980
262959351
399512041
174963439
751755461
20
6850
339746226
402073903
14768
39
191868496
13
521631181
16818
32183330
96560647
44
591600031
21
725615473
25
190578025
14928
5862
32018911
24
73
362929261
194290808
30
768299821
134492261
3066581
11233782
497123936
9691376
34
105639821
162698417
307
95642561
5812
31519776
94610455
119666471
397354127
40
91
21
21
224261961
29
223070941
87
167549734
16954
56031761
515421286
116828272
21352
96
39
275234401
41994
779304441
749252330
4046
61690920
18785
3391025
92
973681077
151348016
48277231
173913424
6733
26
531534073
597811582
70058752
44
774920745
13158861
43588
695691558
298197856
28280
12
809354612
868095348
77
42344911
571880030
41
21357
46
36
43207
8091
11009377
921075845
794747032
482384413
25
109658026
97
161455751
32737
67
38
66
9151
364556212
4410550
14686781
216071395
8262
111469177
95
104170921
37
947901641
36787
33701
24723
14985825
54513681
12345
68
924964030
94
63
14004540
207288005
32
456326326
91894531
120249767
6438741
3658621
139389581
275233232
134810341
94
1414911
18
19705
352812171
78
461994976
448072339
58
19
105835801
26024
881972713
151348016
32
571880030
321402082
456326326
62117056
98755447
18852
469194187
65
21162
37704
14
764400460
225150025
20
224261961
611860306
51
29419
23979551
989491066
110043441
83
182637274
254231776
382357768
71452956
896294877
394765285
55
418092886
513974948
309319297
33
156340627
216071395
32697
10
12052
283492311
14567
44
240482646
3066581
464306844
40478
22664
936374127
242477979
4917221
446952654
75
32795127
283506894
96
25839
22529
150237956
27
7784
552689425
10
33025785
49
66890776
267231931
25
316235340
765233304
416965529
30205
68
31817273
32795127
791087499
11
567011761
17193541
836295737
36890002
40828
106750512
164226449
2303961
571179509
15760
286243777
46
225955706
482892670
32479
79208746
552435381
667848266
359933113
922165191
226387981
172061506
32436
117494686
51944180
53727346
164059876
26504
735479746
256133186
33
481008529
18
33919
650635481
15440
1617
15671
47
791683761
412579838
215821
76
686545480
13633831
534017485
628828201
82
172061506
64
41055
124356957
19
123127061
153476149
262172765
21
11
49
20097
91537111
30220
191868496
602784280
25645
221302656
989928821
395
27011
22880
227921
769754987
522024027
3777485
846153127
21142929
779035797
673005096
20671
464910028
21164
20958501
203927571
21605
46
111469177
29988
67397993
3093
213403842
107734201
405522881
682
464306844
51
34055981
287601877
41
613465941
717490764
820384033
438572960
20
116828272
37984
815500348
34
37
299027394
401780198
40
763729555
7796
88245721
654891830
3256
37308
620645576
17455
18678
851340586
14793
28
473192981
34754545
491134491
20230
9290432
27
161249223
31280
15979
62117056
16
29
286243777
920193121
40
12082786
988455799
51
353518181
98166023
515421286
153988170
613336384
919371191
109658026
20202
670304131
21210505
23
33021
47239011
873373286
90
97
321592043
448072339
520823612
36
881549789
52405221
46217627
230002698
198792595
41873161
144708286
28565
140364533
254231776
70
254231776
717812877
954730011
23750
95
6265841
392991061
593706591
167549734
27877
101
7526
10854
515853625
65998351
729187424
700743656
21089
11795
322014331
78
1216866
26343
25619
209951821
442790041
13
87
309177996
36815
27022
3
952317189
764433897
224570406
734829377
333859527
216071395
348881877
477214431
307591783
15699321
632671881
9201
35
604203599
837762065
31425
778566502
36923
989928821
41740
448072339
57
172061506
39208
42688
807240200
36
36890002
87
18202480
820384033
867449685
245792891
57
404656411
39714
87
35304
455214030
432295144
30501016
59
15329616
159764046
26
111469177
25
52602166
125991256
128164708
26243911
114399469
41998
752938367
42072557
10180
35447
53
412833856
213338252
43252666
571880030
323960625
445145681
718690649
3939937
29
918891054
988455799
72867866
810113864
5
29
35
84
708562
9030
10334626
974250320
209951821
10586801
233527841
13
25
91962521
125181421
100915816
31684801
621847601
26512
81
91537111
41284
78
111607502
18853
269145736
407624596
68
68774768
21374051
96717336
25024
14463091
392292291
23
10
91894531
65
10965
5259031
392292291
895307925
8329
962334477
32
207029131
234531276
53
15913
100290906
7186
267359109
358200541
21084252
263330219
63
48
96560647
19
13620
133627361
904301578
31737
242403085
538110980
767105810
122391523
56921901
531010934
21655
158310185
151348016
675993781
695946631
28
12
30043
465422096
91537111
870901146
6913341
10728
70058752
17861901
128095731
18144
958683034
6154285
848238724
713849501
22
5160611
79
81729517
36160
153476149
242391226
676286381
51
442405492
298935361
1823472
83
542031328
23045
522963981
25637002
580806936
7
96
138872781
880311804
794512885
17243875
120786763
18671941
5721301
945944616
38469
364997039
31009
95901807
29474
880941547
18536
424815756
4060
77
497385363
93
521631181
187107320
26
47239011
241121661
134153713
68
95297696
43676
964838353
23
93240127
40
18413
132563502
859242400
35208616
339795905
97030341
423143973
650635481
85
212980619
38
304307403
436110130
34554781
53
517116082
19
27
819985493
75
13599
15
498187405
48134021
35445
419221
72
9433
29809
808919099
828364894
756082230
6136
534017485
887375720
544235695
12085217
132310852
298935361
3898896
50127056
532722515
25
19
12078
594591405
95
15191
125991256
79
1254891
33063
182637274
731481423
54
53
38967
373566943
19875
322014331
37989
37
104170921
27
462723253
174950235
36781
28339
19608086
49
739198845
106308567
998811338
962973868
141546197
43286
695946631
571880030
359447967
785115766
515853625
9691376
47
204821131
657274014
252158775
253478976
359933113
10
425920846
7940752
194595805
13186
86
55
131481351
8214571
64
95
1
836295737
15771
44718
24992046
15984
1627
427537608
528340541
24806972
470790490
225749047
26964281
62
60
25861
25
79208746
31191447
25886037
770446221
302158065
16398
14836
428761521
24052
66
56
82
31916
1543466
36041956
35
51
476490031
628427692
399636185
367859052
14253
51
5989006
383189049
114354682
14043871
931147356
183716985
40211
1
779035797
28538
115134371
71
38
423619102
5563252
698526907
271063101
346700278
265368252
521893065
21323
499864293
23130031
654045931
46
580692431
18
43
19190606
26354
37648
4822357
64
580078171
11
563389098
37746
515421286
197796664
80
6210821
275234401
407624596
788642168
4598127
103962601
44293
8
28018
91537111
27633
37221
10666601
22
160389489
175311817
38386216
10009126
23
4100
16542065
801606847
97
571880030
867400290
38
96
498187405
737849942
681413974
98
949339120
924402356
177456046
13633831
226387981
32073
96
912076598
43
508103926
48
43252666
49
21337261
627881011
90
30
60
83
41670
65370407
101
464306844
216071395
51494752
76
752778405
52602166
791683761
878389172
296851450
153328906
198792595
32
588773525
1656361
6
35208616
43126
41630
274454313
240027426
42818
95
60862166
244222651
423883461
371259886
988872627
49
247073752
40630
128515717
305627701
547984165
521187946
7639
2054361
83
131054925
64
903156663
3125
40227
48
905594799
24
146475946
18671941
83369266
55
793215299
298935361
118686845
103962601
344291326
295840536
100
378988261
35924
9
387006590
8214571
34
85333201
77
29638
9838
370163874
266887216
29247
983360591
121095301
9
907081121
5269
1226
6550611
697479474
39
37914
34826
417239572
1606
40245
160408350
278
34201
69
12457446
100
416965529
410507537
80
126841265
55
785115766
31907
71
7844
40
227322821
857414521
20
229791465
313413311
72
325681690
90
122311652
63
365209217
40
309177996
107734201
387278971
545792941
55
16145
988455799
21
17083795
47
27
974344150
229791465
276821546
26497
7
65998351
34
790243763
992983611
44
87541246
539626372
867180746
4249576
85
33315
94966796
86
42072557
22
362256811
69840837
161455751
7115
39
43
17
19
695946631
798769196
21455
17749326
90
9
14063
928912525
673005096
63
703722571
72
99
63
86
920193121
957130478
43783
497123936
46
614597726
60
10428397
115584316
103085405
41
385762534
12403
769487549
12
414635421
216071395
232675280
908
23
39
20533
89857531
93
13565
29
18163861
40376
286243777
6989
49
90556281
10349791
531584097
84
862952546
45
27
43660
900662707
191868496
144708286
37913
100290906
11375
682458686
5935161
1679581
15034
43
864228016
746991436
68
443680572
70
1
75
82
32016577
33
24804050
37
28362
183181377
17
319047462
79
21
69
2997412
44588
86
695521
71
940284798
82
17828
707276341
9691376
527
1848225
8084
21
14294281
71726982
37418
4106981
161226781
735479746
47265457
223045352
77
41012
156340627
1055241
91
773457995
29905
1293700
735479746
573633208
347889280
37023
873040986
77
563386632
28
216071395
809092497
90556281
10
21671
53
905180093
244034184
50
137085621
310901361
474219781
65
29
145060512
122391523
93240127
258132965
901289593
358200541
86
768519105
10827402
51209671
833069155
391231707
242403085
19
278740837
481008529
47239011
54870481
373566943
166695376
330944628
258776728
23706022
26051
10594
25
552689425
815946450
271490069
3229
123855811
59579079
208703615
61
68
13
241761807
30992
39196
31
2960
4598127
960574831
91962521
350344961
871843382
102114377
160482557
965371297
7
44722581
233132901
911730162
740549391
200860991
41583
827353367
992127315
70
178652539
346700278
63
14
54
165668500
70
21
19947
177910272
94966796
448072339
9
416139511
37
802206252
25094707
17
41339
274864193
286562200
428558606
491134491
643304377
74
677559191
540597877
330916622
389458577
448072339
81
35205
88
27651
182105
28
15228
344291326
990233905
74303686
77
791106569
10774
79266813
19
28284
362929261
577
67
756867092
159222290
29638
4974
99
42
40432701
58409521
23359
820384033
286243777
2962
77
35
261630671
514437561
910178721
40433
11
17830
32207
614418759
5
487505426
60056942
685229602
390151136
26806
15
28
455015364
98
146536160
23243
469566902
745395652
601401219
66447921
51
30699
36028
445871845
344035742
966836221
35
136229930
49
5
70
28544
28
204039137
10044
61
15424
38376
98
149626463
36
84376797
30
97
721656937
1
4708
650635481
257932711
7940752
17193541
168042281
32
627881011
18856
204089765
20958501
19
958683034
13633831
82798717
34579017
397354127
22540
527897021
29051002
26577
567011761
754065334
15456819
42470
21
91894531
13005
672451481
281225102
41268
7413706
408230589
245626490
978833311
254274091
184365
346700278
81
552689425
876490781
432295144
275234401
651171255
7535
2266
24
10062
94
67
765
16
42653
207288005
1
19
17193541
40691
82201971
3038
891881377
32
792102996
32
359447967
60862166
571880030
612664288
15
111923300
266917
109658026
459207007
596303427
82
141722461
101
3317041
349477664
148897036
635170167
101993201
421456295
16107
4483
169362502
28462
493234271
81
68
6435690
11153836
29
216071395
3737
190297827
11358881
9575335
31256556
29740
72
29
7986
83
35
4249576
65
26
965136600
901289593
934913603
18957
103962601
96
24532905
873642673
553547667
40885626
852761181
38658
75
705573299
5989006
84
62
320855591
599273207
17
167668502
95
975857903
199628212
56031761
873373286
8326
93
894002543
17178877
739881601
240482646
1
729111063
51
42741
37418
78
359933113
30
5989006
988474114
440763186
112167388
1587987
373566943
31
142895676
788861361
91
989609309
25378796
769754987
315469637
10908405
786583841
769754987
46
222615566
75
128164708
276821546
781834726
35661
611860306
106308567
755514121
9080
873642673
560842278
146475946
818037911
39855
10
79208746
40732
44
9078631
12236
29
59
837222751
245626490
10103
35699
28981
16974517
846678393
33
180258908
1541
333859527
79701832
43660
17
257286880
83427566
43
70
34
101
87541246
660825105
580078171
42019
23485
742367027
893228876
50408160
94
42
28
30
745395652
673745545
397354127
220023097
488390761
50404916
966519588
182637274
37241
200554076
254231776
445145681
988289866
641590850
7099
4296
675993781
727273621
738591291
988455799
636
910178721
621682426
501374114
35
377779000
695521
919869551
20063
454845257
35389353
314358574
8681
33
86
929632033
372527002
6903
856812113
605159937
81
26331
967473713
28780
93245901
620649926
227139989
368094055
993212165
34305
80
29
189648691
66
41693
18774
65907696
37
3251
330230661
654045931
9073261
32378
10668001
2029
58
22959
122391523
23123
27704
693416699
56
10193766
70594001
284210257
1742
26
3945
614597726
15187426
895909065
83
89
134810341
39003
59
36
85941349
985594635
495593040
66
820384033
2099
571880030
569710426
294528521
5976543
910682081
820384033
36808
13
37829
36542605
37041
35
139760145
140651281
3589
32098
21669
81
6210821
72
391399277
291614821
12
41
978833311
29772766
483471252
745156993
284660377
12445
387278971
955889536
83
10230
223070941
25556
230961843
148808554
25
31826
659472430
591600031
1333301
25094707
930711374
157975892
175754434
22
321402082
93
304879225
321402082
16171
9073261
2763521
74303686
919513817
18931
861456961
31890
33
1534
288641641
26
910682081
464306844
70
200860991
21
83112745
23143
778200685
30507896
571880030
174963439
264566401
93
10668001
721656937
14879
15668
689086421
167549734
768299821
15
46217627
14832
39
3740
35152
10908405
16222591
42590
90223761
448072339
10039317
20007
257932711
64
45212896
621682426
86
64684951
86
8859501
59
698526907
434171761
20114
26438
424507516
24
148897036
887543208
621037169
397014472
436594651
215821
67331651
22131
810986823
551993194
951594739
33305
79
297602657
180007426
834831121
29
741901581
402816781
7875
222306397
30
24747
894761001
387610813
102354026
641425205
34
845811955
187461
117612111
37926
20589
48277231
584951373
61
7860
632671881
246923811
313835897
19672
58
38
258415085
37
18
256799621
524036361
76
481008529
33366841
83
195150736
503628090
103962601
41880
36020
44
132336976
406409188
819194142
27
23205
42296806
82
188560842
41356877
71
13633831
29557
43246
20982
387278971
313946911
722914900
25053
207840430
658989452
53
532769313
263283425
9138
84
41460
479318127
9217661
35462597
998188674
17046
35519
8495411
79
128164708
336581081
106308567
735479746
743584206
42
231654631
164779079
1
24742
9691376
57166551
225540786
210145153
729800166
8373841
219160010
87267636
42674541
210293912
16
330203272
31
6210821
130344866
134810341
79208746
15666
2263
5773186
50
743584206
30990
988289866
262641045
988455799
94966796
41638
466642335
894678312
365322101
8
40217
284414781
170
98491966
12
580692431
280841
901289593
24925
6493
2057
17666221
42
146803273
15458
22664
30282
6642
833341
322014331
33206
49902941
16
891881377
7711321
930539924
475200870
32694
593896935
128164708
23
823971689
898558915
333859527
846678393
98
50
34850
566685736
60
743242878
153688217
38579156
88
101
47915891
12457446
427235823
4763
571880030
87
512599806
25
25
272558293
473490551
448072339
31
245075192
418808222
9028
92
591096101
9585346
494383608
530665923
362796841
956439256
820384033
387278971
988959641
36356
93
94
17
36876
61
4598127
939930
89
1478257
66
21973
758256457
155943581
302307687
99
12
11326
31
36542605
708639830
452339046
78
585655106
522306230
229791465
27051
457333101
261630671
46
340545198
40
1313401
19062
911730162
135796596
19812
18425
24
20803
88
349505
21367
307128326
56
21895
125991256
15596036
63
91962521
45
96
17896
148379362
37459185
613331785
72
49
42853
7940752
89
23200
98
252158775
73
8
676286381
90889617
8594715
7
424398286
31
75
464227457
304985752
65
743584206
49
11
135796596
50
906974148
7023975
887117866
79208746
203927571
31363
51
83291671
23005
15838
387610813
25236485
223045352
97
81
464306844
362929261
320902840
698526907
117612111
21539
207288005
994744010
491134491
41356877
238572377
698526907
57
97912527
9411
225150025
83
14
62
64
264566401
811629281
988455799
8783391
467099095
41815
4249576
26243911
9
15135
794069516
74
42
66177441
673005096
70312376
148897036
238067149
41611
14
225264758
7569
80
5160611
17
309388461
5344
21138
401915581
896280480
465217985
242329432
5150
207288005
704658417
14558394
52602166
68
30
6257
71
26
64
775002517
20708501
948307679
384274632
24217
432295144
34
497
2667127
31411
36
1
36531
578475711
37459185
38
776217
90
94
335246276
175219084
55
15187426
22960
200860991
191606647
19387220
26
17
325520626
62
226387981
28789
26
26396
745395652
443393696
754040078
225150025
2328
776673661
180352321
20584250
199064821
16
212881341
987458085
28
43486081
415554111
64569961
39583
44469
14463091
45
21399
34868
78
767906881
43764
13796
7694
28360
90
292341436
432295144
42017877
32
450507345
9001630
19
810855376
654045931
73
74
52
338181306
703722571
6666892
28
672018551
692937381
33
560252750
49
52
131307399
17178877
4239
19
177556161
27254
4780231
117612111
7940752
910682081
22533127
6955139
4859
87
24093
186593322
20
705874183
346700278
21
999952248
17426
15
9426
498187405
33
593706591
14
34908
848156762
77580601
636035401
25
261630671
146803273
764
80314921
21947851
24446
656137661
225150025
9830
32795127
235411122
400996
613284756
21
76683147
9
4636305
6243
344291326
698526907
975243302
855840661
8214571
29
834733507
1521521
26
31573
223045352
929632033
423402002
90
966670529
532668225
588278397
721790896
236561326
96
57
39894
39
16078
464306844
22968
561883060
22993
527897021
66
17
682641
591600031
565510918
50
60862166
910682081
90
506214267
914788350
27
21833
32035
344632926
7027
8118
29654
76
755514121
38965
187281867
7
382313856
148379362
225595999
27
17430
82
143800077
34281
959205391
23
571890003
74616061
441715691
21
514066872
773723914
183929847
122311652
57752549
8
21725
851215889
576108037
540597877
18163861
994281912
454172461
46
410371397
33304
57
25409
5596589
140364533
75760621
12231
506004325
62707042
359933113
7940752
708335201
571880030
40570
18926
402815392
106308567
31795
334121299
688235311
99
30
181465610
794090978
330791176
24
688235311
176852
7790
339030716
4007
4221
798769196
833078123
56
776673661
27540
104536861
402464791
416965529
39278
27
87592857
335782865
403059913
33
79208746
36
86
623694914
57
723859755
44655
59
776371478
285845197
683947201
24333
26169
673005096
698526907
4739
673005096
487374089
158882751
292664521
24541
8
90
39
765700821
225150025
254231776
74909056
387610813
54
628828201
30512
86619611
41936
635320056
15
96
22990
737880352
236561326
1
678314084
38
80
48516923
87541246
79
910628495
774393405
67
35
11998481
15
263822906
14463091
207363235
100
31
41107
81
34579017
23377
31
12
106308567
10430
44627325
111469177
16
5563252
80
529397
45212896
90
129423793
53
36
46
7906262
113582856
22
26070
22149
86
6447
14
795746904
740549391
74
21464521
34728
2114
317691991
611860306
264887217
305966425
3449
235076450
30210
989928821
23265
39763
90
814505697
405522881
99846045
46
58
139963874
22502
35902
26
698207229
34
19996
929778466
377234564
878003711
36358
74
3037
837222751
727441716
304360738
741901581
366591397
23706022
14
52
348881877
273079027
44
654045931
803040681
33
424608366
467181
536588439
36
445145681
74303686
107734201
59
159791799
630305260
1293700
284660377
37
76
46
7355
101
8214571
78
27
179481601
71
24
655868142
151348016
37902
14827
74
82
402464791
685669846
313179946
725783585
20071
253478976
19316
57
42974
586862711
790950943
515225221
1656361
359933113
85
11972
13633831
277
51485851
80260181
451272870
11699
18480
250654531
314162676
998988971
964539133
167549734
83369266
32012
234531276
553077107
161716336
194831716
487345
128154196
754145436
233946593
19
827502360
94
125595016
84
19867
73
18134
2385
394765285
598180707
740816804
22765061
197649245
8
11
383859426
98
103962601
42774
29730
92
83369266
51944180
220764614
246242853
770707545
4757
43348
498187405
57211377
50351841
29247
42296806
86567816
39998845
149306731
48352812
317691991
61
830107216
491134491
339746226
39056
793626506
40973
35
17178877
25338340
21776
11319485
15
691665657
83
215244481
481008529
510209327
40
91
12
12840752
80
91
14
4682361
663645841
62
73
95
859259524
309343220
619557490
671935542
216071395
412802105
49332471
12797
4325
28346
43841
197658489
41252
29583962
891881377
98
17178877
685546270
91
11
41060
67
200812474
509267002
53
21592286
39691
169684536
55
21
84
705966570
650494247
6773
493
181062155
450710002
429650517
47698421
25
68685051
358200541
97
116828272
67
54513681
421094762
673005096
31028141
177556161
609896981
79
43
40
954650587
1
673005096
86567816
248878345
216071395
552689425
174963439
23
33
32
12522
153476149
44358
13135
2829057
599273207
62988725
33
226387981
8214571
42072557
603646260
221615358
751755461
23302
587614522
32759
76
60
6099007
90223761
14786016
40
101100080
98
18877
17174
811003820
248878345
93
2862210
338181306
26978
208207077
250187081
72586460
16328621
47
968870631
650635481
38312
39
534219141
46
924456482
64684951
28
43357
669946236
14891627
181781672
4580806
34703
818806
6672877
54751386
70
9745
44101442
88
62
410082522
7116
14672
392292291
257467211
35799
78485030
91537111
746123462
691078468
13232836
36890002
83
29286
213338252
30
87
32
718470346
13589
854881913
35
721656937
988261
11912161
402073903
30182
37217
96
85
808759645
416593946
711215372
10428397
387610813
760690206
136670821
24218
42
9526
891698501
214652065
848047
882036145
547033566
570886872
626671221
24151
39362
51
432295144
3323
846678393
589711455
633555820
943779458
284588372
461668614
875603994
2036
171816669
96299231
13142
36000
9825
65998351
24359336
545085176
36239
68
254231776
420919448
24794
45349525
22
14996
49332471
41356877
81
1
167549734
681949851
56
351988485
41
615852966
344632926
89
712531625
4421276
7673836
67537211
27
37976
20246
766412809
111653501
21
24
889494687
121747627
81
246274581
12987
82
648686325
25570
542768511
10234
111607502
41994
423402002
97
46681598
40432701
571880030
763253069
5417
85
68
461994976
130601243
346700278
103805836
665485486
182637274
879453066
22
7023975
29265
7899
52
79
91
818833051
84
19940
42862
406373087
600525403
98
379698596
276821546
944176018
74
152582941
35
30829
466209921
12
641719788
43730
309319297
580692431
98
721656937
355645490
675260779
971999701
130629422
46620936
467716276
11740765
421094762
91
552689425
7940752
7339
51494752
98
443961430
456330013
32373169
38346
30507896
56192141
22112
19
295879460
833465091
929632033
643304377
36907421
780434425
627881011
24
1038221
5133
88
20
675681140
547033566
5410241
111469177
34
39301
988261
586862711
34038
75
75
70
141864318
5037
891272014
96
46
141096276
26546
14
808651982
6435690
24
599273207
706235903
89
19
84
26
22005
15
92
320362043
34389811
7971
690139481
17781
123855811
87
13251096
23738716
53
81
83243223
56031761
283647736
97
19
769754987
15187426
36180201
802465337
11
68685051
630305260
329402632
65
77
100
147
31
121747627
72
699596025
402464791
8016
29125
387610813
13436857
116828272
28174
36
98
650635481
26098381
553137626
882590946
607573752
1055241
10668001
724024404
845365120
852973594
124356957
30316
777557014
6819
901796661
497302102
789989791
804140219
45
35208616
25
535338890
94
613786814
516560410
41003
361120957
29959
12840752
33722
342864457
21374051
14264842
15448
534017485
52
13232836
280841
83427566
23130031
60
377396636
963981928
98
21218
83291671
259476921
40632
19
40432701
949173616
62
154001576
191868496
40391
65
876494601
11009377
17792
234154481
129358441
234397442
111271126
24841
19415
153829131
22882
881196662
515421286
44188
387610813
769292161
18280
146803273
830447535
223070941
725783585
120786562
80260181
11716641
90
90556281
15435
563865876
74303686
44101442
367859052
150704879
47239011
134492261
612243703
50
4581
348881877
186397640
698526907
12
28400
275233232
94953661
7751
32
932166492
38470
2963221
46217627
882590946
848047
68
515853625
19
69
949532260
44
64
22493
174963439
72867866
257932711
16701686
991796667
643877565
873642673
79
81861381
38038
600331738
701
43916
244222651
33481
12
24
136233241
9381252
46
19956
322014331
862676282
438013326
146803273
73741662
110884878
19
9485
29274
527897021
926246089
14
91
514437561
1910
210535561
426180133
198861357
28
24992
800191337
89
113966161
114744085
43583
485199331
10668001
794747032
254231776
187141371
41423
101
402464791
141098266
449537817
4676
34234
776217
404265262
38259
250843166
440874585
758256457
29
69
3737582
31
23
44
23350
12361
22169
491177897
49456717
182637274
31155
44
48
83291671
12818
64
34180
50
387278971
621847601
18665
30207
34
16
15
405300337
599640139
733813081
125045678
12048
515203348
711563491
904358728
33599
44216
188939206
39524101
15352885
25381
18869
91962521
900154906
32503
358200541
280296772
373566943
704658417
507053401
14
33585371
29349
26309
22070
123946086
547665849
560077156
401017111
69
57211377
879518381
6219
68638341
34
772577779
91
42310
4022881
27354
19190606
401017111
93
92
8645
20033
358200541
34
82
115134371
39760
29459
10
77
509267002
9
225150025
392647830
18426
23
39118
41129
695946631
418092886
977111328
991352650
47239011
322405616
109621815
658029066
34389811
8143
36
630305260
91
36724711
83
8
151348016
99491142
62117056
110129241
74303686
63
52
226387981
280859636
18163861
348881877
42
35
22
971971
636035401
7519611
60411065
23738716
261490249
69
469194187
17471
27
35618
16117021
33430
63
10926
40
15777196
21254
326302501
254231776
636442473
974705164
667569113
180534277
86625994
312793056
68
41072
160389489
134810341
191868496
233527841
25358
99
74
768299821
599273207
2805
3772
179992104
73
123536121
13060
1
11912161
262849631
15487
491134491
8
34389811
870045004
24
296726487
50
614597726
42292
25819
34055981
36
443308443
21
556579416
387700301
95
22733
66
2948
461994976
390155754
37
27
105639821
463077502
633027597
482273201
762155190
326380627
287607993
14
134492261
591600031
64304605
50
286062117
37086
28842
761005421
5989006
306377401
24
2763521
25155
87
6
97
13
7458
463054233
134153713
10308
7
165668500
84
8666
593447254
504956697
39876
65998351
656528324
361119816
828363251
776673661
225150025
87
700863765
267620341
100
2721
457066196
26
93
442790041
48277231
91537111
264566401
438011771
8703
343196999
56
10817
98491966
140364533
24992046
13633831
286243777
685337050
879518381
739506392
14
34659
177453345
526185517
929632033
146475946
112234741
605159937
653727183
62
39653
42623
39319
14151
25
43454
3372
36041956
20
9521
25
25
100
6132
15721813
443496077
339746226
73
861395505
40818
10420
12
39
16234506
14675
432295144
16137
6736
3826
943632477
756057717
51
40300625
893282527
608710411
252804314
14060819
483820915
246906
6593
15336
125595016
50
25
637512116
737849942
794512885
12840752
910298109
412853454
60
91
277334241
53
595862220
237307223
7673836
3939937
266251441
511264205
49
1798
37582
23
415554111
722071154
30897
8391
14
349228589
605173458
474196217
759993877
254231776
373566943
43
22
59904121
20
158841294
28071
22
207029131
33568
33179
257467211
645622847
17084
21508
216071395
19966
48792381
573489477
26
37
393051652
24
658029066
80260181
24
86619611
53727346
27594
29
688235311
81
929778466
287981
373566943
6890
43157
382313856
17178877
8718876
372527002
55
161716336
373566943
2218637
30507896
167549734
9
9381252
37088
732951404
25
42660
82
23033
643304377
20
776673661
378316634
82485481
882590946
65
158882751
560252750
42001846
8604
688842271
864228016
112036751
7181
167549734
216071395
636883622
56
48352812
257467211
40730
406015900
620645576
261630671
23130031
930818383
330230661
670136557
298197856
15
31233
466209921
46
314228781
12579
11908
15390
31
98
26
43
140205241
80
293798285
32018911
614597726
974739316
15
25266
346700278
13624346
57
526367655
73
26
40507
14662
87541246
871425650
1
235280221
279445915
22763
636929396
89
8
9064
40231
640064656
19
7
43
73
247574181
83
30361
335904625
426684445
41
197381010
60
108947066
593283286
167549734
888713243
768299821
14507
47
854004951
66
34998
711563491
24
137548790
15086401
60
929632033
7311
11009377
18163861
250187081
26
65
56
19
15777196
33218
89
239857878
32
515421286
23992
897961608
12992
62467441
986885793
23135
146803273
251500397
888398420
290990953
25
586434946
43895681
11
61
105835801
876973751
331619765
64039977
263607493
78
343012397
140863381
36571
48995545
811829201
416965529
38630901
91
88
359933113
34981
82276603
685089606
42
96682146
10159
4082926
33018
23
21
74
286243777
374170891
99
77238877
163008728
225150025
39290
705087775
682168904
636035401
66
503212852
26236092
204173656
240027426
20
52
13
244222651
9986
10
895956483
23319
42
377753511
78
201364395
24414
280651265
86
40
716490126
64
11
388300818
85
20
174792641
344115739
163684466
611860306
87
338181306
82
79
837222751
596905
23976
929632033
58
307397337
389984438
595800448
17124
317660459
30594
78
891881377
34868188
18
710736536
14670
31
34153
387610813
450700548
515853625
99
402464791
341396956
176348141
17
116704365
210165936
4590552
99
27770
7413706
29435
88
980789749
382313856
34
166695376
40
82266092
1133
882590946
658029066
34985
4530
44
215821
254231776
837222751
41262
85
70
11081
15104
196209805
88201171
31372
245364927
565
855154756
387610813
102715701
975243302
36041956
3208095
253438767
929778466
999112251
99
276821546
981352347
13128
908798278
12358
542898163
72
905534960
11
34
77619559
39
25998
29
27
21
581057183
52
23031317
31
751755461
4976
198792595
51494752
701534033
28
1254891
16865706
297602657
27789331
42836
180128315
983772245
46
366146
9493
106308567
52
64
471054326
39913741
34980
132479039
707649651
531224697
38
40164
438
894761001
206784915
14489645
715219479
25637002
3353897
11
41
769754987
101340877
98
75760621
30
769754987
412833856
11
34
1357
710289693
20
13908837
794512885
3317041
446637581
71
516291811
216071395
387700301
205320697
3929388
36361102
12
85653601
20189
92
28
7882
993463946
581842317
716378770
2744
58
157827532
50127056
61
20907
23431
158793821
40069
498187405
43682
8495411
265368252
318356194
70
34253
897471074
93
865849301
65102861
16234506
250654531
3580780
981977105
18804
763761021
46
20797
744585938
105271310
28682
94
6265
794747032
17295
22073
452623518
506004325
38444
766523265
13199
24704
139287727
605159937
447804641
5
6843881
454399397
58
25
27
21
23
24
481008529
120691650
91
638131289
694811970
455772353
56
29050
573352627
45
515853625
56
79
41
2895621
37
2246840
498187405
72
22
153527725
11269
31
149306731
4598127
11
38816
63
51
28
539711495
319310542
95
950219394
246923811
18547361
192937326
418300450
18947
207288005
7160246
89
33728356
78
41066
68
38466
48
144084502
33303
85
148376860
42979
31
116828272
214060737
267443133
42168
387278971
202167053
272963406
31366
91962521
840699861
668682981
194831716
11912161
194831716
17241
81
542491782
13887
30507896
8
15
73
568143521
236384716
282392527
66
2511497
99
137932870
31
27659
1878
43722
9897762
134059346
129781181
23
41539
33366841
502746886
128164708
665485486
82
86587789
394765285
880736252
39
533753826
17460
10009126
74
41081877
74909056
9042
625462986
83763431
4499951
11402921
544086730
93
87
978833311
42
116828272
24
174963439
386222124
69
58409521
2963
36
408242475
6210821
17526
571880030
27
98
5977
130204841
58
11674
287545078
1
33127
32
47915891
735832115
8859501
3858141
978833311
38
985645813
140364533
64039977
77
36
192386601
30
38
64
79
33
80622641
129781181
906971011
4022881
607573752
15187426
456326326
313941941
958118459
15
617264971
605159937
56677950
969648793
137548790
18671941
55
254231776
642774138
106308567
761237525
5461281
358028709
14
85
806023788
15457
79
314705171
180352321
72867866
23738716
129781181
7971965
41971
43252666
38091
345909879
33
81550515
70031501
10527
28973
207707794
31105
658634061
31
16126
5259031
328595879
96
44136
258101211
14
15
100
530193609
607573752
30
53335471
624369041
198400360
67
402815392
25973
226673955
346700278
1782
633205887
21
820278901
23783
64
100290906
171701
13671
333859527
89
108243506
23979551
788071432
15086401
641822616
12313772
91537111
1633356
448072339
287999801
47
423883461
88
848074381
821244771
831907021
63391252
10668001
721656937
15
83743181
698526907
156340627
15932
44609
21947851
464306844
6666892
939438502
400996
29441
424815756
335
762356
1838
498187405
16978
41605
20811576
4763191
11739
27
23129
423402002
21947851
614597726
134810341
12259941
261630671
45
59
858470977
63
191868496
156552950
29
88
13111
65
71
35219075
18150
588683833
145620311
537973138
43529
33179
148379362
346700278
30
49
375540321
67
320225665
10213
197829127
34910259
613465941
901289593
958683034
402073903
307401855
8424
25452
74
216071395
35323
27
344632926
50
297602657
13180
55
194041927
521631181
190578025
43
29
256133186
552689425
862952546
116828272
878003711
27
21333
17
20721
852382618
310901361
957382890
452197800
1313401
58
557773147
649924276
611465844
128164708
13232836
200860991
310144296
615
142271106
596928867
546389717
24386
532569006
11250
77
242424182
15919
43
269145736
15
26603
177556161
733813081
295259966
864228016
20
18671941
295259966
280618541
871962421
208207077
939438502
29112721
344291326
172061506
40867
37284
7203
21374051
4410550
505240711
97
14043871
14106
998150781
16234506
1896
41481
101993201
893201
46
71
225150025
2450
49013161
611860306
45
63
22
118407171
15777196
988455799
216546346
14885697
881413356
131481351
26583
280720441
54
273142861
9
42974
111469177
711563491
7400
773457995
502865781
71452956
35194
658669490
49676037
4385
134810341
14405
90
72
607573752
28
2542125
2109
27569
24
83369266
321402082
82674095
86
10
894505055
174963439
19
49
313590572
32687061
402464791
534017485
84376797
7512654
382192749
5061837
70
72586460
8381
22
28
23945
21720557
5563252
17
958683034
74303686
240027426
3057
14
144084502
200860991
43654
38979
675015166
158925
6492981
65
9073261
8649125
33366841
837222751
22131259
495725372
524036361
18
106308567
19
33
949014847
2108185
35610
515853625
11
234531276
503167996
621682426
213338252
23743
644378220
58
25
17795
680539083
28976
279638774
45
719469752
542491782
58
915834964
481008529
402073903
810193616
148832670
9217661
59149035
80
87541246
975608595
113578521
38686
12105
574710239
44027
128164708
10857
73
12414
99
745395652
916500159
35248
23064
59
22352
68
33
69193366
14210
847266936
205320697
172061506
153476149
61
20408
261630671
358613981
574758400
32
93240127
59
5989006
67
607573752
418428545
91
378909577
23
712531625
207288005
27
720
31457
29180
867043274
280841
321402082
650635481
621138128
41081877
250843166
11452
45
463727740
42
73
495536497
18
2108185
70
84
23549
240482646
416965529
98431481
19509
964638296
135360885
807327367
65907696
439633041
418318321
164059876
496068570
41523
63
37547
715169001
29201
459515401
229519255
101340877
271063101
80
739385027
464306844
415286905
24
15
190578025
11133
486345861
17
932059601
48
50
3317041
275234401
73
70
895429798
667491472
450470690
746289419
910178721
53
11313
216071395
12926
27
63
304985752
996502761
28338486
70
44514891
502865781
21
87
14977
17178877
36633
2471
18671941
317233659
794747032
452450581
9691376
765141312
304985752
221218205
32018911
929632033
174792641
97
22434
83291671
17083795
625290316
33852
2487
17666221
508422112
100715215
329442521
239844761
15
21151
901289593
33
45
10852
43079037
407685586
39
23255
61
32917
52
360283245
45
364479050
20959
752106212
703998232
65370407
164059876
86
93
357404321
52
141722461
9217661
72
270781298
971971
2054361
23
62
5443
29749
56
80
54695679
84376797
91
298759446
43
485199331
77238877
11319485
976867805
94966796
87310682
346700278
550177784
794200478
61
9088
437545634
135796596
116828272
20811576
83
27339
32
137085621
24359336
291616966
13624346
65403245
151220165
51
76
178433025
13442
1293700
454399397
690375236
506865577
71
498187405
805597695
654045931
30
96560647
45982301
37
383018464
15755
30507896
274799327
27
12458
48792381
873373286
106308567
72
40
36729
722
920193121
63
655057865
20022
359933113
355290937
387610813
129965210
967835846
392105946
63
167598322
90
3542277
771925344
68685051
100
5
20426
959097217
745395652
3684
788482234
15390827
428407135
98
24
9078631
17
38684
21
7551
432002540
14943
330791176
34
29722
10666601
24123
280720441
515853625
12239
1359915
601623296
430438247
828989757
473490551
23
61
16701686
779035797
60
828363251
44336
9534
158433678
65
845560931
158882751
18
494602732
56031761
785115766
42957
100
33
61949041
919513817
46620936
31
140364533
19720002
73
40211
504956697
97
153527725
554075085
9
225150025
57
26294361
632671881
846678393
20167
16222591
2963221
485325555
265568745
5787
302641131
287921355
60411065
629049550
70
97
384274908
31256556
828363251
796160542
969600346
89561165
412833856
353518181
111653501
585099853
24992046
26
211706285
27513194
210443370
174468885
970380601
25923
3939937
39750
137972451
93
82485481
16883
668226828
116828272
1082
34389811
90
23
15
339746226
628828201
363517648
216546346
873642673
428761521
95
68
7957
86
4138564
45139897
200758181
79
39
247
134810341
38390
86296805
16649481
188939206
30657
4598127
743584206
534017485
11990
5001
232754665
153476149
5307
8038031
515853625
167549734
39704071
203927571
243531476
64
365322101
44
89
27729076
36466
19335
322014331
15
543926179
417297668
14291
47
30
60862166
591096101
34
81803646
18601644
357158837
180007426
312074579
2303961
29
448072339
58649186
2040
428761521
164059876
39203
958984196
284302142
764103198
902447911
33585371
13555
975917423
40
93
531584097
15
284414781
794512885
25
29
62117056
36477
17210
627921440
46
36
39904
128095731
737849942
23548
24
322090740
52
33081
29078
348881877
565801565
945485202
552689425
552435381
10602
614597726
929632033
81
75
48134021
116828272
848
28499
65998351
29227
924134413
55228867
762908343
596004314
24117101
36052
181062155
52
28791
11071621
721656937
5059
873642673
21
988872627
335003054
434837197
47
51
207627651
35462597
61
94966796
654045931
171478661
655863967
24359336
11716641
984971125
266202898
129781181
848047
553526546
958683034
7
43599
534017485
463238336
40766
3915
712960319
53569741
724128608
13139
534017485
451496302
81
689700088
154736418
35208616
68
16934
41448
1975355
160389489
305672933
79
24515
30149
36423
873514944
20811576
526185517
1150
84
417395560
326380627
55709116
68
43793
197829127
921075845
22197
98491966
23059
91537111
599273207
764534148
26
60862166
14826
63
168303240
87541246
295
30380617
15795
418092886
12830
191868496
608686
620621
69
54
59402907
30705
14985825
4
87541246
164059876
26592
27023
630220636
45
15
64
671211081
90223761
173591115
164059876
166695376
55
45982301
16649481
3701
136083853
794747032
600610156
768299821
21
291208636
621682426
28211
21
671443914
53047241
21978621
2190671
8
13511
31726
6438741
7207201
54870481
94966796
31
17178877
38
106009191
523896624
817045516
9660037
11157
315469637
671431703
656576604
25707
311250250
272985954
45
56
101340877
878003711
123946086
125991256
30507896
134810341
608685163
8
76
23
217028267
463592285
16500
252133915
188939206
795431419
7647060
86
24049
8835
78
387610813
100
59
116828272
300836286
994856556
874979590
893228876
39388
12110
180352321
65
101340877
632671881
151567817
16
44
31911
61
54276665
6848
17666221
98
78
727441716
386823151
91962521
65813090
586862711
140364533
32127
40725
37428
67
3317041
577857643
14870
23480
661136785
12040
33
939438502
29939
174963439
14618
77
27612
721656937
711563491
873373286
9443
34817
88
45
29
24
716254267
12805
973620601
16662
107868961
19973717
134153713
146803273
123536121
785115766
14403
999854101
5359096
22378
17
891881377
45982301
128515717
18
328430634
27
348881877
319625551
258909277
7673836
402073903
9511041
10
54
392105946
65
16785
109658026
5
33585371
228981915
21
64
3317041
13
216546346
346700278
103478502
46
23900
20292
60
530501441
86619611
11716641
806812811
589754502
60
297602657
59
13
37
269145736
114354682
14686781
96334785
873642673
34547
320271631
35382
4660
555932006
17218
294528521
750049301
88
15
6136
8783391
358075894
27915
182637274
349051328
654
981738708
72586460
13385
538697540
786045677
2998
34
101
465076627
32687061
146475946
34
522874465
20405
99
5563252
139760145
10009126
939897050
33
345965764
134153713
14300
111469177
721790896
17251
41
1022
23
30380617
462250621
849554441
846678393
40690001
9073261
15
11319485
387610813
146995521
13068
4064786
63
55
57211377
10
135061135
9838
30153
96560647
745395652
21944
14100681
997012937
39761
659587926
529327889
55
59626386
498187405
19421
88787021
39
8779
37389
473490551
72
20260276
8789001
365973766
25770
87541246
46620936
421094762
367704646
20811576
35434
28
345444670
17852
4354
40
23113
807
32
566698147
85
33710237
952358581
33
955
14196
41
39580
423402002
8878
9
134153713
993018338
97379371
392991061
38
13460
225150025
787968869
174963439
134810341
884652615
29844
38314
260822521
14891627
19
84526327
140364533
357781878
38951
92
1333301
258805860
65
26
13232836
180352321
779718764
23059
793626506
17
110305205
701178598
34
772057157
85
456326326
39147417
27
75
182637274
79208746
38
4907
74032365
1850
37752926
134810341
412833856
669682247
51890260
675993781
650635481
988455799
36
14545
62
42152
21557
24037
198792595
90291945
437503230
11216
100201791
53
43282240
11417
849472129
32182
67331651
269145736
2929291
102116624
962263927
775909732
14193
18671941
286243777
752778405
62117056
38757489
64
955889536
195150736
2275281
658917486
75
5764
668682981
43
699995018
207206918
87
60
297602657
14283
66
6672877
1692
13652
16663
6591
227322821
4249576
298838424
55
31
30
98
591600031
182637274
871643322
723120161
29894
56
16971
25795
988455799
85
9948
511264205
23
492497741
100
398329737
77
23206
131834137
36744
29772766
8
168674511
86
31256556
38630
389263189
66
836729320
49
12365
34389811
33313
21978621
147102256
40432701
8071
591600031
182196999
146803273
41
830447535
801615165
759993877
146803273
36180
5114
68
288641641
47
643304377
101
25094707
591600031
39031
114744085
74
172227221
9381252
19496
769292161
139257767
275234401
921075845
65962196
579982316
988455799
198792595
93240127
311308455
17879
233132901
6583
94
43514
14
800168911
43
8408
877976
864228016
17928
363693556
56
34389811
134153713
5563252
1274197
576450687
200860991
26395
939438502
304985752
9966
745395652
84
26771
76
962813648
591600031
18257
16701686
93926526
153476149
39416353
960962421
29687
82
580078171
484306677
165
35
25
335246276
37
25518
3391
300836286
29478
33758
5774276
422220419
40666
36721
586862711
56
69
234531276
735479746
921092168
41
79
479318127
34922
297602657
213338252
28710
632671881
66719137
42921
26964281
387610813
164059876
10260
381993397
79208746
22685
734777536
91962521
28
448886468
901244961
221432523
42417
13901
86296805
39260
100005002
92663050
38
9
54
25236485
659436098
726453166
47
175829470
33526
49
333859527
815609120
642520145
71
49332471
22
670347682
63391252
929632033
13715
199921082
37459185
11009377
94
595583936
25122
3817671
23608
10507400
423104425
62
93
12333
973054252
55
479285239
33
229741877
372968135
81
111469177
42
50
432295144
35400
5461281
3317041
159773971
240027426
20738
576108037
55
64
27126
10091
831907021
559544130
814656824
450710002
965362593
105835801
245626490
36890002
282989145
1575
2731136
273094042
16818
192386601
708428235
23699
8
12518
433720364
23743
43326
7270
745395652
432295144
1089
47
64
71159505
566685736
153495748
32874
265483280
86567816
174963439
4728721
45
123855811
15
23
33025785
416466214
7077
973620601
64742418
99
4643
48792381
370936929
101993201
254231776
339746226
33827
140364533
197298377
55
705016962
20
54
11358881
13043
180007426
837762065
56921901
295992621
53
4395
108618917
210165936
86567816
10
25
802206252
8038031
128164708
250654531
69
8510741
26415
49
927341647
26
29389
776217
66
481008529
23483
111653501
84
380106737
29
414080700
37710
736709752
689086421
95
35820201
100
30
611860306
34
15
64
179031971
621337975
33
273820
720580204
24525
166695376
39848
149672374
31519776
34508
75760621
35
7940
481638238
134059346
2028
79653138
534800160
571880030
75
3651
101194940
71
14524
164059876
472160270
99
132766177
182637274
216071395
428146005
105835801
305050984
75829741
234531276
972311132
287999801
986754824
387610813
19
414635421
37090736
182637274
632671881
324740001
22808
769754987
63
99
16542
10047
23165220
24
62
6054
8783391
42911
920193121
426696111
481008529
367012101
24087
39869
36195822
580078171
174792641
879311835
292664521
131054925
585277
503167996
76
585277
675993781
552081353
712317402
737849942
98491966
45
32
8047
33
769754987
108051219
35
297888169
21
958921591
29
84
15
502785959
29
7
35
26131
678117973
27
717620924
7023975
157345861
15493205
9293
949103200
772704646
81
15777196
910682081
8031745
634683773
249519848
11
146803273
32
191868496
160389489
935213777
13
38350
691538722
359933113
25
27
308633855
51
116828272
3391025
3244141
738713573
8104461
974222949
39524101
174792641
901512875
27
69
37
16253
97
80622641
20091
36890002
19704
682666401
35365
611860306
56652511
612724736
640064656
594203828
194831716
1934
14635
849554441
747326801
323182497
2001461
59626386
88245721
801615165
9691376
624
158409687
929778466
506004325
42
48
16
56
32
590111750
431412432
30507896
36
254231776
685229602
23738716
54870481
11348
64
24
96560647
64
81
22097
765532483
763761021
381588020
2477
18915832
254274091
26171
20
637
6
962163542
11319485
902009824
71
764727319
30703241
828363251
254274091
28055
604322831
93
859985867
6259
25499
100290906
2862210
48
19
44422
72
68888816
413274655
91
597024427
48
88
26614
571880030
207288005
23
42
43486081
38
322012325
547033566
53
1774631
313941941
122391523
273288961
83
27179
345445101
179591526
268993925
815646925
83
949495646
87
88
15
19327
93240127
841464055
464306844
320460434
174963439
695521
20561
794747032
1540
18
28
119666471
30
979477680
554038993
115029960
432141451
4082926
493728845
9609
34
361957681
876832283
280152181
77
234531276
42
17936
103962601
81
11685
172061506
7940752
81803646
450400150
271228533
43282240
65
7023975
804467886
579544061
82
928403338
46
166695376
28
175191048
465289017
718682307
910682081
38
477214431
74
86567816
28718
15496
39457
126009521
21592286
321402082
53
136438726
47
52
682641
15756
72
20584250
3322491
19
9
1344
58
83
203927571
21577
733813081
524036361
20298
46
20166
400557283
498689674
57411901
18525
392292291
298471844
560383843
602800641
19849167
172712902
40049
8214571
37231
591600031
722728308
33381
309919581
415136912
772214238
197941221
299766588
9
573443723
11358881
111469177
807341552
19084188
38390965
18594
573352627
947901641
293537600
43252666
988455799
21337261
482273201
191868496
141546197
69
18242
12614425
451352792
75199841
21
1834
651163801
855807444
146982380
23
8
22360
28444
481839873
143298205
808759645
917953556
44
308311419
24359336
207029131
402073903
22
92
167549734
14264
721656937
690960572
2345
40459
424815756
8171256
40988
988455799
54
314705171
1823472
610475678
27183
93
149306731
96
14974
401017111
515853625
26
96
84
861969279
3387
178070134
85
15809
4598127
9
30992
9
226826988
91
10608
472300118
24
18829
949635862
14
962244819
921075845
213338252
58409521
59
26996
24953461
11711
2569
31
998076618
902447911
350202703
476206941
43124
80
295582585
876490781
34
855154756
55
10
326302501
313413311
556682245
63
22335
83
36228
474196217
37
144708286
47
23493
571880030
40747
440874585
23366483
975191704
3732
213338252
71355859
617699166
33
50
41
26
686513605
21027
402073903
220625350
77238877
27540
30900
33366841
9937
833341
370407721
101
210165936
18001
40310
38908
553547667
611860306
448569681
369327959
72
38
76648262
876893599
22314
188018481
432295144
53
29506
80260181
153829131
67
81803646
182637274
111469177
15744
13734
475373710
38987
904970999
46
234137
50
7413706
34571
87541246
41
234531276
53
739317203
49
79208746
52
6877
7413706
65102861
28
146536160
234531276
14
101872038
39793
9810581
35
497641
28
693422675
207288005
89
4033
38576
10
43079037
146803273
98491966
344210130
91537111
226387981
172061506
140205241
6903566
51030226
9014
15992
702028309
68
903990557
2108
9
22348
5563252
128164708
22996
988455799
769520641
16364
901289593
137006591
50803425
919780480
208207077
276632721
41
312011122
53727346
36531
294790529
7940752
58
7565
265368252
322405616
1
117612111
122972548
412375913
450710002
3627
443233433
858385627
602146326
598392165
42
244979537
11
40
1
106308567
35
436462907
76981525
7729
5160611
40
608715343
58409521
455008128
269145736
244222651
88201171
769754987
3307
4082926
3737582
143347401
565086754
61
38694
28699
9785
82
79
97
489415357
59415194
166695376
84
113582856
808714314
13
5773186
141722461
43
826307735
93
596905
38767961
344291326
769754987
96560647
11621
6209896
104351708
654045931
93
91962521
426684445
49
874156966
56710259
81
28
49963823
621682426
11526
647449947
240027426
600610156
592721027
279158911
19720002
2929291
725453379
224261961
44273
12
8214571
467716276
901289593
26
777638841
893228876
186103517
14043871
35107381
418318321
13256
13152
18198
43
43
80
28048
745395652
79
679623775
412802105
33
91
47239011
82
435734540
165170997
593632267
3244
24532905
92568572
733751462
98
