1
77
32
109
36
12
97
29
186
498
279
172
151
174
27
16
47
45
492
73
75
468
163
161
2
292
298
97
95
10
306
10
344
15
70
244
84
69
188
68
18
347
24
4
86
304
303
83
162
467
473
95
108
275
52
26
143
168
455
416
14
54
268
195
288
89
3
82
281
262
64
264
487
500
119
470
15
132
107
399
21
384
112
122
135
144
49
6
80
190
352
52
367
10
496
77
88
155
446
85
111
346
132
171
56
369
190
357
138
16
142
259
485
122
138
306
460
248
131
77
127
8
242
244
319
378
254
391
6
327
81
188
246
262
170
66
59
458
1
118
158
57
273
307
407
160
16
320
234
287
425
88
445
394
237
312
106
310
334
102
408
275
152
27
71
179
293
12
257
359
177
55
160
67
51
36
365
360
114
315
234
298
181
248
156
347
135
399
174
147
348
221
55
220
67
200
386
178
347
151
449
203
395
51
25
159
238
109
66
483
339
27
495
313
212
97
289
208
123
160
275
433
489
200
334
170
240
7
139
410
140
229
293
369
327
298
221
357
199
326
16
398
310
304
391
138
388
248
172
360
216
129
177
112
311
163
482
68
367
404
11
427
135
435
254
428
301
124
183
385
14
62
345
350
315
309
454
258
312
294
125
226
239
336
158
466
323
8
471
339
160
308
292
382
249
174
29
486
59
411
284
196
104
484
116
371
96
451
332
124
240
497
458
403
333
424
97
438
129
227
230
490
251
154
351
218
76
223
250
94
492
82
440
409
375
416
325
209
290
245
426
242
457
478
256
400
61
185
380
65
480
138
470
221
391
221
482
473
490
458
441
369
378
128
446
267
255
130
276
496
393
408
266
190
480
404
93
436
365
372
330
479
162
122
488
295
272
278
85
419
400
282
109
476
396
320
286
243
317
231
336
407
386
300
447
495
386
327
386
403
446
432
328
406
176
385
294
285
290
492
283
430
488
463
456
468
448
396
317
56
415
420
73
291
363
165
362
148
297
340
416
13
434
331
377
191
127
205
277
58
356
294
208
373
475
253
239
199
179
337
302
247
368
257
184
5
40
35
166
481
388
424
234
22
12
1
477
402
491
427
173
438
343
57
227
338
47
493
411
323
360
374
364
214
246
341
252
407
275
325
278
158
417
129
314
68
405
357
376
269
281
347
470
480
467
465
391
298
474
251
349
231
443
11
284
89
180
95
452
344
404
418
134
30
149
7
271
213
178
215
41
76
99
384
255
183
20
182
43
145
32
322
206
401
204
171
232
196
387
218
137
175
124
143
74
91
28
115
289
238
412
37
210
339
48
117
311
167
361
153
136
444
144
110
177
413
423
55
67
156
53
25
195
220
152
66
6
101
78
370
439
321
296
472
235
202
421
189
126
233
414
201
23
305
450
161
63
34
193
4
207
324
103
462
354
9
219
26
379
52
46
15
228
90
389
120
72
100
141
224
280
198
60
19
